['311', '373', '124', '413', '101', '64', '241', '475', '131', '335', '334']
['269', '474', '357', '9', '375', '437', '261', '278']
['63', '482', '179', '116', '408', '215', '435', '380', '420']
['157', '21', '30', '110', '200', '322', '404', '211', '38']
['201', '189', '41', '169', '233', '166']
['79', '162', '406', '81', '328', '352', '316', '229', '450']
['489', '402', '464', '52', '387', '50', '436', '486', '182', '107', '83']
['428', '253', '479', '126', '163', '136', '4', '478', '245', '37', '100']
['262', '306', '68', '97', '350', '307']
['185', '273', '106', '293', '139', '206', '62', '32', '226', '112', '377']
['457', '426', '263', '460', '359', '74', '271', '58', '202', '454', '284']
['29', '257', '152', '481', '320', '88', '203', '27', '302', '191', '104', '466', '446']
['473', '340', '323', '159', '188', '5', '171', '170', '42', '300', '449', '184', '192', '48', '193', '111', '409']
['374', '80', '33', '232', '234', '299', '236', '225', '87', '354', '28']
['115', '455', '353', '127', '448', '286', '344', '105', '167', '187', '160', '260', '235', '98', '407', '207', '219', '305', '296', '488', '177', '137', '135']
['118', '240', '242', '304', '314', '73', '444', '281', '31']
['369', '274', '294', '416', '470', '336', '121', '308', '333', '356', '427']
['422', '414', '355', '283', '349', '130', '341', '76', '205']
['381', '399', '55', '155', '393', '86', '347']
['153', '181', '463', '78', '363', '173', '132', '7', '140', '445', '370', '417', '221', '0', '325']
['453', '244', '71', '400', '214', '268', '46']
['365', '102', '247', '480', '441', '442', '56', '13', '250']
['190', '175', '53', '60', '292', '440', '210']
['8', '351', '6', '412', '285', '45']
['23', '11', '484', '120', '447', '228', '433', '69', '49', '421', '54']
['310', '383', '288', '366', '70', '326', '317', '461', '231']
['92', '270', '168', '158', '252', '298', '452', '469', '108']
['337', '144', '394', '372', '154', '403', '72', '287', '237']
['343', '361', '389', '312', '67', '39', '65', '280', '313', '14', '267']
['147', '472', '165', '471', '35', '346', '367', '332', '275', '339', '36', '362', '224', '358']
['410', '113', '425', '40', '382', '156', '258', '119', '303']
['223', '164', '134', '388', '150', '289', '195', '186', '315', '397', '443']
['476', '212', '99', '12', '391', '384', '1']
['25', '204', '94', '248', '51', '22', '85', '103']
['172', '424', '405', '297', '309', '123', '430', '398', '183', '265', '331', '259']
['77', '264', '477', '411', '371', '379', '385', '75', '141', '419', '318', '109', '178', '396']
['246', '348', '438', '392', '176', '360', '272', '125']
['451', '208', '194', '59', '386', '254', '432', '213']
['20', '91', '90', '345', '255', '209', '238', '458', '2', '43', '24']
['180', '368', '61', '95', '467', '222']
['301', '459', '220', '26', '279', '89', '276', '249', '19', '93', '138', '431']
['401', '230', '57']
['47', '418', '161', '17', '239', '217', '364', '378', '390', '133', '256', '218']
['266', '439', '321', '291', '84', '290', '251', '143']
['148', '227', '16', '376', '277', '96', '338']
['128', '142', '145', '415', '146']
['216', '329', '342', '434', '198', '18', '243', '34', '324']
['483', '174', '487', '114', '82', '10', '149', '465', '151', '295', '485']
['66', '462', '423', '282', '395', '117']
['468', '122', '456', '3', '199', '197', '429', '327', '319', '330', '15', '129', '196', '44']
