['303', '89', '13', '210', '279', '213', '333', '59', '191', '35', '359', '261', '214', '54', '338', '248', '21', '189', '47', '86', '8', '12', '356', '349', '205', '48', '184', '334', '222', '186', '10', '204', '69', '171', '110', '146', '67', '233', '287', '280', '224', '97', '332', '121', '209', '29', '284', '253', '320', '118', '173', '256', '155', '137', '119']
['15', '87', '123', '363', '134', '30', '140', '237', '200', '317', '33', '128', '95', '80', '36', '109', '76', '355', '264', '245', '216', '278', '296', '22', '299', '193', '240', '195', '203', '126', '354', '295', '297', '321', '235', '91', '104', '162', '24', '25', '336', '34', '361', '138', '2', '56', '344', '289', '136', '208', '60', '211', '166', '352', '113']
['108', '26', '322', '313', '257', '143', '153', '107', '353', '101', '4', '249', '348', '84', '300', '301', '90', '141', '291', '9', '182', '226', '77', '346', '149', '168', '127', '79', '270', '151', '246', '290', '362', '135', '44', '314', '199', '198', '254', '252', '46', '197', '302', '117', '52', '307', '315', '274', '202', '66', '102', '164', '311', '147', '64']
['65', '319', '170', '221', '82', '234', '152', '139', '111', '133', '88', '185', '238', '39', '99', '227', '207', '115', '183', '272', '277', '294', '258', '158', '157', '218', '167', '105', '181', '260', '225', '312', '347', '242', '154', '188', '31', '94', '28', '161', '263', '357', '19', '58', '323', '318', '130', '144', '282', '341', '165', '83', '241', '131', '37']
['116', '324', '220', '259', '192', '32', '93', '169', '231', '150', '230', '330', '340', '27', '308', '98', '51', '215', '236', '100', '81', '219', '78', '43', '196', '11', '343', '63', '175', '244', '40', '178', '142', '120', '18', '292', '61', '265', '345', '17', '96', '276', '275', '75', '7', '70', '122', '174', '217', '306', '114', '41', '57', '132', '298']
['325', '49', '239', '266', '360', '329', '271', '23', '247', '212', '232', '55', '16', '42', '73', '85', '326', '74', '358', '53', '124', '285', '179', '177', '283', '0', '327', '337', '6', '180', '309', '243', '103', '255', '251', '3', '286', '262', '350', '281', '305', '304', '339', '176', '163', '156', '68', '106', '50']
['1', '129', '62', '335', '268', '190', '206', '112', '228', '5', '20', '328']
['38', '71', '223', '342', '267']
['201', '273', '148']
['45', '159', '14']
['194', '125']
['92', '229']
['187', '72']
['331']
['250']
['316']
['145']
['288']
['172']
['310']
['351']
['269']
['293']
['160']
