['78', '203', '239', '22', '50', '210', '453', '99', '378', '39', '342', '326', '385']
['13', '296', '268', '274', '90', '431', '46', '291', '370', '323', '76', '4', '41', '91', '14', '82', '392', '141', '322', '484', '339', '195', '325']
['324', '495', '122', '439', '200', '191', '220', '225', '416', '413', '320', '441', '240', '303', '40']
['9', '243', '113', '459', '346', '301', '386', '110', '286', '1', '398', '107', '237', '167']
['79', '27', '428', '3', '80', '493', '161', '408', '197', '108', '151', '421']
['447', '397', '254', '189', '184', '25', '368', '357', '307', '310', '159', '104', '280', '139', '216']
['393', '443', '251', '483', '180', '460', '253', '352', '186', '246', '169', '75', '317', '48', '72', '340', '241', '218', '100', '128', '68']
['289', '438', '93', '418', '481', '287', '147', '6', '311', '472', '248', '157']
['199', '187', '336', '26', '482', '331', '213', '272', '467', '351', '34']
['275', '49', '486', '265', '466', '314', '358', '372', '226', '261', '264', '419', '209', '119', '270', '204', '81', '124', '354', '177', '206']
['269', '371', '285', '194', '120', '193', '66', '299', '236', '89', '496', '19', '43', '223', '188', '152']
['461', '20', '415', '463', '403', '83', '312', '51', '247', '198', '163', '121', '345', '224', '54', '175', '334', '478', '87', '182', '217']
['369', '288', '430', '401', '207', '146', '165', '332', '433', '196', '45', '364', '292', '112', '142']
['71', '402', '494', '59', '449', '477', '260', '471', '74', '388', '395', '338']
['355', '469', '15', '42', '276', '171', '389', '489', '208', '407', '249', '444', '7']
['145', '233', '11', '2', '31', '455', '448', '252', '149', '215', '106', '227', '173', '63', '440', '219', '164', '44', '96', '373', '404', '473', '417', '36']
['250', '229', '156', '5', '362', '359', '155', '115', '58', '499', '86', '304', '406', '202', '38', '60', '485']
['153', '162', '8', '211', '305', '205', '454', '179', '12', '387', '424', '185', '221', '450', '457', '422', '18', '353', '244', '306', '222', '192']
['273', '429', '123', '423', '491', '10', '77', '56', '464', '410', '85', '328', '341', '263', '150', '319', '337', '375', '294', '329']
['33', '309', '212', '318', '0', '475', '293', '230', '278', '92', '333', '344', '335', '183', '379', '256', '160']
['376', '201', '456', '61', '30', '297', '411', '492', '238', '262', '465', '127', '462', '37', '327', '148', '350']
['399', '64', '95', '390', '382', '137', '214', '134', '367', '131', '245', '281', '480', '343', '458', '348']
['88', '446', '132', '16', '143', '391', '330', '116', '316', '400', '102', '468', '126', '109']
['53', '232', '361', '84', '255', '434', '138', '356', '302', '52', '414', '271', '321', '396', '97', '168', '181']
['383', '442', '55', '170', '98', '176', '298', '57', '479', '114', '409', '17', '476', '360', '366', '172', '437']
['279', '158', '70', '267', '266', '28', '380', '125', '347', '445', '140', '32']
['166', '130', '283', '451', '235', '35', '488', '258', '62', '65']
['394', '174', '300', '427', '154', '374', '105', '101', '190', '426', '103', '363', '432', '308', '136', '365']
['425', '111', '435', '231', '242', '69', '436', '290', '257', '277', '349', '73', '67', '21', '313', '282', '24', '129']
['295', '420', '23', '178', '405', '377', '29', '487', '47', '234', '498']
['474', '384', '490', '497', '470', '135', '228', '133', '412', '144', '94', '117', '381', '284', '315', '259', '118', '452']
