['afh', 'ade', 'agj', 'aek', 'aly', 'agh', 'aka', 'aoo', 'abz', 'afu', 'aqy', 'acf', 'aex', 'amd', 'ash', 'abx', 'ank', 'aie', 'agg', 'acp', 'arg', 'adp', 'agz', 'anx', 'ahn', 'asi', 'aac', 'asw', 'aes', 'anz', 'ail', 'aro', 'aln', 'ajs', 'amu', 'aom', 'aat', 'aed']
['akl', 'afy', 'agn', 'amj', 'acz', 'akm', 'akh', 'ahi', 'ace', 'atf', 'agq', 'amb', 'ahc', 'arq', 'asc', 'apg', 'aop', 'afb', 'afv', 'adq', 'afw', 'ask', 'ajv', 'aif', 'ama', 'aoy', 'amn', 'afz', 'alk', 'arr', 'alm', 'amv', 'afm', 'aam', 'adh', 'aiv', 'ahg', 'aep']
['afj', 'agr', 'agw', 'ahk', 'ajm', 'akf', 'ajq', 'akv', 'apk', 'app', 'alh', 'aij', 'aoq', 'aps', 'ahv', 'arc', 'alz', 'aqg', 'apt', 'abh', 'ado', 'acb', 'ags', 'aha', 'ame', 'aaf', 'aqn', 'akc', 'arp', 'amc', 'ahw', 'adl', 'aoz', 'ael', 'arl', 'akr', 'abq', 'apl']
['alt', 'aox', 'ach', 'adt', 'abk', 'amf', 'adn', 'amg', 'aic', 'acd', 'alu', 'atc', 'ape', 'ani', 'apu', 'adx', 'apm', 'ark', 'aqc', 'ars', 'asq', 'asx', 'aol', 'anb', 'ads', 'asd', 'ali', 'ano', 'ajy', 'aqo', 'amy', 'anr', 'aei', 'agt', 'adk', 'aje', 'ait', 'asu']
['aia', 'aky', 'apa', 'aqk', 'atd', 'abv', 'aqx', 'asl', 'aqz', 'aax', 'act', 'aqv', 'alr', 'alf', 'aco', 'asm', 'aqs', 'adr', 'ahy', 'aai', 'adc', 'aos', 'aki', 'afp', 'akd', 'afa', 'arj', 'aew', 'age', 'ahd', 'agl', 'ajc', 'aca', 'ahl', 'ajj', 'apw', 'agv', 'aau']
['aoc', 'ahs', 'apc', 'aae', 'adm', 'aim', 'ajz', 'aqm', 'akq', 'alb', 'aof', 'abl', 'abt', 'ajx', 'abn', 'akz', 'ald', 'ais', 'akw', 'aem', 'ajg', 'aeh', 'aft', 'aog', 'adb', 'acl', 'asa', 'ata', 'ana', 'amh', 'ajf', 'abo', 'akk', 'adg', 'alj', 'ajt', 'asy', 'afl']
['alx', 'afx', 'ahz', 'ams', 'arv', 'aih', 'ajw', 'aga', 'agb', 'aig', 'aiz', 'ara', 'acx', 'aee', 'anc', 'anm', 'asj', 'aqu', 'aok', 'aqi', 'amz', 'are', 'afr', 'arh', 'aqh', 'aet', 'apj', 'aou', 'amq', 'add', 'aqb', 'aqp', 'aip', 'ari', 'ass', 'agi', 'aqt', 'aht']
['akp', 'aaj', 'all', 'apq', 'aci', 'aoe', 'akb', 'aqa', 'ase', 'aju', 'aod', 'adu', 'aal', 'alp', 'anv', 'aiy', 'anj', 'aii', 'abg', 'aay', 'aiw', 'adi', 'amt', 'ack', 'acw', 'ant', 'asp', 'aao', 'abb', 'aqq', 'afd', 'alv', 'anu', 'aoa', 'adz', 'arf', 'ada', 'acs']
['amw', 'aks', 'alg', 'and', 'adf', 'asv', 'aiu', 'abf', 'afq', 'aeq', 'aaw', 'ala', 'acn', 'ans', 'aba', 'abp', 'abs', 'anf', 'ale', 'aey', 'aji', 'aqr', 'ajh', 'akn', 'aan', 'aot', 'ami', 'asb', 'aov', 'aon', 'ahm', 'akj', 'asr', 'abu', 'adw', 'agc', 'asz', 'afg']
['adj', 'abe', 'apf', 'aav', 'agf', 'aiq', 'alo', 'ahj', 'aja', 'aaz', 'acg', 'aoi', 'arb', 'ahu', 'apv', 'agd', 'acy', 'acm', 'anq', 'ahr', 'akg', 'asg', 'air', 'ajl', 'apd', 'ang', 'aea', 'ary', 'amx', 'ast', 'aaa', 'apy', 'abw', 'afs', 'aej', 'abc', 'afe', 'aec']
['aev', 'ane', 'apb', 'ajb', 'aas', 'asf', 'apr', 'aag', 'agy', 'amp', 'adv', 'aso', 'als', 'abj', 'acr', 'ajr', 'ate', 'aib', 'agx', 'aqj', 'aar', 'ahe', 'arm', 'ako', 'afi', 'anl', 'arw', 'acq', 'ahb', 'acu', 'apo', 'abi', 'aby', 'aqe', 'art', 'arx', 'acv', 'alw']
['aeg', 'ahq', 'ahf', 'apn', 'aoh', 'abm', 'aix', 'aeo', 'abd', 'arz', 'aoj', 'agk', 'aow', 'aqw', 'aff', 'afn', 'aer', 'ahp', 'apz', 'ahx', 'amr', 'ady', 'anh', 'aeb', 'ajd', 'aio', 'ann', 'api', 'any', 'amk', 'aqf', 'aak', 'aph', 'asn', 'aml', 'aob', 'agm', 'amm']
['agu', 'aez', 'ajp', 'aeu', 'aen', 'ajn', 'aik']
['afk']
['akt']
['aap']
['aku']
['ajk']
['aid']
['aqd']
['acj']
['arn']
['ajo']
['afc']
['ahh']
['amo']
['apx']
['atb']
['ain']
['anp']
['alq']
['akx']
['aah']
['anw']
['aad']
['afo']
['aaq']
['aho']
['ago']
['abr']
['ard']
['alc']
['aru']
['aab']
['aql']
['agp']
['aef']
['acc']
['aor']
['ake']
