['43', '94', '144', '83', '199', '262', '117', '186', '54', '234']
['86', '21', '132', '171', '52', '156', '244', '223', '113', '63']
['240', '79', '211', '140', '208', '177', '206', '115', '263']
['239', '70', '247', '267', '62', '124']
['266', '202', '198', '214', '226', '9']
['224', '53', '19', '134', '143', '173']
['227', '112', '109', '119', '256', '126']
['80', '175', '168', '230', '8', '97']
['16', '30', '138', '268', '120', '133']
['160', '122', '158', '87', '197', '147']
['180', '3', '207', '183', '209', '253']
['108', '121', '82', '93', '25', '24']
['204', '76', '114', '201', '107', '65']
['40', '235', '123', '5', '45', '64']
['74', '242', '232', '37', '233']
['139', '18', '258', '194', '26']
['116', '88', '15', '213', '48']
['181', '250', '59', '264', '148']
['162', '129', '99', '212', '51']
['219', '22', '161', '2', '167']
['78', '257', '229', '10', '155']
['192', '245', '142', '137', '103']
['98', '73', '14', '72', '178']
['1', '172', '60', '118', '260']
['110', '130', '77', '33']
['0', '265', '179', '190']
['66', '55', '12', '248']
['96', '57', '159', '11']
['102', '127', '216', '105']
['71', '29', '32', '166']
['237', '34', '58', '23']
['154', '145', '152', '261']
['61', '203', '42', '91']
['153', '222', '135', '215']
['125', '191', '85', '106']
['151', '47', '101', '49']
['128', '170', '195']
['184', '259', '7']
['111', '6', '141']
['165', '136', '20']
['185', '81', '56']
['50', '100', '13']
['92', '255', '205']
['17', '44']
['254', '228']
['188', '90']
['89', '164']
['41', '146']
['231', '163']
['31', '249']
['28', '200']
['149', '210']
['95', '246']
['238', '225']
['157', '4']
['269', '187']
['193', '176']
['75', '131']
['39', '69']
['251', '252']
['150', '182']
['174']
['104']
['38']
['241']
['220']
['221']
['36']
['46']
['236']
['35']
['67']
['27']
['68']
['218']
['84']
['217']
['196']
['243']
['189']
['169']
