['26', '350', '254', '27', '284', '365', '90', '204', '358', '42', '9', '324', '134', '210', '330', '126', '362']
['339', '33', '396', '300', '80', '246', '367', '178', '374', '202', '97', '245', '149', '249', '148']
['89', '344', '203', '296', '269', '196', '167', '111', '348', '37', '73', '381', '258']
['237', '335', '206', '25', '98', '99', '68', '307', '341', '320', '52', '8', '356']
['224', '157', '209', '11', '265', '378', '67', '195', '310', '164', '306', '377']
['227', '71', '385', '183', '181', '395', '51', '376', '333', '115', '147', '223']
['101', '135', '18', '290', '113', '390', '230', '76', '185', '222', '289', '256']
['236', '399', '86', '228', '102', '220', '343', '136', '215', '398', '295']
['238', '138', '116', '172', '3', '79', '142', '112', '6', '221', '272']
['170', '139', '366', '38', '159', '35', '243', '77', '219', '255', '12']
['216', '152', '187', '309', '1', '352', '336', '121', '194', '39']
['94', '369', '394', '19', '180', '293', '41', '192', '205', '129']
['81', '193', '32', '322', '328', '40', '393', '75', '13', '327']
['279', '123', '373', '384', '36', '304', '262', '60', '319', '287']
['244', '240', '321', '72', '276', '337', '345', '211', '47', '144']
['179', '48', '285', '122', '233', '266', '186', '166', '361']
['263', '153', '200', '91', '371', '154', '30', '197', '379']
['184', '226', '140', '370', '82', '58', '301', '171']
['105', '120', '242', '302', '382', '127', '110']
['234', '308', '316', '87', '188', '392', '251']
['50', '29', '326', '288']
['213']
['292']
['130']
['274']
['190']
['131']
['207']
['386']
['5']
['259']
['323']
['106']
['268']
['28']
['375']
['137']
['114']
['241']
['313']
['340']
['2']
['368']
['253']
['78']
['0']
['318']
['261']
['117']
['232']
['363']
['175']
['264']
['173']
['85']
['360']
['143']
['141']
['325']
['283']
['93']
['329']
['83']
['354']
['347']
['387']
['96']
['353']
['198']
['162']
['62']
['125']
['315']
['271']
['57']
['146']
['54']
['364']
['108']
['314']
['104']
['270']
['23']
['65']
['277']
['156']
['84']
['217']
['334']
['391']
['252']
['349']
['66']
['7']
['177']
['267']
['332']
['124']
['70']
['189']
['165']
['14']
['88']
['109']
['133']
['55']
['95']
['150']
['218']
['291']
['389']
['158']
['250']
['208']
['45']
['64']
['235']
['10']
['21']
['34']
['31']
['151']
['176']
['163']
['74']
['59']
['174']
['247']
['63']
['20']
['338']
['132']
['312']
['4']
['248']
['282']
['43']
['298']
['231']
['257']
['397']
['191']
['275']
['160']
['182']
['118']
['69']
['239']
['49']
['119']
['92']
['103']
['199']
['281']
['56']
['303']
['372']
['388']
['342']
['297']
['145']
['53']
['46']
['380']
['100']
['346']
['359']
['229']
['15']
['161']
['16']
['169']
['286']
['260']
['107']
['168']
['212']
['331']
['351']
['273']
['355']
['61']
['357']
['214']
['17']
['201']
['294']
['24']
['280']
['44']
['22']
['278']
['299']
['305']
['311']
['128']
['225']
['155']
['317']
['383']
