['116lol', '208lol', '119lol', '152lol', '130lol', '104lol', '80lol', '210lol', '337lol', '221lol', '302lol', '90lol', '329lol', '381lol', '18lol', '131lol', '455lol', '261lol', '427lol', '464lol', '206lol', '16lol', '396lol', '443lol', '162lol', '369lol', '366lol', '246lol', '344lol', '406lol', '419lol', '310lol', '243lol', '148lol', '6lol', '200lol', '308lol', '160lol', '103lol', '110lol', '24lol', '136lol', '319lol', '457lol', '358lol', '161lol', '37lol', '251lol', '205lol', '192lol', '91lol', '95lol', '245lol', '117lol', '63lol', '405lol', '391lol', '97lol', '194lol', '266lol', '145lol', '316lol', '384lol', '226lol', '372lol', '146lol', '78lol', '123lol', '343lol', '467lol', '285lol', '109lol', '167lol', '330lol', '312lol', '491lol', '224lol', '268lol', '353lol', '140lol', '36lol', '66lol', '39lol', '8lol', '431lol', '313lol', '485lol', '303lol', '252lol', '400lol', '157lol', '361lol', '377lol', '473lol', '387lol', '73lol', '331lol', '139lol', '89lol', '496lol', '211lol', '22lol', '0lol', '260lol', '124lol', '278lol', '108lol', '472lol', '120lol', '281lol', '156lol', '118lol', '128lol', '297lol', '499lol', '60lol', '228lol', '81lol', '321lol', '67lol', '259lol', '256lol', '58lol', '85lol', '379lol', '339lol', '397lol', '84lol', '492lol', '269lol', '475lol', '342lol', '203lol', '215lol', '445lol', '401lol', '359lol', '413lol', '289lol', '483lol', '459lol', '234lol', '137lol', '217lol', '287lol', '466lol', '497lol', '175lol', '298lol', '107lol', '488lol', '357lol', '12lol', '46lol', '471lol', '264lol', '151lol', '225lol', '299lol', '383lol', '214lol', '348lol', '126lol', '186lol', '276lol', '10lol', '280lol', '347lol', '237lol', '346lol', '240lol', '432lol', '41lol', '241lol', '462lol', '181lol', '456lol']
['219lol', '69lol', '165lol', '100lol', '28lol', '220lol', '418lol', '15lol', '32lol', '407lol', '426lol', '190lol', '412lol', '438lol', '135lol', '185lol', '340lol', '164lol', '21lol', '1lol', '179lol', '93lol', '355lol', '183lol', '450lol', '166lol', '33lol', '263lol', '101lol', '11lol', '106lol', '410lol', '122lol', '429lol', '291lol', '94lol', '238lol', '484lol', '50lol', '72lol', '398lol', '428lol', '333lol', '177lol', '442lol', '257lol', '486lol', '283lol', '231lol', '320lol', '317lol', '408lol', '132lol', '273lol', '239lol', '277lol', '222lol', '293lol', '448lol', '441lol', '385lol', '414lol', '267lol', '176lol', '424lol', '125lol', '460lol', '216lol', '77lol', '70lol', '31lol', '311lol', '454lol', '463lol', '34lol', '447lol', '65lol', '392lol', '59lol', '430lol', '434lol', '173lol', '43lol', '249lol', '193lol', '47lol', '389lol', '199lol', '30lol', '233lol', '105lol', '374lol', '421lol', '232lol', '255lol', '82lol', '411lol', '439lol', '188lol', '254lol', '495lol', '469lol', '324lol', '3lol', '150lol', '242lol', '57lol', '393lol', '349lol', '168lol', '487lol', '423lol', '187lol', '403lol', '417lol', '292lol', '207lol', '13lol', '470lol', '382lol', '2lol', '248lol', '26lol', '279lol', '356lol', '371lol']
['446lol', '51lol', '7lol', '395lol', '138lol', '307lol', '380lol', '440lol', '149lol', '465lol', '121lol', '25lol', '182lol', '111lol', '404lol', '174lol', '201lol', '230lol', '71lol', '212lol', '253lol', '61lol', '170lol', '282lol', '409lol', '458lol', '350lol', '172lol', '367lol', '83lol', '328lol', '247lol', '370lol', '477lol', '433lol', '99lol', '102lol', '88lol', '490lol', '79lol', '364lol', '169lol', '288lol', '452lol', '98lol', '481lol', '5lol', '55lol', '64lol', '20lol', '416lol', '86lol', '163lol', '250lol', '461lol', '309lol', '52lol', '368lol', '154lol', '326lol', '143lol', '19lol', '482lol', '325lol', '336lol', '40lol', '399lol', '386lol', '209lol', '195lol', '191lol', '147lol', '271lol', '322lol', '275lol']
['422lol', '14lol', '341lol', '354lol', '258lol', '453lol', '96lol', '129lol', '74lol', '388lol', '420lol', '345lol', '376lol', '360lol', '304lol', '300lol', '286lol', '171lol', '244lol', '296lol']
['352lol']
['365lol']
['159lol']
['141lol']
['449lol']
['75lol']
['158lol']
['4lol']
['489lol']
['301lol']
['114lol']
['213lol']
['262lol']
['35lol']
['38lol']
['178lol']
['351lol']
['92lol']
['270lol']
['375lol']
['44lol']
['112lol']
['87lol']
['305lol']
['284lol']
['189lol']
['498lol']
['144lol']
['425lol']
['54lol']
['494lol']
['29lol']
['184lol']
['229lol']
['436lol']
['180lol']
['27lol']
['127lol']
['204lol']
['480lol']
['335lol']
['338lol']
['362lol']
['115lol']
['327lol']
['223lol']
['56lol']
['476lol']
['53lol']
['323lol']
['197lol']
['49lol']
['334lol']
['196lol']
['133lol']
['437lol']
['332lol']
['474lol']
['373lol']
['314lol']
['478lol']
['265lol']
['295lol']
['23lol']
['62lol']
['142lol']
['9lol']
['48lol']
['390lol']
['155lol']
['394lol']
['318lol']
['198lol']
['202lol']
['493lol']
['218lol']
['306lol']
['468lol']
['294lol']
['415lol']
['113lol']
['444lol']
['45lol']
['363lol']
['42lol']
['134lol']
['378lol']
['236lol']
['153lol']
['17lol']
['272lol']
['479lol']
['435lol']
['402lol']
['68lol']
['274lol']
['227lol']
['451lol']
['235lol']
['315lol']
['76lol']
['290lol']
