['247', '434', '174', '140', '487', '214', '40', '70', '52', '144', '327']
['257', '38', '387', '420', '385', '83', '134', '210', '445', '47', '450']
['227', '156', '203', '241', '88', '455', '331', '386', '129', '63', '446']
['410', '216', '347', '471', '200', '322', '481', '79', '104', '55', '95']
['101', '94', '477', '375', '470', '233', '2', '175', '161', '362', '295']
['236', '335', '309', '193', '263', '209', '176', '138', '82', '136', '292']
['61', '383', '294', '270', '378', '51', '195', '141', '467', '207', '239']
['109', '373', '371', '65', '173', '112', '343', '75', '232', '337', '438']
['253', '97', '245', '380', '36', '406', '302', '192', '272', '286', '39']
['208', '237', '459', '34', '268', '466', '355', '443', '419', '478', '405']
['1', '120', '181', '108', '46', '389', '388', '219', '148', '205', '211']
['344', '353', '92', '396', '226', '336', '59', '479', '20', '382', '223']
['435', '158', '190', '444', '266', '485', '312', '461', '415', '143', '416']
['291', '482', '384', '429', '180', '102', '42', '448', '168', '162', '8']
['328', '159', '281', '230', '225', '111', '100', '333', '87', '486', '258']
['123', '303', '246', '11', '313', '3', '90', '204', '411', '117', '147']
['453', '152', '224', '212', '308', '98', '118', '318', '424', '41', '163']
['349', '187', '85', '45', '178', '403', '390', '160', '215', '255', '251']
['189', '264', '465', '248', '297', '267', '9', '320', '361', '62', '359']
['121', '475', '107', '54', '265', '113', '299', '177', '288', '323', '228']
['44', '296', '150', '234', '29', '400', '437', '379', '357', '421', '125']
['10', '285', '456', '172', '133', '290', '457', '358', '348', '188', '468']
['283', '394', '80', '43', '122', '18', '186', '73', '164', '240', '381']
['436', '66', '260', '351', '329', '365', '99', '401', '275', '345', '49']
['278', '116', '298', '149', '451', '0', '68', '363', '346', '306', '356']
['48', '332', '279', '206', '26', '32', '417', '262', '197', '392', '432']
['153', '305', '167', '242', '77', '317', '433', '60', '340', '7', '5']
['427', '217', '50', '183', '196', '269', '460', '4', '447', '146', '287']
['179', '139', '86', '280', '304', '220', '413', '6', '319', '452', '137']
['238', '81', '84', '201', '25', '440', '276', '301', '166', '74', '341']
['412', '431', '16', '199', '96', '115', '289', '408', '256', '24', '171']
['132', '488', '28', '182', '360', '321', '311', '17', '103', '310', '35']
['425', '282', '271', '106', '480', '364', '114', '463', '37', '126', '12']
['334', '19', '367', '284', '374', '395', '307', '31', '131', '218', '314']
['170', '89', '369', '430', '472', '342', '326', '56', '422', '72', '110']
['145', '157', '155', '27', '135', '124', '315', '30', '58', '376', '316']
['469', '370', '409', '119', '67', '414', '221', '127', '151', '398', '458']
['15', '483', '105', '350', '397', '71', '439', '142', '462', '191', '274']
['354', '391', '426', '91', '484', '252', '402', '324', '76', '330', '338']
['33', '441', '474', '261', '418', '185', '64', '198', '130', '69', '407']
['366', '352', '244', '423', '325', '202', '273', '235', '194', '14', '377']
['165', '368', '277', '154', '476', '442', '243', '78', '213', '449', '259']
['250', '21', '473', '404', '231', '293', '428', '393', '222', '13']
['184', '399', '254', '128', '372', '23', '249']
['339', '57', '93', '22']
['464', '229']
['169']
['300']
['53']
['454']
