['15', '26', '18', '30', '29', '25', '6', '61', '94', '11', '28', '4', '93', '12', '2', '3', '79', '55', '51', '16']
['108', '104', '141', '193', '117', '134', '140', '170', '153', '195', '190', '189', '196', '161', '149', '111', '146', '121', '105', '179']
['250', '257', '210', '266', '239', '237', '279', '206', '213', '221', '259', '234', '249', '220', '231', '264', '271', '230', '216', '278']
['87', '49', '65', '89', '13', '62', '36', '33', '95', '82', '59', '80', '32', '27', '76', '45', '20', '35', '84', '23']
['236', '238', '240', '273', '219', '227', '207', '268', '277', '226', '212', '261', '272', '245', '247', '214', '232', '201', '215', '248']
['260', '235', '225', '242', '222', '265', '223', '203', '204', '255', '254', '205', '263', '258', '270', '276', '218', '246', '244', '229']
['42', '90', '39', '73', '81', '99', '9', '43', '85', '78', '86', '77', '54', '8', '98', '68', '22', '88', '14', '21']
['71', '91', '44', '24', '47', '31', '56', '34', '17', '10', '74', '96', '53', '48', '63', '5', '69', '19', '38', '40']
['116', '123', '192', '143', '109', '107', '183', '128', '112', '101', '150', '169', '191', '152', '139', '160', '173', '133', '156', '185']
['208', '209', '211', '262', '253', '200', '274', '217', '202', '269', '228', '233', '243', '251', '252', '275', '241', '256', '224', '267']
['177', '142', '182', '157', '115', '126', '151', '181', '127', '168', '175', '167', '124', '158', '178', '184', '155', '135', '137', '110']
['1', '60', '52', '100', '92', '70', '75', '37', '66', '41', '57', '46', '72', '58', '67', '64', '83', '7', '50', '97']
['162', '120', '174', '129', '145', '154', '130', '138', '188', '186', '166', '199', '180', '103', '198', '136', '171', '194', '197', '131']
['122', '144', '187', '148', '125', '118', '102', '164', '114', '165', '147', '172', '163', '132', '176', '106', '159', '113', '119']
['283', '286', '291', '284', '281', '288', '282', '289', '290', '285', '287']
['295', '293', '298', '280', '296', '299']
['300']
['292']
['297']
['294']
