['62', '128', '395', '150', '54', '299', '240', '492', '8', '149', '270', '199', '269', '446', '174', '350', '187', '398', '352', '110']
['142', '140', '78', '144', '47', '455', '61', '221', '379', '394', '36', '326', '161', '295', '205', '354', '264', '314', '173', '50']
['15', '250', '369', '29', '143', '239', '417', '190', '353', '486', '66', '77', '361', '426', '289', '160', '368', '84', '475', '51']
['260', '453', '122', '292', '27', '242', '130', '490', '222', '460', '148', '498', '355', '152', '214', '119', '201', '88', '388', '479']
['235', '303', '18', '209', '195', '315', '99', '432', '101', '409', '80', '180', '74', '365', '375', '167', '197', '106', '411', '37']
['91', '259', '291', '153', '451', '274', '381', '196', '226', '380', '125', '126', '203', '304', '53', '86', '6', '231', '476', '135']
['399', '225', '39', '30', '170', '277', '410', '305', '228', '462', '382', '127', '362', '147', '241', '133', '233', '400', '496', '14']
['123', '109', '234', '329', '271', '330', '261', '189', '378', '175', '229', '466', '31', '484', '19', '323', '445', '478', '443', '408']
['347', '49', '65', '13', '9', '163', '488', '134', '404', '414', '351', '282', '370', '178', '194', '23', '68', '159', '300', '393']
['26', '120', '391', '273', '81', '43', '213', '412', '444', '413', '440', '69', '169', '392', '216', '64', '184', '67', '113', '499']
['42', '283', '211', '116', '257', '363', '219', '325', '268', '44', '372', '198', '103', '473', '158', '481', '396', '215', '298', '185']
['162', '316', '463', '279', '237', '448', '107', '82', '493', '306', '415', '93', '246', '346', '17', '416', '377', '430', '71', '177']
['238', '117', '89', '327', '166', '200', '373', '217', '157', '424', '204', '12', '76', '311', '341', '482', '171', '251', '46', '278']
['52', '60', '155', '266', '491', '186', '438', '281', '309', '459', '3', '483', '98', '389']
['322', '131', '33', '449', '472', '255', '428', '20', '139', '275', '244', '212', '342']
['121', '485', '457', '230', '40', '419', '165', '442', '57', '429', '38', '384', '286']
['92', '24', '360', '56', '494', '358', '458', '45', '385', '168', '58', '176']
['390', '321', '366', '59', '301', '349', '41', '348', '105', '137', '16']
['310', '191', '367', '48', '456', '280', '371', '302', '477', '97']
['192', '154', '431', '223', '265', '136', '83', '296']
['108', '336', '206', '333', '79', '35', '340', '267']
['307', '405', '85', '464', '383', '4', '172', '21']
['262', '183', '243', '114', '146', '232', '297']
['425', '435', '397', '124', '156', '308', '248']
['90', '334', '421', '95', '345', '218']
['470', '25', '402', '11', '401', '132']
['34', '312', '252', '2', '10']
['497', '5', '129', '489', '447']
['359', '104', '339', '468', '294']
['420', '423', '193', '407', '331']
['450', '276', '22', '179', '403']
['151', '100', '94', '364']
['487', '439', '467', '465']
['1', '290', '418', '469']
['164', '115', '207']
['313', '356', '258']
['210', '287', '427']
['208', '319', '72']
['182', '318', '406']
['436', '63', '374']
['454', '285', '320']
['138']
['111']
['324']
['112']
['376']
['338']
['328']
['28']
['284']
['224']
['441']
['495']
['249']
['87']
['437']
['357']
['220']
['317']
['32']
['293']
['245']
['202']
['247']
['55']
['96']
['145']
['474']
['337']
['335']
['387']
['188']
['272']
['452']
['236']
['141']
['73']
['433']
['471']
['343']
['480']
['253']
['227']
['75']
['256']
['181']
['332']
['288']
['500']
['7']
['344']
['254']
['102']
['434']
['461']
['263']
['118']
['422']
['70']
['386']
