['ff', 'eh', 'er', 'jv', 'da', 'ax', 'fi', 'hz', 'br', 'zz']
['m', 'ir', 'ic', 'av', 'jd', 'bw', 'jo', 'ik', 'z', 'ce']
['fj', 'dw', 'l', 'jh', 'fb', 'hy', 'ez', 'hw', 'jk', 'cz']
['gf', 'ew', 'hx', 'ke', 'is', 'kj', 'ap', 'cs', 'hr', 'bb']
['ix', 'fn', 'he', 'hs', 'in', 'bi', 'iu', 'fd', 'fq', 'ab']
['iz', 'js', 'aj', 'km', 'ep', 'db', 'g', 'b', 'ck', 'gn']
['ft', 'bl', 'io', 'gw', 'af', 'gy', 'cu', 'cd', 'fv', 'at']
['ga', 'iy', 'cg', 'co', 'fr', 'iv', 'je', 'ju', 'ec', 'fu']
['ie', 'ca', 'gz', 'di', 'u', 'bf', 'fw', 's', 'el', 'jt']
['fl', 'aq', 'ev', 'ao', 'ig', 'bm', 'c', 'gk', 'iw', 'gd']
['dn', 'dp', 'gs', 'gp', 'cp', 'x', 'n', 'al', 'fs', 'ee']
['cq', 'bk', 'fc', 'fm', 'jp', 'ds', 'cr', 'cb', 'ad', 'bo']
['ex', 'dm', 'et', 'f', 'iq', 'gq', 'ki', 'hk', 'fk', 'ih']
['it', 'd', 'bp', 'gx', 'eb', 'bn', 'do', 'en', 'gh', 'eq']
['im', 'fa', 'bt', 'kb', 'jz', 'kk', 'gt', 'an', 'dt', 'ar']
['df', 'ht', 'fo', 'ka', 'gr', 'jq', 'fg', 'kn', 'cc', 'kd']
['dg', 'jf', 'o', 'jg', 'v', 'cx', 'hq', 'i', 'es', 'ba']
['dq', 'bz', 'gc', 'ah', 'e', 'eg', 'fx', 'hl', 'a', 'jc']
['hn', 'ch', 'ac', 'fe', 'fp', 'jj', 'gi', 'hm', 'gj', 'cj']
['ia', 'ef', 'dh', 'hd', 'cw', 'jn', 'hi', 'kh', 'jb', 'ek']
['de', 'cn', 'aw', 'hp', 'jr', 'du', 'h', 'jw', 'cl', 'jy']
['j', 'be', 'bs', 'dx', 'ci', 'cm', 'as', 'bh', 'ge', 'ip']
['az', 'bq', 'bv', 'jl', 'hf', 'y', 'gl', 'k', 'gm', 'gv']
['ib', 'ij', 'hb', 'ii', 'ai', 'if', 'il', 'bu', 'hc', 'go']
['bx', 'dv', 'bg', 'fy', 'ct', 'ea', 'gu', 'kf', 'dd', 'ja']
['dj', 'ag', 'cv', 't', 'bj', 'dz', 'eu', 'hv', 'ei', 'w']
['dc', 'ha', 'ak', 'dl', 'kc', 'am', 'hu', 'p', 'ed', 'kl']
['q', 'hg', 'ej', 'jm', 'bd', 'by', 'cy', 'hh', 'kg', 'fh']
['fz', 'ji', 'ay', 'dr', 'gb', 'jx', 'ho', 'eo', 'au', 'aa']
['dk', 'bc', 'gg', 'dy', 'ae', 'em', 'cf', 'r', 'hj', 'ey']
