['ux2', 'oUs', 'uQL', 'rz4', 'LTB', 'Fws', 'pf5', 'CwC', 'FzE', 'u1N', 'iiE', 'X9s']
['KGR', 'aTI', 'N08', 'JLF', 'FkC', 'uii', 'FEQ', 'kZ0', 'psG', '4LY', 'sKX', 'ZxX']
['oPH', 'btz', 'HvR', 'Eou', 'fQ3', 'KS2', 'xRH', 'wgA', 'Tn8', 'iTo', 'ZVF', 'UmG']
['WB2', 'uZt', 'NiX', 'PPi', 'Itn', '27J', 'BV4', 'iba', 'VCH', 'kte', 'i4H', '00m']
['W8n', 'oZQ', 'EJD', 'mGb', 'HWv', 'dvU', 'x86', '4p5', 'IZQ', 'I2S', '0gI', 'EoI']
['d60', 'BDE', 'zEh', 'J8r', 'lKO', '0RD', '1uW', 'ZFU', '6pB', '0Qs', 'ptf', 'cEk']
['YBr', 'SmS', 'X5a', 'UDc', 'yLV', 'nc0', 'eGG', 'F9o', '5i6', 'wwD', 'Wmv', 'emD']
['ziA', '6Hl', 'tK7', '5zB', 'Epk', 'Hi0', 'b99', 'jEj', 'BPL', '5jv', '4KN', '3kn']
['Bfu', 'b7z', '9F9', 'UPL', '6ro', 'Z7b', 'Afe', '8uz', 'H9O', '3QX', '2vJ', 'GUX']
['XHa', 'gfv', 'wGp', 'tFU', 'mFO', 'Xim', 'AcJ', '70K', 'XlR', 'SiL', 'g08', '2UA']
['h3r', 'JyM', 's1n', 'O2z', '2mv', 'cmd', 'Twl', 's3z', 'Hyj', 'rGT', 'Hxo', 'Ql9']
['Fmb', 'Ns3', 'nQv', 'AJT', 'fFE', 'jFu', 'Swe', 'pTi', 'mIe', 'x8V', 'P8b', 'AKr']
['z1H', 'dlb', 'I2i', 'WLk', 'hiF', 'Jla', 'YMC', 'xLA', 'YNK', 'hct', 'KZy', '8VG']
['mRG', 'CU9', 'GRw', '1QY', 'Ihb', 'AHs', 'YFC', 'SV9', 'bA6', 'oSw', '5U2', 'PoH']
['ewc', 'i9C', 'D40', 'ttO', 'jWX', 'stN', 'dLc', '5Li', 'PlJ', 'euj', 'VAV', 'zfD']
['xxJ', 'kYz', 'Y2z', 'JfN', 'qLD', 'nf5', 'PiG', 'vJC', 'xz4', 'upV', 'XMr', 'D5B']
['DoC', 'e8d', 'LiP', '1xS', 'jGk', 'gTC', 'QhQ', 'VVW', 'xqY', 'ZQL', 'USE', 'gE4']
['9NA', 'Pas', 'oSh', 'AK4', 'tm4', 'IJ1', '4fp', 'rmu', 'e8H', 'tKI', 'rgC', '6Ip']
['xpw', 'GpL', 'MQT', 'Ot9', '4Nd', 'fFJ', 'iGU', 'NyP', 'dNX', 'VPb', 'Jgp', 'FbA']
['SMj', 'ZNv', 'h6l', 'wqW', 'JWV', '0oy', 'W4L', 'a4K', 'hYw', 'rC8', 'G2k', 'iW8']
['L1u', 'vyM', 'nkl', 'HkK', 'QDa', 'uVg', '6sH', 'NXP', 'MNb', 'tpP', 'Zc5', 'Hbr']
['u9Q', 'KRy', 'oak', 'U0P', 'qmj', 'TUB', 'Qti', 'cFa', 'MrD', 'hQH', 'klv', 'uH4']
['gEp', 'b9f', 'aZv', 'etm', '8uu', 'uGP', '0ID', 'B99', 'rXN', '17Q', '5qS', '28R']
['aLB', 'Qtt', 'JcP', 'W2Z', 'rMd', 'a55', 'mLL', 'cDc', 'zgJ', '1aX', 'mUL', 'hdp']
['VZ7', 'kT2', 'gWT', 'fKV', '69w', 'n99', 'JVP', '4nb', 'VoJ', 'WXJ', 'U0Z', 'gEU']
['Qa3', 'QEF', 'PQT', 'kiK', 'sfk', 'YEe', 'U4K', 'zfK', 'SFn', 'H68', 'Gu6', 'tfQ']
['NGB', 'dSZ', 's6M', 'NqO', '81k', 'qPq', 'Kn8', 'tEu', 'ZY3', 'nQj', '6na', 'e6S']
['PqY', 'Mvm', '5n5', 'CYA', 'blA', '4gy', 'YUZ', 'vca', 'bAf', '1RB', 'ISX', '19T']
['X5J', 'mcI', 'm5j', 'xx7', 'Ke0', 'f9z', '1gc']
['ULj', 'yAp', 'mLF', 'hHB', 'c3v', 'gkI']
['PJa', 'IU6', '96X', 'E2A', 'qDy', 'j3s']
['iFt', 'nqI', '8j5', 'slQ', 'gVV', 'bLd']
['EJa', 'iS6', 'txp', '9ug', 'nRH', 'v6U']
['bDO', 'qkE', 'czy', '8nm', 'lsG', 'WLo']
['zTH', 'Qyh', 'JYa', 'OCL', 'rYU']
