['121', '291', '260', '283', '90', '59', '281', '163', '0', '242', '225', '272', '148', '199', '287']
['31', '19', '140', '54', '32', '234', '266', '262', '168', '235', '126', '219', '255', '57', '258']
['34', '224', '123', '209', '203', '190', '11', '10', '40', '67', '191', '51', '221', '60', '5']
['69', '253', '282', '26', '241', '211', '263', '265', '88', '83', '23', '195', '160', '125', '223']
['238', '89', '208', '94', '105', '25', '45', '124', '284', '233', '118', '114', '213', '194', '62']
['84', '174', '246', '214', '82', '122', '149', '204', '42', '9', '232', '185', '198', '164', '137']
['39', '279', '296', '298', '135', '18', '29', '119', '177', '17', '220', '64', '205', '49', '63']
['101', '48', '217', '65', '290', '22', '267', '299', '275', '169', '46', '292', '215', '130', '52']
['250', '237', '21', '44', '176', '138', '28', '231', '74', '96', '78', '68', '95', '143', '147']
['170', '179', '156', '257', '256', '159', '4', '108', '230', '192', '41', '131', '8', '7', '259']
['109', '189', '206', '92', '91', '116', '133', '79', '99', '186', '6', '134', '151', '289', '239']
['247', '47', '1', '196', '252', '293', '102', '36', '87', '166', '146', '218', '286', '274', '110']
['187', '66', '152', '85', '132', '120', '113', '173', '20', '197', '100', '76', '37', '207', '129']
['184', '280', '182', '16', '104', '58', '243', '106', '136', '115', '12', '72']
['81', '33', '285', '53', '3', '172', '297', '161', '112', '73', '228']
['153', '261', '200', '294', '244', '269', '142', '202', '111', '117', '295']
['216', '264', '38', '61', '254', '183', '97', '154', '180', '93', '188']
['145', '157', '71', '30', '70', '141', '56', '55']
['278', '165', '107', '128', '276', '77']
['226', '43', '86', '212', '50', '175']
['277', '27', '80', '2', '167', '13']
['236', '268', '158', '181', '240', '144']
['150', '227', '127', '75', '155']
['245', '273', '201', '193', '248']
['210', '162', '139', '24', '271']
['222', '98', '171', '288']
['15', '270', '229']
['14', '178', '103']
['35', '249']
['251']
