['Brandi', 'Carmel', 'Andi', 'Charyl', 'Annabelle', 'Cody', 'Caro', 'Alvira', 'Amanda', 'Analiese']
['Cami', 'Catie', 'Bert', 'Alyda', 'Bibbie', 'Abby', 'Alix', 'Adorne', 'Carmelita', 'Brandy']
['Carolyn', 'Alikee', 'Berri', 'Augusta', 'Agnola', 'Adelice', 'Carlee', 'Bobbie', 'Charin', 'Alayne']
['Annamaria', 'Arliene', 'Agace', 'Betteann', 'Avis', 'Penny', 'Cal', 'Alexia', 'Carolina', 'Ada']
['Blythe', 'Amy', 'Christal', 'Arlie', 'Chiarra', 'Bethany', 'Benetta', 'Blinnie', 'Bunny', 'Angelina']
['Ashlie', 'Alys', 'Amabel', 'Catriona', 'Brandea', 'Caryn', 'Caralie', 'Blancha', 'Beatrice', 'Bride']
['Bessy', 'Cherye', 'Aubrette', 'Arlene', 'Caroljean', 'Camel', 'Agatha', 'Anallese', 'Brier', 'Calla']
['Belita', 'Billi', 'Brandise', 'Caren', 'Belva', 'Ashlen', 'Cathrine', 'Carlynn', 'Billy', 'Bernardina']
['Alexandrina', 'Ali', 'Alissa', 'Annadiane', 'Astrix', 'Abra', 'Cammi', 'Calida', 'Amargo', 'Carlye']
['Cele', 'Celestyn', 'Brandie', 'Bertine', 'Catharine', 'Celie', 'Audy', 'Cassondra', 'Bliss', 'Cacilia']
['Anica', 'Babbie', 'Anjela', 'Alicea', 'Bunni', 'Cherilyn', 'Alanah', 'Binni', 'Alisun', 'Aurore']
['Alejandra', 'Bamby', 'Anatola', 'Anabelle', 'Ashli', 'Bernadine', 'Bobbye', 'Alice', 'Annabel', 'Berta']
['Annabela', 'Babs', 'Candis', 'Caryl', 'Brigida', 'Cesya', 'Aubine', 'Christyna', 'David', 'Chiquia']
['Ardella', 'Austina', 'Charlot', 'Angie', 'Adoree', 'Cheslie', 'Caril', 'Addi', 'Christabella', 'Berni']
['Casie', 'Cassy', 'Cariotta', 'Bobbee', 'Andriana', 'Almeda', 'Bess', 'Andrea', 'Barbey', 'Aimil']
['Arlina', 'April', 'Athena', 'Anastassia', 'Ailene', 'Candra', 'Asia', 'Anastasia', 'Anabal', 'Catlaina']
['Ardene', 'Aeriel', 'Auroora', 'Brittaney', 'Ardeen', 'Aveline', 'Cherrita', 'Catherine', 'Carrissa', 'Bryna']
['Callida', 'Alie', 'Allix', 'Anet', 'Anthiathia', 'Catlee', 'Bobette', 'Allegra', 'Cherise', 'Carlyn']
['Bernardine', 'Bill', 'Bren', 'Babara', 'Angela', 'Christye', 'Betti', 'Carina', 'Celestine', 'Angel']
['Bellanca', 'Babbette', 'Allissa', 'Barbabra', 'Adelheid', 'Bobinette', 'Carena', 'Andree', 'Alysa', 'Anni']
['Ardra', 'Blanche', 'Charmion', 'Ara', 'Billie', 'Ambur', 'Bettine', 'Aurelea', 'Barbaraanne']
['Bridgette', 'Bonnee', 'Athene', 'Chelsey', 'Aile', 'Carole', 'Benita', 'Charity', 'Aliza']
['Chanda', 'Aaren', 'Bernete', 'Caron', 'Carmine', 'Chelsy', 'Berty', 'Brigid', 'Anne']
['Angil', 'Beverie', 'Ariela', 'Babette', 'Alverta', 'Cammy', 'Christel', 'Barbra', 'Casandra']
['Bobby', 'Betty', 'Annelise', 'Annora', 'Babita', 'Aili', 'Alexi', 'Berna', 'Calli']
['Christan', 'Carri', 'Charleen', 'Camella', 'Antoinette']
