['122', '74', '121', '51', '163', '188', '259', '303', '389', '83', '129', '44', '348', '100', '361', '202', '145', '226', '2', '250', '291', '328', '107', '335', '192', '240', '195', '313', '103', '287']
['198', '394', '354', '88', '412', '370', '12', '416', '85', '270', '297', '359', '150', '308', '102', '210', '336', '381', '199', '40', '379', '263', '218', '282', '292', '323', '277', '230', '131', '24']
['76', '216', '80', '414', '314', '115', '23', '417', '246', '15', '380', '187', '398', '310', '189', '327', '357', '253', '373', '215', '39', '138', '84', '407', '125', '123', '25', '355', '300', '205']
['16', '137', '10', '290', '174', '273', '362', '225', '106', '185', '148', '35', '369', '322', '316', '329', '158', '236', '130', '269', '302', '120', '151', '41', '42', '264', '228', '37', '349', '344']
['30', '390', '5', '324', '268', '29', '136', '382', '118', '242', '21', '337', '350', '333', '92', '36', '238', '342', '212', '133', '155', '410', '31', '309', '156', '111', '419', '393', '307', '7']
['312', '71', '318', '194', '278', '391', '147', '325', '175', '132', '139', '243', '388', '128', '301', '6', '401', '207', '305', '260', '87', '356', '319', '365', '50', '97', '217', '395', '343', '91']
['364', '72', '415', '112', '385', '28', '90', '170', '396', '274', '221', '304', '317', '279', '96', '117', '46', '418', '167', '353', '266', '75', '101', '18', '372', '257', '299', '13', '114', '295']
['17', '160', '397', '159', '119', '360', '411', '206', '321', '191', '374', '339', '229', '45', '93', '54', '143', '293', '367', '53', '27', '406', '86', '3', '233', '176', '173', '256', '165', '178']
['48', '33', '334', '201', '284', '220', '311', '157', '66', '61', '251', '26', '331', '78', '244', '286', '124', '0', '196', '154', '222', '1', '149', '99', '109', '245', '177', '64', '249', '146']
['153', '38', '281', '352', '89', '298', '403', '288', '203', '22', '214', '235', '4', '52', '55', '387', '190', '358', '255', '135', '371', '60', '330', '383', '14', '213', '384', '241', '261', '63']
['400', '171', '254', '326', '110', '285', '363', '224', '409', '142', '232', '258', '405', '392', '320', '340', '67', '193', '332', '248', '294', '375', '376', '378', '108', '68', '211', '49', '8', '272']
['144', '116', '276', '346', '105', '338', '341', '162', '267', '134', '58', '204', '70', '227', '57', '168', '166', '183', '82', '141', '366', '182', '126', '271', '11', '69', '95', '59', '73', '283']
['184', '127', '9', '43', '315', '377', '404', '413', '247', '56', '402', '209', '386', '234', '252', '62', '164', '140', '208', '262', '296', '104', '169', '161', '200']
['32', '289', '180', '47', '179', '399', '98', '408', '81', '172', '347', '231', '223']
['239', '94', '219', '237', '65', '20', '368']
['275']
['79']
['351']
['197']
['34']
['77']
['19']
['306']
['280']
['181']
['152']
['345']
['186']
['113']
['265']
