['154', '153', '202', '276', '208', '274', '339', '156', '275', '303', '155', '302', '336', '204', '201', '300', '207', '157', '337', '301', '205', '341', '299', '297', '296', '280', '209', '203', '206', '152', '298', '278', '335', '279', '151', '338', '150', '340', '273', '277']
['317', '33', '135', '123', '35', '121', '313', '138', '319', '34', '51', '53', '127', '140', '314', '36', '39', '312', '316', '315', '48', '124', '126', '52', '38', '54', '40', '311', '137', '50', '55', '141', '122', '136', '49', '37', '318', '125', '120', '139']
['364', '186', '13', '183', '178', '352', '11', '366', '368', '180', '367', '354', '185', '16', '15', '371', '182', '480', '476', '181', '369', '355', '9', '475', '350', '479', '356', '179', '481', '353', '14', '12', '10', '477', '351', '474', '365', '478', '370', '184']
['132', '309', '423', '498', '386', '387', '134', '129', '251', '383', '131', '420', '381', '128', '249', '304', '248', '307', '245', '130', '306', '310', '385', '499', '422', '247', '382', '250', '133', '424', '421', '384', '305', '497', '388', '425', '308', '419', '246', '380']
['43', '219', '214', '164', '221', '217', '212', '0', '25', '24', '31', '26', '160', '211', '47', '218', '216', '161', '42', '222', '27', '158', '32', '30', '210', '213', '215', '163', '28', '159', '46', '45', '41', '44', '223', '220', '162', '29']
['192', '265', '268', '270', '260', '263', '272', '193', '105', '190', '266', '187', '188', '191', '361', '100', '358', '267', '359', '264', '271', '101', '362', '104', '360', '363', '261', '102', '357', '259', '103', '269', '189', '262', '258', '99']
['17', '23', '453', '390', '496', '465', '391', '462', '489', '461', '448', '495', '450', '491', '19', '451', '447', '493', '393', '20', '395', '394', '389', '467', '464', '494', '392', '492', '18', '21', '452', '466', '463', '449', '22', '490']
['77', '87', '456', '92', '409', '90', '86', '322', '459', '320', '407', '406', '458', '72', '411', '404', '410', '71', '454', '455', '88', '460', '405', '74', '76', '325', '324', '321', '323', '75', '73', '91', '89', '457', '408', '326']
['488', '412', '283', '200', '378', '376', '287', '281', '486', '372', '373', '413', '377', '282', '199', '197', '194', '196', '487', '284', '286', '482', '379', '416', '195', '374', '414', '285', '198', '418', '417', '484', '485', '483', '375', '415']
['243', '242', '6', '238', '441', '1', '433', '59', '56', '240', '61', '435', '58', '2', '62', '437', '442', '443', '241', '239', '438', '7', '244', '444', '436', '440', '8', '445', '439', '5', '3', '446', '57', '4', '434', '60']
['169', '230', '254', '253', '231', '227', '229', '431', '167', '428', '430', '173', '172', '168', '429', '426', '473', '468', '224', '252', '165', '166', '469', '176', '255', '170', '427', '432', '226', '470', '225', '228', '177', '472', '471', '174', '256', '175', '257', '171']
['295', '290', '114', '236', '118', '237', '94', '232', '291', '98', '293', '119', '292', '233', '93', '288', '96', '97', '234', '95', '235', '294', '117', '115', '116', '289']
['329', '331', '334', '328', '330', '333', '327', '332']
['403', '397', '396', '399', '401', '402', '398', '400']
['343', '346', '347', '344', '345', '349', '348', '342']
['148', '149', '145', '143', '142', '146', '144', '147']
['80', '78', '81', '83', '82', '84', '85', '79']
['112', '110', '108', '107', '106', '111', '109', '113']
['69', '66', '67', '70', '68', '64', '65']
['63']
