['190', '221', '371', '55', '299', '141', '193', '291', '196', '394', '294', '288', '149', '337', '25', '2', '146', '29', '113', '267', '87', '123', '266', '143', '355', '47', '272', '356', '349', '244', '181', '229', '321', '334', '69', '289', '19', '75', '302', '323', '122', '318', '33', '249', '139', '271', '216', '214', '98', '277', '367', '124', '184', '177', '235', '154', '253', '281', '372', '228', '176', '68', '313', '239', '333', '278', '73', '326', '158', '362', '393', '0', '369', '336', '31', '252', '251', '52', '262', '365', '256', '50', '26', '250', '373', '213', '195', '189', '226', '295', '285', '242', '61', '269', '161', '388', '117', '121', '166', '306', '282', '392', '132', '79', '316', '325', '116', '112', '101', '32', '20', '368', '338', '236', '21', '227', '85', '115', '377', '218', '40', '56', '344', '370', '46', '275', '97', '92', '350', '41', '89', '353', '128', '76', '45', '395', '330', '374', '133', '247', '215', '385', '127', '175', '38', '331', '178', '142', '44', '366', '223', '345', '199', '96', '224', '130', '379', '241', '110', '287', '210', '65', '107', '169', '293', '150', '245', '84', '308', '88', '81', '343', '151', '290', '34', '381', '67', '386', '66', '148', '304', '328', '147', '106', '108', '237', '170', '153', '4', '264', '111', '230', '238', '358', '396', '105', '179', '292', '347', '265', '94', '375', '3', '211', '322', '303', '279', '36', '95', '35', '182', '380', '53', '399', '312', '391', '283', '254', '198', '309', '243', '171', '208', '315', '187', '164', '83', '49', '82', '310', '152', '232', '99', '207', '268', '167', '335', '194', '286', '209', '274', '102', '311', '172', '163', '324', '360', '329', '23', '42', '183', '86', '346', '63', '342', '24', '327', '138', '204', '103', '233', '332', '144', '202', '352', '57', '259', '134', '30', '234', '93', '351', '261', '51', '258', '297', '389', '104', '225', '222', '28', '217', '118', '165', '341', '173', '156', '159', '319', '62', '317', '376', '359', '201', '219', '203', '74', '205', '48', '157', '246', '162', '387', '263', '136', '129', '284', '339', '155', '137', '192', '231', '191', '400', '54', '301', '273', '77', '354', '364', '135', '390', '188', '276', '197', '70', '1', '307', '174', '125', '114', '72', '401', '131', '397', '37', '363', '257', '109', '206', '348', '296', '212', '27', '22', '248', '185', '90', '78', '43', '378', '126', '168', '270', '71', '91', '145', '186', '314', '255', '357', '58', '398', '305', '64', '298', '119']
['260', '120', '100', '220', '240', '140', '60', '200', '320', '80', '180', '160', '280', '340', '300']
['15', '18', '13', '9', '6', '11', '10', '12', '8', '5', '17', '7', '14', '16']
['384', '382', '383']
['405', '404']
['418', '419']
['39', '59']
['402']
['410']
['416']
['413']
['406']
['408']
['414']
['361']
['415']
['409']
['407']
['412']
['417']
['411']
['403']
