['48', '397', '80', '201', '254', '127', '115', '206', '203', '369', '301', '193', '57', '248', '399', '18', '82', '1', '151', '42', '239', '282', '123', '59', '172']
['16', '364', '33', '51', '274', '382', '106', '251', '214', '345', '54', '286', '133', '187', '308', '305', '101', '309', '351', '257', '323', '195', '395', '245', '161']
['174', '71', '285', '321', '65', '22', '229', '316', '190', '359', '19', '302', '371', '2', '183', '294', '156', '357', '379', '263', '349', '313', '73', '131', '200']
['137', '153', '290', '273', '362', '360', '396', '185', '317', '85', '331', '246', '117', '244', '342', '150', '20', '94', '100', '27', '310', '291', '319', '384', '176']
['10', '159', '281', '284', '298', '43', '288', '209', '197', '58', '358', '252', '398', '130', '237', '111', '39', '264', '69', '233', '211', '103', '241', '347', '91']
['312', '112', '346', '88', '34', '352', '89', '391', '315', '21', '279', '98', '329', '55', '293', '6', '75', '330', '120', '253', '126', '68', '217', '240', '146']
['38', '231', '303', '148', '280', '142', '83', '297', '243', '275', '36', '143', '234', '167', '306', '361', '102', '60', '215', '299', '393', '181', '343', '64', '212']
['72', '216', '105', '324', '191', '363', '325', '270', '235', '247', '96', '15', '236', '368', '135', '67', '202', '168', '196', '366', '373', '13', '307', '177', '173']
['17', '265', '5', '90', '259', '194', '221', '304', '35', '377', '56', '52', '392', '255', '207', '41', '383', '14', '169', '113', '84', '180', '277', '8', '205']
['63', '390', '354', '163', '29', '389', '26', '175', '139', '129', '380', '158', '348', '210', '166', '250', '199', '327', '149', '182', '192', '114', '344', '355', '178']
['76', '188', '370', '311', '225', '12', '118', '132', '162', '232', '269', '140', '154', '376', '50', '296', '104', '372', '378', '108', '138', '272', '256', '24', '283']
['179', '276', '394', '385', '326', '314', '28', '224', '337', '45', '267', '387', '386', '227', '336', '260', '87', '189', '40', '213', '86', '218', '271', '109', '295']
['30', '32', '53', '160', '204', '116', '287', '155', '261', '171', '268', '119', '375', '220', '262', '278', '61', '3', '335', '37', '186', '78', '62', '7', '164']
['320', '400', '184', '122', '74', '332', '31', '381', '208', '136', '328', '157', '219', '242', '99', '23', '350', '4', '92', '93', '238', '25', '44', '165', '353']
['152', '144', '292', '334', '79', '95', '128', '222', '81', '258', '134', '365', '223', '107', '300']
['125', '121', '333', '318', '170', '141', '9', '338', '124']
['66', '228', '47', '145', '110', '374', '367', '147']
['341', '339', '226', '77', '230', '49']
['340', '249', '356', '322', '46', '97']
['266', '289', '70', '11', '198', '0', '388']
