['6', '1', '302', '2', '19', '15', '312', '7', '9', '11127', '30', '12', '41', '10', '4', '35', '34', '11', '31', '36', '39', '16', '315', '1111', '1112', '11118', '8', '18', '14', '37']
['135', '465', '0', '201', '447', '467', '464', '297', '436', '11125', '261', '439', '198', '463', '449', '262', '258', '200', '11126', '402', '197', '460', '442', '438', '443', '11110', '445', '5', '3', '446']
['13', '178', '92', '138', '98', '100', '136', '93', '101', '137', '182', '97', '133', '102', '179', '91', '175', '1119', '99', '11113', '94', '180', '1115', '96', '11114', '104', '176', '177', '46', '103']
['11111', '237', '240', '251', '232', '249', '241', '222', '243', '11112', '219', '221', '238', '214', '236', '212', '231', '248', '218', '233', '245', '239', '244', '250', '247', '213', '234', '215', '235', '246']
['423', '387', '361', '420', '429', '451', '11128', '360', '11124', '11122', '367', '375', '364', '431', '391', '11121', '376', '428', '366', '368', '372', '373', '371', '362', '389', '385', '369', '363', '424', '374']
['154', '132', '153', '164', '148', '129', '144', '1118', '155', '126', '130', '166', '145', '143', '142', '163', '162', '147', '156', '131', '127', '1117', '128', '140', '165', '149', '158', '151', '159', '152']
['78', '1114', '77', '81', '56', '70', '72', '71', '52', '74', '54', '55', '83', '80', '59', '61', '82', '58', '53', '51', '62', '79', '76', '50', '75', '49', '73', '57', '1113', '60']
['11120', '352', '339', '343', '462', '346', '349', '337', '413', '342', '410', '350', '335', '338', '334', '11119', '409', '347', '336', '411', '330', '341', '340', '353', '348', '333', '351', '412', '332', '408']
['11115', '253', '322', '275', '320', '281', '345', '271', '284', '255', '280', '321', '344', '256', '257', '254', '272', '270', '276', '319', '287', '252', '277', '11116', '285', '278', '323', '318', '273', '283']
['43', '123', '113', '118', '260', '112', '121', '263', '119', '358', '354', '47', '359', '48', '125', '42', '124', '1116', '355', '357', '356', '259', '122', '116', '45', '44', '117', '115', '114', '120']
['295', '11117', '290', '441', '105', '303', '291', '293', '300', '304', '292', '301', '419', '288', '296', '110', '108', '305', '298', '416', '414', '440', '106', '111', '418', '417', '294', '109', '289', '415']
['329', '309', '192', '386', '193', '190', '453', '390', '450', '454', '393', '194', '394', '306', '310', '395', '325', '324', '311', '392', '195', '384', '388', '452', '308', '189', '327', '455', '191', '326']
['456', '430', '208', '433', '459', '407', '461', '160', '458', '204', '406', '157', '404', '207', '437', '211', '426', '216', '205', '405', '403', '209', '203', '206', '432', '210', '427', '457', '434', '435']
['33', '17', '169', '242', '217', '274', '134', '167', '107', '173', '172', '168', '448', '282', '199', '377', '316', '20', '196', '161', '299', '170', '421', '328', '28', '95', '174', '150', '365', '171']
['317', '202', '29', '396', '313', '314', '398', '307', '400', '38', '397', '331', '40', '286', '422', '181', '444', '399', '401', '223', '220', '279', '466', '425', '11129', '11123', '370', '139']
['230', '227', '229', '32', '226', '225', '228', '224']
['23', '27', '146', '21', '25', '24', '141', '26', '22']
['63', '69', '66', '67', '68', '64', '65']
['87', '86', '90', '84', '85', '89', '88']
['382', '379', '378', '383', '381', '380']
['268', '265', '266', '269', '267', '264']
['186', '187', '188', '185', '184']
['183']
