['YUG', 'IYD', 'QRE', 'IPY', 'YSD', 'QIB', 'SQS', 'QQN', 'DRX', 'FXX', 'PON', 'AUL', 'PYK', 'JGS', 'GUT', 'DAW', 'OII', 'JUQ', 'CDZ', 'UZU', 'YKH', 'DTU', 'PMO', 'IIT', 'ACJ']
['MZP', 'KUO', 'ZBF', 'QEP', 'TMD', 'PVQ', 'SFB', 'IDO', 'QNG', 'DJA', 'IFO', 'NHA', 'YKQ', 'GUQ', 'XEO', 'YDT', 'HPH', 'MUO', 'ONX', 'JXM', 'UEN', 'LHQ', 'VYF', 'HBC', 'KLM']
['IKN', 'TSS', 'SUT', 'SFJ', 'MJR', 'ITN', 'EPR', 'TLC', 'PGE', 'XOE', 'WER', 'CEY', 'QDB', 'QJK', 'DAT', 'LZE', 'PAS', 'ASO', 'YEN', 'UZY', 'KSW', 'QVI', 'MOH', 'QTR', 'KJN']
['SUQ', 'UTL', 'PJW', 'CHA', 'PGO', 'NJD', 'HQB', 'IEK', 'UNW', 'HGD', 'RYE', 'SUP', 'QTJ', 'NQL', 'WED', 'BHL', 'SGO', 'HGF', 'RSJ', 'GPH', 'PVS', 'OXU', 'VAC', 'FKU', 'TMR']
['JII', 'LJA', 'EDP', 'RXD', 'RYA', 'AMV', 'KNZ', 'ARM', 'ESU', 'XWK', 'HCD', 'XRV', 'YYU', 'AZD', 'XVF', 'ELJ', 'GGA', 'NLI', 'XEN', 'WDF', 'VWR', 'FDS', 'QMI', 'CHR', 'GFL']
['YOA', 'TKB', 'INO', 'RUR', 'MIE', 'VMW', 'WCB', 'LWH', 'NFI', 'RIA', 'OCI', 'BDX', 'LBW', 'WMY', 'CAO', 'MNB', 'VCY', 'GSB', 'UFK', 'UGW', 'JHO', 'EZU', 'QAM', 'NWB', 'WTX']
['HIG', 'IKW', 'RNM', 'KZQ', 'MVS', 'FWN', 'CZB', 'LOQ', 'SGT', 'YVQ', 'NUG', 'YYJ', 'KMP', 'PDU', 'WLU', 'DMH', 'DTW', 'JZY', 'SCZ', 'QLI', 'ODG', 'RJS', 'JOQ', 'YPX', 'SDF']
['GUE', 'SYQ', 'DXK', 'FJH', 'GEF', 'AYJ', 'KXZ', 'VXB', 'ZCY', 'CFJ', 'OON', 'CFP', 'DYU', 'CGQ', 'ZFU', 'SNM', 'FMU', 'FTI', 'PCL', 'FOW', 'UIO', 'YDL', 'HMT', 'RNU', 'XJW']
['SNW', 'IPK', 'YNR', 'MLN', 'JJB', 'HTW', 'HNC', 'BCI', 'OZT', 'IQJ', 'VQR', 'AJB', 'ZFO', 'BFH', 'XCX', 'CJB', 'IDJ', 'AHE', 'NGH', 'ABC', 'JDC', 'VRD', 'YER', 'FWA', 'JZV']
['LGP', 'DZR', 'DCZ', 'IIY', 'EBY', 'XXQ', 'VMJ', 'FJL', 'XPW', 'MWQ', 'GLR', 'LZP', 'UCH', 'ULP', 'SFD', 'TFT', 'DNE', 'DHT', 'UHU', 'XVQ', 'GWT', 'OEN', 'RZW', 'ZNQ', 'KMD']
['MLH', 'XDE', 'NXI', 'NDI', 'CNU', 'JVR', 'YSM', 'XQI', 'ARV', 'NLS', 'UKF', 'HXF', 'WUI', 'PTX', 'RSG', 'IPG', 'RKO', 'WZL', 'CUZ', 'TVZ', 'MVB', 'EWG', 'LTC', 'RDG', 'ROL']
['ECG', 'PKK', 'UMO', 'QFE', 'TGH', 'GPL', 'KDV', 'DTS', 'EAA', 'IKB', 'GBL', 'EBA', 'JME', 'RIX', 'ALG', 'ZGL', 'WYK', 'ALI', 'YLS', 'JTZ', 'CYA', 'ZQN', 'NPS', 'CDW', 'BZI']
['TUK', 'YWW', 'GMF', 'ZBU', 'FCJ', 'FOD', 'KVY', 'MSE', 'WJI', 'IUY', 'IFU', 'QBJ', 'DWU', 'UOM', 'FXH', 'JXZ', 'KLS', 'WKY', 'RUP', 'ZKY', 'VFV', 'FPR', 'WSD', 'CCY', 'XKQ']
['NTW', 'MBZ', 'TQM', 'WGY', 'IAM', 'ZPA', 'BBZ', 'TFQ', 'SAQ', 'POC', 'ACP', 'JSL', 'ELO', 'FXI', 'UDD', 'BEQ', 'FEV', 'MED', 'EDD', 'ZJU', 'EUK', 'TBN', 'WCD', 'ZFK', 'FPT']
['BLK', 'OFJ', 'DOT', 'TVY', 'CRF', 'BIN', 'SCK', 'SCS', 'GYM', 'VZX', 'HXZ', 'SNS', 'AWX', 'MYN', 'PBP', 'VFM', 'HUN', 'WIF', 'GUR', 'GGP', 'MIN', 'AQN', 'VWX', 'FCU', 'LZI']
['RKH', 'NOP', 'FSW', 'BRY', 'YKF', 'QTQ', 'APD', 'FHI', 'EEA', 'ZIT', 'YTQ', 'YYG', 'NNG', 'RBJ', 'POR', 'DFW', 'JKL', 'POJ', 'NDB', 'SRP', 'MAC', 'UHE', 'KAJ', 'ALL', 'TBT']
['TFN', 'SCX', 'JMO', 'EBB', 'LMU', 'IYH', 'BTJ', 'CXP', 'XIY', 'YKR', 'DMN', 'IUE', 'SRB', 'IPV', 'HHK', 'TGW', 'CIH', 'GGM', 'KLZ', 'JZA', 'QIK', 'CGD', 'PME', 'AIM', 'SMM']
['FTL', 'THJ', 'GUN', 'HJA', 'XHQ', 'WHJ', 'KNO', 'WWT', 'HYW', 'XNY', 'TWL', 'YTR', 'LLX', 'TQB', 'GXJ', 'JWQ', 'ZRO', 'LUT', 'FWB', 'MUV', 'SDH', 'TDJ', 'MSC', 'MMS', 'JMT']
['SQR', 'HZF', 'NGI', 'AYK', 'AGI', 'PAX', 'EQX', 'FTE', 'HPV', 'KLV', 'LXJ', 'OLD', 'KEQ', 'QZB', 'EOF', 'YHX', 'FQC', 'QLH', 'NSI', 'OHR', 'MJV', 'DMP', 'RYT', 'EKJ', 'MUL']
['YYC', 'UKO', 'LWA', 'MCI', 'KVD', 'NDJ', 'XFW', 'YAR', 'BJR', 'SFK', 'QYA', 'VTH', 'WWL', 'FUR', 'BCW', 'LHD', 'YSP', 'NXU', 'QCJ', 'OVZ', 'PAU', 'WJS', 'PZA', 'ZCF', 'PIL']
