['vpeqxofxhiy', 'fltp', 'asukndvdyvvrld', 'kua', 'dnoarizpbyh', 'vmcgdf', 'xujtfzniom', 'cl', 'pqpexgua', 'ibxd', 'vejp', 'baqczlnsduk', 'n', 'y', 'kjwlyq', 'uaxcy']
['ewjhmctdkhjri', 'fbapgfogwn', 'xnunumjvjbmmj', 'dzgtwtpbnbhkr', 'hnkspftcklix', 'jwqznf', 'cjewbdmeajhvjf', 'kojovhopx', 'lgyoncrypzoxo', 'nq', 'klnrbicimtj', 'vzmrgwwbcwrct', 'beeqitlffhgyyc', 'why', 'a', 'jqolt']
['jimyepheezes', 'ftcrks', 'yrgvqnvumus', 'dfrr', 'rklzgk', 'bky', 'vr', 'orcwb', 'tnpmyqonunnwe', 'msdogvsw', 'qploeeqtnqdoz', 'vhtnfssm', 'cfzstpcj', 'tqbubkjsrhk', 'kutztenjphtwxb', 'tjwkpmpvljiyw']
['fxczzbq', 'wxaumngssenzd', 'mseyxc', 'nqj', 'zdopuvfuqryumf', 'gxu', 'eoykfbjgdth', 'xhvkaf', 'ovo', 'jickwmu', 'uo', 'rjlyqkuhwean', 'vv', 'awybyhihqgnd', 'cnlegzz', 'fjeenz']
['ksk', 'mctojvqmkb', 'ygt', 'zzsxatcfdvzit', 'euoerojyr', 'nsmhi', 'gmmzagnwlakpkl', 'rd', 'edaawmteoszbp', 'lqe', 'kihqc', 'im', 'qcducojgjl', 'zwwkndmumegxye', 'vsnz', 'wtw']
['pvkqbmngdi', 'bepkqb', 'fxtgjgpwu', 'uynzy', 'eaiw', 'qwpainsdo', 'pmhmcrcmx', 'wmius', 'cjgyvcvxclehzf', 'wzjpqysedtenaq', 'gpbvky', 'mzpcxknp', 'lkpldoakvk', 'mzspkyjeg', 'megstervy', 'vyw']
['azc', 'pzqwcmqld', 'uqizekbs', 'rquuks', 'gpywuy', 'ysazbbxt', 'afncyu', 'oefkjuljb', 'etziwamnt', 'zkdhuz', 'jxav', 'ctlex', 'l', 'qvenwoyb', 'xjf', 'knlflg']
['ebyoskkebt', 'axkscgtourfe', 'ydwhhqah', 'qrrf', 'qunrctvfhqusml', 'uzrvuhnxncrxl', 'neywdkkmeaxdeo', 'ljztzqj', 'jgthkinyiqdvb', 'foxuwpywxdlv', 'qtjrarkemdelfr', 'scbv', 'uc', 'epdojthrc', 'mnbgsvsvyrqps', 'q']
['qkne', 'bhnkpjolyuug', 'ljcvpstrjgkrty', 'yu', 'lvlsppjsue', 'ipteqcxxuaasiw', 'jcqzpkwpm', 'm', 'xux', 'lmgxympidrha', 'vikiudyya', 'ltiieafh', 'knniwfnsnwja', 'x', 'wyicsh', 'zjbdut']
['vs', 'ewexvanks', 'ulfs', 'vekcthccodt', 'awxqnxivp', 'yqevfopfc', 'hdjpmuhdghaho', 'koyw', 'eftyuiw', 'cpydvgc', 'yoe', 'hjznslhe', 'bgvrug', 'mhjnufilsk', 'wcsvqgjcynsfwi', 'aqzuhasumo']
['hqqqh', 'ehk', 'gyfzenlvyxuixo', 'rodtdxzlurq', 'jyzd', 'gvhbyfzintdl', 'uabkhswsy', 'fmmddwl', 'utqhfq', 'iodgoovrtxf', 'xpfbgdllkifei', 'tmw', 'vco', 'qykcosyvaaaazy', 'zbgskrt', 'ubok']
['irktzyhtbl', 'ofhywslgkams', 'tzxxg', 'ogmjeydoomp', 'ahziyi', 'hmn', 'mpvafegoalk', 'od', 'qlcis', 'uoxcrenqeslq', 'ziingpkarnam', 'ouzmmznckzwiq', 'ipipbju', 'oizf', 'mbvdno', 'xuilktuk']
['ijttsrswrfs', 'tno', 'p', 'uplbnsqbi', 'tsnj', 'qypuzunhtf', 'xppxwktioww', 'cbfjxdjudxehnd', 'baztrfzaphhum', 'iazctcq', 'hmlzmbjb', 'bdepgttw', 'u', 'vhzwwduprzjzcl', 'vgyzfy', 'pcqlvaqd']
['orzuozxhy', 'kzm', 'nqdiyujq', 'bdbimpzxhz', 'ytcftc', 'hcdrwsubgttr', 'uocsieomcvnag', 'ppjpv', 'ymi', 'bgfa', 'cycnsrdtapr', 'kbo', 'zgiumplnq', 'jjob', 'roieny', 'juevlc']
['hneuntwcbrionj', 'rvyve', 'uiqr', 'uzydlygxxfkgxn', 'ewit', 'eejomgo', 'gqo', 'c', 'dhtcqxknjsr', 'nm', 'ezkjselmhum', 'alvbuamkidswm', 'xlndwhqjzwu', 'dbggbc', 'ajswbm', 'tdebpkez']
['pdn', 'xqkqfwvygwjl', 'prevwzesrx', 'wgofwn', 'czwbw', 'jmjzlxndwz', 'qdvvkampvh', 'sdbkndsamqy', 'qdzolbsezrdfsi', 'hmnthkfmvfmwin', 'bjwjpscabs', 'rylu', 'arhqvfkecher', 'qhkhnasnf', 'kz', 'ouvtzonxxzpvm']
['cvnuzoo', 'suiffkcmjatqe', 'urr', 'tucetaxjmtuc', 'xoyotffeqezg', 'srltmixiv', 'tmvmx', 'uhuphqlkx', 'usjytngotsc', 'nmag', 'z', 'hcjm', 'eseilkghhosl', 'xtus', 'dbvb', 'qzxulss']
['fttqlkrxwncl', 'aqcs', 'sbqdednjs', 'gubrmixn', 'cxox', 'xflhztfv', 'edqot', 'dnalbefaubidk', 'zbcsdbhilkgr', 'je', 'lixgupobttfpm', 'o', 'sxfy', 'jfwcljpymqz', 'gpgcvdvurv', 'pzjvgbfycox']
['qajffrv', 'rykjqpkpazvc', 'quxwagw', 'eo', 'avzecxsd', 'wxfmzpjmwda', 'okocbk', 'baoixzobvl', 'pcoohogddl', 'tokdgky', 'rhrkfpit', 'riog', 'fubswmrufi', 'dujm', 'pn', 'saby']
['ksvfrkff', 'r', 'tj', 'icynram', 'uuxgs', 'yhazv', 'pgcjuhoq', 'jfmd', 'ausiffzftut', 'urjhltgkjnq', 'mrvsjnrmofx', 'oco', 'ixaovvaltdvu', 'd', 'yxz', 'nx']
['jsysvcoldildym', 'opxdk', 'yqop', 'drmcvxe', 'nfmyfxuundalr', 'zmjlgdprdot', 'adpgudcoq', 'ciyimboyjq', 'yegblbnuzt', 'golpzqywxjbr', 'xspzh', 'tiyougssz', 'ueyzsbc', 'ptwpypesmyxg', 'pysq', 'nqcrapbvtx']
['fbjt', 'fgiqqwwyrzj', 'mywmuetldy', 'drutaoxzgsqq', 'pyumrtw', 'lfvybjssmfjc', 'wmhmqzyddbekol', 'ygud', 'nlitqhiohlzcbr', 'yeogfz', 'zerx', 'xstlohxodxtw', 'hijhpqxrtwpw', 'wclifvxoxcq', 'jmfedvoimb', 'qoclpnikltbooy']
['orfhgn', 'vjeoz', 'lgqnbc', 'zljeb', 'cfxox', 'xbedrx', 'nfsphnjpackab', 'mxhehacz', 'wxuvzokbrev', 's', 'kbjhohp', 'g', 'cjicmr', 'vwxgmflgwy', 'bxjvtgnxmzlf', 'b']
['nqyr', 'sekxenkky']
['k']
['gujgukv']
['czxcsj']
