['311', '257', '268', '398', '351', '382', '327', '26', '229', '339', '139', '401', '101', '428', '70', '419', '312', '116', '95', '15', '45']
['3', '381', '354', '426', '185', '416', '10', '440', '238', '104', '46', '383', '232', '81', '151', '154', '447', '99', '242', '299', '204']
['203', '193', '315', '169', '454', '429', '39', '380', '413', '142', '241', '349', '372', '451', '147', '324', '322', '8', '342', '164', '244']
['153', '444', '252', '442', '1', '356', '144', '433', '302', '80', '115', '92', '245', '239', '455', '198', '69', '404', '379', '168', '182']
['122', '17', '369', '345', '329', '292', '125', '172', '206', '370', '213', '60', '157', '259', '109', '214', '265', '293', '412', '159', '423']
['264', '373', '207', '384', '295', '303', '209', '306', '437', '12', '439', '432', '352', '365', '307', '166', '420', '237', '400', '276', '320']
['275', '224', '362', '305', '283', '300', '219', '227', '223', '200', '321', '183', '140', '406', '40', '225', '141', '161', '113', '425', '21']
['74', '290', '216', '407', '48', '91', '71', '226', '13', '160', '175', '152', '328', '344', '388', '332', '63', '446', '421', '19', '251']
['387', '50', '304', '284', '56', '4', '190', '233', '112', '0', '114', '127', '156', '277', '366', '32', '389', '76', '350', '49', '165']
['337', '364', '452', '61', '42', '254', '102', '343', '31', '359', '30', '85', '131', '163', '274', '255', '138', '82', '187', '100', '188']
['247', '453', '55', '53', '6', '409', '441', '5', '228', '126', '176', '211', '16', '314', '96', '422', '105', '199', '23', '137', '103']
['51', '22', '121', '145', '449', '177', '37', '208', '98', '418', '399', '261', '117', '44', '403', '72', '411', '267', '424', '285', '195']
['347', '94', '417', '148', '205', '191', '220', '313', '297', '271', '363', '266', '18', '84', '79', '325', '281', '348', '179', '67', '338']
['269', '405', '240', '330', '376', '250', '162', '111', '279', '298', '77', '75', '58', '236', '318', '334', '357', '89', '249', '65', '97']
['43', '47', '210', '280', '353', '149', '410', '173', '253', '335', '319', '443', '35', '155', '368', '301', '375', '181', '108', '262', '130']
['291', '436', '196', '431', '41', '270', '68', '288', '310', '294', '289', '11', '377', '28', '361', '287', '222', '120', '248', '124', '434']
['106', '448', '258', '396', '316', '128', '341', '438', '25', '90', '427', '374', '202', '87', '221', '360', '218', '260', '263', '346', '450']
['390', '194', '246', '378', '273', '29', '178', '391', '24', '110', '308', '278', '456', '358', '54', '129', '118', '66', '119', '180', '395']
['184', '201', '14', '186', '296', '135', '27', '234', '282', '7', '272', '86', '286', '59', '408', '430', '355', '215', '57', '309', '217']
['230', '371', '415', '62', '256', '2', '170', '143', '136', '231', '393', '317', '167', '336', '192', '174', '326', '64', '38', '33', '123']
['132', '331', '36', '197', '212', '392', '386', '20', '397', '9', '243', '367', '34', '189', '158']
['83', '394', '402', '235', '414', '73', '340', '435']
['78', '171', '323', '52', '93', '134']
['107', '445', '146', '88']
['333', '133', '385', '150']
