['317', '482', '350', '105', '322', '353', '151', '28', '235', '45', '400']
['153', '324', '334', '142', '92', '201', '368', '71', '332', '57']
['487', '438', '17', '385', '133', '321', '287', '160', '62', '15']
['13', '469', '19', '231', '143', '225', '252', '119', '199', '139']
['362', '309', '179', '173', '68', '458', '318', '233']
['210', '2', '413', '342', '197', '264', '283', '415']
['311', '466', '36', '419', '455', '191', '460', '490']
['146', '138', '263', '0', '228', '463', '371', '196']
['60', '246', '21', '168', '340', '125', '434', '205']
['288', '255', '254', '56', '440', '5', '450', '372']
['132', '341', '397', '55', '328', '159', '189', '258']
['181', '375', '206', '281', '370', '486', '410', '120']
['405', '164', '499', '300', '337', '73', '99', '20']
['126', '467', '276', '178', '280', '72', '211', '377']
['96', '129', '188', '215', '491', '327', '271']
['124', '244', '203', '8', '61', '308', '315']
['135', '299', '82', '338', '495', '117', '474']
['403', '278', '445', '103', '348', '282', '359']
['219', '169', '251', '304', '307', '194', '147']
['6', '262', '479', '34', '414', '267', '39']
['268', '195', '198', '447', '29', '393', '152']
['87', '494', '339', '335', '439', '122', '418']
['443', '66', '416', '344', '224', '365', '114']
['480', '303', '106', '131', '140', '478']
['123', '212', '417', '180', '113', '257']
['274', '272', '343', '391', '473', '294']
['76', '81', '121', '3', '47', '277']
['310', '331', '386', '227', '75', '406']
['329', '222', '260', '481', '448', '316']
['464', '134', '363', '261', '313', '116']
['243', '250', '465', '426', '37', '79']
['101', '38', '378', '88', '41', '319']
['389', '275', '429', '373', '22', '312']
['154', '360', '296', '108', '150', '435']
['241', '396', '229', '399', '401', '381']
['214', '325', '236', '25', '471', '301']
['326', '110', '349', '420', '207', '184']
['33', '290', '492', '366', '111', '12']
['394', '253', '167', '53', '64', '485']
['209', '305', '216', '172', '354', '398']
['409', '9', '347', '95', '454', '16']
['238', '69', '94', '497', '128', '446']
['74', '23', '104', '472', '91', '4']
['109', '182', '357', '297', '176']
['130', '361', '175', '217', '422']
['285', '31', '477', '314', '10']
['247', '90', '148', '102', '202']
['423', '162', '54', '40', '412']
['100', '78', '200', '468', '52']
['320', '218', '187', '425', '273']
['208', '475', '493', '242', '42']
['98', '63', '32', '192', '367']
['44', '86', '77', '483', '489']
['355', '302', '269', '186', '18']
['390', '295', '382', '67', '488']
['293', '383', '89', '26', '346']
['84', '449', '237', '284', '145']
['376', '234', '230', '27', '93']
['388', '144', '213', '48', '456']
['395', '424', '441', '30']
['442', '380', '266', '298']
['402', '451', '356', '484']
['165', '59', '336', '249']
['1', '80', '170', '161']
['24', '190', '240', '166']
['11', '330', '115', '457']
['35', '137', '462', '239']
['118', '436', '58', '459']
['193', '379', '421', '306']
['155', '452', '156', '470']
['220', '51', '204', '107']
['437', '85', '345', '289']
['112', '259', '369', '174']
['226', '183', '7']
['158', '444', '70']
['374', '453', '136']
['291', '358', '157']
['185', '265', '286']
['476', '49', '498']
['333', '323', '221']
['141', '248', '270']
['431', '14', '83']
['163', '127', '411']
['245', '430', '352']
['351', '496', '384']
['407', '408']
['46', '171']
['43', '392']
['387', '433']
['428', '292']
['364', '461']
['223', '232']
['177', '97']
['279', '427']
['65', '432']
['50']
['256']
['404']
['149']
