['400', '446', '437', '428', '457', '439', '412', '136', '396', '427', '403', '423', '404', '409', '142', '444', '139', '408', '387', '405', '386', '380', '456', '141', '459', '138', '455', '384', '432', '440']
['397', '334', '390', '415', '414', '421', '90', '411', '382', '445', '391', '416', '417', '435', '413', '402', '388', '392', '398', '447', '451', '410', '381', '406', '450', '454', '407', '393', '438', '256']
['116', '112', '121', '385', '110', '119', '433', '115', '441', '118', '425', '449', '46', '426', '429', '401', '430', '434', '431', '294', '120', '383', '107', '113', '108', '228', '422', '114', '395', '443']
['452', '424', '448', '38', '174', '394', '171', '254', '259', '242', '47', '279', '246', '247', '45', '244', '358', '252', '348', '255', '250', '399', '248', '458', '253', '373', '217', '240', '245', '249']
['105', '188', '352', '194', '221', '106', '224', '203', '389', '214', '350', '98', '92', '55', '93', '234', '420', '94', '102', '101', '260', '453', '104', '14', '239', '419', '99', '95', '103', '272']
['76', '80', '74', '79', '354', '159', '71', '231', '225', '363', '442', '229', '83', '275', '81', '78', '70', '67', '75', '82', '68', '69', '233', '436', '349', '59', '73', '230', '173', '7']
['364', '88', '34', '285', '370', '374', '377', '369', '488', '258', '367', '368', '100', '371', '31', '375', '365', '309', '376', '41', '111', '366', '372', '378', '379', '86', '271', '195', '479', '295']
['16', '179', '216', '346', '220', '206', '22', '209', '205', '197', '210', '287', '207', '145', '302', '208', '18', '356', '357', '489', '213', '215', '219', '218', '11', '211', '8', '64', '212', '283']
['33', '29', '298', '304', '65', '303', '477', '315', '280', '297', '52', '418', '293', '133', '353', '306', '320', '301', '135', '305', '196', '296', '42', '480', '299', '307', '343', '277', '300', '178']
['184', '497', '153', '193', '57', '336', '183', '222', '189', '97', '182', '126', '185', '463', '257', '492', '180', '26', '487', '175', '181', '466', '177', '176', '313', '36', '359', '44', '355', '187']
['340', '30', '32', '137', '152', '485', '276', '332', '281', '28', '268', '330', '338', '341', '35', '61', '339', '292', '270', '331', '37', '333', '345', '77', '15', '162', '344', '347', '342', '476']
['495', '478', '6', '465', '10', '72', '0', '290', '312', '486', '2', '362', '469', '5', '324', '499', '360', '1', '12', '3', '13', '235', '4', '473', '461', '243', '161', '186', '54', '63']
['122', '27', '155', '168', '163', '140', '498', '286', '127', '483', '151', '9', '496', '472', '192', '125', '481', '132', '482', '109', '490', '129', '128', '467', '49', '134', '131', '475', '124', '494']
['317', '311', '361', '308', '265', '323', '484', '470', '326', '322', '316', '314', '327', '319', '318', '328', '471', '325']
['144', '85', '237', '227', '226', '158', '464', '310', '232', '156', '238', '223', '236']
['266', '269', '264', '273', '351', '200', '267', '262', '274', '191', '261', '263']
['17', '39', '23', '53', '19', '21', '143', '24', '25', '462', '20']
['160', '204', '202', '198', '468', '201', '199', '89', '321', '190', '157']
['491', '51', '167', '96', '172', '50', '165', '169', '164']
['148', '60', '150', '149', '146', '278', '147']
['43', '48', '282', '335', '40', '474']
['130', '84', '123', '154', '87', '91']
['251', '337', '56', '284', '241', '493']
['288', '289', '291', '170', '117', '460']
['66', '58', '62', '329', '166']
