['329', '135', '268', '390', '138', '187', '105', '266', '0', '320', '67', '383', '2', '26', '201', '420', '19', '47', '264', '292', '271', '42', '161', '63', '467', '137', '182', '166', '222', '331', '133', '110', '210', '439', '179', '425', '327', '334', '175', '4', '455', '184', '243', '33', '488', '317', '214', '238', '270', '82', '378', '287', '107', '68', '131', '495', '180', '411', '315', '460', '341', '457', '369', '397', '382', '285', '215', '5', '159', '348', '152']
['43', '309', '78', '77', '148', '81', '183', '274', '260', '1', '253', '92', '118', '462', '232', '155', '302', '281', '407', '358', '361', '406', '337', '413', '224', '316', '126', '130', '97', '482', '427', '83', '344', '225', '414', '228', '106', '477', '308', '417', '484', '95', '91', '463', '162', '449', '259', '435', '230', '134', '433', '154', '112', '428', '448', '127', '204', '454', '267', '330', '393', '476', '176', '452', '357', '141', '466', '116', '419', '365', '113']
['17', '423', '192', '164', '441', '178', '339', '129', '465', '227', '346', '343', '251', '98', '345', '349', '100', '486', '381', '157', '185', '451', '377', '447', '136', '52', '395', '241', '101', '20', '38', '255', '297', '360', '444', '469', '472', '10', '367', '294', '80', '364', '276', '231', '402', '31', '366', '300', '437', '304', '248', '199', '371', '373', '16', '245', '104', '311', '247', '66', '475', '206', '479', '353', '213', '234', '374', '14', '3', '318', '332']
['132', '352', '265', '263', '240', '291', '461', '160', '44', '354', '410', '71', '15', '312', '93', '480', '143', '181', '355', '296', '350', '379', '102', '335', '298', '108', '279', '174', '109', '262', '209', '120', '99', '326', '242', '295', '169', '456', '69', '236', '453', '190', '229', '431', '313', '167', '347', '188', '58', '150', '473', '468', '372', '218', '359', '307', '362', '443', '239', '288', '96', '422', '158', '421', '8', '492', '481', '323', '37', '333', '408']
['415', '380', '474', '145', '163', '388', '471', '111', '12', '45', '65', '117', '258', '375', '171', '290', '87', '212', '90', '409', '496', '59', '94', '156', '430', '24', '293', '458', '368', '314', '491', '404', '211', '442', '165', '494', '244', '250', '363', '50', '424', '356', '18', '445', '220', '103', '64', '75', '418', '235', '351', '412', '125', '29', '283', '490']
['386', '22', '142', '146', '144', '61', '140', '446', '85', '493', '115', '400']
['36', '35', '39', '41']
['124', '119', '121', '123']
['74', '72', '70', '76']
['328', '322', '325', '324']
['11', '9', '13', '7']
['32', '28', '30', '34']
['405', '403', '399', '401']
['198', '200', '202', '196']
['254', '252', '257', '256']
['193', '189', '191', '195']
['60', '56', '62', '57']
['219', '217', '223', '221']
['394', '396', '398', '392']
['51', '53', '55', '49']
['438', '436', '440', '434']
['86', '89', '88', '84']
['153', '151', '149', '147']
['21', '25', '23', '27']
['173', '170', '172', '168']
['340', '342', '338', '336']
['278', '277', '273', '275']
['487', '485', '483', '489']
['306', '301', '305', '303']
['280', '282', '284', '286']
['208', '207', '203', '205']
['389', '385', '391']
['128']
['416']
['470']
['216']
['464']
['46']
['261']
['122']
['321']
['384']
['269']
['73']
['478']
['79']
['177']
['310']
['226']
['376']
['289']
['114']
['139']
['237']
['429']
['6']
['186']
['426']
['450']
['459']
['246']
['272']
['249']
['197']
['48']
['194']
['319']
['233']
['299']
['54']
['40']
['370']
['432']
['387']
