['252', '132', '246', '280', '25', '245', '372', '317', '339', '224']
['43', '343', '259', '109', '328', '361', '367', '154', '87', '340']
['356', '353', '205', '300', '273', '178', '173', '157', '272', '358']
['184', '135', '190', '253', '214', '20', '75', '1', '384', '395']
['381', '247', '347', '195', '254', '338', '226', '335', '344', '158']
['171', '329', '5', '208', '29', '160', '115', '142', '265', '179']
['47', '177', '378', '170', '56', '298', '274', '149', '250', '231']
['275', '83', '331', '143', '90', '131', '249', '100', '107', '357']
['3', '376', '306', '232', '355', '236', '228', '33', '120', '21']
['269', '385', '46', '282', '79', '180', '366', '64', '116', '159']
['230', '78', '398', '6', '341', '27', '73', '326', '62', '49']
['354', '362', '130', '169', '24', '270', '302', '225', '312', '251']
['291', '94', '296', '128', '200', '377', '332', '281', '113', '123']
['48', '234', '11', '260', '63', '210', '222', '161', '242']
['394', '292', '10', '304', '26', '136', '277', '286', '204']
['17', '39', '175', '278', '92', '287', '348', '65', '276']
['258', '345', '313', '80', '126', '359', '243', '334', '324']
['337', '185', '191', '382', '152', '301', '69', '237', '168']
['121', '145', '290', '303', '380', '110', '70', '93', '165']
['390', '256', '216', '279', '57', '72', '8', '19']
['74', '42', '370', '310', '308', '218', '188', '134']
['330', '238', '271', '202', '289', '215', '183', '342']
['148', '125', '209', '221', '360', '99', '166', '217']
['264', '311', '53', '37', '172', '336', '368', '96']
['153', '203', '373', '146', '111', '266', '9', '114']
['71', '68', '112', '163', '52', '119', '182']
['257', '387', '213', '319', '318', '89', '262']
['106', '193', '207', '133', '369', '30', '167']
['51', '371', '351', '346', '211', '85']
['104', '349', '35', '16', '77', '38']
['268', '316', '36', '101', '220', '320']
['61', '31', '233', '129', '365', '293']
['194', '197', '229', '91', '199', '350']
['4', '7', '140', '44', '32', '12']
['14', '176', '307', '375', '181', '15']
['201', '284', '297', '397', '60', '223']
['144', '393', '294', '162', '399', '174']
['295', '396', '374', '127', '82', '244']
['66', '45', '105', '309', '315']
['41', '151', '285', '198', '137']
['81', '364', '58', '150', '299']
['22', '206', '192', '2', '196']
['0', '241', '227', '54', '97']
['102', '13', '363', '34', '117']
['67', '388']
['323']
['261']
['124']
['255']
['138']
['103']
['98']
['288']
['392']
['164']
['305']
['40']
['383']
['141']
['186']
['155']
['122']
['239']
['333']
['219']
['235']
['321']
['325']
['156']
['389']
['108']
['322']
['379']
['263']
['187']
['139']
['283']
['248']
['50']
['18']
['189']
['86']
['23']
['147']
['212']
['352']
['327']
['84']
['76']
['28']
['240']
['386']
['59']
['95']
['88']
['391']
['314']
['118']
['267']
['55']
