['247', '191', '440', '25', '39', '414', '294', '278', '319', '157', '239', '336', '183', '100', '332', '406', '242', '188', '49', '418']
['337', '207', '146', '257', '356', '186', '292', '121', '27', '206', '13', '18', '211', '344', '59', '487', '287', '228', '222', '108']
['390', '148', '210', '78', '330', '416', '125', '420', '302', '363', '427', '328', '359', '198', '63', '447', '96', '161', '12', '134']
['235', '201', '353', '128', '441', '229', '313', '241', '160', '10', '341', '382', '109', '221', '44', '34', '147', '255', '54', '137']
['203', '474', '133', '258', '5', '388', '0', '289', '325', '260', '368', '321', '11', '281', '69', '89', '476', '62', '276', '217']
['450', '347', '219', '371', '305', '369', '37', '329', '488', '195', '345', '126', '129', '493', '480', '105', '166', '88', '237', '338']
['333', '444', '291', '417', '438', '172', '303', '135', '136', '26', '456', '152', '75', '293', '150', '473', '366', '484', '8', '223']
['462', '407', '94', '431', '495', '209', '410', '31', '142', '117', '30', '35', '155', '244', '451', '118', '482', '340', '379', '97']
['478', '230', '144', '426', '395', '2', '168', '498', '308', '232', '202', '87', '93', '475', '66', '477', '322', '400', '67', '231']
['38', '269', '216', '452', '463', '208', '234', '115', '127', '349', '101', '367', '57', '77', '52', '187', '119', '421', '215', '95']
['103', '184', '453', '387', '378', '61', '71', '489', '86', '84', '116', '458', '165', '199', '307', '326', '348', '411', '220', '158']
['47', '331', '296', '91', '467', '104', '226', '80', '469', '297', '439', '140', '200', '430', '428', '324', '312', '267', '227', '15']
['22', '122', '275', '445', '256', '396', '143', '300', '179', '399', '298', '114', '167', '361', '318', '389', '248', '60', '317', '123']
['83', '471', '290', '42', '170', '53', '197', '402', '429', '494', '92', '176', '243', '192', '141', '236', '40', '82', '299', '45']
['246', '36', '73', '79', '131', '301', '375', '492', '490', '435']
['41', '46', '253', '286', '486', '19', '130']
['364', '6', '310', '392', '408', '350', '466']
['153', '373', '48', '315', '459', '270', '162']
['43', '327', '56', '151', '355', '180', '442']
['29', '320', '70', '124', '65', '120', '204']
['169', '139', '391', '288', '85', '156', '250']
['454', '233', '20', '177', '404', '262', '434']
['311', '483', '110', '112', '479', '138', '403']
['238', '472', '81', '357', '23', '465']
['106', '283', '499', '154', '99', '107']
['178', '358', '181', '1', '64', '457']
['354', '443', '401', '468', '422', '455']
['264', '171', '212', '111', '377', '72']
['381', '74', '448', '464', '24', '496']
['398', '316', '196', '163', '225', '342']
['470', '261', '372', '218', '159', '33']
['132', '145', '374', '251', '263', '182']
['194', '437', '266', '279', '365', '314']
['385', '284', '254', '334', '425', '285']
['252', '193', '205', '271', '68', '164']
['17', '380', '370', '277', '432', '384']
['362', '4', '175', '245', '16', '189']
['405', '185', '190', '259', '360', '249']
['14', '273', '351', '304', '481', '214']
['460', '306', '352', '323', '485', '309']
['409', '461', '173', '335', '397', '274']
['295', '55', '102', '9', '28', '413']
['386', '343', '268', '113', '224']
['58', '423', '280', '339', '436']
['265', '7', '446', '32', '433']
['51', '394', '393', '90', '98']
['412', '491', '383', '3', '449']
['174', '497', '376', '213', '21']
['346', '424', '415', '50', '282']
['272', '419', '76', '240', '149']
