['132', '192', '260', '1', '86', '263', '237', '187', '26', '196', '110', '21', '219', '238', '290', '230', '272', '140', '204', '180', '211', '239', '244', '103', '75']
['13', '183', '67', '275', '100', '201', '185', '271', '182', '40', '297', '255', '41', '294', '171', '80', '202', '270', '90', '288', '286', '50', '151', '5', '113']
['17', '77', '135', '23', '274', '92', '138', '121', '144', '56', '291', '281', '172', '72', '216', '161', '63', '126', '241', '91', '208', '165', '76', '278', '37']
['43', '265', '123', '118', '105', '70', '160', '157', '194', '101', '166', '143', '261', '223', '189', '33', '169', '276', '229', '127', '207', '27', '220', '14', '159']
['153', '148', '186', '268', '266', '155', '292', '88', '20', '42', '130', '48', '222', '7', '83', '210', '117', '258', '115', '289', '242', '212', '150', '29', '57']
['154', '253', '98', '249', '224', '108', '30', '298', '225', '28', '174', '259', '4', '147', '295', '87', '217', '167', '61', '173', '252', '293', '51', '235', '60']
['164', '81', '178', '168', '2', '137', '299', '296', '170', '279', '256', '209', '69', '112', '190', '34', '188', '287', '68', '62', '124', '213', '46', '3', '44']
['221', '78', '134', '231', '227', '251', '11', '24', '89', '128', '267', '16', '125', '245', '176', '250', '280', '133', '179', '234', '111', '45', '246', '283', '184']
['214', '6', '236', '254', '129', '35', '94', '232', '31', '282', '199', '79', '36', '264', '52', '158', '247', '203', '195', '177', '269', '12', '73', '120', '139']
['243', '200', '59', '240', '277', '58', '19', '71', '15', '175', '136', '93', '149', '96', '97', '142', '32', '206', '84', '163', '95', '162', '65', '114', '99']
['22', '25', '53', '131', '300', '197', '205', '284', '145', '104', '9', '18', '228', '122', '64', '49', '116', '109', '262', '191', '273', '152']
['10', '39', '233', '226']
['74', '55', '38', '156']
['193', '54', '257', '181']
['285', '198', '119', '102']
['248', '215', '85']
['141', '47', '66']
['218', '106', '107']
['146', '82']
['8']
