['107', '85', '188', '111', '149']
['153', '69', '132', '4', '235']
['208', '242', '94', '78', '108']
['82', '150', '205', '70']
['64', '74', '121', '130']
['181', '189', '192', '2']
['106', '27', '173']
['230', '218', '37']
['146', '42', '128']
['133', '206', '50']
['135', '168', '98']
['125', '216', '247']
['41', '55', '14']
['0', '48', '92']
['129', '221', '243']
['233', '58', '158']
['183', '15', '97']
['204', '171', '182']
['144', '115', '73']
['139', '53', '163']
['23', '195']
['19']
['225']
['104']
['117']
['147']
['228']
['32']
['198']
['33']
['62']
['201']
['100']
['236']
['196']
['162']
['67']
['138']
['239']
['143']
['17']
['217']
['68']
['223']
['179']
['210']
['21']
['234']
['180']
['44']
['184']
['244']
['141']
['249']
['226']
['71']
['164']
['20']
['186']
['75']
['49']
['170']
['152']
['6']
['96']
['134']
['142']
['190']
['77']
['101']
['54']
['193']
['241']
['112']
['28']
['38']
['177']
['214']
['72']
['165']
['172']
['36']
['81']
['91']
['26']
['209']
['199']
['7']
['29']
['167']
['13']
['227']
['3']
['148']
['30']
['34']
['202']
['246']
['61']
['169']
['56']
['59']
['79']
['156']
['118']
['63']
['237']
['65']
['103']
['222']
['194']
['207']
['219']
['229']
['136']
['18']
['212']
['35']
['25']
['80']
['160']
['213']
['175']
['110']
['157']
['232']
['140']
['86']
['131']
['1']
['43']
['145']
['93']
['191']
['102']
['24']
['39']
['231']
['46']
['123']
['126']
['245']
['127']
['45']
['40']
['66']
['119']
['159']
['224']
['161']
['99']
['60']
['151']
['5']
['166']
['155']
['9']
['22']
['51']
['122']
['109']
['52']
['238']
['95']
['174']
['47']
['220']
['8']
['248']
['187']
['16']
['176']
['90']
['116']
['137']
['87']
['215']
['105']
['114']
['154']
['31']
['178']
['197']
['203']
['84']
['83']
['11']
['89']
['120']
['211']
['240']
['200']
['124']
['10']
['113']
['76']
['88']
['12']
['57']
['185']
