['154', '165', '242', '169', '243', '113', '236', '6', '260', '290', '187', '144', '108', '45', '37', '264', '15', '48']
['306', '184', '87', '134', '208', '142', '261', '262', '83', '34', '232', '103', '36', '205', '125', '161', '194', '60']
['135', '299', '286', '246', '292', '227', '233', '40', '82', '234', '5', '308', '14', '304', '117', '42', '99', '57']
['132', '268', '19', '297', '1', '263', '190', '283', '11', '46', '91', '159', '136', '150', '196', '185', '152', '147']
['153', '186', '183', '253', '47', '94', '56', '305', '107', '302', '100', '41', '44', '211', '197', '115', '116', '224']
['17', '77', '74', '238', '200', '129', '133', '20', '84', '0', '300', '73', '218', '162', '88', '171']
['309', '310', '265', '270', '275', '179', '228', '215', '235', '267', '259', '258', '52']
['123', '166', '193', '229', '203', '195', '210', '281', '2', '119', '127', '180', '256']
['219', '7', '311', '146', '105', '98', '21', '64', '111', '201', '62', '282', '79']
['78', '81', '182', '66', '251', '287', '199', '160', '106', '204', '207', '248', '39']
['63', '164', '202', '274', '209', '266', '173', '279', '122', '31', '269', '128', '216']
['33', '295', '148', '288', '255', '231', '8', '303', '226', '163', '61', '172', '26']
['192', '96', '217', '27', '92', '250', '237', '121', '225', '24', '177', '249', '22']
['130', '149', '97', '222', '158', '280', '112', '155', '291', '58', '49', '65', '271']
['245', '76', '239', '212', '178', '16', '59', '110', '30', '188', '3', '189', '175']
['80', '137', '124', '35', '32', '213', '141', '273', '12', '72', '157', '294', '4']
['241', '284', '23', '244', '86', '29', '71', '51', '85', '191', '307', '257', '93']
['101', '230', '54', '176', '118', '170', '55', '28', '131', '10', '89', '301', '312']
['43', '221', '254', '272', '138', '240', '167', '18', '278', '285', '220', '168', '139']
['214', '13', '143', '276', '247', '50', '206', '70', '68', '252', '140', '114', '289']
['69', '104', '145', '181', '90', '102', '313', '67', '156', '223', '293', '174', '120']
['38', '296', '9', '298', '198', '151', '95', '25', '53', '75', '109', '277']
['126']
