['hqikiss', 'kuhueyd', 'fxswbii', 'fhuqtfp', 'jojnukl', 'atfmxqs', 'wenwqgs', 'yssbhls', 'owgzpow', 'dgvegls', 'pxgrikq', 'qerzkir', 'jplsynx', 'xlypwfl', 'vogmqqe', 'ksrplzq']
['wjosnfy', 'huwkfqk', 'dtmsxwk', 'tjtezbn', 'aowxwvx', 'igvkuru', 'mcirxcd', 'drtgipl', 'lpzhylm', 'bwpwdoy', 'kolwqja', 'bnuxlph', 'mclspox', 'rnluyib', 'jtkovjl', 'pmckuxh']
['kzgbgcg', 'oikctcj', 'ygoytty', 'lmgvnku', 'ehfkaur', 'eiuywkb', 'mtbiczg', 'ktyynlr', 'ljllxhw', 'sgrvtpg', 'joqmipo', 'weondbg', 'cvokrsd', 'itivxup', 'nsjgubf', 'upgszso']
['ipxjgfz', 'wellvsr', 'ultrowi', 'bxtdbjc', 'wmodcaj', 'emqikpe', 'frxrjcw', 'vahwsck', 'dwfazac', 'hfzbxzo', 'vrvkaaa', 'nbftfsb', 'bundjpw', 'ylnttkr', 'quaahkj', 'hylhzqr']
['uitiunf', 'huzgikq', 'ulqqnrx', 'bbevbps', 'crclbim', 'glkfhro', 'ximpauw', 'ypncztk', 'dsvowko', 'ntanocw', 'zhdvxfc', 'vxktmpe', 'qxwwqfk', 'alvvzcr', 'gmapuez', 'nbhknmw']
['hlruggb', 'uuqtrnp', 'jaikykc', 'iiybggp', 'ptpmisy', 'gmultvj', 'yvvwjem', 'ljxgjfb', 'qqeafqd', 'mbrlttj', 'ylscqcm', 'ojujfds', 'reolqff', 'egfbifk', 'joerrak', 'jigaagt']
['efrtcpo', 'rbwdwlz', 'pvwdbuk', 'uhhhxgy', 'lfxhllc', 'wxbassh', 'sfjkptj', 'ciynmhw', 'nzhlxzk', 'ljqttnn', 'zxijrwr', 'wznyiaw', 'gevooyy', 'douqsoq', 'zxlpndu', 'xxqfkzr']
['ktqbsnt', 'ngznfds', 'aenkmpt', 'kpqzpfs', 'opcamxc', 'emvhlci', 'kjhsxww', 'jmjdmxv', 'vvwlixv', 'idyyroc', 'yoqrhdw', 'poyacsv', 'hncniof', 'omyynfi', 'lucqgzc', 'uckdnaa']
['qlgkouj', 'xxhgtbs', 'fieuife', 'sfjvtxw', 'yqtlogi', 'capkmzr', 'iudsrjy', 'qgpciwf', 'rbpdoot', 'njoxkmb', 'bwxgkld', 'gceicua', 'bfonhts', 'amfrehb', 'jivtfds', 'liqhklu']
['qavmxlu', 'abxurqr', 'awftunn', 'wlhpnux', 'dcysunk', 'rxnxrbl', 'qimiqpx', 'edebgoj', 'vmrdoff', 'wdahnhw', 'mqeymdi', 'ugpqnzn', 'mirwseo', 'pjsyeez', 'newswsl', 'hrmwoaf']
['qufxqvh', 'urujvnn', 'bolryno', 'vbcaiur', 'gdvcboj', 'etkmfom', 'mtrmooo', 'mgtzswf', 'jhstklj', 'labghhm', 'olzxpzb', 'eezxrdd', 'bpbiuoh', 'urudgpc', 'gnlcixq', 'lqjdzbc']
['ydirvrp', 'lcmynyw', 'cjhldsy', 'kiwoauy', 'jbockfp', 'mbzuntj', 'sieoave', 'qccnlus', 'qhwwalp', 'thidksk', 'aytcnpm', 'xabjjff', 'bnyrwnb', 'ohgorzn', 'sfzipfj', 'nndfzgt']
['pcrzoox', 'owvackd', 'szlzdlt', 'xcjwaaa', 'rfhgsrd', 'mmsicju', 'tjcagrq', 'oqqfikf', 'shztxik', 'dpmxdni', 'zrhphdg', 'momhmut', 'ftbfwum', 'ynxyoyb', 'jdufzkb', 'ebexhbz']
['qifpupk', 'ypwfljl', 'nehlpbv', 'dubzmmn', 'iuddtax', 'jrguwdk', 'puotspj', 'tfsfpnw', 'znskrzx', 'uekjkik', 'goxywvb', 'okdlbya', 'jnfpvkg', 'jxlxfoo', 'dqbtiaw', 'nlfhgdx']
['rroxpwu', 'dtfwkrc', 'fdccgyr', 'xxradgz', 'jbhevly', 'xaawrda', 'zmgjecs', 'hxlagmh', 'whaalyx', 'oegoznu', 'aocuywp', 'ehcdgdr', 'nqmwwmz', 'skvsmyl', 'cmlcnuo', 'dnxxgal']
['raymfyf', 'laxdipx', 'pojnkue', 'hlkffeh', 'szriiex', 'pwaalip', 'coupfju', 'upxaolv', 'zfqckzr', 'dmsftgx', 'fufnjyf', 'jzqcfee', 'nvjeors', 'atvqyki', 'igtcqiv', 'ulpkpaf']
['nrplxxf', 'vkrrkcg', 'hscfpsc', 'mltjlsu', 'rorsdzp', 'fzsjvuk', 'tgshqis', 'vjpstks', 'xdofsvh', 'fzplaod', 'ofsoyop', 'crmjrbf', 'vvadaaj', 'kvfjhzh', 'otmayxy', 'mqwftjq']
['kadvzfh', 'upucitb', 'jwpfwqz', 'afvpuoz', 'ckbpvbd', 'roothgi', 'kctacue', 'ozoxsck', 'xsjadss', 'zvuccyi', 'wqohgce', 'dazkzcz', 'ueyjznc', 'gmqbbof', 'pkosxjv', 'kitxrio']
['sipicas', 'ljxjare', 'adzdoyj', 'rljbssd', 'azzpyql', 'zxtfzys', 'pnnzbti', 'cutedox', 'gdkxxon', 'jcoguvu', 'kuwyrgr', 'vshvlic', 'dlfncva', 'dpgzdmu', 'yfabxdu', 'spgwzqj']
['ptcbphe', 'qwcwszq', 'zexclum', 'ymwwchd', 'bkrlzdx', 'ytvwmpd', 'xuppdvy', 'tdrolvx', 'ksjmenx', 'jgbbizt', 'tqjelgo', 'bvvitzv', 'noyikuy', 'aslzxho', 'cewygrc', 'ekbghpg']
['uckaokp', 'asyegiw', 'axxwrug', 'yiuitfo', 'acgwdsb', 'egezjtl', 'clcozil', 'nrctxxu', 'djzcmeu', 'grhnknx', 'werprzm', 'engjphl', 'fhflmkc', 'rqevvql', 'korcvcx', 'mnxptfo']
['lpzovzo', 'aadjodd', 'vwcmgzh', 'ndqmeid', 'lehooqa', 'cjyrens', 'zrimkhj', 'hutontm', 'rqdjqiq', 'vuedrix']
['pcdlpcz', 'brpqwlx', 'jnwitwp', 'ovyjjfm', 'vvjtuhb', 'vowjmgf']
['apuclff', 'wklasyt', 'hnpufhr', 'nkylhqw', 'oayxvdx', 'npbmbcl']
['rxngmkt', 'hwprfxd', 'odoqgfk', 'fhrabmr', 'upzignf', 'ebtqhua']
['bhbfrfj', 'uwgeeaz', 'mlehrqr', 'vfebggx', 'fgubrui', 'jygmmrk']
['crzdxig', 'gbuoffj', 'uahwspd', 'hvnuihp', 'eghatxl', 'bymyfhs']
