['497', '74', '265', '415', '121', '174', '171', '105', '385', '188', '29', '119', '268', '88', '433', '427', '493', '231', '191', '225', '106', '341', '224', '23', '22', '423', '214', '425', '487', '413', '83', '247', '77', '56', '98', '473', '244', '238', '386', '342', '78', '164', '348', '320', '53', '269', '135', '19', '371', '484', '434', '18', '199', '375', '262', '156', '309', '41', '111', '97', '42', '169', '215', '213', '419', '299', '218', '393', '125', '432', '109', '443', '37', '181', '474', '355', '261', '287', '16', '495', '48', '32', '424', '184', '33', '116', '290', '334', '38', '428', '394', '51', '397', '79', '281', '412', '314', '352', '360', '324', '338', '147', '303', '339', '229', '4', '175', '297', '243', '117', '55', '93', '358', '190', '252', '418', '58', '392', '456', '353', '266', '465', '308', '102', '401', '0', '207', '451', '305', '260', '183', '310', '406', '319', '196', '291', '489', '376', '459', '14', '217', '492', '422', '307', '233', '211', '436', '277', '344', '479', '25', '91']
['17', '452', '400', '289', '112', '201', '414', '34', '90', '170', '127', '396', '115', '370', '206', '9', '298', '391', '118', '463', '61', '417', '251', '389', '435', '85', '409', '270', '279', '162', '333', '52', '92', '467', '81', '128', '46', '62', '368', '340', '429', '75', '226', '193', '464', '168', '166', '248', '458', '431', '356', '294', '141', '1', '253', '462', '328', '239', '138', '68', '7', '192', '114', '461', '241', '347', '146', '256', '300', '30', '364', '76', '144', '122', '216', '80', '468', '390', '437', '276', '457', '439', '110', '28', '318', '285', '220', '411', '284', '496', '403', '221', '12', '460', '148', '325', '416', '35', '43', '278', '47', '404', '337', '132', '369', '402', '139', '96', '45', '316', '209', '15', '267', '405', '329', '345', '150', '380', '133', '286', '236', '367', '426', '130', '20', '202', '430', '2', '250', '87', '327', '82', '351', '108', '39', '257', '86', '180', '13', '11', '3', '245', '466', '177', '230', '59', '8', '343', '272', '295', '24', '63']
['446', '137', '10', '153', '486', '163', '326', '136', '89', '274', '194', '157', '304', '288', '315', '317', '377', '26', '442', '280', '482', '350', '142', '331', '470', '322', '129', '275', '258', '36', '186', '54', '359', '420', '167', '187', '306', '94', '152', '204', '361', '100', '485', '158', '237', '155', '57', '410', '101', '336', '399', '60', '140', '332', '189', '365', '296', '50', '223', '107', '378', '182', '104', '263', '373', '84', '282', '335', '292', '395', '349', '95', '161', '172', '212', '178']
['160', '179', '70', '145', '302', '273', '362', '154', '31', '330', '151', '441', '113', '185', '99', '407', '264', '21', '69', '323', '438', '246', '440', '73', '103', '64', '44', '173', '124']
['123', '71', '5', '134', '379', '65']
['449', '445', '255', '176', '447']
['120', '471', '366', '472', '469']
['477', '478', '67', '475', '476']
['491', '488', '490', '131', '498']
['354', '374', '6', '448', '444']
['313', '143', '311', '72', '321']
['455', '453', '450', '454', '165']
['301', '499', '421', '293', '494']
['234', '240', '235', '242', '149']
['232', '219', '227', '222', '228']
['383', '388', '384', '27', '387']
['483', '481', '363', '480', '126']
['208', '312', '49', '210', '398']
['198', '195', '205', '159', '197']
['381', '259', '203', '372', '357']
['254', '249', '40', '271', '283']
['66', '382', '200', '408', '346']
