['Leah', 'Claire', 'Jade', 'Amber', 'Sasha', 'Daniela', 'Gina', 'Madelyn', 'Lisa', 'Jazmin']
['Nadia', 'Litzy', 'Clare', 'Mariah', 'Joy', 'Virginia', 'Kiana', 'Reagan', 'Julianne', 'Raven']
['Alayna', 'Amaya', 'Kamryn', 'Ana', 'Rosa', 'Jayden', 'Annie', 'Katrina', 'Helen', 'Faith']
['Aileen', 'Tessa', 'Theresa', 'Angelique', 'Guadalupe', 'Jordyn', 'Sonia', 'Valerie', 'Tianna', 'Felicity']
['Destinee', 'Kierra', 'Madeline', 'Hope', 'Avery', 'Delaney', 'Maddison', 'Amy', 'Tia', 'Kasey']
['Courtney', 'Wendy', 'Lesley', 'Adriana', 'Danielle', 'Patricia', 'Sandra', 'Layla', 'Maggie', 'Julissa']
['Eliana', 'Kelsey', 'Brittney', 'Lillian', 'Tatum', 'Anastasia', 'Kayleigh', 'Marissa', 'Rose', 'Carolina']
['Baylee', 'Aurora', 'Makenzie', 'Kylee', 'Kaylie', 'Perla', 'Johanna', 'Ashlynn', 'Camille', 'Hayley']
['Alanna', 'Britney', 'Peyton', 'Nia', 'Malia', 'Brooklyn', 'Arianna', 'Kaitlynn', 'Pamela', 'Angelica']
['Kendra', 'Kenya', 'Regan', 'Brooklynn', 'Genevieve', 'Cheyenne', 'Kaitlin', 'Logan', 'Paige', 'Jazmine']
['Josephine', 'Amelia', 'Piper', 'Zaria', 'Kimberly', 'Chyna', 'Yasmine', 'Josie', 'Katelynn', 'Krista']
['Angie', 'Julianna', 'Precious', 'Angelina', 'Asia', 'Lydia', 'Eve', 'Tiara', 'Tabitha', 'Zoey']
['Yesenia', 'Gabriela', 'Hallie', 'Makenna', 'Serena', 'Gisselle', 'Linda', 'Cassie', 'Alissa', 'Aliyah']
['Jacquelyn', 'Macie', 'Taryn', 'Alexa', 'Tatyana', 'Ashlyn', 'Karina', 'Sage', 'Mckenna', 'Casey']
['Lesly', 'Tara', 'Jaqueline', 'Genesis', 'Christine', 'Esperanza', 'Madeleine', 'Jayda', 'Carolyn', 'Katlyn']
['Lorena', 'Carly', 'Gabrielle', 'Makayla', 'Joanna', 'Caitlyn', 'Mikayla', 'Lindsay', 'Ashleigh', 'Anne']
['Gloria', 'Athena', 'Charlotte', 'Mayra', 'Tyra', 'Tiana', 'Gabriella', 'Sara', 'Charity', 'Angela']
['Kaylin', 'Melody', 'Kristina', 'Bailee', 'Bailey', 'Cassidy', 'Mary', 'Ariana', 'Jessie', 'Dominique']
['Rachael', 'Angel', 'Tamara', 'Autumn', 'Brandi', 'Tania', 'Monica', 'Kelsie', 'Talia', 'Paulina']
['Holly', 'Haylee', 'Kelli', 'Katie', 'Kali', 'Irene', 'Kathryn', 'Denise', 'Cristina', 'Kennedy']
['Bianca', 'Regina', 'Whitney', 'Ellen', 'Skyler', 'Liliana', 'Skye', 'Lilly', 'Janae', 'Nina']
['Ellie', 'Cassandra', 'Breanna', 'Sophie', 'Heaven', 'Ava', 'Ruby', 'Elisa', 'Cheyanne', 'Claudia']
['Mikaela', 'Sydnee', 'Leslie', 'Evelyn', 'Carley', 'Lexi', 'Brenna', 'Brandy', 'Marilyn', 'Susan']
['Carlie', 'Chelsea', 'Jordan', 'Lucia', 'Kiara', 'Margaret', 'Savanna', 'Natasha', 'Rylee', 'Fiona']
['Julie', 'Elisabeth', 'Jillian', 'Paola', 'Shelby', 'Esther', 'Erin', 'Gianna', 'Marina', 'Cierra']
['Justine', 'Alejandra', 'Melina', 'Meghan', 'Eden', 'Mercedes', 'Ivy', 'Abby', 'Aaliyah', 'Ann']
['Summer', 'Marlene', 'Krystal', 'Kyra', 'Tierra', 'Carmen', 'Sylvia', 'Isabel', 'Amari', 'Marisol']
['Kyla', 'Kaleigh', 'Andrea', 'Dakota', 'Kassidy', 'Annabelle', 'Brooke', 'Miranda', 'Alondra', 'Viviana']
['Jacqueline', 'Lacey', 'Audrey', 'Marisa', 'Laura', 'Daisy', 'Molly', 'Melanie', 'Sabrina', 'Cara']
['Sharon', 'Kiera', 'Cameron', 'Ashlee', 'Fatima', 'Payton', 'Eleanor', 'Kiersten', 'Bridget', 'Sadie']
['Adrienne', 'Haleigh', 'Lily', 'Yasmin', 'Caitlin', 'Veronica', 'Celeste', 'Diamond', 'Sidney', 'Ariel']
['Shyanne', 'Arielle', 'Hanna', 'Macey', 'Tayler', 'Jane', 'Kirsten', 'Felicia', 'Harley', 'Jenny']
['Macy', 'Clara', 'Tiffany', 'Deanna', 'Madalyn', 'Brenda', 'Clarissa', 'Georgia', 'Madyson', 'Naomi']
['Tyler', 'Ruth', 'Trinity', 'Elaina', 'Lucy', 'Sofia', 'Diana', 'Kailee', 'Katelyn', 'Vivian']
['Cristal', 'Devin', 'Leilani', 'Catherine', 'Allyson', 'Chasity', 'Alyson', 'Kelly', 'Kira', 'Alma']
['Michelle', 'Eva', 'Kristin', 'Halle', 'Skylar', 'Noelle', 'Cora', 'Tori', 'Phoebe', 'Ciara']
['Brisa', 'Miriam', 'Vanessa', 'Camryn', 'Addison', 'Emilee', 'Esmeralda', 'Jaden', 'Kiley', 'Jaclyn']
['Aubrey', 'Priscilla', 'Rebekah', 'Anahi', 'Crystal', 'Riley', 'Ayanna', 'Madisyn', 'Heidi', 'Alisha']
['Jenna', 'Mariana', 'Alice', 'Kate', 'Deja', 'Colleen', 'Desiree', 'Raquel', 'Paris', 'Toni']
['Melissa', 'Larissa', 'Meredith', 'Maya', 'Serenity', 'Isabelle', 'Shannon', 'Kaley', 'Alison', 'Juliana']
['Jayla', 'Carissa', 'Zoe', 'Mckenzie', 'Michaela', 'Marie', 'Cynthia', 'Cecilia', 'Kaila', 'Alexia']
['Kailey', 'Karla', 'Sierra', 'Jocelyn', 'Annika', 'Dana', 'Hunter', 'Callie', 'Hailee', 'Caroline']
['Martha', 'Kendall', 'Mallory', 'Karen', 'Elena', 'Shayla', 'Heather', 'Emely', 'Jamie', 'Carrie']
['Miracle', 'Lizbeth', 'Shania', 'Mya', 'Francesca', 'Ella', 'Selena', 'Emilie', 'Iris', 'Rhiannon']
['Luz', 'Alicia', 'Adrianna', 'Breana', 'Alexandria', 'Alina', 'Christina', 'Allie', 'Kaylee', 'Barbara']
['Renee', 'Ashton', 'Briana', 'Meagan', 'Teresa', 'Eliza', 'Monique', 'Alana', 'Gillian', 'Imani']
['Elise', 'Madelynn', 'Nichole', 'Lindsey', 'Erica', 'Bethany', 'Valeria', 'Janet', 'Janelle', 'Deborah']
['Alaina', 'Jasmin', 'Kara', 'Kristen', 'Tamia', 'Abbey', 'Daniella', 'Giselle', 'Jada', 'Mia']
['April', 'Brittany', 'Kathleen', 'Karissa', 'Alexus', 'Nora', 'Chelsey', 'Cindy', 'Erika', 'Mckayla']
['Gracie', 'Tatiana', 'Kylie', 'Nancy', 'Lauryn', 'Natalia', 'India', 'Kassandra', 'Bryanna', 'Carla']
