['13', '1', '118', '138', '227', '263', '121', '322', '105', '346', '343', '345', '0', '320', '251', '2', '201', '381', '249', '342', '19', '264', '321', '344', '228', '120', '119', '250', '92', '380']
['154', '153', '352', '86', '56', '232', '155', '302', '383', '52', '306', '97', '54', '55', '305', '230', '87', '231', '59', '229', '303', '107', '53', '58', '51', '304', '307', '96', '382', '57']
['329', '43', '23', '123', '274', '186', '237', '240', '275', '354', '157', '185', '312', '316', '42', '20', '63', '241', '126', '324', '355', '328', '238', '208', '62', '315', '239', '104', '332', '273']
['77', '164', '78', '135', '253', '178', '390', '100', '337', '224', '88', '136', '101', '137', '299', '166', '297', '296', '102', '210', '298', '179', '219', '212', '336', '300', '211', '301', '165', '389']
['81', '265', '339', '144', '67', '266', '160', '349', '168', '47', '216', '48', '161', '284', '143', '40', '145', '142', '379', '350', '30', '198', '338', '41', '80', '200', '199', '79', '66', '65']
['192', '268', '260', '187', '281', '282', '194', '93', '196', '9', '32', '280', '261', '195', '279', '106', '269', '10', '367', '189', '262', '33', '193', '35', '34', '188', '267', '124', '247', '246']
['132', '148', '183', '129', '291', '292', '15', '130', '182', '222', '181', '133', '83', '84', '223', '95', '289', '147', '221', '243', '242', '326', '290', '131', '245', '149', '325', '288', '244', '146']
['387', '70', '71', '111', '258', '115', '375', '364', '295', '365', '69', '113', '386', '272', '202', '112', '156', '287', '376', '68', '366', '372', '373', '371', '286', '374', '285', '29', '114', '283']
['309', '17', '6', '25', '26', '72', '395', '394', '28', '175', '236', '276', '254', '396', '94', '24', '31', '127', '128', '39', '16', '398', '393', '310', '397', '311', '27', '18', '235', '73']
['361', '172', '358', '377', '331', '360', '110', '399', '108', '225', '21', '122', '12', '109', '317', '214', '378', '11', '173', '330', '362', '76', '176', '363', '226', '213', '215', '177', '14', '318']
['270', '313', '347', '391', '252', '204', '314', '368', '207', '197', '271', '205', '385', '369', '158', '392', '203', '206', '335', '384', '357', '356', '103', '308', '348', '159', '333', '334', '259', '370']
['134', '190', '167', '319', '140', '180', '36', '359', '125', '38', '7', '209', '8', '353', '141', '278', '388', '5', '64', '174', '3', '327', '37', '191', '4', '277', '139']
['74', '256', '255', '82', '257', '323', '234', '151', '75', '150', '248', '233', '152']
['341', '50', '46', '44', '49', '45', '340', '22']
['169', '170', '98', '293', '294', '99', '171']
['90', '91', '89', '220', '184']
['218', '163', '217', '162']
['85', '117', '116']
['61', '60']
['351']
