['117', '162', '260', '210', '239', '73', '9', '138', '393', '213', '381', '59', '383', '444', '254', '282', '459', '275', '384', '119']
['316', '425', '141', '250', '366', '145', '495', '140', '491', '36', '56', '432', '493', '134', '226', '380', '460', '437', '139', '301']
['15', '1', '390', '211', '65', '87', '327', '143', '109', '353', '265', '486', '345', '223', '329', '69', '53', '293', '19', '163']
['108', '208', '453', '347', '321', '13', '463', '259', '451', '408', '31', '424', '310', '375', '93', '462', '498', '364', '54', '178']
['90', '116', '292', '257', '170', '337', '417', '33', '221', '443', '376', '204', '255', '339', '63', '46', '127', '231', '168', '362']
['450', '91', '236', '490', '220', '386', '18', '219', '153', '144', '322', '439', '407', '82', '472', '269', '180', '402', '374', '16']
['313', '121', '478', '242', '81', '130', '474', '188', '487', '361', '488', '409', '438', '8', '183', '103', '149', '41', '396', '7']
['39', '291', '227', '360', '222', '449', '34', '214', '148', '349', '191', '152', '271', '57', '185', '430', '482', '212', '137', '338']
['303', '369', '192', '99', '24', '107', '333', '343', '4', '351', '10', '276', '161', '97', '249', '165', '377', '27', '323', '229']
['3', '318', '159', '25', '190', '306', '378', '372', '76', '45', '433', '267', '298', '241', '247', '233', '181', '496', '50', '300']
['240', '62', '66', '28', '483', '164', '198', '354', '346', '473', '232', '111', '173', '23', '216', '64', '184', '296', '224', '248']
['454', '89', '0', '334', '262', '434', '308', '95', '86', '203', '415', '80', '74', '205', '132', '461', '481', '176', '98', '88']
['225', '100', '123', '92', '207', '335', '182', '268', '350', '413', '304', '289', '446', '395', '367', '245', '331', '475', '177', '389']
['400', '325', '26', '391', '237', '47', '61', '157', '404', '32', '358', '48', '270', '368', '150', '230', '167', '197', '201', '264']
['238', '307', '189', '274', '421', '464', '314', '492', '352', '72', '330', '295', '288', '370', '494', '406', '84', '261', '342', '21']
['52', '60', '49', '319', '286', '200', '431', '115', '2', '394', '294', '326', '243', '355', '258', '359', '371', '340', '131', '479']
['363', '485', '30', '457', '166', '448', '85', '6', '410', '401', '77', '440', '428', '341', '158', '194', '328', '67', '175', '388']
['142', '129', '405', '315', '253', '112', '379', '468', '118', '344', '263', '311', '251', '20', '171', '218', '309', '256', '135', '499']
['290', '193', '489', '470', '373', '476', '196', '272', '11', '234', '12', '357', '83', '456', '280', '40', '55', '426', '51', '445']
['312', '441', '273', '427', '217', '128', '94', '102', '5', '252', '133', '429', '58', '436', '156', '285', '105', '215', '110', '37']
['104', '120', '195', '266', '206', '202', '101', '317', '281', '199', '365', '385', '382', '416', '392', '124', '38', '420', '106', '411']
['42', '283', '14', '43', '78', '455', '447', '414', '465', '278', '403', '96', '169', '126', '151', '146', '35', '71', '22', '297']
['399', '44', '174', '466', '154', '387', '336', '186', '277', '418', '412', '17', '497', '348', '467', '442', '435', '147', '484', '179']
['122', '209', '332', '29', '284', '187', '398', '125', '458', '356', '246', '136', '423', '471', '469', '422', '79', '68', '477', '299']
['113', '279', '75', '302', '155', '320', '305', '397']
['452', '235', '114']
['287', '480', '419']
['228', '324', '172']
['160', '70']
['244']
