['394', '238', '359', '156', '51', '371', '201', '292', '229', '18', '19', '264', '329', '5', '80', '323', '225', '96', '326', '1', '385', '286', '372', '40']
['364', '77', '260', '198', '177', '223', '194', '383', '16', '332', '137', '374', '151', '166', '120', '102', '297', '266', '272', '9', '75', '336', '150', '180']
['203', '256', '310', '221', '28', '69', '185', '68', '218', '105', '244', '85', '70', '72', '23', '195', '55', '110', '319', '147', '189', '299', '350', '49']
['13', '306', '162', '109', '219', '91', '380', '317', '148', '378', '42', '284', '213', '278', '228', '116', '22', '184', '234', '126', '202', '360', '274', '76']
['291', '267', '53', '296', '31', '392', '366', '174', '248', '347', '212', '25', '157', '86', '200', '314', '255', '3', '145', '275', '39', '307', '242', '21']
['353', '327', '349', '62', '216', '139', '271', '81', '11', '163', '324', '179', '362', '48', '186', '170', '17', '280', '143', '361', '154', '249', '312', '95']
['354', '146', '345', '302', '118', '368', '165', '381', '290', '303', '308', '328', '187', '159', '220', '124', '140', '64', '15', '121', '283', '369', '4', '277']
['270', '348', '339', '342', '144', '98', '36', '10', '300', '388', '30', '263', '262', '158', '391', '325', '141', '231', '305', '171', '393', '152', '298', '108']
['196', '29', '389', '94', '370', '138', '100', '375', '8', '123', '130', '252', '83', '107', '113', '43', '191', '341', '27', '259', '35', '222', '60', '276']
['106', '209', '215', '38', '65', '54', '333', '224', '376', '254', '115', '214', '321', '293', '357', '181', '132', '52', '168', '205', '399', '287', '149', '134']
['193', '190', '335', '129', '237', '257', '172', '135', '26', '313', '73', '117', '167', '192', '247', '295', '387', '343', '261', '131', '142', '243', '199', '88']
['358', '395', '398', '90', '87', '301', '365', '227', '217', '373', '71', '104', '160', '279', '236', '99', '57', '309', '97', '268', '316', '211', '127', '66']
['153', '50', '273', '125', '56', '363', '239', '164', '204', '103', '390', '122', '136', '288', '344', '397', '188', '175', '318', '379', '24', '245', '265', '59']
['337', '356', '41', '79', '84', '352', '101', '340', '251', '235', '128', '253', '176', '20', '44', '322', '47', '258', '330', '46', '233', '334', '82', '320']
['246', '37', '169', '197', '241', '112', '377', '89', '183', '74', '178', '45', '311', '78', '155', '32', '250', '12', '384', '269', '14', '351', '206', '93']
['230', '207', '133', '396', '2', '382', '338', '226', '111', '7', '289', '355', '63', '210', '161', '33', '182']
['6', '304', '61', '173', '294', '386', '92', '0', '114', '282', '58', '34']
['281', '331', '346', '367', '240']
['232', '119', '285', '67', '315']
['208']
