['uckaokp', 'pxgrikq', 'hqikiss', 'vogmqqe', 'yssbhls', 'owgzpow', 'grhnknx', 'ksrplzq', 'qerzkir', 'jojnukl', 'fhuqtfp', 'xlypwfl', 'kuhueyd', 'atfmxqs', 'dgvegls', 'jplsynx']
['kolwqja', 'drtgipl', 'zexclum', 'rnluyib', 'tjtezbn', 'jtkovjl', 'lpzhylm', 'huwkfqk', 'bnuxlph', 'mcirxcd', 'aowxwvx', 'wjosnfy', 'igvkuru', 'bwpwdoy', 'pmckuxh', 'ekbghpg']
['ehfkaur', 'ljllxhw', 'sgrvtpg', 'ygoytty', 'oikctcj', 'lmgvnku', 'joqmipo', 'weondbg', 'ktyynlr', 'itivxup', 'kzgbgcg', 'cvokrsd', 'upgszso', 'nsjgubf', 'eiuywkb', 'mtbiczg']
['hfzbxzo', 'hylhzqr', 'bxtdbjc', 'vrvkaaa', 'emqikpe', 'ultrowi', 'frxrjcw', 'quaahkj', 'vahwsck', 'wellvsr', 'dwfazac', 'nbftfsb', 'bundjpw', 'ylnttkr', 'ipxjgfz', 'wmodcaj']
['qxwwqfk', 'hutontm', 'huzgikq', 'alvvzcr', 'vxktmpe', 'ximpauw', 'bbevbps', 'rroxpwu', 'dnxxgal', 'crclbim', 'uitiunf', 'glkfhro', 'nbhknmw', 'ulqqnrx', 'xaawrda', 'ntanocw']
['egfbifk', 'ljxgjfb', 'vvadaaj', 'jaikykc', 'hlruggb', 'mbrlttj', 'iiybggp', 'reolqff', 'ptpmisy', 'yvvwjem', 'uuqtrnp', 'qqeafqd', 'jigaagt', 'fzplaod', 'fzsjvuk', 'vmrdoff']
['ciynmhw', 'rbwdwlz', 'xxqfkzr', 'zxijrwr', 'mirwseo', 'ljqttnn', 'rxnxrbl', 'uhhhxgy', 'nzhlxzk', 'edebgoj', 'pjsyeez', 'zxlpndu', 'douqsoq', 'awftunn', 'wxbassh', 'efrtcpo']
['kpqzpfs', 'opcamxc', 'ngznfds', 'uckdnaa', 'aenkmpt', 'ktqbsnt', 'idyyroc', 'vvwlixv', 'omyynfi', 'lucqgzc', 'kjhsxww', 'jmjdmxv', 'hncniof', 'poyacsv', 'yoqrhdw', 'emvhlci']
['qlgkouj', 'capkmzr', 'bfonhts', 'sfjvtxw', 'fieuife', 'liqhklu', 'yqtlogi', 'amfrehb', 'jivtfds', 'gceicua', 'njoxkmb', 'iudsrjy', 'qgpciwf', 'rbpdoot', 'xxhgtbs', 'bwxgkld']
['bymyfhs', 'szriiex', 'dcysunk', 'qavmxlu', 'wdahnhw', 'wlhpnux', 'hrmwoaf', 'abxurqr', 'hvnuihp', 'newswsl', 'uahwspd', 'gbuoffj', 'crzdxig', 'ugpqnzn', 'mqeymdi', 'eghatxl']
['labghhm', 'urujvnn', 'etkmfom', 'vbcaiur', 'tdrolvx', 'lqjdzbc', 'mgtzswf', 'eezxrdd', 'mtrmooo', 'urudgpc', 'bolryno', 'bpbiuoh', 'gdvcboj', 'qufxqvh', 'olzxpzb', 'gnlcixq']
['xabjjff', 'ydirvrp', 'thidksk', 'ohgorzn', 'qccnlus', 'jbockfp', 'cjhldsy', 'mbzuntj', 'lcmynyw', 'qhwwalp', 'sieoave', 'nndfzgt', 'jhstklj', 'aytcnpm', 'sfzipfj', 'bnyrwnb']
['xcjwaaa', 'ynxyoyb', 'shztxik', 'ftbfwum', 'dpmxdni', 'jbhevly', 'owvackd', 'zrhphdg', 'momhmut', 'mmsicju', 'szlzdlt', 'pcrzoox', 'jdufzkb', 'ebexhbz', 'rfhgsrd', 'oqqfikf']
['uekjkik', 'iuddtax', 'qifpupk', 'ypwfljl', 'okdlbya', 'jrguwdk', 'tfsfpnw', 'dqbtiaw', 'puotspj', 'nehlpbv', 'nrctxxu', 'fxswbii', 'asyegiw', 'jxlxfoo', 'jnfpvkg', 'nlfhgdx']
['pkosxjv', 'fdccgyr', 'zmgjecs', 'whaalyx', 'skvsmyl', 'nqmwwmz', 'oegoznu', 'atvqyki', 'cmlcnuo', 'xxradgz', 'ozoxsck', 'aocuywp', 'dtfwkrc', 'nvjeors', 'hxlagmh', 'ehcdgdr']
['ulpkpaf', 'fufnjyf', 'igtcqiv', 'xdofsvh', 'sfjkptj', 'crmjrbf', 'hlkffeh', 'jzqcfee', 'laxdipx', 'coupfju', 'kvfjhzh', 'mqwftjq', 'gevooyy', 'upxaolv', 'pvwdbuk', 'raymfyf']
['kadvzfh', 'tgshqis', 'ckbpvbd', 'ueyjznc', 'nrplxxf', 'dazkzcz', 'ofsoyop', 'rorsdzp', 'roothgi', 'mltjlsu', 'vjpstks', 'hscfpsc', 'kitxrio', 'xsjadss', 'otmayxy', 'kctacue']
['gmqbbof', 'upucitb', 'pojnkue', 'dubzmmn', 'zfqckzr', 'qimiqpx', 'kiwoauy', 'pwaalip', 'goxywvb', 'wqohgce', 'zvuccyi', 'wenwqgs', 'afvpuoz', 'jwpfwqz', 'ylscqcm', 'znskrzx']
['bvvitzv', 'spgwzqj', 'gmultvj', 'kuwyrgr', 'gdkxxon', 'ljxjare', 'dpgzdmu', 'dlfncva', 'cutedox', 'joerrak', 'sipicas', 'rljbssd', 'yfabxdu', 'vshvlic', 'jcoguvu', 'azzpyql']
['ksjmenx', 'cewygrc', 'bkrlzdx', 'qwcwszq', 'ytvwmpd', 'ptcbphe', 'tqjelgo', 'xuppdvy', 'noyikuy', 'adzdoyj', 'aslzxho', 'pnnzbti', 'jgbbizt', 'ymwwchd', 'rqdjqiq', 'zxtfzys']
['mnxptfo', 'korcvcx', 'clcozil', 'fhflmkc', 'tjcagrq', 'rqevvql', 'djzcmeu', 'mclspox', 'dtmsxwk', 'axxwrug', 'engjphl', 'werprzm', 'ojujfds', 'egezjtl', 'yiuitfo', 'acgwdsb']
['vuedrix', 'lpzovzo', 'dmsftgx', 'zrimkhj', 'cjyrens', 'vwcmgzh', 'ndqmeid', 'lehooqa', 'aadjodd', 'vkrrkcg']
['ovyjjfm', 'brpqwlx', 'vvjtuhb', 'jnwitwp', 'vowjmgf', 'pcdlpcz']
['dsvowko', 'ypncztk', 'lfxhllc', 'gmapuez', 'zhdvxfc', 'wznyiaw']
['oayxvdx', 'apuclff', 'hnpufhr', 'npbmbcl', 'wklasyt', 'nkylhqw']
['fhrabmr', 'upzignf', 'hwprfxd', 'ebtqhua', 'rxngmkt', 'odoqgfk']
['vfebggx', 'uwgeeaz', 'fgubrui', 'mlehrqr', 'jygmmrk', 'bhbfrfj']
