['165', '135', '76', '17', '166', '286', '105', '167', '195', '226', '225', '285', '46', '75', '106', '45', '256', '16', '15', '136']
['80', '169', '81', '290', '200', '231', '260', '50', '261', '20', '170', '110', '21', '291', '141', '111', '140', '49', '19', '171']
['43', '74', '164', '284', '13', '253', '134', '254', '193', '104', '133', '223', '163', '103', '14', '44', '12', '73', '282', '194']
['23', '54', '143', '233', '292', '142', '144', '203', '83', '24', '234', '173', '293', '174', '204', '53', '294', '264', '22', '114']
['242', '270', '181', '1', '90', '121', '240', '210', '0', '30', '151', '31', '91', '2', '180', '150', '122', '211', '271', '120']
['154', '153', '214', '33', '243', '123', '274', '183', '244', '245', '94', '34', '93', '213', '273', '64', '5', '3', '4', '184']
['87', '236', '176', '296', '146', '27', '237', '56', '206', '266', '147', '118', '177', '267', '28', '26', '207', '117', '116', '57']
['221', '130', '69', '40', '250', '129', '280', '190', '9', '70', '220', '279', '100', '159', '11', '10', '249', '189', '39', '99']
['6', '38', '217', '97', '7', '158', '247', '96', '187', '8', '67', '98', '188', '68', '157', '128', '248', '218', '37', '277']
['63', '239', '299', '255', '263', '59', '179', '278', '287', '119', '269', '235', '198', '51', '196', '160', '89', '29', '209', '125']
['78', '288', '149', '297', '138', '108', '84', '18', '228', '168', '127', '201', '224', '258', '113', '48', '60']
['295', '265', '145', '55', '25', '85', '115', '175', '205']
['126', '186', '276', '66', '156', '36', '246', '216']
['148', '238', '268', '178', '208', '298', '58', '88']
['182', '212', '272', '92', '32', '62', '152']
['101', '251', '281', '131', '41', '71', '191']
['132', '222', '102', '252', '72', '162', '42']
['202', '112', '82', '232', '172', '262', '52']
['77', '137', '227', '107', '47', '197', '257']
['229', '79', '199', '109', '259', '289', '139']
['35', '275', '155', '215', '95', '185', '65']
['61']
['219']
['192']
['230']
['283']
['124']
['161']
['86']
['241']
