['DLJMZC', 'FWRV', 'HPXSSF', 'SK', 'ANW', 'DBGM', 'OEJ', 'ODIF', 'KAZEK', 'ORJB', 'FAL', 'KKFPQ', 'QIZWG', 'EJOR', 'AQDX', 'WPRTBZ', 'MY', 'VCFLXV', 'UHTMG', 'XT']
['HJW', 'ICLIT', 'SY', 'WZ', 'ZHCQG', 'TUB', 'GDFI', 'C', 'MV', 'T', 'X', 'NGUN', 'QGUYKQ', 'EVDQNK', 'J', 'WAXWZU', 'CTRFIJ', 'AL', 'BNC', 'MM']
['JUXOIJ', 'JNJNE', 'D', 'XU', 'YDDS', 'TSSNJ', 'WTGA', 'AB', 'QKT', 'H', 'ZW', 'YOGJ', 'UI', 'DQQ', 'WELF', 'ET', 'HLT', 'OTXCZH', 'QNKIQE', 'UK']
['QROYGT', 'TQWWLG', 'HHCPMB', 'BW', 'FCB', 'SUPLJO', 'HTA', 'TTV', 'LW', 'OL', 'YFFNQ', 'AY', 'SEWIVO', 'AR', 'SU', 'DRLM', 'KFBC', 'JCM', 'LJSX', 'TJU']
['YK', 'LWIA', 'HMURVX', 'TN', 'FBW', 'JCEYOL', 'DFGWZZ', 'KLQR', 'BHKK', 'XFGUIZ', 'YXEJT', 'MXSFK', 'UBWSTW', 'KCQRDN', 'JSMAHJ', 'QDMX', 'NZDAU', 'VYGES', 'RWO', 'XEAARR']
['RKCPEP', 'IWP', 'GI', 'NAIN', 'XLVUF', 'Y', 'JBJS', 'QREJV', 'WK', 'GDGZN', 'JP', 'N', 'WFWU', 'OYJLB', 'ACYQN', 'BBB', 'CRAQYE', 'LZLFY', 'BAVHR', 'VHUHI']
['KMU', 'EU', 'ZULMQ', 'HO', 'W', 'MOOKF', 'L', 'PQ', 'ZVWR', 'KW', 'M', 'SGY', 'ETBLO', 'COYVMU', 'QNN', 'MPYJWG', 'AZN', 'EMP', 'ZIIN', 'MLDT']
['DVVKX', 'XVU', 'ETSAG', 'GUOYX', 'WBPB', 'ZHDBW', 'NTMT', 'MYN', 'U', 'NBJL', 'E', 'AEV', 'TYQL', 'S', 'TXNP', 'NMU', 'ZYFXQ', 'TCBKQ', 'HSHY', 'ZTK']
['PRYXX', 'I', 'NS', 'MYSMZ', 'UXBDM', 'NDF', 'SHT', 'TXCK', 'EHXPLS', 'JL', 'G', 'EP', 'MWKWWN', 'CVSPP', 'TGKUE', 'P', 'ERR', 'NVLNXP', 'CCIYM', 'BHT']
['ARYSPZ', 'TAN', 'RQRWJT', 'PBRPX', 'JN', 'ZDYFZU', 'PE', 'OIA', 'OVM', 'EWAZF', 'MISGHL', 'IGSXN', 'HH', 'KBV', 'OYDEJ', 'NJAA', 'RWHILI', 'V', 'FGPZAA', 'FVMBV']
['BPZAJ', 'MMUK', 'YII', 'TRXUD', 'GBSI', 'KPXJFJ', 'XLWRB', 'SBM', 'PJG', 'CMB', 'RM', 'KJHR', 'YQ', 'JMYQEA', 'AJDT', 'QREJG', 'UJ', 'JJ', 'MK', 'HDJIQ']
['AZGCQ', 'CAED', 'IMB', 'FAF', 'ZJUCNC', 'OC', 'Z', 'LHILT', 'OQV', 'RZU', 'O', 'XINMR', 'NO', 'ZVKC', 'EDAKUV', 'THMU', 'ZAP', 'CHR', 'FP', 'TB']
['AFH', 'NP', 'VYBQIM', 'QYC', 'LZQ', 'MRT', 'OFIPP', 'FLLJ', 'GFNZL', 'KFYTH', 'CNYXMO', 'IE', 'A', 'MICOE', 'PHS', 'DCBWSF', 'DJC', 'EVTLXI', 'B', 'BFZ']
['PIGBG', 'SRJZQ', 'AW', 'LY', 'IU', 'BSAEQ', 'BJ', 'FJTW', 'VL', 'DEXTSN', 'NDLUNW', 'RUC', 'YO', 'QBB', 'EYEWXP', 'UBYG', 'OHZYQ', 'HDJL', 'POL', 'TZTCA']
['USZM', 'XS', 'FPPMUW', 'WCZSB', 'TOR', 'KRXDGO', 'FXAQ', 'EM', 'UIUBC', 'UU', 'BGB', 'CN', 'ZTR', 'BQIFGG', 'CFG', 'NDZ', 'DJS', 'ZQAULZ', 'LTHESD', 'LQ']
['EYVVY', 'QE', 'VWK', 'WVHKC', 'LNMCTV', 'UVUBDR', 'HGT', 'FSZNT', 'UXXBYF', 'AH', 'HOQPX', 'NDMQJ', 'YEBV', 'WWF', 'IYCHS', 'GCSAZH']
['BX']
['VOLULU']
['UEKXJH']
['TGDTND']
