['PatrickPatterson', 'JoeYoung']
['BogdanBogdanovic', 'FrankNtilikina']
['TristanThompson', 'JakobPoeltl']
['GiannisAntetokounmpo', 'DennisSchroder']
['CoreyBrewer', 'PaulGeorge']
['AlJefferson', 'DAngeloRussell']
['StephenCurry', 'TyusJones']
['AlecBurks', 'TroyDaniels']
['BlakeGriffin', 'DanielTheis']
['WesleyIwundu', 'JodieMeeks']
['NicolasBatum', 'MarkieffMorris']
['JeffGreen', 'NikolaVucevic']
['JimmyButler', 'TyrekeEvans']
['DwyaneWade', 'JamesEnnis']
['KembaWalker', 'DomantasSabonis']
['ElfridPayton', 'BismackBiyombo']
['TylerZeller', 'MikeScott']
['MichaelBeasley', 'JeramiGrant']
['EvanTurner', 'DJAugustin']
['JuliusRandle', 'DanteCunningham']
['JrueHoliday', 'JoshRichardson']
['JarrettAllen', 'MalikMonk']
['RaymondFelton', 'AllenCrabbe']
['KentaviousCaldwellPope', 'KevinLove']
['SkalLabissiere', 'MarioChalmers']
['RudyGay', 'JaysonTatum']
['KentBazemore', 'ChrisPaul']
['YogiFerrell', 'RodneyHood']
['GarrettTemple', 'NikolaMirotic']
['IanMahinmi', 'DenzelValentine']
['TerryRozier', 'JustinHoliday']
['DonovanMitchell', 'DeMarreCarroll']
['QuincyAcy', 'JaeCrowder']
['DerrickFavors', 'ZazaPachulia']
['WillieCauleyStein', 'CoryJoseph']
['AndrewHarrison', 'JoshHuestis']
['ThonMaker', 'ShabazzNapier']
['HarrisonBarnes', 'JoseCalderon']
['RajonRondo', 'KrisDunn']
['JabariParker', 'KyleOQuinn']
['DavidNwaba', 'GeorgeHill']
['AlexLen', 'TreyLyles']
['JohnCollins', 'LeBronJames']
['RondaeHollisJefferson', 'AronBaynes']
['DejounteMurray', 'ShaunLivingston']
['RickyRubio', 'RudyGobert']
['TaureanWallerPrince', 'NemanjaBjelica']
['JJRedick', 'JarrettJack']
['MarcinGortat', 'NeneHilario']
['MauriceHarkless', 'JohnWall']
['LaMarcusAldridge', 'SterlingBrown']
['LucMbahaMoute', 'JaylenBrown']
['KellyOlynyk', 'ManuGinobili']
['SpencerDinwiddie', 'DeAaronFox']
['DougMcDermott', 'CristianoFelicio']
['TJMcConnell', 'PaulZipser']
['OttoPorter', 'ErsanIlyasova']
['WillBarton', 'JarellMartin']
['MarvinWilliams', 'MichaelCarterWilliams']
['LonzoBall', 'JoeHarris']
['DillonBrooks', 'JamesHarden']
['JordanClarkson', 'PaulMillsap']
['TreveonGraham', 'KarlAnthonyTowns']
['JoshJackson', 'AndreRoberson']
['DionWaiters', 'BamAdebayo']
['NickYoung', 'DwightPowell']
['DarrenCollison', 'DraymondGreen']
['TrevorAriza', 'FredVanVleet']
['RussellWestbrook', 'ThaddeusYoung']
['AustinRivers', 'KristapsPorzingis']
['DwightHoward', 'JamalCrawford']
['ClintCapela', 'JohnHenson']
['MichaelKiddGilchrist', 'RichaunHolmes']
['AndreIguodala', 'KyleLowry']
['RobertCovington']
['CJMcCollum', 'BuddyHield']
['KyleKorver', 'SindariusThornwell']
['BrynForbes', 'DeAndreJordan']
['DirkNowitzki', 'JasonTerry']
['JonasJerebko', 'MylesTurner']
['SamDekker', 'IsaiahTaylor']
['DewayneDedmon', 'TobiasHarris']
['JRSmith', 'DelonWright']
['KyrieIrving', 'KlayThompson']
['CourtneyLee', 'JonathonSimmons']
['IanClark', 'OGAnunoby']
['AmirJohnson', 'JoshHart']
['KostaKoufos', 'DavisBertans']
['BradleyBeal', 'AlFarouqAminu']
['StevenAdams', 'RobinLopez']
['DarioSaric', 'DavidWest']
['LanceThomas', 'TimotheLuwawuCabarrot']
['CarmeloAnthony', 'GaryHarris']
['EnesKanter', 'BojanBogdanovic']
['PJTucker', 'NikolaJokic']
['ShelvinMack', 'BrandonIngram']
['TorreyCraig', 'EkpeUdoh']
['TylerJohnson', 'ETwaunMoore']
['PatrickMcCaw', 'CarisLeVert']
['KyleKuzma', 'DamianLillard']
['TylerUlis', 'JoelEmbiid']
['TonySnell', 'JeremyLamb']
['TajGibson', 'EmmanuelMudiay']
['MarcusMorris', 'GeraldGreen']
['KevinDurant', 'MarcGasol']
['JerianGrant', 'WesleyMatthews']
['JusufNurkic', 'AlexAbrines']
['JoeIngles', 'EdDavis']
['WayneEllington', 'BenSimmons']
['MarcoBelinelli', 'ZachCollins']
['DariusMiller', 'MaxiKleber']
['ZachRandolph', 'TomasSatoransky']
['JamalMurray', 'AaronGordon']
['MarcusSmart', 'TJWarren']
['MarqueseChriss', 'PauGasol']
['MarioHezonja', 'GoranDragic']
['DannyGreen', 'MalcolmBrogdon']
['JaMychalGreen', 'RoyceONeale']
['MasonPlumlee', 'JJBarea']
['JerrydBayless', 'JameerNelson']
['SemiOjeleye', 'CJMiles']
['LarryNance', 'JaredDudley']
['CediOsman', 'WilsonChandler']
['DennisSmith', 'GorguiDieng']
['PattyMills', 'AnthonyDavis']
['PascalSiakam', 'DeMarcusCousins']
['JeffTeague', 'LanceStephenson']
['DevinBooker', 'VictorOladipo']
['PatConnaughton', 'JustinJackson']
['MalcolmDelaney', 'EricGordon']
['BenMcLemore', 'EricBledsoe']
['SergeIbaka', 'MontrezlHarrell']
['TysonChandler', 'AndrewWiggins']
['JamesJohnson', 'JustiseWinslow']
['KellyOubre', 'MikeMuscala']
['JonasValanciunas', 'TimHardaway']
['DevinHarris', 'KyleAnderson']
['RyanAnderson', 'LouWilliams']
['KhrisMiddleton', 'SalahMejri']
['LauriMarkkanen', 'BobbyPortis']
['DeMarDeRozan', 'FrankKaminsky']
['DeyontaDavis', 'LukeKennard']
['DraganBender', 'ReggieBullock']
['WesleyJohnson', 'AndreDrummond']
['AlHorford', 'AveryBradley']
['MilosTeodosic', 'StanleyJohnson']
['ShabazzMuhammad', 'IshSmith']
['EvanFournier', 'AnthonyTolliver']
['BrookLopez', 'ReggieJackson']
['HassanWhiteside', 'LangstonGalloway']
