['SG', 'BW', 'EO', 'DC', 'BK', 'ME', 'FF', 'LH', 'JS', 'QG']
['KJ', 'HA', 'QR', 'RL', 'FG', 'CM', 'LO', 'P', 'PR', 'DU']
['OG', 'HU', 'CJ', 'BE', 'OK', 'LN', 'DK', 'KZ', 'GJ', 'LI']
['SV', 'EN', 'IV', 'CO', 'J', 'GP', 'MG', 'JH', 'PP', 'MM']
['RQ', 'KQ', 'LK', 'LW', 'CT', 'FE', 'LZ', 'FC', 'OY', 'SH']
['DF', 'LG', 'LS', 'BI', 'BF', 'HM', 'HI', 'NE', 'KT', 'FK']
['JV', 'BO', 'BX', 'QS', 'QT', 'HZ', 'DA', 'HD', 'QP', 'PF']
['PO', 'QL', 'JU', 'GA', 'PI', 'KC', 'FT', 'BC', 'ST', 'SC']
['NN', 'Y', 'MA', 'X', 'RV', 'QC', 'MN', 'MW', 'FX', 'DH']
['RO', 'DO', 'KA', 'IY', 'JN', 'HX', 'MU', 'LR', 'OR', 'IQ']
['CF', 'D', 'E', 'CS', 'OP', 'CH', 'BG', 'DR', 'BY', 'OF']
['IT', 'CY', 'NA', 'B', 'GS', 'FD', 'QJ', 'K', 'JJ', 'BT']
['HN', 'KD', 'NM', 'SD', 'MZ', 'GN', 'IH', 'KF', 'IS', 'FI']
['GM', 'JB', 'SW', 'CZ', 'GC', 'IO', 'NZ', 'IG', 'GL', 'CI']
['CR', 'CC', 'SK', 'LL', 'PU', 'HT', 'A', 'JI', 'BZ', 'LP']
['DV', 'PH', 'FL', 'CU', 'JD', 'GZ', 'DJ', 'PW', 'PC', 'GQ']
['OU', 'FY', 'JT', 'KN', 'OH', 'QW', 'HF', 'KW', 'RD', 'HR']
['EV', 'BL', 'BM', 'PA', 'HB', 'BB', 'ON', 'MO', 'OW', 'KU']
['KP', 'EL', 'NB', 'EX', 'O', 'QA', 'JL', 'JY', 'BQ', 'DE']
['JW', 'OD', 'NX', 'CL', 'GD', 'FU', 'GW', 'HH', 'RM', 'QU']
['GH', 'MI', 'OX', 'GG', 'IU', 'MC', 'PB', 'ID', 'MY', 'LQ']
['QE', 'NY', 'IP', 'EM', 'NV', 'NO', 'FW', 'FH', 'FR', 'TF']
['QV', 'NU', 'RP', 'DG', 'U', 'OZ', 'QH', 'PM', 'KY', 'MR']
['MF', 'SS', 'FS', 'HK', 'SU', 'DB', 'NW', 'NR', 'LF', 'MK']
['TC', 'QD', 'JA', 'RS', 'RI', 'SZ', 'OV', 'EJ', 'PL', 'JQ']
['SN', 'BN', 'L', 'CE', 'NH', 'RU', 'HE', 'RK', 'HJ', 'N']
['OO', 'SY', 'OC', 'CK', 'KM', 'QZ', 'HV', 'EQ', 'MJ', 'NL']
['DD', 'OB', 'HO', 'FO', 'EE', 'ET', 'NJ', 'RC', 'SB', 'BD']
['OA', 'GI', 'DY', 'PY', 'PN', 'CD', 'MQ', 'PG', 'CX', 'GB']
['JM', 'JK', 'JG', 'PE', 'R', 'TA', 'BJ', 'PK', 'IE', 'LD']
['EA', 'GV', 'PX', 'SQ', 'QB', 'S', 'JO', 'CB', 'KV', 'IR']
['EY', 'OT', 'QQ', 'RH', 'RJ', 'OI', 'BA', 'LU', 'DN', 'NF']
['BS', 'LC', 'SI', 'OJ', 'RE', 'GK', 'IM', 'KX', 'BP', 'RF']
['SP', 'TE', 'FZ', 'MP', 'HS', 'FA', 'IZ', 'KH', 'EC', 'FQ']
['ND', 'HY', 'C', 'IW', 'Q', 'F', 'LT', 'RX', 'RR', 'LY']
['LJ', 'DM', 'IB', 'HQ', 'DQ', 'FM', 'SX', 'FP', 'BH', 'MS']
['NS', 'ML', 'H', 'BV', 'IF', 'GR', 'GY', 'V', 'FN', 'ES']
['MX', 'FV', 'FB', 'RB', 'MB', 'PQ', 'II', 'KS', 'QX', 'KR']
['IA', 'EU', 'OL', 'EP', 'SF', 'IN', 'LV', 'PS', 'DS', 'IX']
['GF', 'HW', 'CV', 'CG', 'KB', 'KE', 'Z', 'CP', 'KO', 'GT']
['NP', 'NI', 'SO', 'QO', 'PZ', 'LA', 'JR', 'GX', 'RG', 'SJ']
['HG', 'PV', 'HC', 'MT', 'G', 'M', 'MD', 'HP', 'IK', 'TB']
['SM', 'FJ', 'T', 'PJ', 'QK', 'CN', 'ED', 'QI', 'JP', 'NC']
['LX', 'DX', 'RT', 'IL', 'CW', 'JX', 'RW', 'NQ', 'EW', 'RZ']
['OS', 'NT', 'EF', 'DL', 'ER']
['EG']
['TD']
['CQ']
['SR']
['RA']
['QF']
['JE']
['KG']
['GE']
['DT']
['RY']
['JC']
['QM']
['KL']
['HL']
['EI']
['QN']
['IJ']
['KK']
['EZ']
['I']
['BR']
['QY']
['NK']
['KI']
['RN']
['W']
['NG']
['DP']
['GU']
['OM']
['PD']
['OE']
['MV']
['LB']
['SA']
['EH']
['CA']
['BU']
['SE']
['EK']
['PT']
['JF']
['MH']
['GO']
['SL']
['OQ']
['IC']
['LE']
['DZ']
['DI']
['DW']
['EB']
['JZ']
['LM']
