['Milton', 'Rena', 'Grace', 'Dorothy', 'Ella', 'Dan', 'Vicky']
['Arline', 'Judith', 'Patricia', 'Rocio', 'Jonathon', 'Chris', 'Lidia']
['Lydia', 'Nicholas', 'Trenton', 'Craig', 'Donald', 'Leigh', 'Regina']
['Laura', 'Heather', 'Shawna', 'Lacey', 'Harriet', 'Christian', 'Erik']
['Nathaniel', 'Randall', 'Oscar', 'Anne', 'Rueben', 'Toni', 'Steve']
['Johnathan', 'Phyllis', 'Mae', 'Sara', 'Nellie', 'Crystal', 'Peggy']
['Aileen', 'Alberta', 'Robert', 'Tommie', 'Melvin', 'Aron', 'Marge']
['Lester', 'Hilton', 'Josie', 'Tiara', 'Joan', 'Jeremy', 'Lori']
['Jerry', 'Anita', 'Carl', 'Wade', 'Bonita', 'Colleen', 'Gerald']
['Linda', 'Lauren', 'Daphne', 'Lakesha', 'Kurt', 'Mona', 'Fred']
['Kyle', 'Donna', 'Brandon', 'Ruth', 'Jewell', 'Richard', 'Hazel']
['Terry', 'Carol', 'Lela', 'Bruce', 'Dewayne', 'Cindy', 'Barbara']
['Paula', 'Harold', 'Betty', 'Helen', 'Alan', 'Jacqueline', 'Dottie']
['Emilee', 'Ethel', 'Bernice', 'Barbra', 'Jessie', 'Cyndy', 'Roberta']
['Irene', 'Rick', 'Ray', 'Felipe', 'Cheri', 'Tom', 'Lucy']
['Phillip', 'Kelli', 'Zachary', 'Molly', 'Melony', 'Matilda', 'Eva']
['Debra', 'Patrice', 'Derrick', 'Josephine', 'James', 'Philip', 'Salvatore']
['Scotty', 'Guadalupe', 'Jammie', 'Carmen', 'Maybell', 'Rebecca', 'Marcus']
['Latonya', 'Kathleen', 'Carla', 'Norma', 'Erma', 'Carolyn', 'Keith']
['Joy', 'Desiree', 'Jayne', 'Jonathan', 'Russel', 'Elizabeth', 'Shirley']
['Mark', 'Matthew', 'Brenda', 'Eric', 'Vera', 'Ted', 'Ladonna']
['Walter', 'Juan', 'Newton', 'Larry', 'Joel', 'Rafael', 'Jerome']
['Christine', 'Steven', 'Carrie', 'Samantha', 'Isabelle', 'Loretta', 'Bobby']
['Sulema', 'William', 'Harriett', 'Brett', 'Theresa', 'Emily', 'Brittany']
['Gail', 'Hildegard', 'Cathleen', 'Mario', 'Jeffery', 'Robin', 'Marta']
['Pamela', 'Edward', 'Carlton', 'Jennifer', 'Henry', 'Weldon', 'Frank']
['Laurie', 'Barry', 'Christiana', 'Julie', 'Randy', 'Colin', 'Justin']
['Wilbur', 'Sharon', 'Maureen', 'Andrea', 'Lisa', 'Johnnie', 'Ernest']
['Rory', 'Chester', 'Myra', 'Delia', 'Kimberly', 'Bernadette', 'Carroll']
['Bernard', 'Damian', 'Andre', 'Kristine', 'Danielle', 'Hector', 'Angel']
['Jeffrey', 'Thomas', 'Melanie', 'Jason', 'Claire', 'Dennis', 'Lorenzo']
['Claudia', 'Kenny', 'Monica', 'Stanley', 'Gerard', 'Beverly', 'Porfirio']
['Sheila', 'Renee', 'Raymond', 'Kathryn', 'Lowell', 'Roy', 'Victoria']
['Gilbert', 'Rachel', 'Gary', 'Sarah', 'Ericka', 'Dolores', 'Brooks']
['Shane', 'Wanda', 'Kim', 'Antoinette', 'Miriam', 'Fay', 'Cameron']
['Austin', 'Marybeth', 'Paul', 'Doretha', 'Fredrick', 'Peter', 'Katherine']
['Ivan', 'Justine', 'Mildred', 'David', 'Jodi', 'Jean', 'Jeff']
['Lorene', 'Isaac', 'Alonzo', 'Levi', 'Tabatha', 'Benjamin', 'Eduardo']
['Victor', 'Allen', 'Lottie', 'Sam', 'Clifford', 'Marion', 'Esta']
['Adam', 'Billie', 'Kay', 'Beatriz', 'Olive', 'Raquel', 'Lucille']
['Pearl', 'Geraldine', 'Adrian', 'Hillary', 'Louis', 'Martin', 'Mitchell']
['Susan', 'Louise', 'Octavia', 'Catherine', 'Stephanie', 'Chelsea', 'Annie']
['Samuel', 'Abdul', 'Tammy', 'Clyde', 'Merle', 'Gladys', 'Marie']
['Mavis', 'Janice', 'Manuel', 'Arthur', 'Beatrice', 'Katrina', 'Kelvin']
['Christopher', 'Vanessa', 'Lexie', 'Devon', 'Marjorie', 'Darryl', 'Pauline']
['George', 'John', 'Carina', 'Michael', 'Arturo', 'Ronald', 'Patrick']
['Anthony', 'Cedric', 'Gregory', 'Julius', 'Nancy', 'Joshua', 'Matt']
['Shaun', 'Horace', 'Lillie', 'Mary', 'Bessie', 'Amanda', 'Evan']
['Wilfredo', 'Lena', 'Casandra', 'Pat', 'Daniel', 'Tim', 'Virginia']
['Earl', 'Roberto', 'Charles', 'Roger', 'Cara', 'Edwin', 'Kristen']
['Michelle', 'Byron', 'Fletcher', 'Carole', 'Ashley', 'Charlotte', 'Ruthie']
['Tanya', 'Sandra', 'Virgie', 'Esther', 'Patsy', 'Elvera', 'Frida']
['Cheryl', 'Gordon', 'Maryann', 'Iris', 'Thelma', 'Vicente', 'Mari']
['Sally', 'Stephen', 'Tonya', 'Antonietta', 'Jane', 'Anna', 'Timothy']
['Eunice', 'Doris', 'Mamie', 'Erica', 'Reggie', 'Douglas', 'Tomas']
['Krista', 'Kelly', 'Clara', 'Albert', 'Marla', 'Emerson', 'Sheldon']
['Mireya', 'Gale', 'Ada', 'Deandre', 'Maxine', 'Minnie', 'Gloria']
['Diane', 'Quentin', 'Esperanza', 'Vickie', 'Jim', 'Maria', 'Alice']
['Dena', 'Leo', 'Johnny', 'Kristina', 'Tracy']
['Ralph']
['Luis']
['Cleo']
['Dawn']
['Heidi']
['Hugo']
['Lizzie']
['Argentina']
['Curtis']
['Rod']
['Jasmine']
['Ricardo']
['Antonio']
['Janet']
['Todd']
['Shelly']
['Brian']
['Harry']
['Bernie']
['Tommy']
['Rhonda']
['Warren']
['Melissa']
['Karen']
['Noma']
['Joyce']
['Alex']
['Darrin']
['Martha']
['Jessica']
['Evelyn']
['Deborah']
['Kathryne']
['Mei']
['Carlos']
['Dwayne']
['Joseph']
['Megan']
['Cesar']
['Lorena']
['Debbie']
['Vance']
['Houston']
['Julia']
['Cynthia']
['Margaret']
['Frances']
['Shante']
['Leola']
['Shawn']
['Alvin']
['Corinne']
['Lucia']
['Blanche']
['Lawrence']
['Jeanette']
['Sheryl']
['Gene']
['Kenneth']
['Jami']
['Katie']
['Stacy']
['Jewel']
['Joe']
['Teresa']
