['252', '347', '184', '144', '193', '139', '284', '270', '332', '243', '44', '161', '72', '76', '339', '67']
['186', '292', '169', '143', '98', '302', '95', '200', '114', '30', '118', '314', '358', '11', '227', '97']
['43', '106', '275', '33', '240', '171', '71', '306', '73', '320', '77', '293', '119', '88', '19', '195']
['51', '94', '331', '341', '209', '39', '173', '112', '129', '18', '140', '349', '32', '107', '89', '93']
['74', '201', '36', '313', '68', '162', '282', '278', '308', '81', '321', '344', '141', '34', '177', '21']
['311', '235', '345', '205', '128', '208', '108', '155', '367', '138', '360', '174', '352', '340', '8', '217']
['3', '264', '83', '191', '315', '238', '80', '126', '211', '109', '151', '59', '263', '242', '12', '164']
['123', '258', '254', '29', '297', '160', '335', '221', '156', '16', '365', '66', '357', '183', '137', '134']
['247', '194', '257', '110', '142', '214', '92', '176', '298', '35', '127', '131', '312', '220', '350', '182']
['103', '371', '373', '130', '178', '310', '9', '87', '361', '198', '249', '100', '113', '322', '179', '224']
['354', '146', '2', '56', '190', '111', '346', '245', '286', '355', '28', '336', '70', '326', '166', '338']
['329', '5', '13', '294', '175', '277', '325', '301', '255', '63', '222', '334', '248', '237', '309', '223']
['337', '47', '22', '305', '196', '197', '10', '41', '279', '20', '199', '82', '366', '147', '215', '342']
['333', '153', '283', '145', '135', '25', '31', '266', '359', '317', '289', '105', '52', '64', '262', '54']
['132', '219', '268', '133', '256', '229', '24', '4', '363', '261', '167', '260', '368', '75', '99', '15']
['121', '55', '300', '241', '370', '234', '115', '253', '233', '259', '84', '58', '150', '250', '69', '45']
['53', '364', '216', '61', '48', '91', '136', '202', '85', '101', '192', '251', '116', '267', '168', '231']
['122', '148', '369', '316', '170', '212', '102', '26', '271', '303', '328', '265', '154', '323', '307', '244']
['23', '273', '37', '327', '299', '288', '117', '374', '228', '57', '163', '38', '281', '348', '60', '124']
['295', '207', '246', '353', '104', '206', '343', '213', '157', '272', '86', '236', '96', '187', '180']
['78', '356', '27', '232', '319', '239', '274', '218', '375', '324', '159', '65', '318']
['185', '296', '6', '304', '181', '1', '189', '62', '188']
['230', '17', '14', '226', '40', '210', '285']
['203', '290', '362', '125', '90', '120', '158']
['50', '269', '165', '372', '172']
['42', '287', '351']
['291', '46', '204']
['280', '276', '149']
['79', '7']
['330', '225']
['152']
['49']
