['1', '0', '24', '2', '11', '4', '5', '20', '3', '22']
['104', '120', '100', '122', '101', '102', '103', '111', '124', '105']
['18', '13', '9', '6', '10', '8', '19', '7', '14', '21']
['26', '49', '30', '29', '25', '36', '47', '28', '45', '27']
['108', '121', '109', '107', '112', '118', '110', '106', '113', '119']
['162', '174', '170', '173', '161', '169', '168', '171', '172', '159']
['154', '153', '151', '152', '160', '158', '150', '163', '156', '155']
['87', '89', '78', '75', '86', '80', '77', '76', '79', '88']
['99', '95', '94', '82', '93', '96', '83', '84', '98', '97']
['52', '51', '62', '61', '54', '53', '63', '64', '55', '50']
['73', '59', '69', '74', '57', '72', '58', '71', '68', '70']
['44', '39', '43', '34', '33', '31', '32', '46', '35', '38']
['236', '239', '246', '234', '249', '243', '245', '244', '247', '248']
['238', '235', '225', '240', '237', '227', '231', '230', '233', '232']
['208', '211', '220', '209', '219', '222', '221', '223', '218', '224']
['189', '186', '188', '187', '180', '175', '176', '179', '177', '178']
['193', '195', '182', '183', '196', '199', '198', '194', '197', '184']
['200', '202', '213', '203', '204', '205', '214', '201', '215', '212']
['129', '145', '130', '128', '125', '126', '149', '127', '136', '147']
['134', '143', '144', '138', '139', '146', '133', '132', '131', '135']
['15', '12', '185', '56', '85', '217', '181', '17', '148', '16']
['42', '40', '41', '37']
['142', '141', '140', '137']
['117', '114', '116', '115']
['164', '165', '167', '166']
['228', '226', '229']
['91', '90', '92']
['67', '65', '66']
['206', '210', '207']
['190', '192']
['123']
['242']
['60']
['23']
['81']
['48']
['157']
['241']
['216']
['191']
