['121', '224', '61', '98', '52', '46', '36', '53', '204', '237', '199', '41', '151', '111', '169', '123', '109', '37', '165', '32', '144', '76', '122', '153', '110', '185', '242', '235', '175', '139', '243', '55', '197', '202', '155', '31', '107', '180', '195', '177', '49', '63', '17', '74', '170', '89', '127', '231', '191', '225', '9', '118', '106', '85', '92', '44', '62', '124', '135', '168', '166', '141', '113', '99', '228', '69', '16', '79', '71', '28', '147', '35', '229', '4', '58', '143', '133', '152', '210', '67', '140', '87', '120', '40', '108', '217', '11', '233', '245', '8', '172', '91']
['184', '30', '48', '137', '179', '33', '116', '112', '105', '5', '88', '221', '12', '65', '23', '203', '22', '47', '21', '142', '77', '96', '129', '128', '81', '117', '186', '93', '130', '100', '27', '57', '222', '156', '50', '97', '1', '223', '42', '104', '218', '192', '125', '211', '59', '64', '212']
['80', '159', '163', '34', '119', '115', '157', '43', '66', '205', '54', '78', '234', '190', '167', '164', '20', '6', '193', '227', '208', '183', '215', '239', '219', '39', '3', '161', '131', '25', '146', '178']
['160', '86', '72', '13', '145', '201', '101', '2', '247', '154', '29', '248', '196', '15', '90', '238', '149']
['26', '214', '207', '114', '158', '18', '45', '103', '73', '220', '244', '150', '7', '213', '236']
['19', '246', '188', '95', '232', '241', '200', '24']
['94', '84', '198', '240', '226', '82', '187']
['51', '174', '132', '182', '83']
['249', '209', '10', '171', '56']
['162', '38', '68', '250']
['173', '75', '194', '70']
['102']
['189']
['14']
['134']
['206']
['136']
['126']
['148']
['138']
['230']
['181']
['176']
['216']
['60']
