['BCD2F5', '2215AE', 'DBF47C', '0CFFC9', '71AC6D', 'B2C529', 'EB3718', 'E1B665', '099A40', '00CD58', '43FE78', '6BF4D3', 'BE5B1D', '30C157', '1F6554', '6C5208', '2EDC82', '99E133', '5A3E90', 'DDB7C8']
['A89402', 'C07CCC', '3D046E', 'F13455', '05F2DC', '5C5B8D', '273165', '1D4417', '41AFC9', '4DBE20', '20C0D0', '73271F', '3963FC', '923B8C', '60B803', 'A4FCD1', '88E0AE', '0C3AFF', '052CC7', '09FFA6']
['5BC875', '99392B', 'A34095', '8963E1', '26DA83', '1330B3', 'E7EFA5', '929578', 'BB986B', 'D8A834', '398310', 'F37211', 'DF44F5', '94C20E', '9D6554', 'FFD642', 'F8B91A', '98B1CA', 'E3583F', '6246E1']
['05473A', 'E479C8', '2DE42A', 'F61AD7', 'E4F6EF', 'D6DD9E', '10BBE1', 'FB3B86', '696B37', 'A0DDCD', '26B294', 'FF3177', '3228BB', '89372A', '77B9A5', 'C748A2', 'F9011B', '5332A9', '78E144', '8ECA84']
['D65E29', '1D9893', '7647CD', '5ABFA9', '22394B', '5C016B', '0231A4', '83ACF7', '33ABEE', '45CE10', '9B09E5', '9330C0', 'B49939', 'BA7ED0', '38515C', '316244', '62BC31', '82B105', 'C2A74D', 'B32674']
['7AADBC', '326662', '54C37C', 'CD374A', '1866E0', '3EF396', '7B306C', '7C730C', '9C5DCF', '5F88E7', '36FCBF', 'DBDDB5', '1600AD', '369765', '5C4F81', '7848BA', '5C0D69', 'AB96B9', 'C34593', '25B295']
['4BC7D0', '01E026', 'A5F27A', '5B4152', '8806E7', '9D8AD8', '4430C2', 'E492E0', 'B166D1', '29D22B', '9DF876', 'E191B0', '8AC55C', '49EEB4', 'FBF275', '5D5C76', 'AF83FA', '8254EB', 'BC38A8', 'A03FB7']
['EC2626', 'D8849E', 'DF5F9C', 'CB5EDA', '0FE5DD', '31B801', 'CC66B0', 'F4C13E', '95F017', '81E0FA', 'E277CB', '3E7F60', 'F1DB81', 'E0044F', 'E4C3BA', 'F28C7F', 'F33ACF', 'D78532', 'B4BD91', '3CB50A']
['5E2607', 'C0EA59', 'EB90EE', 'FE7E47', 'FD33F7', '47063A', '823C51', '5451FF', 'E15D93', '0525B9', 'D324E7', '5A5DE8', '1DD8D0', 'C69699', '9ABAFB', '6AFCAC', 'E46F9E', '552199', 'D78522', 'E93252']
['B6FA16', 'FECCAB', '2D2248', '037831', '608F21', '19EFAF', '6E7E64', '118FE2', '3F75A9', 'CC08F5', '415552', '74ADA7', '8E8C76', '66C38E', '628552', '5BEDDF', 'B85F11', '0E78AA', 'EDB261', '46371B']
['F1B367', '34ACF3', '55B952', '73F93C', 'D0E5BE', '893D61', '8BEC15', 'F4EDF8', 'C4882F', '6E3DED', '2819EE', '2F46CD', 'AD6105', 'F7F9CB', 'D79D49', '66B93A', '8883AC', '98497D', '6C3CD5', '672145']
['1986A0', '1B06C5', '69FD70', '09944C', 'D2F8E5', 'E8A38A', 'D0E36A', 'FAB638', '3D4600', '468F31', '848C87', '1E571E', '26C6B9', '57FCD8', 'FBB00D', 'CED5FC', '94AED5', '833C34', '364B78', 'FC75E7']
['9BAC71', '93D432', '4C0FCD', '0264AF', '7334F9', '026256', 'C9EF6D', 'C19610', 'C96CD6', '0AFD91', '2B8F4B', '539972', '4FCF52', 'F9EB1F', '9C4F00', '2D4D61', '5A681E', 'EB9D60', '4C1D36', '2D56C1']
['D50881', '04279E', '2B8E0B', '6EEE66', '52FB79', '565E46', '40C7FF', '0A3E48', 'FD1DAC', '77EB41', '2F584A', '177A03', '9C4CA5', '72D023', 'CBE0EA', '292CB3', 'C0A19A', '068D28', 'D049CD', '420711']
['6D4DDC', 'D6F426', 'ABE83F', '8DF985', '400D20', '52BFE5', 'E33128', 'DE6241', '1A770B', '1D528C', '00C269', 'E77DD8', '7CC3A7', '865328', 'E2701A', 'BE3703', 'B0F05D', '3A0D10', 'F32B0B', 'C54164']
['66547C', 'FCD63D', 'DFE9C6', '1D216B', '34E9FE', '8EC8D8', '71AE93', '4A32EA', '31B17E', '1E0B30', 'EEF23E', '3E6399', 'A1D29E', '940AC5', 'AAAF0B', 'DB6CBF', 'A4EAD9', '85CFC7', '81DA52', 'CE0D10']
['81A0D3', 'E81232', '747199', 'B00B7F', '4AC817', '4D74EB', 'B78EF9', '75002A', 'F3EDD7', 'D83AF7', 'C1CAB9', '0AC7A0', '5E4F6B', '77042F', '5C91EE', 'E8C5B8', '89A551', '97D861', '503A55', 'C5416A']
['5248A9', '5D4F2F', '3FAE1E', '87EE7F', '7B325B', '6C1A62', '82F466', '029563', '09CFE9', '414B77', '2E6B38', 'E9F19A', '92C42A', 'EC35B5', '1D0C35', '82BD08', '35DA72', '0D6A28', 'FCB503', '29267F']
['593AF4', '39CAB7', '4BD8B1', 'D883C0', '1F4650', '03B42D', '28CCA5', '4AE7C7', '189812', '0FC6EE', '81A856', 'B13536', 'EB7E6A', '30EA83', 'F2B7FD', '6DCBC8', '5ADC6D', '478A7C', '244528', 'E1A380']
['CD5322', 'B2CB4D', 'A911EF', '739ABF', '7FE1F2', '160ED4', '78DB65', '2B3DD7', 'B8B01F', '7F8E1D', '992AEE', 'B56D74', 'D363AB', '18D668', '3D830C', 'B2A692', '463E2C', '49EB71', 'BA6187', 'B2C27D']
['0B99EF', '1CAAAC', '2C02B7', '943005', '4BBAFA', '24A4D1', '935873', '206150', '035E05', '255208', 'D31361', 'C8F1A7', '43F505', 'CA893B', '8D43AD', 'A4F4BB', '0E6FA7', '38EA17', '15AA36', '9FCB42']
['EED7BB', '4E8355', '3235BA', '917501', '80F9BC', '920715', 'EE9200', 'B0C2D3', '2961DB', '219F75', '187923', 'F448AE', '1350AD', '14A3E7', '601CA7', '31C6A3', '9CE56C', '9923B4', '770A4C', '6D4C8F']
['1FBE40', 'DDA295', '718436', '113E1F', 'D9180C', '1D39ED', 'BB9072', '7C8A3D', '593840', '6833E8', '380FF7', '88FFF8', '29BFBC', '4EBF50', 'DCB902', '511040', '7FADE3', 'F545E1', 'F85131', 'EFBA0C']
['58ED2B', '8FF839', 'EF37A6', '9C0B9D', 'D8492F', 'AC34B5', '75C017', 'B38307', '51197D', '2E4B9D', '5AF312', '1743CD', 'D2EB79', '18AEFC', 'CC4384', '882258', 'C3678B', '7D4045', '2BEC39', '8F75EC']
['D2BDB6', '56B4C2', '605983', '1C3933', '26DB4C', 'CC9A13', '83752D', 'B6ACFC', '1656DC', '90E78E', '846154', '76131B', 'D98FB6', '42EE34', 'C60FE7', '66F8EA', '3B6837', 'B4257C', '861E09', '0C4437']
