['72', '174', '105', '170', '47', '139', '52', '232', '92', '128', '55', '190', '234', '124', '236', '102', '202', '168', '166', '82', '141', '180', '109', '172', '173']
['116', '79', '163', '5', '127', '118', '247', '129', '94', '152', '130', '70', '140', '199', '60', '120', '1', '14', '239', '228', '125', '211', '59', '64', '131']
['144', '112', '29', '231', '9', '221', '147', '43', '235', '56', '98', '81', '54', '133', '167', '6', '145', '101', '248', '31', '97', '215', '245', '177', '249']
['10', '33', '71', '191', '12', '61', '23', '22', '229', '143', '187', '193', '155', '42', '182', '169', '219', '68', '218', '217', '240', '181', '103', '24', '63']
['17', '32', '179', '216', '38', '188', '28', '224', '242', '26', '85', '162', '96', '15', '36', '75', '226', '41', '111', '107', '39', '114', '95', '73', '8']
['53', '122', '137', '80', '183', '87', '136', '115', '225', '104', '126', '212', '108', '203', '123', '132', '4', '83', '37', '161', '134', '93', '200', '146', '20']
['35', '48', '99', '76', '40', '74', '237', '192', '208', '18', '88', '230', '117', '89', '46', '44', '213', '205']
['185', '138', '214', '19', '0', '227', '223', '77', '45', '241', '186', '150', '62', '157']
['30', '91', '210', '67', '175', '195', '154', '243', '34', '110', '196', '149', '178']
['159', '171', '246', '209', '220', '206', '25', '65']
['16', '27', '21', '153', '57', '121', '2', '90']
['184', '160', '204', '142', '176', '244', '106']
['66', '3', '135', '11', '51', '119', '49']
['7', '69', '222', '201', '158']
['78', '238', '84', '156']
['197', '86', '113', '148']
['58', '100', '13', '164']
['50', '151', '194', '165']
['198', '233', '189']
['207']
