['56', '240', '486', '469', '350', '55', '108', '111', '455', '209', '147', '169', '453', '59', '303', '173', '51', '491', '373', '218', '398', '442', '165', '310', '146', '475', '141', '75', '113', '319']
['78', '6', '186', '13', '268', '118', '129', '121', '144', '70', '383', '358', '345', '361', '461', '100', '467', '464', '7', '305', '484', '430', '85', '233', '301', '245', '76', '392', '374', '159']
['132', '77', '148', '23', '265', '274', '187', '67', '320', '291', '160', '406', '354', '74', '470', '334', '117', '317', '33', '242', '254', '272', '34', '473', '341', '403', '438', '288', '421', '497']
['154', '43', '135', '164', '352', '260', '390', '237', '322', '275', '155', '2', '381', '410', '19', '312', '316', '271', '395', '306', '20', '284', '87', '217', '96', '422', '494', '357', '332', '277']
['253', '1', '339', '86', '263', '346', '343', '98', '407', '429', '413', '447', '88', '194', '126', '97', '222', '181', '54', '133', '102', '106', '95', '45', '214', '202', '200', '250', '226', '415']
['329', '123', '387', '227', '489', '420', '47', '224', '292', '360', '142', '261', '399', '344', '223', '414', '328', '452', '471', '298', '483', '262', '89', '229', '336', '458', '62', '493', '8', '318']
['17', '465', '462', '302', '44', '337', '72', '264', '93', '487', '63', '297', '40', '21', '198', '122', '269', '463', '162', '175', '257', '184', '238', '396', '378', '368', '325', '50', '446', '73']
['423', '92', '266', '251', '25', '281', '172', '349', '377', '136', '196', '482', '436', '379', '110', '427', '432', '170', '225', '279', '388', '435', '243', '82', '428', '448', '128', '248', '39', '124']
['192', '178', '105', '185', '255', '143', '280', '210', '83', '439', '228', '179', '417', '221', '270', '35', '167', '188', '252', '58', '366', '495', '204', '180', '437', '359', '16', '149', '150', '365']
['309', '153', '441', '138', '342', '451', '48', '38', '145', '335', '338', '256', '449', '327', '457', '456', '230', '498', '236', '409', '193', '61', '107', '369', '476', '397', '353', '18', '235', '273']
['168', '26', '201', '282', '216', '161', '394', '166', '324', '331', '355', '384', '308', '91', '99', '120', '313', '31', '315', '205', '385', '247', '382', '363', '206', '440', '479', '151', '5', '64']
['232', '0', '299', '30', '84', '425', '12', '174', '109', '115', '219', '386', '231', '293', '131', '411', '207', '211', '371', '239', '27', '176', '340', '311', '203', '234', '14', '466', '333', '60']
['412', '249', '241', '472', '195', '41', '367', '375', '69', '190', '431', '156', '287', '53', '127', '404', '267', '330', '393', '405', '362', '66', '213', '220', '49', '351', '419', '29', '116', '139']
['80', '488', '112', '380', '391', '11', '197', '15', '307', '400', '52', '460', '480', '246', '152', '416', '492', '445', '163', '481', '28', '477', '434', '37', '485', '259', '258', '114', '283', '490']
['364', '212', '183', '433', '90', '496', '402', '300', '426', '157', '450', '304', '71', '199', '468', '42', '474', '137', '182', '104', '444', '32', '103', '418', '348', '3', '57', '478', '370', '171']
['295', '81', '290', '276', '134', '94', '459', '347', '191', '24', '140', '314', '454', '443', '130', '389', '499', '286', '296', '158', '356', '278', '215', '323', '177', '189', '125', '22', '4', '408']
['9', '424', '321', '401', '285', '68', '46', '119', '10', '372', '294', '36', '79', '65']
['101', '244', '376']
['208', '326']
['289']
