['15', '1', '18', '0', '13', '30', '6', '17', '2', '8', '4', '5', '3', '7', '14', '16']
['108', '123', '100', '99', '109', '107', '95', '101', '94', '106', '93', '96', '97', '111', '98', '110']
['162', '170', '173', '157', '182', '161', '169', '160', '168', '158', '172', '163', '171', '156', '155', '159']
['283', '292', '279', '286', '284', '281', '294', '282', '295', '293', '309', '280', '296', '285', '297', '287']
['60', '44', '62', '36', '61', '33', '31', '59', '32', '34', '45', '35', '58', '38', '64', '37']
['193', '192', '189', '200', '188', '213', '186', '187', '190', '199', '191', '194', '216', '214', '201', '215']
['141', '142', '129', '140', '130', '154', '138', '128', '125', '126', '127', '139', '124', '132', '131', '137']
['250', '220', '230', '219', '222', '221', '223', '217', '254', '231', '245', '218', '246', '247', '244', '248']
['260', '259', '273', '266', '253', '274', '265', '272', '249', '255', '263', '252', '251', '264', '258', '256']
['65', '73', '78', '85', '66', '86', '77', '80', '69', '63', '83', '72', '84', '67', '79', '70']
['42', '52', '39', '49', '50', '43', '51', '47', '56', '53', '41', '57', '48', '40', '55', '54']
['117', '104', '116', '120', '121', '122', '112', '115', '102', '103', '118', '114', '105', '113', '119']
['134', '145', '143', '144', '153', '148', '150', '151', '149', '136', '152', '147', '146', '133', '135']
['26', '24', '29', '9', '25', '11', '10', '12', '28', '19', '20', '23', '27', '22', '21']
['208', '209', '211', '210', '195', '207', '206', '202', '196', '203', '204', '198', '205', '212', '197']
['307', '303', '291', '305', '301', '288', '304', '289', '306', '298', '299', '290', '302', '308', '300']
['174', '166', '164', '180', '165', '175', '167', '176', '181', '179', '177', '178']
['236', '238', '242', '240', '239', '237', '227', '226', '228', '243', '241', '229']
['91', '90', '89', '92', '76', '75', '68']
['235', '225', '234', '233', '232', '224']
['257', '268', '269', '271', '270', '267']
['262', '277', '276', '275', '261', '278']
['82', '81']
['88']
['185']
['46']
['183']
['184']
['87']
['74']
['71']
