['274', '129', '170', '61', '376', '374', '361', '122', '185', '194']
['192', '297', '213', '402', '160', '471', '100', '461', '207', '342']
['124', '242', '87', '40', '357', '228', '174', '446', '351', '435']
['423', '164', '143', '7', '285', '287', '293', '177', '388', '304']
['101', '443', '74', '475', '479', '223', '473', '45', '381', '249']
['241', '149', '253', '311', '105', '108', '281', '140', '420', '93']
['395', '289', '118', '424', '481', '215', '131', '314', '491', '375']
['405', '389', '369', '121', '291', '220', '463', '454', '377', '408']
['186', '54', '360', '144', '430', '279', '458', '233', '4', '57']
['268', '260', '472', '83', '321', '378', '252', '354', '327', '113']
['153', '33', '387', '390', '94', '30', '189', '493', '271', '184']
['352', '212', '55', '379', '24', '477', '337', '197', '79', '398']
['43', '63', '438', '219', '296', '66', '263', '67', '316', '52']
['208', '444', '146', '470', '53', '345', '248', '447', '15', '152']
['137', '288', '286', '340', '336', '383', '115', '41', '44', '65']
['290', '386', '264', '240', '335', '2', '218', '455', '315', '326']
['230', '222', '27', '178', '276', '347', '167', '303', '406', '319']
['487', '214', '350', '459', '206', '56', '298', '14', '412', '292']
['341', '17', '148', '299', '449', '453', '251', '448', '410', '258']
['135', '467', '480', '217', '145', '324', '476', '179', '168', '49']
['284', '97', '255', '482', '232', '26', '12', '485', '434', '20']
['165', '238', '270', '331', '246', '25', '73', '117', '175', '267']
['38', '133', '380', '399', '18', '328', '201', '191', '216', '161']
['436', '190', '71', '278', '484', '85', '37', '116', '99', '205']
['499', '490', '272', '322', '11', '46', '127', '368', '224', '139']
['239', '295', '411', '181', '229', '32', '313', '84', '62', '404']
['120', '77', '159', '495', '10', '235', '367', '307', '136', '3']
['441', '464', '494', '261', '346', '497', '58', '425', '468', '457']
['325', '13', '104', '176', '202', '432', '195', '21', '103', '283']
['236', '162', '262', '8', '156', '19', '474', '16', '393', '370']
['309', '166', '397', '1', '465', '231', '193', '305', '114', '147']
['339', '250', '35', '320', '68', '75', '486', '437', '91', '301']
['442', '126', '469', '396', '59', '51', '95', '106', '426', '282']
['310', '81', '123', '203', '427', '234', '418', '199', '125', '415']
['306', '76', '80', '247', '50', '141', '198', '308', '373', '39']
['394', '169', '183', '34', '445', '5', '256', '318', '371', '478']
['392', '110', '353', '188', '163', '358', '204', '429', '417', '211']
['385', '409', '492', '155', '439', '64', '330', '332', '273', '460']
['440', '82', '489', '344', '173', '151', '500', '372', '88', '42']
['243', '130', '488', '227', '382', '414', '452', '419', '22', '196']
['154', '221', '245', '6', '433', '280', '102', '107', '98', '384']
['132', '78', '456', '422', '158', '343', '355', '187', '70', '109']
['403', '69', '265', '244', '356', '226', '28', '111', '300', '48']
['182', '134', '92', '86', '200', '302', '180', '150', '294', '257']
['462', '237', '431', '142', '391', '210', '119', '89', '277', '400']
['317', '364', '498', '363', '112', '416', '225', '366', '466', '333']
['338', '259', '323', '9', '407', '128', '90', '334', '496', '275']
['349', '451', '348', '450', '254', '483', '365', '266', '401']
['29', '312', '60']
['329', '421']
['138', '359']
['172', '413']
['428', '31']
['269', '157']
['171']
['23']
['72']
['47']
['362']
['96']
['209']
['36']
