['Nancie', 'Sada', 'Jessamyn', 'Melloney', 'Belle', 'Mei', 'Nedda', 'Drusy', 'Latisha', 'Gavra', 'Carri', 'Joanna', 'Mirna', 'Angelica', 'Fran']
['Allene', 'Marlena', 'Kaitlin', 'Dorine', 'Haley', 'Leanora', 'Pammy', 'Allie', 'Winifred', 'Agatha', 'Birgitta', 'Tiffy', 'Paulina', 'Moyna', 'Marris']
['Euphemia', 'Hortense', 'Carroll', 'Brook', 'Paige', 'Ansley', 'Anabelle', 'Malva', 'Edith', 'Claudie', 'Matilde', 'Dena', 'Gaby', 'Kiele', 'Lani']
['Idelle', 'Erica', 'Starlin', 'Mechelle', 'Korney', 'Estella', 'Lydie', 'Stephannie', 'Idalina', 'Rosene', 'Clarissa', 'Bekki', 'Tamara', 'Conchita', 'Anabal']
['Emelda', 'Fania', 'Gianina', 'Selinda', 'Rosamond', 'Beatrice', 'Monique', 'Rita', 'Yovonnda', 'Kara', 'Katti', 'Bridgette', 'Marcie', 'Georgiana', 'Corly']
['Opal', 'Patty', 'Gwennie', 'Orsa', 'Alyson', 'Row', 'Frankie', 'Gale', 'Eulalie', 'Kathryn', 'Lynnet', 'Bernice', 'Danni', 'Georgeanne', 'Marijo']
['Anastassia', 'Camala', 'Randie', 'Joelly', 'Cindie', 'Bertie', 'Andromache', 'Madelena', 'Oliy', 'Zulema', 'Annice', 'Nicki', 'Cristen', 'Inga', 'Arlee']
['Delly', 'Martina', 'Colline', 'Desiri', 'Nissie', 'Cheslie', 'Millisent', 'Sonni', 'Babara', 'Brittan', 'Myrtle', 'Catha', 'Dotti', 'Thia', 'Briny']
['Cathryn', 'Brear', 'Meggi', 'Anette', 'Mella', 'Dee', 'Teddi', 'Jaynell', 'Cristabel', 'Daphene', 'Brunhilda', 'Yoshi', 'Vanni', 'Kittie', 'Flory']
['Marisa', 'Tamra', 'Silva', 'Clemence', 'Yetta', 'Sofie', 'Caryn', 'Ranice', 'Lorain', 'Avivah', 'Tallie', 'Nanon', 'Neile', 'Peg', 'Marabel']
['Rowena', 'Reggi', 'Kala', 'Eran', 'Shoshana', 'Terese', 'Bonita', 'Sandie', 'Faythe', 'Zenia', 'Maddalena', 'Julie', 'Xylina', 'Kaitlynn', 'Agnes']
['Gae', 'Agnese', 'Carla', 'Laverne', 'Ingunna', 'Melinde', 'Ruperta', 'Aviva', 'Roxane', 'Janice', 'Athena', 'Risa', 'Charita', 'Stesha', 'Britteny']
['Tiphanie', 'Hedwiga', 'Cassondra', 'Demetria', 'Kania', 'Ramonda', 'Veradis', 'Diane', 'Amalee', 'Marcella', 'Shanie', 'Doroteya', 'Sadye', 'Tim', 'Kathy']
['Tiffany', 'Noreen', 'Noell', 'Natalya', 'Adriane', 'Harriet', 'Leda', 'Jolie', 'Cherilynn', 'Mair', 'Jemie', 'Rivkah', 'Missy', 'Charmine', 'Kellsie']
['Valli', 'Tanitansy', 'Marlie', 'Erminia', 'Gerry', 'Jen', 'Corinne', 'Agneta', 'Elvera', 'Della', 'Lesly', 'Lira', 'Alia', 'Debora', 'Jorrie']
['Rhody', 'Krissy', 'Andie', 'Sileas', 'Jacqui', 'Dominica', 'Serena', 'Fernande', 'Rhodia', 'Lulu', 'Ronnica', 'Lorie', 'Antonietta', 'Tani', 'Rosana']
['Vicky', 'Ulrike', 'Fawnia', 'Eve', 'Vonni', 'Jesse', 'Roslyn', 'Tarra', 'Stormi', 'Willi', 'Casi', 'Austina', 'Vinni', 'Kellie', 'Cristionna']
['Lyda', 'Johanna', 'Netty', 'Anabel', 'Britney', 'Diahann', 'Sile', 'Mariellen', 'Alexandrina', 'Livy', 'Mufinella', 'Dyane', 'Lotte', 'Nicoli', 'Yolanda']
['Fredericka', 'Else', 'Brigitte', 'Helyn', 'Josepha', 'Sheila', 'Lorena', 'Quintana', 'Gabbie', 'Nelie', 'Maxie', 'Adiana', 'Kathleen', 'Clemmie', 'Karie']
['Addi', 'Eolanda', 'Sherrie', 'Doris', 'Morena', 'Chelsy', 'Collete', 'Cassandra', 'Dita', 'Stefa', 'Oralee', 'Shirl', 'Sula', 'Estele', 'Lisette']
