['43', '373', '224', '219', '257', '216', '409', '125', '104', '302', '225', '111', '279', '77', '198', '174', '425', '158']
['337', '22', '462', '256', '55', '123', '6', '146', '303', '489', '408', '163', '323', '255', '63', '179', '400', '435']
['442', '148', '14', '329', '254', '135', '498', '443', '18', '432', '472', '289', '493', '151', '365', '422', '161', '476']
['445', '240', '296', '436', '488', '241', '308', '388', '359', '84', '397', '35', '200', '480', '100', '406', '249', '103']
['390', '460', '83', '53', '316', '191', '91', '413', '209', '175', '298', '85', '211', '375', '113', '497', '189', '93']
['364', '405', '42', '98', '238', '90', '157', '232', '140', '176', '92', '352', '70', '403', '38', '350', '137', '45']
['203', '371', '402', '433', '284', '439', '261', '81', '320', '487', '215', '293', '222', '446', '242', '65', '120', '204']
['345', '205', '495', '136', '370', '0', '30', '358', '59', '468', '32', '473', '326', '340', '299', '237', '465', '21']
['347', '122', '291', '378', '351', '315', '197', '437', '173', '245', '138', '428', '263', '366', '34', '64', '60', '486']
['106', '252', '194', '235', '195', '431', '143', '27', '4', '414', '288', '7', '475', '251', '355', '455', '411', '395']
['470', '184', '210', '394', '171', '343', '494', '393', '310', '278', '112', '109', '361', '149', '250', '419', '52', '339']
['230', '78', '71', '429', '25', '160', '68', '202', '167', '221', '368', '147', '107', '312', '404', '309', '164', '244']
['3', '193', '94', '133', '128', '102', '483', '13', '383', '162', '31', '233', '427', '115', '11', '360', '236', '124']
['177', '453', '185', '415', '300', '169', '229', '80', '469', '335', '126', '319', '301', '430', '307', '44', '82', '1']
['283', '471', '331', '369', '398', '485', '418', '226', '46', '294', '392', '344', '325', '57', '12', '168', '490', '134']
['17', '132', '121', '130', '438', '26', '399', '328', '156', '334', '99', '248', '466', '223']
['444', '426', '268', '356', '387', '142', '79', '374', '349', '199', '384', '95']
['353', '376', '440', '363', '272', '346', '321', '260', '72', '421', '227']
['333', '362', '37', '297', '190', '496', '131', '274', '324', '33', '97']
['385', '10', '110', '73', '412', '96', '105', '23', '379', '457']
['275', '24', '88', '282', '401', '318', '89', '116', '19', '165']
['145', '304', '382', '41', '271', '36', '234', '141', '389', '8']
['51', '491', '417', '452', '5', '218', '348', '67', '450']
['264', '464', '459', '313', '87', '336', '16', '180']
['407', '341', '265', '458', '28', '183', '231']
['354', '186', '170', '56', '114', '118', '220']
['144', '246', '192', '287', '276', '76', '285']
['499', '20', '152', '150', '420', '267', '15']
['273', '139', '39', '266', '377', '317']
['290', '213', '243', '108', '492', '338']
['201', '314', '451', '482', '357', '49']
['207', '449', '280', '380', '461', '447']
['172', '454', '292', '391', '117', '259']
['212', '187', '178', '58', '61']
['277', '181', '270', '253', '463']
['69', '101', '410', '396', '214']
['281', '311', '206', '456', '247']
['9', '286', '154', '40', '228']
['153', '239', '448', '424', '434']
['474', '269', '332', '62']
['327', '479', '322', '262']
['29', '484', '481', '217']
['381', '86', '441', '74']
['478', '75', '196', '182']
['208', '159', '342', '66']
['467', '155', '50']
['54', '48', '188']
['372', '2']
['47', '119']
['258', '305']
['477', '330']
['129', '127']
['166', '386']
['295']
['423']
['416']
['306']
['367']
