['x', 'OOOO', '8', 'zzzzz', 'iiiiiiii', 'nnnnnn', 'k', 'vvvvvv', 'd', 'iii', 'mmmmmmm', 'Q', 'HHHHHHH', 'I', 'cc', 'H', 'ppppp', 'CCCCC', '111', 'VVVVV', 'uu', 'kkkkkk', 'rrrrr', '77', 'rrr', 'v', 'xxxxxx', '11', 'vv', 'CCCCCCCC', 'XXXX', 'llll', 'SSSS', 'ggg', 'xxxxxxxx', 'WWWWWWW', 'cccccc', 'TTT', 'tttttt', 'OO', 'VVV', 'OOOOOOOO', 'hhhhhhh', 'UUUUUUUU', 'yyyyyyy', 'iiii', 'yyyyyy', 'aa', '555', 'OOOOOO', 'BBBBB', 'YYYYY', '555555', 'G', 'GGGGG', 'gggggggg', 'IIIIIII', 'a', 'L', 'CCCC']
['RRRRRRRR', '44444444', 'TTTTT', 'vvv', 'EEEE', 'jjjjj', '1', '66666666', 'KKKKK', 'DDDDDDDD', '11111111', 'MMMMMM', 'tt', 'qqqqqq', 'III', '88', 'GG', 'zzzz', 'aaa', 'EEE', 'bbbbbbbb', 'uuuuu', '7777', 'rr', 'QQQQQQQQ', 'www', 'nnnnn', 'qq', 'oooooooo', 'KKKK', 'aaaaaaa', 'VVVVVV', '3', 'DDDDDD', 'YY', 'MMMMM', 'n', 'gggggg', '4444444', 'NNNNNNNN', '666', 'UUUU', 'BBBBBB', 'eeee', 'M', '33333333', 'QQQQQQ', 'EEEEEEE', '111111', 'UUU', 'AAAAAAA', '22222222', 'JJ', 'FFF', '5555555', 'pp', 'CCC', 'TTTTTT', '1111111', 'vvvvvvv']
['NNNNNNN', 'HHHH', 'fffffff', 'uuuuuuu', 'ttttttt', 'JJJ', 'LLLLLLLL', 'dddddddd', 'lllll', 'ffffffff', 'zz', 'PPP', 'zzz', 'aaaaa', 'kk', 'yyyyy', 'EEEEE', 'fff', 'BBBBBBB', 'bbbb', 'KKK', 'UU', 'FFFF', '6666', 'dddddd', 'g', 'CCCCCC', 'YYYYYYY', 'AAAAAAAA', '444444', '88888888', 'QQQ', '7777777', 'K', 'rrrrrrrr', 'DDDDDDD', 'kkkkkkk', 'ooo', 'bbbbbbb', 'ZZZ', 'WWWWWWWW', 'LLLLL', 'kkkk', 'XX', '3333', 'FFFFF', 'FFFFFFF', 'p', 'ZZZZZZ', 'wwww', 'EEEEEEEE', 'NNN', 'qqqqqqqq', 'ggggggg', 'ppppppp', 'AA', 'hhhhh', 'qqqqqqq', 'ff', 'EE']
['jjjjjjj', 'BBBB', 'GGGGGGGG', 'mmmm', 'SSSSSSSS', 'VVVVVVVV', 'T', 'f', 'mmmmmmmm', 'YYYYYY', 'xxx', 'wwwww', 'y', 'uuu', 'X', 'cccccccc', 'KKKKKKKK', 'IIIIIIII', 'II', 'mmmmm', '2', 'nnnnnnnn', 'eeeee', 'ddddd', 'JJJJJJ', '66', 'ee', 'hhhh', 'R', '666666', 'ooooooo', 'zzzzzzz', '2222222', 'nnnn', 'NNNN', 'PP', 'NNNNNN', 'ZZZZ', 'ZZZZZZZZ', 'UUUUUU', 'AAAA', 'tttt', 's', 'SS', 'VV', 'P', 'OOO', 'hhhhhh', '333333', 'MMMMMMM', 'ww', 'bbbbb', 'iiiii', 'SSSSS', '777', 'TTTTTTTT', 'WWWW', '444', 'J', 'WWWWW']
['gggg', 'kkkkk', 'ttttt', 'U', 'RRRRRR', 'WWWWWW', 'FF', 'Z', 'hh', 'NNNNN', 'FFFFFFFF', 'LLL', '33', 'eeeeeee', 'B', 'sss', 'ppp', 'jjjjjj', '777777', 'RRRRRRR', 'E', 'zzzzzz', 'ttt', 'wwwwwwww', 'PPPP', 'KK', '66666', 'sssss', 'll', 'iiiiiii', '888888', 'CCCCCCC', 'PPPPPPP', 'XXXXX', '333', 'dd', 'c', 'ggggg', 'pppp', 'lllllll', '222', 'u', 'S', 'aaaaaaaa', 'xxxxxxx', 'gg', 'jj', 'bb', 'LLLL', 'F', 'XXXXXXX', 'wwwwwww', 'AAAAAA', 'LLLLLLL', 'LL', '44', 'j', 'GGGGGG', 'aaaa', 'N']
['QQQQQ', 'rrrrrrr', 'ccccc', 'OOOOO', 'yyyy', 'ccccccc', 'LLLLLL', 'QQQQQQQ', 'oo', '2222', 'HHHHHH', 'ssss', 'WWW', '888', 'eeeeeeee', '88888', 'nnnnnnn', 'yyyyyyyy', 'hhh', 'KKKKKKK', 'ssssssss', 'xxxxx', '8888888', 'VVVVVVV', '8888', 'JJJJJ', 'DDDD', 'QQ', 'SSSSSSS', 'YYY', 'uuuuuu', 'OOOOOOO', 'DD', 'ZZ', 'm', 'yy', '55555555', 'pppppp', 'IIIII', '5', 'bbbbbb', 'MMMMMMMM', 'ZZZZZ', 'ssssss', 'BB', 'AAA', 'DDDDD', 'HHHHHHHH', 'RRRRR', 'GGGGGGG', 'D', '7', 'BBBBBBBB', 'MMM', 'z', 'KKKKKK', 'IIII', 'w', 'ffff', '33333']
['PPPPPPPP', 'tttttttt', 'HHH', 'HHHHH', 'dddd', 'q', 'vvvv', 'MM', 'GGGG', '22', 'W', 'ooooo', 'b', 'ZZZZZZZ', 'RRRR', 'mmm', '44444', '5555', '4', 'l', '55', 'eee', 'aaaaaa', 'QQQQ', 'oooooo', 'ii', 'ccc', 'rrrr', 'oooo', 'BBB', '3333333', 'C', 'uuuu', 'RR', 'ddd', 'V', '222222', 'JJJJ', 'TTTTTTT', 'ddddddd', 'yyy', 'XXX', 'NN', 'nnn', 'AAAAA', '1111', 'ss', 'XXXXXX', 'EEEEEE', 'llllll', 'xx', 'qqqqq', '77777', 'jjj', 'TTTT', 'o', '11111', 'uuuuuuuu', 'TT', 'kkkkkkkk']
['MMMM', 'cccc', 'JJJJJJJJ', '6', 'r', 'kkk', 'UUUUU', 'iiiiii', 'YYYY', 'SSS', 'WW', 't', '22222', 'lll', 'fffff', 'jjjj', 'mmmmmm', 'hhhhhhhh', 'qqqq', 'PPPPPP', '6666666', 'rrrrrr', 'XXXXXXXX', 'wwwwww', 'JJJJJJJ', 'i', 'vvvvvvvv', 'Y', '55555', 'e']
['FFFFFF', 'VVVV']
['SSSSSS', 'GGG']
['xxxx', 'eeeeee']
['pppppppp', 'O']
['UUUUUUU', 'A']
['vvvvv', 'CC']
['jjjjjjjj', 'PPPPP']
['sssssss', 'nn']
['ffffff']
['qqq']
['zzzzzzzz']
['YYYYYYYY']
['mm']
['bbb']
['DDD']
['RRR']
['4444']
['IIIIII']
['llllllll']
['h']
['HH']
['77777777']
