['364', '76', '424', '216', '198', '290', '486', '79', '163', '352', '360', '170', '311', '338', '12', '460', '22', '333', '345', '129', '162', '117', '456', '158', '306', '94', '204', '447', '102', '227', '371', '31', '319', '189', '1', '113', '393', '455', '114', '343']
['497', '16', '48', '468', '71', '28', '88', '272', '274', '363', '65', '35', '377', '85', '435', '21', '270', '83', '246', '98', '96', '46', '367', '187', '70', '75', '305', '2', '330', '215', '419', '492', '282', '192', '277', '241', '479', '25', '295', '476']
['153', '112', '354', '414', '5', '127', '115', '321', '278', '477', '404', '297', '93', '150', '143', '286', '20', '167', '320', '478', '301', '494', '53', '135', '491', '57', '451', '168', '196', '208', '458', '381', '294', '141', '151', '180', '438', '173', '490', '471']
['495', '390', '121', '324', '318', '259', '9', '194', '106', '43', '185', '417', '389', '425', '235', '402', '77', '55', '178', '190', '358', '353', '485', '207', '484', '469', '183', '87', '222', '375', '296', '223', '480', '213', '86', '407', '3', '466', '73', '91']
['452', '400', '144', '346', '385', '382', '298', '325', '66', '350', '4', '369', '449', '316', '128', '252', '380', '236', '368', '100', '210', '226', '464', '347', '383', '97', '42', '372', '14', '39', '68', '264', '11', '109', '443', '349', '245', '344', '172', '475']
['137', '179', '105', '326', '281', '493', '231', '191', '225', '463', '61', '47', '26', '481', '482', '322', '92', '275', '36', '418', '426', '429', '6', '269', '332', '260', '250', '291', '450', '378', '108', '454', '228', '69', '233', '395', '230', '176', '200', '165']
['289', '74', '334', '312', '51', '273', '29', '412', '220', '441', '242', '23', '315', '214', '442', '175', '52', '15', '244', '78', '62', '133', '164', '130', '410', '166', '431', '156', '40', '50', '263', '239', '13', '422', '292', '125', '177', '8', '64', '287']
['188', '89', '206', '370', '147', '416', '288', '203', '251', '423', '280', '132', '331', '473', '238', '293', '420', '392', '398', '152', '202', '193', '302', '101', '248', '154', '18', '406', '60', '489', '41', '253', '351', '219', '472', '384', '161', '103', '474', '146']
['17', '446', '265', '428', '394', '439', '119', '284', '411', '483', '221', '304', '148', '224', '409', '337', '229', '247', '56', '232', '329', '24', '387', '134', '359', '58', '44', '0', '327', '459', '104', '379', '107', '126', '335', '195', '461', '212', '300', '283']
['184', '30', '32', '33', '448', '437', '415', '174', '457', '268', '433', '285', '427', '496', '403', '374', '413', '279', '139', '258', '386', '348', '340', '266', '308', '19', '430', '237', '310', '82', '120', '111', '149', '328', '169', '432', '436', '181', '49', '261']
['10', '397', '159', '362', '421', '314', '396', '136', '445', '157', '391', '303', '487', '142', '45', '209', '81', '267', '405', '54', '361', '27', '145', '356', '365', '262', '357', '182', '373', '257', '218', '299', '138', '240', '313', '59', '249', '205']
['465', '271', '255', '116', '155', '211', '498', '110', '399', '34', '388', '243', '199', '95', '186', '408', '131', '366', '118']
['99', '217', '339', '122', '80', '38', '201', '37', '434', '90', '499', '342', '453', '462', '63']
['317', '256', '72', '401', '276', '488', '467', '234', '7', '124']
['341', '307', '323', '444', '309', '197', '355']
['123', '376', '470', '140']
['254', '160', '171']
['440', '84']
['67']
['336']
