['137', '112', '121', '171', '188', '119', '115', '206', '157', '224', '203', '98', '158', '100', '204', '193', '237', '154', '199', '189', '151', '111', '1', '169', '215', '192', '125', '123', '109', '181', '241', '165', '205', '144', '122', '76', '216', '116', '153', '163', '110', '194', '148', '185', '242', '235', '175', '132', '139', '96', '209', '117', '197', '93', '102', '202', '207', '227', '155', '208', '183', '149', '107', '180', '240', '195', '211', '95', '177', '161', '230', '176', '131', '160', '179', '198', '174', '201', '159', '105', '88', '90', '170', '127', '89', '231', '191', '225', '106', '214', '142', '129', '92', '128', '134', '186', '244', '124', '167', '94', '135', '226', '168', '166', '222', '156', '141', '223', '113', '213', '126', '239', '99', '218', '228', '114', '200', '146', '178', '184', '287', '136', '220', '221', '147', '229', '162', '232', '190', '150', '143', '234', '133', '187', '236', '152', '130', '210', '0', '145', '101', '140', '196', '87', '120', '104', '182', '219', '86', '217', '233', '103', '172', '212', '91']
['400', '415', '421', '427', '370', '493', '417', '423', '409', '413', '333', '342', '386', '398', '348', '320', '368', '371', '356', '365', '50', '366', '393', '323', '349', '347', '261', '355', '364', '424', '397', '390', '428', '354', '362', '324', '314', '360', '318', '411', '321', '382', '338', '325', '315', '339', '377', '322', '15', '316', '329', '449', '405', '359', '358', '380', '420', '392', '353', '491', '332', '399', '406', '319', '327', '330', '379', '351', '307', '384', '313', '343', '414', '346', '385', '326', '396', '391', '341', '389', '22', '425', '350', '388', '62', '340', '429', '361', '336', '381', '18', '375', '383', '328', '378', '419', '407', '395', '10', '334', '394', '412', '352', '374', '363', '403', '460', '43', '416', '317', '404', '337', '331', '402', '345', '297', '408', '387', '418', '367', '426', '401', '410', '376', '357', '372', '373', '422', '335', '344', '24']
['17', '16', '32', '30', '48', '33', '38', '51', '79', '28', '34', '29', '285', '9', '259', '12', '118', '35', '23', '47', '26', '21', '247', '52', '36', '46', '238', '44', '20', '19', '27', '57', '31', '40', '41', '42', '14', '263', '39', '13', '11', '37', '466', '73', '8', '49', '272', '25']
['495', '289', '290', '265', '276', '273', '254', '281', '268', '284', '274', '298', '496', '278', '288', '270', '280', '279', '275', '267', '293', '286', '266', '301', '269', '451', '484', '250', '291', '294', '296', '453', '299', '282', '271', '264', '472', '292', '440', '277', '295', '300', '283']
['486', '499', '483', '477', '481', '487', '488', '473', '494', '478', '475', '485', '2', '498', '450', '489', '480', '492', '454', '479', '474', '490', '471', '476']
['497', '72', '74', '71', '445', '65', '66', '61', '56', '55', '54', '58', '53', '70', '67', '305', '60', '68', '69', '59', '64', '63']
['435', '430', '437', '442', '432', '439', '436', '431', '434', '433', '243', '438', '462', '441', '256']
['251', '257', '255', '455', '252', '248', '260', '5', '258', '249', '253']
['84', '85', '80', '75', '83', '443', '77', '81', '82', '78']
['463', '465', '468', '464', '470', '469', '310', '467']
['306', '308', '309', '311', '304', '303']
['312', '457', '461', '458', '459', '456']
['97', '138', '173', '108', '164']
['3', '446', '6', '7', '4']
['452', '448', '444']
['245', '302', '246']
['45', '369']
['482']
['262']
['447']
