['Giorgio2', 'Pierfrancesco0', 'Caligola7', 'Guendalina3', 'Tristano5', 'Lamberto6', 'Ferdinando6', 'Carmela3', 'Valdo9', 'Elda2', 'Elio3', 'Joshua0', 'Luigi4', 'Brigitta8', 'Osea1', 'Ulrico6', 'Gianleonardo6', 'Enzo7', 'Folco3', 'Gianantonio5']
['Lauro5', 'Albino1', 'Filomena4', 'Matteo9', 'Ludovico9', 'Ubaldo2', 'Eliziario6', 'Fortunata0', 'Gerlando9', 'Olimpia3', 'Alessio3', 'Violante6', 'Gianriccardo3', 'Luce6', 'Fabio8', 'Gaetano4', 'Giulietta7', 'Anastasio7', 'Guido6', 'Davide5']
['Claudia6', 'Adriano0', 'Cleros4', 'Soriana6', 'Gilda2', 'Leonardo7', 'Donatella7', 'Miriana9', 'Vinicio8', 'Quasimodo0', 'Marcella0', 'Benedetta4', 'Sue0', 'Santo3', 'Maruska3', 'Muzio8', 'Caio6', 'Romeo4', 'Assia0', 'Emanuel3']
['Sesto4', 'Alessio7', 'Enzo3', 'Thea5', 'Cosetta2', 'Lisa0', 'Audenico0', 'Ercole2', 'Sandro2', 'Mattia6', 'Priamo0', 'Mirko4', 'Jari2', 'Ubaldo1', 'Eustachio2', 'Rosalba8', 'Rebecca2', 'Giulio2', 'Quirino1', 'Marvin0']
['Bettino8', 'Eriberto9', 'Cleros5', 'Concetta9', 'Fiorentino3', 'Ercole8', 'Renato5', 'Jari0', 'Jacopo3', 'Mattia1', 'Folco0', 'Emanuel1', 'Cira7', 'Eriberto1', 'Noel4', 'Marina6', 'Gioacchino6', 'Siro0', 'Cleros6', 'Walter3']
['Marianita1', 'Lidia4', 'Marzio4', 'Marieva8', 'Cleopatra8', 'Pacifico0', 'Siro3', 'Giacobbe7', 'Marianita7', 'Karim1', 'Demis2', 'Leonardo0', 'Giovanna5', 'Diamante6', 'Umberto9', 'Damiana9', 'Sarita4', 'Miriana4', 'Loretta4', 'Fatima9']
['Cassiopea3', 'Domiziano7', 'Marianita8', 'Pablo9', 'Terzo7', 'Nazzareno0', 'Laura1', 'Damiana2', 'Demis3', 'Battista3', 'Jole3', 'Sirio6', 'Nestore4', 'Kris2', 'Matilde9', 'Deborah2', 'Carmelo4', 'Genziana8', 'Kai5', 'Timoteo9']
['Cira8', 'Concetta1', 'Ione9', 'Fiorenzo1', 'Primo3', 'Ivano3', 'Michael4', 'Alighiero7', 'Mecren5', 'Jack2', 'Carlo1', 'Max1', 'Elio8', 'Laura9', 'Enrico1', 'Caio2', 'Radames4', 'Orfeo5', 'Mariagiulia9', 'Marino8']
['Monia6', 'Mariagiulia0', 'Clodovea1', 'Primo9', 'Luce0', 'Lidia6', 'Alessandro3', 'Enzo6', 'Isabel6', 'Gregorio2', 'Jarno1', 'Gianantonio6', 'Prisca3', 'Tazio1', 'Pacifico5', 'Ileana5', 'Trevis3', 'Maggiore2', 'Rosita1', 'Nestore5']
['Mietta1', 'Modesto4', 'Ursula5', 'Danuta0', 'Antimo9', 'Mietta2', 'Noah6', 'Kayla3', 'Gianmarco5', 'Umberto0', 'Clodovea2', 'Sesto2', 'Nico6', 'Rosalino0', 'Ethan9', 'Rosalino2', 'Armando8', 'Rebecca5', 'Brigitta5', 'Adriano1']
['Assia4', 'Dylan9', 'Giacinto6', 'Secondo0', 'Sesto8', 'Loretta1', 'Gianmaria7', 'Joshua3', 'Davide1', 'Cesidia8', 'Siro2', 'Akira3', 'Ermes4', 'Penelope5', 'Santo9', 'Elga8', 'Arturo8', 'Serse1', 'Isabel1', 'Azue3']
['Ian0', 'Joseph3', 'Ilario9', 'Nathan9', 'Miriana7', 'Concetta5', 'Giordano5', 'Nestore3', 'Sasha9', 'Valdo2', 'Loredana6', 'Tazio7', 'Dante5', 'Renzo5', 'Costantino7', 'Odone9', 'Michael9', 'Nestore8', 'Edipo5', 'Iacopo2']
['Ermes9', 'Pablo7', 'Walter1', 'Mariano0', 'Edilio2', 'Odino6', 'Alighieri1', 'Miriam8', 'Sue2', 'Timoteo5', 'Marzio5', 'Ethan7', 'Deborah4', 'Thea4', 'Edilio5', 'Nico1', 'Noah0', 'Lauro3', 'Moreno5', 'Rebecca6']
['Mietta0', 'Dante0', 'Folco4', 'Gianriccardo2', 'Cleopatra7', 'Filomena3', 'Edilio6', 'Giorgio6', 'Marcella3', 'Marianita5', 'Kayla9', 'Cleopatra5', 'Marieva7', 'Aroldo4', 'Siro8', 'Nathan2', 'Armando5', 'Cassiopea9', 'Erminia8', 'Ercole1']
['Elsa1', 'Marino4', 'Antonio9', 'Lazzaro2', 'Bortolo5', 'Patrizio4', 'Giorgio3', 'Irene7', 'Liborio4', 'Bettino1', 'Rodolfo9', 'Pietro1', 'Laerte9', 'Elsa0', 'Michele7', 'Erminia5', 'Gioacchino7', 'Antonino6', 'Piersilvio3', 'Vania3']
['Fiorenzo7', 'Amedeo1', 'Flaviana6', 'Gianantonio3', 'Cleros7', 'Mecren9', 'Italo9', 'Prisca2', 'Orfeo7', 'Amerigo5', 'Cassiopea8', 'Tancredi5', 'Sarita7', 'Rita6', 'Lia2', 'Kris3', 'Bibiana6', 'Ercole9', 'Anselmo9', 'Fortunata6']
['Erminio4', 'Benedetta5', 'Osea0', 'Amerigo1', 'Sabatino1', 'Diamante4', 'Costanzo6', 'Radames7', 'Renzo6', 'Davide8', 'Demi9', 'Gavino8', 'Mauro7', 'Anastasio3', 'Luigi7', 'Maika9', 'Loredana0', 'Sirio1', 'Elga3', 'Oreste0']
['Fabiano1', 'Lorenzo9', 'Odino9', 'Gelsomina6', 'Vania2', 'Mattia9', 'Odone4', 'Joannes5', 'Fatima2', 'Marcella4', 'Rosolino0', 'Secondo5', 'Lidia0', 'Bibiana4', 'Rosaria8', 'Ferdinando0', 'Armando0', 'Rufo5', 'Erminia2', 'Furio5']
['Jelena1', 'Eriberto7', 'Karim8', 'Trevis8', 'Ettore0', 'Lino4', 'Laerte5', 'Orfeo4', 'Evangelista9', 'Tolomeo0', 'Iacopo1', 'Priamo8', 'Gregorio7', 'Eusebio3', 'Tancredi4', 'Monia8', 'Joseph7', 'Raoul7', 'Ercole4', 'Oretta9']
['Raniero0', 'Eustachio1', 'Danthon5', 'Vera2', 'Emidio9', 'Fabiano3', 'Maggiore3', 'Amedeo5', 'Cleopatra1', 'Baldassarre3', 'Artes8', 'Teseo4', 'Manfredi5', 'Ludovico2', 'Nestore7', 'Samira6', 'Mirko6', 'Fatima0', 'Gaetano5', 'Orfeo9']
['Nabil5', 'Piersilvio0', 'Avide3', 'Oretta5', 'Samira4', 'Penelope7', 'Demi6', 'Cleros2', 'Augusto8', 'Celeste3', 'Sabino2', 'Ruth1', 'Rosalba1', 'Erminio9', 'Arduino5', 'Emanuel7', 'Nestore6', 'Timoteo4', 'Osvaldo5', 'Rocco9']
['Tancredi6', 'Fiorenzo8', 'Xavier7', 'Umberto6', 'Quarto3', 'Ausonio0', 'Osea9', 'Walter7', 'Hector0', 'Siro9', 'Enzo0', 'Nicoletta3', 'Tommaso8', 'Alan9', 'Primo1', 'Tolomeo6', 'Claudia1', 'Giancarlo3', 'Caligola0', 'Graziano0']
['Gilda5', 'Fernando8', 'Maika6', 'Celeste4', 'Marina4', 'Carmela6', 'Arduino8', 'Ariel9', 'Marzio6', 'Radames1', 'Folco8', 'Miriam7', 'Odone8', 'Italo5', 'Sibilla4', 'Sebastian2', 'Jacopo4', 'Eusebio6', 'Zaccaria2', 'Egisto1']
['Laerte0', 'Marina7', 'Guido1', 'Bortolo9', 'Orfeo1', 'Mariagiulia4', 'Nathan3', 'Leonardo1', 'Folco6', 'Fabio9', 'Marzio7', 'Costanzo4', 'Doriana2', 'Trevis2', 'Deborah9', 'Giobbe6', 'Amedeo6', 'Silvano4', 'Nayade9', 'Giovanna3']
['Elda4', 'Anselmo3', 'Tristano8', 'Arcibaldo8', 'Edipo4', 'Zelida4', 'Liborio8', 'Benedetta1', 'Alberto5', 'Demis1', 'Xavier5', 'Cirino1', 'Loris4', 'Ethan3', 'Romeo2', 'Sebastian4', 'Sasha7', 'Ian2', 'Mariagiulia3', 'Anselmo8']
