['Vickie', 'Edi', 'Nerta', 'Dolores', 'Linette', 'Kania', 'Ortensia', 'Dianna', 'Constantia', 'Patience', 'Saundra', 'Hatty', 'Elisabet', 'Bonnee', 'Vivia', 'Natalina', 'Bell', 'Fayth', 'Toma']
['Brigid', 'Bessy', 'Fredelia', 'Laverna', 'Grazia', 'Katleen', 'Marley', 'Jessamyn', 'Dayle', 'Leora', 'Andree', 'Midge', 'Crystie', 'Oliy', 'Sephira', 'Tresa', 'Ashely', 'Una', 'Kiersten']
['Annalee', 'Alvina', 'Sibylle', 'Lindsy', 'Paula', 'Brynne', 'Kassia', 'Pollyanna', 'Jsandye', 'Merline', 'Therine', 'Deeann', 'Trista', 'Danell', 'Clari', 'Debbie', 'Thalia', 'Lorna', 'Viva']
['Cristina', 'Giselle', 'Pia', 'Jane', 'Kathlin', 'Karlotta', 'Emilee', 'Ardine', 'Kelcey', 'Sophie', 'Uta', 'Leona', 'Lilla', 'Gerrilee', 'Dana', 'Ondrea', 'Ellie', 'Livia', 'Natala']
['Verina', 'Laura', 'Shaina', 'Sayre', 'Erna', 'Analise', 'Christin', 'Callie', 'Erma', 'Camille', 'Tanhya', 'Lisbeth', 'Helenka', 'Mariejeanne', 'Cate', 'Shayne', 'Merrielle', 'Natka', 'Silva']
['Barbaraanne', 'Meggy', 'Pierrette', 'Gabriell', 'Vonny', 'Siobhan', 'Catina', 'Joleen', 'Elinor', 'Corinna', 'Riannon', 'Phedra', 'Claudina', 'Nelia', 'Lauretta', 'Lorraine', 'Gigi', 'Susana', 'Pippy']
['Costanza', 'Veronike', 'Tanya', 'Blake', 'Rebbecca', 'Almeda', 'Winifred', 'Geralda', 'Shay', 'Charis', 'Maryjo', 'Anthe', 'Sharla', 'Eve', 'Lori', 'Vallie', 'Herminia', 'Ardenia', 'Sheena']
['Jaclyn', 'Genna', 'Misti', 'Biddie', 'Jeralee', 'Marylou', 'Jennica', 'Brenn', 'Valerie', 'Lita', 'Kerstin', 'Shayna', 'Raine', 'Valentine', 'Cynde', 'Brandie', 'Eula', 'Darcee', 'Janey']
['Giralda', 'Marigold', 'Tamarra', 'Karisa', 'Koressa', 'Jess', 'Lynnett', 'Sheilah', 'Yalonda', 'Licha', 'Madonna', 'Idalina', 'Clemmy', 'Cecelia', 'Kellen', 'Rachel', 'Tatiana', 'Zita', 'Katha']
['Ginger', 'Patti', 'Anya', 'Jada', 'Leilah', 'Tamarah', 'Devinne', 'Dulcie', 'Inna', 'Randene', 'Barbe', 'Chris', 'Moyra', 'Loria', 'Lorena', 'Kippy', 'Trude', 'Madelyn', 'Renelle']
['Honey', 'Mia', 'Genni', 'Reggi', 'Serena', 'Lona', 'Kristin', 'Frankie', 'Pandora', 'Lorinda', 'Cordie', 'Corey', 'Flori', 'Jacquenette', 'Katalin', 'Sue', 'Emmy', 'Rosalinde', 'Sofia']
['Jobina', 'Tova', 'Marla', 'Freda', 'Daisi', 'Jolie', 'Cordy', 'Phil', 'Minnnie', 'Mina', 'Wilone', 'Carmelia', 'Betteanne', 'Wendeline', 'HelenElizabeth', 'Debby', 'Tersina', 'Joannes', 'Jaime']
['Jessika', 'Tybi', 'Lavinia', 'Susi', 'Annie', 'Rosina', 'Vilma', 'Madalena', 'Kacey', 'Marice', 'Libby', 'Raye', 'Liz', 'Imogen', 'Christina', 'Miquela', 'Tiffani', 'Shelia', 'Caryn']
['Terra', 'Jeniffer', 'Avivah', 'Courtnay', 'Lisabeth', 'Willabella', 'Garland', 'Harriett', 'Sara', 'Delila', 'Gerianna', 'AnnaDiana', 'Alyce', 'Gayle', 'Arliene', 'Amitie', 'Carline', 'Laraine', 'Roseann']
['Donella', 'Lia', 'Fawne', 'Cinnamon', 'Madelin', 'Carree', 'Marcia', 'Tressa', 'Kinna', 'Libbi', 'Emmalynne', 'Philomena', 'Sheree', 'Goldina', 'Carlye', 'Andriette', 'Laverne', 'Thomasina', 'Vin']
['Nevsa', 'Stefa', 'Constantina', 'Elayne', 'AnnaDiane', 'Nerissa', 'Cammie', 'Jasmin', 'Rasla', 'Ivie', 'Gwendolen', 'Fayina', 'Goldi', 'Camilla', 'Gaynor', 'Maddalena', 'Mable', 'Eadie', 'Denyse']
['Feliza', 'Vanessa', 'Reeva', 'Meris', 'Sharron', 'Martguerita', 'Cayla', 'Anjanette', 'Neila', 'Janette', 'Ashlen', 'Melodie', 'Edeline', 'Suellen', 'Bobbie', 'Cory', 'Brandise', 'Harrie', 'Rozanna']
['Prudi', 'Dulcea', 'Tessy', 'Lacey', 'Pansie', 'Corella', 'Arleyne', 'Lyn', 'Lila', 'Bibbie', 'Renae', 'Drucill', 'Lois', 'Essa', 'Erinna', 'Vi', 'Faith', 'Laureen', 'Ethelind']
['Di', 'Jodi', 'Lettie', 'Reta', 'Jeannette', 'Tammy', 'Siusan', 'Kora', 'Ula', 'Neilla', 'Heidie', 'Lorrin', 'Geri', 'Sallyanne', 'Phillis', 'Joycelin', 'Keri', 'Shelli', 'Ashli']
['Coretta', 'Gwenette', 'Mariette', 'Maryl', 'Raven', 'Paulina', 'Johnette', 'Christabel', 'Hendrika', 'Hyacinth', 'Gussy', 'Idell', 'Kay', 'Megan', 'Billy', 'Evangeline', 'Amabel', 'Shelby', 'Ray']
['Kaylyn', 'Esmaria', 'Kettie', 'Bria', 'Mareah', 'Rosalind', 'Tobi', 'Kata', 'Melva', 'Magdaia', 'Nicoli', 'Chrystel', 'Pavla', 'Noelyn', 'Coral', 'Marjie', 'Nolana', 'Henriette', 'SheilaKathryn']
['Kial', 'Clemmie', 'Nora', 'Henrietta', 'Sherline', 'Paulette', 'Jeannine', 'Zorana', 'Chelsea', 'Kylen', 'Stepha', 'Heather', 'Starr', 'Lanni', 'Kalindi', 'Shani', 'Mehetabel', 'Milena', 'Brynna']
['Romonda', 'Jorey', 'Emelina', 'Myrilla', 'Laurice', 'Zoe', 'Joly', 'Lillis', 'Wilow', 'Lina', 'Toni', 'Jenna', 'Karol', 'Rosene', 'Isabelle', 'Nadine', 'Aubrette', 'Nomi', 'Evvy']
['Cherry', 'Deny', 'Ealasaid', 'Eddi', 'Matilda', 'Tilda', 'Dulcia', 'Sheeree', 'Robena', 'Marlyn', 'Allsun', 'Penny']
['Jeannie']
