['108', '26', '259', '134', '140', '237', '170', '153', '190', '221', '373', '213', '4', '351', '234', '93', '264', '111', '230', '371', '261', '340', '55', '51', '238', '141', '193', '189', '226', '196', '394', '288', '294', '11', '295', '149', '258', '396', '105', '179', '285', '292', '18', '242', '25', '337', '6', '265', '361', '94', '2', '269', '61', '161', '375', '146', '3', '388', '121', '211', '29', '166', '217', '306', '118', '282', '165', '341', '392', '173', '79', '132', '156', '159', '267', '87', '325', '123', '116', '303', '279', '319', '13', '266', '143', '62', '95', '36', '317', '112', '101', '376', '32', '80', '355', '160', '20', '368', '359', '201', '21', '338', '236', '227', '219', '182', '9', '47', '85', '115', '383', '272', '203', '74', '349', '205', '53', '356', '48', '377', '246', '157', '244', '40', '181', '229', '321', '399', '391', '283', '162', '387', '56', '17', '10', '254', '198', '344', '243', '309', '370', '46', '69', '136', '171', '75', '302', '323', '97', '122', '318', '284', '315', '350', '164', '339', '83', '155', '89', '192', '49', '200', '33', '353', '128', '82', '59', '310', '249', '76', '45', '191', '395', '271', '231', '152', '330', '374', '247', '222', '400', '133', '54', '301', '232', '98', '300', '240', '39', '273', '207', '99', '268', '277', '8', '354', '382', '367', '385', '167', '127', '175', '38', '364', '124', '184', '135', '331', '177', '178', '260', '142', '390', '366', '235', '44', '120', '335', '188', '223', '199', '180', '96', '276', '194', '197', '70', '224', '286', '1', '307', '209', '174', '60', '130', '253', '274', '281', '372', '102', '125', '228', '311', '114', '72', '163', '172', '241', '131', '287', '37', '110', '313', '363', '257', '239', '210', '324', '360', '109', '107', '333', '329', '348', '169', '293', '150', '84', '296', '245', '23', '278', '212', '308', '248', '22', '88', '14', '185', '42', '90', '100', '78', '81', '43', '183', '86', '343', '378', '126', '151', '168', '63', '158', '71', '342', '362', '91', '145', '24', '327', '138', '186', '31', '34', '381', '336', '204', '255', '357', '251', '58', '233', '7', '332', '144', '202', '66', '148', '305', '352', '304', '57', '328', '50', '119']
['104', '220', '334', '206', '345', '314', '103', '263', '252', '19', '280', '67', '299', '73', '92', '398', '12', '326', '346', '41', '256', '270', '147', '68', '384', '176', '137', '393']
['316', '290', '347', '187']
['208', '27', '297', '35']
['117', '369', '154', '389']
['386', '64', '129', '379']
['322', '113', '291']
['216', '250', '397']
['365', '215', '30']
['5', '225', '28']
['15', '106']
['380', '298']
['358', '289']
['275', '218']
['312', '77']
['65', '262']
['139', '16']
['214', '195']
['320']
['52']
