['Vertex122', 'Vertex57', 'Vertex400', 'Vertex301', 'Vertex58', 'Vertex133', 'Vertex90', 'Vertex115', 'Vertex356', 'Vertex188', 'Vertex93', 'Vertex173', 'Vertex91', 'Vertex340', 'Vertex323', 'Vertex374', 'Vertex165', 'Vertex180', 'Vertex297', 'Vertex210']
['Vertex109', 'Vertex262', 'Vertex64', 'Vertex113', 'Vertex393', 'Vertex216', 'Vertex186', 'Vertex292', 'Vertex318', 'Vertex131', 'Vertex303', 'Vertex265', 'Vertex104', 'Vertex263', 'Vertex255', 'Vertex242', 'Vertex183', 'Vertex266', 'Vertex105', 'Vertex137']
['Vertex199', 'Vertex430', 'Vertex410', 'Vertex77', 'Vertex198', 'Vertex359', 'Vertex268', 'Vertex389', 'Vertex341', 'Vertex218', 'Vertex279', 'Vertex208', 'Vertex415', 'Vertex78', 'Vertex189', 'Vertex247', 'Vertex333', 'Vertex380', 'Vertex127', 'Vertex406']
['Vertex269', 'Vertex275', 'Vertex342', 'Vertex351', 'Vertex157', 'Vertex226', 'Vertex312', 'Vertex193', 'Vertex228', 'Vertex277', 'Vertex384', 'Vertex339', 'Vertex53', 'Vertex436', 'Vertex135', 'Vertex175', 'Vertex305', 'Vertex315', 'Vertex211', 'Vertex196']
['Vertex54', 'Vertex234', 'Vertex364', 'Vertex112', 'Vertex171', 'Vertex51', 'Vertex353', 'Vertex276', 'Vertex398', 'Vertex148', 'Vertex328', 'Vertex129', 'Vertex329', 'Vertex337', 'Vertex287', 'Vertex56', 'Vertex87', 'Vertex213', 'Vertex130', 'Vertex379']
['Vertex369', 'Vertex348', 'Vertex289', 'Vertex345', 'Vertex190', 'Vertex70', 'Vertex245', 'Vertex191', 'Vertex385', 'Vertex212', 'Vertex201', 'Vertex394', 'Vertex182', 'Vertex392', 'Vertex143', 'Vertex98', 'Vertex200', 'Vertex433', 'Vertex299', 'Vertex55']
['Vertex158', 'Vertex140', 'Vertex203', 'Vertex290', 'Vertex375', 'Vertex346', 'Vertex79', 'Vertex248', 'Vertex114', 'Vertex197', 'Vertex154', 'Vertex331', 'Vertex412', 'Vertex220', 'Vertex434', 'Vertex204', 'Vertex383', 'Vertex317', 'Vertex147', 'Vertex388']
['Vertex295', 'Vertex418', 'Vertex278', 'Vertex207', 'Vertex420', 'Vertex237', 'Vertex377', 'Vertex63', 'Vertex274', 'Vertex121', 'Vertex399', 'Vertex257', 'Vertex66', 'Vertex235', 'Vertex291', 'Vertex61', 'Vertex243', 'Vertex280', 'Vertex149', 'Vertex363']
['Vertex350', 'Vertex325', 'Vertex52', 'Vertex159', 'Vertex172', 'Vertex272', 'Vertex362', 'Vertex68', 'Vertex347', 'Vertex267', 'Vertex326', 'Vertex187', 'Vertex273', 'Vertex163', 'Vertex259', 'Vertex378', 'Vertex169', 'Vertex161', 'Vertex102', 'Vertex233']
['Vertex332', 'Vertex298', 'Vertex230', 'Vertex358', 'Vertex366', 'Vertex309', 'Vertex327', 'Vertex264', 'Vertex335', 'Vertex381', 'Vertex73', 'Vertex321', 'Vertex254', 'Vertex174', 'Vertex432', 'Vertex407', 'Vertex153', 'Vertex74', 'Vertex146', 'Vertex142']
['Vertex396', 'Vertex181', 'Vertex99', 'Vertex322', 'Vertex429', 'Vertex426', 'Vertex314', 'Vertex166', 'Vertex311', 'Vertex419', 'Vertex120', 'Vertex352', 'Vertex95', 'Vertex124', 'Vertex260', 'Vertex282', 'Vertex355', 'Vertex370', 'Vertex324', 'Vertex437']
['Vertex334', 'Vertex241', 'Vertex401', 'Vertex168', 'Vertex376', 'Vertex360', 'Vertex330', 'Vertex214', 'Vertex249', 'Vertex40', 'Vertex46', 'Vertex284', 'Vertex138', 'Vertex403', 'Vertex75', 'Vertex361', 'Vertex271']
['Vertex65', 'Vertex85', 'Vertex92', 'Vertex250', 'Vertex344', 'Vertex94', 'Vertex405', 'Vertex367', 'Vertex386', 'Vertex88', 'Vertex302', 'Vertex45', 'Vertex397', 'Vertex82', 'Vertex402']
['Vertex132', 'Vertex382', 'Vertex427', 'Vertex108', 'Vertex194', 'Vertex59', 'Vertex116', 'Vertex373', 'Vertex304', 'Vertex435', 'Vertex246', 'Vertex343', 'Vertex229', 'Vertex76', 'Vertex253']
['Vertex156', 'Vertex123', 'Vertex431', 'Vertex251', 'Vertex106', 'Vertex414', 'Vertex178', 'Vertex107', 'Vertex365', 'Vertex244', 'Vertex47', 'Vertex150', 'Vertex139']
['Vertex162', 'Vertex300', 'Vertex349', 'Vertex72', 'Vertex117', 'Vertex96', 'Vertex144', 'Vertex145', 'Vertex404', 'Vertex179', 'Vertex390', 'Vertex167']
['Vertex49', 'Vertex357', 'Vertex319', 'Vertex424', 'Vertex83', 'Vertex141', 'Vertex97', 'Vertex48', 'Vertex110', 'Vertex151', 'Vertex239', 'Vertex428']
['Vertex100', 'Vertex285', 'Vertex164', 'Vertex67', 'Vertex215', 'Vertex232', 'Vertex185']
['Vertex80', 'Vertex371', 'Vertex320', 'Vertex103', 'Vertex42', 'Vertex225', 'Vertex119']
['Vertex231', 'Vertex417', 'Vertex155', 'Vertex252', 'Vertex195', 'Vertex69', 'Vertex118']
['Vertex256', 'Vertex205', 'Vertex421', 'Vertex296', 'Vertex86', 'Vertex128', 'Vertex283']
['Vertex176', 'Vertex307', 'Vertex306', 'Vertex192', 'Vertex217', 'Vertex209', 'Vertex439']
['Vertex238', 'Vertex136', 'Vertex222', 'Vertex152', 'Vertex354', 'Vertex219']
['Vertex202', 'Vertex184', 'Vertex223', 'Vertex227', 'Vertex316', 'Vertex395']
['Vertex84', 'Vertex126', 'Vertex261', 'Vertex71', 'Vertex413', 'Vertex294']
['Vertex387', 'Vertex258', 'Vertex368', 'Vertex240', 'Vertex286', 'Vertex41']
['Vertex308', 'Vertex81', 'Vertex236', 'Vertex293', 'Vertex125']
['Vertex101', 'Vertex338', 'Vertex89', 'Vertex288', 'Vertex438']
['Vertex336', 'Vertex43', 'Vertex44', 'Vertex62']
['Vertex270', 'Vertex310', 'Vertex416', 'Vertex177']
['Vertex206', 'Vertex391', 'Vertex423']
['Vertex170', 'Vertex409', 'Vertex60']
['Vertex313', 'Vertex425', 'Vertex281']
['Vertex111', 'Vertex224']
['Vertex50', 'Vertex221']
['Vertex372', 'Vertex422']
['Vertex134']
['Vertex411']
['Vertex408']
['Vertex160']
