['Jonah', 'Essie', 'Ebony', 'Tanya', 'Julio', 'Jared', 'Sonja', 'Trent', 'Leona', 'Arlen', 'Darin', 'Gayle', 'Julia', 'Brant', 'Sandy', 'Carla', 'Rhett', 'Ahmad', 'Benny', 'Daisy', 'Clara', 'Ruben', 'Cliff', 'Patti', 'Tommy', 'Hilda', 'Karen', 'Brock', 'April', 'Lauri', 'Peter', 'Maura', 'Fidel', 'Louis', 'Tasha', 'Bobbi', 'Jayne', 'Elsie', 'David', 'Ollie', 'Staci', 'Chang', 'Karin', 'Wally', 'Ellen', 'Annie', 'Robyn', 'Britt', 'Mable', 'Wyatt']
['Melba', 'Dixie', 'Katie', 'Allan', 'Dusty', 'Nikki', 'Lorie', 'Joann', 'Maude', 'Olive', 'Wendi', 'Jaime', 'Garry', 'Cindy', 'Bruno', 'Kirby', 'Doris', 'Marcy', 'Hazel', 'Dwain', 'Percy', 'Janet', 'Betsy', 'Lydia', 'Kevin', 'Steve', 'Rufus', 'Grant', 'Carly', 'Randy', 'Bryce', 'Wendy', 'Lanny', 'Timmy', 'Erick', 'Amber', 'Tonia', 'Sheri', 'Roger', 'Maria', 'Willy', 'Rusty', 'Elvin', 'Malik', 'Greta', 'Kayla', 'Clark', 'Adele', 'Bette', 'Sofia']
['Lacey', 'Berta', 'Renee', 'Basil', 'Claud', 'Pedro', 'Ilene', 'Donna', 'Linda', 'Elena', 'Shaun', 'Verna', 'Amado', 'Josie', 'Dante', 'Billy', 'Corey', 'Wilma', 'Mamie', 'Zelma', 'Mandy', 'Perry', 'Donny', 'Flora', 'Bryan', 'Quinn', 'Marla', 'Moses', 'Pearl', 'Clint', 'Roman', 'Mason', 'Cesar', 'Misty', 'Daron', 'Lucio', 'Lyman', 'Kelly', 'Audra', 'Laura', 'Aaron', 'Nelda', 'Casey', 'Helga', 'Nancy', 'Orval', 'Micah', 'Tonya', 'Dario', 'Ervin']
['Holly', 'Terri', 'Homer', 'Leila', 'Paige', 'Mitch', 'Odell', 'Brent', 'Mikel', 'Irvin', 'Marty', 'Erika', 'Barry', 'Wanda', 'Chong', 'Shane', 'Kathy', 'Ernie', 'Josef', 'Tessa', 'Robin', 'Janis', 'Jamar', 'Devin', 'Leann', 'Cyrus', 'Ariel', 'Della', 'Tyron', 'Avery', 'Brady', 'Sally', 'Marci', 'Aline', 'Debra', 'Elmer', 'Monty', 'Naomi', 'Felix', 'Freda', 'Emily', 'Clyde', 'Sybil', 'Issac', 'Roxie', 'Viola', 'Candy', 'Bryon', 'Moshe', 'Mitzi']
['Joyce', 'Jacob', 'Margo', 'Teddy', 'Tammi', 'Tracy', 'Alvin', 'Myron', 'Vicky', 'Elvia', 'Chris', 'Lorna', 'Craig', 'Buddy', 'Alice', 'Brian', 'Edwin']
['Alton', 'Twila', 'Danny', 'Fritz']
['Adela', 'Major', 'Terry', 'Effie']
['Jamel', 'Sadie', 'Rhoda']
['Jason', 'Sonny', 'Deann']
['Sammy', 'Chase']
['Eddie', 'Vilma']
['Merle', 'Davis']
['Erica', 'Elias']
['James', 'Ronny']
['Randi', 'Mario']
['Becky', 'Queen']
['Hyman', 'Pansy']
['Emery']
['Leroy']
['Nadia']
