['Ashton', 'Zion', 'Ian', 'Grant', 'Rylan', 'Archer', 'Zander', 'Adrian', 'Alan', 'Peter']
['Jonathan', 'Jayce', 'Clayton', 'Bennett', 'Dallas', 'Jace', 'Kyle', 'Reid', 'Santiago', 'Abraham']
['Jose', 'Nicolas', 'Eli', 'Asher', 'Leonardo', 'Graham', 'Chance', 'Alex', 'Colton', 'Preston']
['Finn', 'Jacob', 'Kaiden', 'Killian', 'Landon', 'am', 'Malachi', 'Amir', 'Judah', 'Brooks']
['Caden', 'Jameson', 'Braxton', 'Daniel', 'Francisco', 'Anthony', 'Gael', 'Zayden', 'Matthew', 'Emmanuel']
['Kaleb', 'Adam', 'Joel', 'Bentley', 'Silas', 'Camden', 'Kingston', 'Jesus', 'Richard', 'Austin']
['Tyler', 'Beckett', 'Angel', 'Steven', 'Samuel', 'Rowan', 'Aidan', 'Enzo', 'Dean', 'Miguel']
['Parker', 'Kai', 'Paxton', 'Cayden', 'Iker', 'Isaac', 'Waylon', 'Tristan', 'Myles', 'Corbin']
['Jack', 'George', 'Thomas', 'August', 'Lucas', 'Jasper', 'Ryan', 'Karson', 'Emilio', 'Rhett']
['Beau', 'Lukas', 'Finley', 'Omar', 'Alejandro', 'Kenneth', 'Theodore', 'Jaxson', 'Micah', 'Phoenix']
['Tucker', 'Simon', 'Henry', 'Brandon', 'Beckham', 'Paul', 'Dawson', 'Joshua', 'Michael', 'Ethan']
['Josiah', 'Amari', 'Remington', 'Greyson', 'Carlos', 'Roman', 'Andres', 'Bryson', 'Israel', 'Maximus']
['Noah', 'Dominic', 'Carson', 'Maxwell', 'Cole', 'Elias', 'Ryder', 'River', 'Charlie', 'Brian']
['Giovanni', 'Rafael', 'Maverick', 'Riley', 'Mason', 'Brady', 'Andrew', 'Robert', 'David', 'Adriel']
['Manuel', 'Avery', 'Stephen', 'Emerson', 'Eduardo', 'Victor', 'Evan', 'Leo', 'Karter', 'Hayden']
['Dylan', 'Damian', 'Jaxon', 'Connor', 'Bryce', 'Ezekiel', 'Edward', 'Holden', 'Emmett', 'Javier']
['Jonah', 'Kayden', 'Aiden', 'Harrison', 'Cody', 'Aaron', 'Jorge', 'Wesley', 'Knox', 'Logan']
['Declan', 'Ivan', 'Brantley', 'Sean', 'Andre', 'Mateo', 'Gunner', 'Jaden', 'Nicholas', 'Mark']
['Jayden', 'Chase', 'William', 'Gabriel', 'Christopher', 'Elliot', 'Owen', 'Luke', 'Benjamin', 'Matias']
['Patrick', 'Brayden', 'Martin', 'Jax', 'Kyrie', 'Charles', 'Walter', 'Caleb', 'Jesse', 'Felix']
['Diego', 'Derek', 'Barrett', 'Blake', 'Hudson', 'Isaiah', 'Ayden', 'Alexander', 'Eric', 'Wyatt']
['Abel', 'Ace', 'Jeremiah', 'Weston', 'Christian', 'Elliott', 'Elijah', 'Everett', 'Tanner', 'Theo']
['Cash', 'Brody', 'Louis', 'Josue', 'Max', 'Colt', 'Oscar', 'Lorenzo', 'Vincent', 'Kevin']
['Ryker', 'Xander', 'Timothy', 'Miles', 'Juan', 'Erick', 'Justin', 'Carter', 'Jude', 'Grayson']
['Jeremy', 'Calvin', 'Nolan', 'Thiago', 'Messiah', 'Cameron', 'Joseph', 'Easton', 'Milo', 'Griffin']
['Colin', 'Jake', 'Maddox', 'Zachary', 'Luca', 'Bradley', 'Lincoln', 'Oliver', 'Sawyer', 'Marcus']
['Gavin', 'James', 'Jordan', 'Tobias', 'Bryan', 'Nathaniel', 'Leon', 'King', 'Kaden', 'Nash']
['Zane', 'Axel', 'Antonio', 'Jason', 'Julian', 'Kameron', 'Emiliano', 'Luis', 'John', 'Damien']
['Xavier', 'Sebastian', 'Cooper', 'Legend', 'Jackson', 'Arthur', 'Hunter', 'Levi', 'Nathan', 'Ezra']
['Matteo']
