['47', '381', '101', '213', '164', '191', '382', '175', '330', '133', '308', '393']
['122', '312', '195', '221', '7', '333', '375', '20', '271', '40', '105', '54']
['260', '129', '291', '217', '28', '80', '12', '2', '127', '370', '371', '88']
['117', '211', '134', '387', '95', '228', '41', '152', '328', '58', '79', '338']
['15', '335', '222', '198', '358', '289', '339', '255', '311', '205', '179', '51']
['390', '250', '116', '36', '31', '329', '5', '392', '280', '84', '185', '21']
['87', '29', '265', '106', '320', '278', '241', '359', '71', '285', '70', '287']
['141', '18', '145', '43', '138', '207', '153', '380', '394', '357', '246', '22']
['399', '238', '56', '59', '263', '165', '247', '147', '368', '38', '135', '37']
['240', '30', '262', '6', '294', '69', '231', '160', '53', '64', '184', '14']
['108', '174', '27', '154', '219', '196', '232', '243', '168', '131', '155', '389']
['236', '42', '369', '13', '99', '345', '349', '136', '258', '340', '119', '110']
['193', '0', '92', '81', '274', '112', '183', '180', '309', '48', '167', '111']
['24', '315', '361', '86', '354', '151', '45', '46', '171', '197', '297', '248']
['327', '373', '190', '187', '272', '378', '102', '304', '282', '395', '214', '50']
['307', '257', '319', '301', '352', '74', '93', '385', '19', '35', '331', '323']
['142', '366', '170', '203', '204', '72', '169', '63', '264', '146', '194', '245']
['26', '363', '60', '123', '324', '220', '49', '279', '62', '310', '270', '384']
['386', '325', '322', '259', '89', '140', '9', '227', '336', '77', '199', '388']
['121', '318', '237', '78', '33', '223', '353', '348', '293', '251', '158', '332']
['316', '235', '225', '91', '350', '317', '295', '114', '367', '341', '23', '3']
['313', '192', '189', '239', '266', '202', '66', '281', '161', '298', '75', '177']
['391', '52', '39', '44', '253', '200', '186', '109', '351', '139', '290', '68']
['321', '104', '303', '73', '144', '182', '107', '115', '82', '288', '4', '299']
['1', '90', '242', '347', '143', '360', '337', '314', '234', '249', '126', '286']
['292', '65', '25', '277', '128', '17', '10', '364', '326', '275', '396', '215']
['268', '61', '85', '226', '11', '398', '76', '276', '252', '172', '132', '302']
['162', '283', '130', '284', '377', '157', '32', '125', '103', '149', '218', '178']
['400', '120', '210', '383', '305', '344', '365', '355', '124', '216', '362', '244']
['100', '334', '273', '343', '269', '233', '156', '67', '212', '181', '159', '224']
['208', '209', '188', '34', '261', '8', '118', '96', '356', '163', '374', '267']
['148', '176', '83', '57', '173', '230', '296', '256', '342', '55', '98', '397']
['372', '376', '379', '300', '97']
['166', '113', '229']
['306', '137']
['94', '150']
['346', '254']
['16']
['206']
['201']
