['Miley', 'Kirubel', 'Oluwatobi', 'Jirah', 'Sayd', 'Fe', 'Lamariah', 'Tobias', 'Abhinav', 'Hakop', 'Kenniyah', 'Azavier', 'Lukis', 'Keili', 'Natasia', 'Hannelore', 'Lazaria', 'Shanaiya', 'Ilyn', 'Sussy', 'Mylie', 'Chidi', 'Monserath', 'Casondra', 'Tacori', 'Mikelle', 'Dragon', 'Lynia', 'Deliany', 'Coi']
['Elway', 'Kemily', 'Asa', 'Trinitey', 'Sanae', 'Meryl', 'Jaimarie', 'Khamil', 'Jaquan', 'Kensleigh', 'Natsumi', 'Keion', 'Vinnie', 'Andriy', 'Leilah', 'Antrone', 'Vyncent', 'Stafford', 'Merlina', 'Charlett', 'Sincere', 'Caliegh', 'Gertrude', 'Leib', 'Taye', 'Atika', 'Timia', 'Daxen', 'Lilienne', 'Dereck']
['Kairy', 'Amr', 'Nakari', 'Larrissa', 'Aley', 'Dajana', 'Mikea', 'Jemiah', 'Veena', 'Kaeley', 'Citlally', 'Ramses', 'Juliano', 'Jalyiah', 'Dusan', 'Jophy', 'Thien', 'Coulson', 'Zahriyah', 'Trenise', 'Eeliyah', 'Jaleena', 'Zackrey', 'Abdulraheem', 'Shalonda', 'Jovey', 'Ishmel', 'Samauri', 'Kaymi', 'Haya']
['Seiry', 'Zuzanna', 'Jaleesa', 'Azeriah', 'Jezzelle', 'Thaddius', 'Nohely', 'Aleiyah', 'Vivica', 'Feven', 'Lilyonna', 'Mumin', 'Ameerah', 'Crystina', 'Janine', 'Nitzia', 'Quentyn', 'Sameeha', 'Nancy', 'Kinzie', 'Detravion', 'Jakelin', 'Osmin', 'Mezmariah', 'Gracia', 'Sharlene', 'Marcellino', 'Tahir', 'Ally', 'Adeleine']
['Shamyia', 'Jamonte', 'Jema', 'Lada', 'Olive', 'Merary', 'Jailon', 'Treyson', 'Jalilah', 'Guadalupe', 'Camill', 'Khalee', 'Adaley', 'Taegan', 'Denize', 'Deidre', 'Keni', 'Mikyla', 'Keemya', 'Jerriah', 'Jaaziah', 'Chanze', 'Braeley', 'Mykaylah', 'Dairon', 'Farah', 'Vanesa', 'Srinath', 'Eddieberto', 'Fidel']
['Emmanuela', 'Avigail', 'Anouk', 'Rohil', 'Lealand', 'Avielle', 'Cicily', 'Kapena', 'Deriyon', 'Demetreus', 'Bow', 'Sevastian', 'Merissa', 'Brinleigh', 'Zykerria', 'Jos', 'Coraline', 'Kariana', 'Hayven', 'Abaan', 'Julia', 'Britnee', 'Mckaylin', 'Tanyla', 'Carsten', 'Jdan', 'Salmaan', 'Nidhi', 'Dhyan', 'Michaell']
['Jaydah', 'Katalina', 'Kay', 'Lauralynn', 'Satomi', 'Gunther', 'Yajahira', 'Amritha', 'Malaja', 'Xaviel', 'Cynae', 'Alayasia', 'Ganon', 'Shahid', 'Loni', 'Iris', 'Kitty', 'Jax', 'Cliff', 'Cylah', 'Jeremias', 'Dell', 'Venezia', 'Rosalio', 'Donnelle', 'Khila', 'Ancel', 'Serenety', 'Saheim', 'Aylana']
['Kobe', 'Dainen', 'Janesha', 'Dessie', 'Ori', 'Marrius', 'Gyzelle', 'Jaquis', 'Dhalia', 'Marck', 'Adysen', 'Raymir', 'Hashem', 'Mylani', 'Zyeir', 'Dea', 'Spartan', 'Daxx', 'Niemah', 'Artyom', 'Kalum', 'Larry', 'Aysenur', 'Raeleigh', 'Jasahn', 'Maude', 'Jamiyla', 'Ahnaya', 'Carena', 'Zolin']
['Giannie', 'Asha', 'Joed', 'Kellon', 'Adriene', 'Alainna', 'Mircale', 'Anadalay', 'Elysha', 'Laticia', 'Lailani', 'Aizik', 'Jahred', 'Jebediah', 'Fabrizzio', 'Griffon', 'Aarohi', 'Marifer', 'Deedra', 'Eleah', 'Shannel', 'Byron', 'Shy', 'Tyannah', 'Shanell', 'Jacob', 'Bristol', 'Noha', 'Terriona', 'Jamaad']
['Jarem', 'Ingrid', 'Halo', 'Jatziry', 'Jesalyn', 'Takia', 'Markise', 'Makyra', 'Ebany', 'Dorcas', 'Khloee', 'Harlem', 'Ailene', 'Kaira', 'Taigen', 'Thadius', 'Marialy', 'Jamaine', 'Kaushik', 'Yonason', 'Soriya', 'Zinia', 'Seleen', 'Stefanny', 'Kirrah', 'Marwan', 'Jabes', 'Kenzington', 'Michai', 'Zoiee']
['Soniah', 'Brydan', 'Basha', 'Nalaya', 'Nakaya', 'Mylez', 'Rock', 'Marik', 'Montana', 'Shardae', 'Jayme', 'Carine', 'Kamora', 'Abriyana', 'Tafari', 'Nayara', 'Endi', 'Zamyah', 'Hesham', 'Sabastion', 'Devaun', 'Jandre', 'Bailynn', 'Lizmari', 'Kvaughn', 'Danyca', 'Abdulrehman', 'Zayquan', 'Liann', 'Jamear']
['Antwane', 'Jarrell', 'Blaine', 'Aanyah', 'Lakiyah', 'Cordai', 'Margie', 'Zaahir', 'Mariaelena', 'Casandra', 'Milene', 'Salif', 'Giankarlo', 'Estephanie', 'Jersi', 'Amonti', 'Sihaam', 'Tralaya', 'Adanna', 'Cisco', 'Jomary', 'Nakeya', 'Azzareya', 'Jeru', 'Davidjr', 'Inaki', 'Alyze', 'Tayseer', 'Yu', 'Mikaelah']
['Antonin', 'Eliziah', 'Sinia', 'Leni', 'Emilie', 'Kaeleen', 'Guy', 'Charlize', 'Jahlen', 'Treyonna', 'Gwendolynn', 'Selena', 'Anwesha', 'Quintavious', 'Aibhilin', 'Johnavan', 'Dominika', 'Marnae', 'Navia', 'Rielly', 'Jameisha', 'Ayahna', 'Delara', 'Elisah', 'Kenzlie', 'Tayyab', 'Kaleo', 'Rexford', 'Apollonia', 'Yaire']
['Donnovan', 'Jesus', 'Tam', 'Dyami', 'Shiala', 'Sagan', 'Shakila', 'Nethra', 'Gauge', 'Alyiana', 'Arsalan', 'Analiah', 'Desteni', 'Raphael', 'Noami', 'Fox', 'Yavian', 'Bright', 'Aryeh', 'Doyle', 'Hugo', 'Alieyah', 'Aman', 'Dashun', 'Emmely', 'Reynaldo', 'Evangelyne', 'Jerel', 'Alison', 'Bailei']
['Tralyn', 'Brenya', 'Ellarie', 'Liat', 'Handsome', 'Emree', 'Anagha', 'Delisha', 'Ron', 'Quintasia', 'Shamiyah', 'Leighann', 'Siena', 'Prakruti', 'Gor', 'Nishta', 'Serra', 'Rayne', 'Katarina', 'Matt', 'Amor', 'Isaak', 'Sheniyah', 'Colie', 'Jekeria', 'Kimball', 'Adaisha', 'Mykenna', 'Kenzo', 'Sydelle']
['Evia', 'Anastacio', 'Shelbee']
['Tajuan', 'Yarithza']
['Tashvi', 'Benito']
['Alaija', 'Mailen']
['Tobechi', 'Tasi']
['Yarisbel', 'Anela']
['Keyvin', 'Kyo']
['Renyah', 'Trystian']
['Hallei', 'Ricky']
['Chyna', 'Rey']
['Marcellius', 'Kayliann']
['Cyris', 'Abdoulaziz']
['Farha', 'Kaymarie']
['Jazir', 'Suri']
['Kyston', 'Sashya']
['Artie', 'Derionna']
['Litsy', 'Akasha']
['Orren']
['Ettel']
['Armita']
['Jasiya']
['Helaman']
['Kameryn']
['Masud']
['Aayana']
['Shamaiya']
['Keyin']
['Ryleeann']
['Jaeline']
['Sevren']
['Vedika']
['Oviya']
