['48', '122', '424', '74', '80', '273', '171', '254', '5', '314', '499', '396', '284', '220', '427', '493', '496', '445', '304', '106', '224', '185', '61', '417', '23', '43', '47', '331', '369', '56', '247', '488', '52', '243', '275', '134', '93', '342', '54', '244', '286', '238', '359', '368', '353', '478', '100', '6', '255', '447', '371', '332', '57', '410', '183', '458', '196', '60', '169', '215', '263', '351', '213', '218', '407', '192', '125', '384', '292', '211', '245', '49', '64', '25', '256']
['184', '160', '289', '72', '174', '201', '105', '110', '324', '115', '298', '157', '118', '477', '203', '339', '22', '442', '235', '487', '470', '246', '139', '322', '408', '117', '186', '58', '367', '320', '426', '361', '155', '469', '399', '291', '31', '141', '257', '282', '422', '455', '233', '443', '349', '343', '466', '103', '161', '172', '474', '173']
['495', '38', '390', '457', '346', '385', '433', '382', '231', '221', '66', '423', '404', '413', '409', '4', '83', '162', '388', '316', '128', '267', '405', '150', '62', '124', '456', '164', '236', '348', '266', '187', '67', '19', '75', '237', '2', '381', '296', '223', '459', '107', '419', '68', '69', '181', '177', '344', '347', '24']
['17', '448', '334', '437', '79', '354', '326', '119', '89', '26', '481', '337', '333', '197', '78', '386', '44', '398', '306', '94', '53', '429', '465', '152', '308', '287', '0', '355', '431', '120', '489', '453', '113', '126', '39', '271', '472', '440', '295', '476']
['364', '76', '10', '261', '159', '370', '391', '148', '377', '85', '229', '297', '444', '167', '301', '130', '193', '336', '498', '154', '222', '450', '104', '219', '84', '7', '335', '432', '461', '241', '272', '200', '490']
['497', '137', '216', '116', '312', '112', '414', '439', '88', '318', '360', '29', '127', '374', '35', '416', '350', '15', '209', '36', '418', '252', '202', '401', '434', '365', '156', '376', '1', '99', '307', '212']
['473', '494', '158', '102', '208', '294', '330', '462', '379', '114', '479', '63']
['283']
['146']
['460']
['373']
['205']
['91']
['41']
['380']
['170']
['249']
['366']
['449']
['303']
['46']
['357']
['147']
['293']
['65']
['248']
['492']
['133']
['228']
['3']
['132']
['151']
['178']
['30']
['251']
['135']
['136']
['260']
['300']
['190']
['98']
['227']
['239']
['475']
['87']
['415']
['329']
['179']
['446']
['131']
['392']
['59']
['285']
['363']
['262']
['20']
['82']
['471']
['362']
['97']
['277']
['323']
['265']
['483']
['55']
['264']
['341']
['108']
['70']
['27']
['123']
['315']
['226']
['480']
['356']
['338']
['210']
['101']
['395']
['268']
['129']
['276']
['394']
['109']
['142']
['402']
['313']
['340']
['269']
['451']
['37']
['199']
['18']
['189']
['378']
['400']
['290']
['430']
['92']
['319']
['375']
['412']
['8']
['242']
['288']
['311']
['180']
['464']
['406']
['9']
['253']
['12']
['86']
['454']
['389']
['491']
['240']
['140']
['310']
['345']
['230']
['73']
['176']
['149']
['165']
['138']
['204']
['435']
['214']
['21']
['51']
['484']
['166']
['96']
['90']
['50']
['383']
['259']
['328']
['32']
['217']
['207']
['468']
['425']
['121']
['175']
['421']
['77']
['188']
['411']
['327']
['81']
['111']
['194']
['16']
['198']
['28']
['403']
['441']
['278']
['280']
['258']
['234']
['145']
['302']
['168']
['309']
['40']
['372']
['14']
['299']
['393']
['11']
['436']
['438']
['452']
['153']
['486']
['71']
['281']
['352']
['274']
['321']
['482']
['279']
['232']
['358']
['143']
['420']
['485']
['305']
['250']
['42']
['182']
['13']
['195']
['95']
['144']
['33']
['397']
['428']
['163']
['34']
['206']
['191']
['225']
['325']
['463']
['317']
['270']
['45']
['467']
['387']
