['43', '291', '281', '381', '282', '292', '42', '40', '297', '296', '298', '45', '367', '294', '289', '370', '375', '295', '290', '287', '51', '366', '300', '288', '286', '50', '363', '220', '49', '283']
['329', '339', '322', '406', '337', '410', '395', '324', '331', '321', '335', '338', '328', '388', '334', '327', '326', '386', '396', '336', '330', '400', '405', '325', '397', '340', '323', '333', '332', '408']
['123', '253', '260', '118', '121', '251', '249', '255', '261', '110', '223', '111', '256', '259', '258', '115', '257', '243', '254', '112', '252', '119', '248', '245', '247', '250', '244', '246', '65', '116']
['17', '148', '81', '6', '144', '67', '160', '420', '143', '9', '32', '30', '21', '122', '120', '147', '433', '31', '180', '468', '411', '437', '124', '382', '213', '151', '14', '114', '152', '415']
['132', '423', '429', '413', '130', '436', '427', '432', '416', '414', '425', '417', '434', '435', '134', '431', '428', '430', '131', '127', '128', '362', '419', '422', '424', '421', '418', '412', '125', '139']
['489', '486', '487', '467', '480', '469', '482', '472', '470', '279', '471', '477', '484', '483', '478', '488', '473', '495', '491', '493', '476', '494', '475', '479', '492', '481', '466', '485', '474', '490']
['186', '183', '178', '227', '237', '187', '240', '232', '224', '185', '241', '182', '181', '225', '228', '184', '242', '238', '230', '236', '231', '229', '188', '173', '239', '176', '226', '234', '177', '235']
['164', '13', '441', '387', '390', '407', '194', '161', '394', '399', '195', '401', '12', '10', '463', '162', '409', '190', '391', '402', '404', '197', '393', '398', '205', '389', '403', '158', '392', '159']
['352', '92', '86', '462', '56', '461', '358', '349', '354', '88', '93', '464', '350', '83', '452', '449', '91', '455', '80', '453', '94', '61', '454', '460', '341', '356', '445', '64', '351', '57']
['309', '343', '320', '302', '345', '316', '63', '306', '360', '305', '344', '308', '317', '59', '313', '347', '303', '11', '314', '304', '85', '301', '307', '315', '310', '311', '146', '357', '318', '319']
['192', '265', '274', '266', '383', '361', '377', '264', '52', '379', '384', '262', '364', '270', '200', '193', '378', '376', '368', '372', '199', '371', '385', '369', '440', '374', '278', '365', '277', '380']
['23', '105', '98', '100', '216', '101', '97', '102', '108', '210', '95', '109', '209', '99', '221', '219', '214', '217', '212', '208', '107', '24', '293', '207', '211', '218', '96', '104', '103', '73']
['154', '465', '459', '19', '451', '447', '47', '312', '15', '20', '48', '38', '444', '84', '439', '28', '41', '89', '457', '33', '456', '87', '448', '458', '36', '443', '442', '438', '446', '29']
['153', '155', '25', '168', '172', '26', '201', '157', '166', '54', '7', '145', '142', '170', '55', '163', '198', '171', '169', '202', '167', '156', '53', '140', '165', '206', '8', '18', '5', '60']
['263', '346', '275', '342', '271', '284', '355', '280', '133', '106', '276', '272', '90', '35', '82', '34', '58', '267', '373', '359', '39', '233', '27', '353', '141', '285', '215', '348', '37', '273']
['77', '78', '69', '129', '138', '70', '68', '72', '71', '79', '16', '136', '126', '74', '76', '137', '222', '66', '203', '75', '189', '22', '4']
['1', '2', '3', '0']
['191', '204', '196']
['179', '175', '174']
['149', '150']
['269', '299']
['44', '46']
['113']
['135']
['268']
['426']
['450']
['62']
['117']
