['c2', 'm1', 'q9', 'q4', 'a8', 'n6', 'l4', 's9', 'r9', 'u9']
['n9', 'b2', 'c8', 'f8', 'h5', 'j2', 'u1', 'v3', 'h9', 'r1']
['d7', 'c1', 'e10', 'x3', 'j9', 'k5', 'p8', 'c10', 'q5', 'v6']
['b8', 'g10', 'y4', 'g8', 'u7', 'w5', 't5', 'h8', 'i3', 's2']
['j8', 'k1', 'd10', 'd2', 'w8', 'k4', 'r10', 'f3', 'y7', 'b10']
['l8', 'i4', 'r8', 's10', 'e4', 'y3', 'b7', 'd6', 'u10', 'u3']
['p7', 'k2', 't1', 'n3', 'h7', 'x7', 'l5', 'm8', 'm2', 'l10']
['x6', 'o9', 'a4', 'h2', 's8', 'e6', 'i8', 'a6', 'r2', 'y1']
['l2', 't9', 's4', 'm9', 'r5', 'o3', 'u6', 'g6', 'f10', 'x5']
['t3', 't6', 'y9', 's1', 'b1', 'e3', 'l3', 'i7', 'a1', 'q6']
['j6', 'd9', 'j7', 'm6', 'w1', 'f2', 'x4', 'n4', 'f1', 'y2']
['n5', 'd4', 'e9', 'y10', 'u2', 'h6', 'k8', 'n7', 'd5', 'g2']
['v8', 'r7', 'p3', 'r3', 'n1', 'o2', 'b6', 'c4', 'd8', 'n10']
['v10', 'n2', 'd1', 'y5', 'm3', 'm5', 'g7', 'o6', 'j10', 'c7']
['p9', 'x10', 'j3', 'x2', 'h4', 't2', 't4', 'p1', 'f7', 'o10']
['k9', 'c5', 'o8', 'k7', 'v9', 'i6', 'q1', 'w6', 'a9', 'q8']
['v5', 'v2', 'n8', 'g4', 'b4', 'a5', 's3', 'l1', 'w4', 'p10']
['h1', 'q3', 'v4', 'w9', 'h10', 'i10', 'r6', 'u8', 'd3', 'o7']
['o5', 's7', 'i2', 'm7', 'a3', 'e8', 'o4', 'u5', 'b3', 'a2']
['a10', 'j4', 'p6', 'g3', 'p4', 'g1', 'j5', 'l7', 'v1', 'r4']
['q2', 'm4', 'y8', 't10', 'e5', 'u4', 'w10', 's5', 'o1', 't8']
['x8', 't7', 'f9', 'p5', 'm10', 'i1', 'a7', 'b5', 'w3', 'y6']
['q7', 'i5', 'k6', 'f5', 'j1']
['g5', 'x9', 'e2', 'g9', 'c6', 'l9', 'q10', 'i9', 'w2', 'l6', 'k3', 'p2', 'v7']
['f6', 'f4', 'e1', 'c9', 'h3', 's6', 'b9', 'k10', 'e7', 'x1', 'c3', 'w7']
