['AEH', 'AOS', 'ARR', 'AFS', 'AHP', 'AQX', 'AMY', 'AGA', 'AAS', 'AHY', 'AML', 'ANR', 'AIH', 'AQJ', 'AGT', 'ARW', 'ACN', 'AJN']
['ADQ', 'AGR', 'AGO', 'ABK', 'ACA', 'ABO', 'APP', 'ADV', 'ALV', 'ANQ', 'AQQ', 'AEA', 'AMO', 'ALD', 'AOV', 'ARA', 'ASU', 'AGY']
['AFV', 'AHD', 'ACL', 'AJD', 'AHF', 'ASV', 'AIW', 'ASK', 'AIG', 'ADC', 'ANX', 'AHR', 'AOO', 'AEN', 'AIC', 'AKH', 'AOG', 'AKN']
['APU', 'AJA', 'AAF', 'AFQ', 'ALK', 'ARC', 'AFU', 'AJY', 'AAU', 'AFY', 'AOW', 'AKA', 'APO', 'AST', 'AGQ', 'ADF', 'ABE', 'ACO']
['AHI', 'ADM', 'AAO', 'AMM', 'ALA', 'AKS', 'AOP', 'ATA', 'AIX', 'ATM', 'AOX', 'APD', 'ATO', 'AMQ', 'AJC', 'ALP', 'AIJ', 'AEG']
['AMJ', 'AFB', 'ACU', 'AQM', 'ASL', 'AJL', 'ADG', 'ACR', 'AHX', 'AMS', 'AFW', 'APM', 'ATC', 'ANS', 'AIQ', 'AQP', 'ADX', 'AOI']
['ANU', 'ATI', 'AFO', 'AMV', 'ACX', 'AIA', 'ABQ', 'AKE', 'ASM', 'AGJ', 'AFF', 'ARF', 'AME', 'ARE', 'AKB']
['ARQ', 'ASX', 'ANO', 'AKO', 'ACD', 'ANJ', 'ABX', 'AGF', 'AJR', 'AAW', 'AAR', 'ACF']
['AMR', 'AJB', 'ABF', 'ADK', 'ABU', 'APE', 'AJQ', 'ACE', 'ADO', 'APK', 'ACJ', 'AMK']
['ATW', 'AHH', 'ARL', 'APH', 'AIU', 'AIB', 'AKD', 'ACB', 'AKG', 'ALR', 'AOY', 'ANV']
['AJE', 'ASI', 'AOQ', 'APS', 'AMF', 'APY', 'ALN', 'ADJ', 'AIP', 'ABP', 'AGS', 'ATX']
['AQS', 'ASC', 'AQT', 'AQB', 'ACV', 'AKC', 'ABC', 'ABA', 'AEB', 'AKU', 'ACK', 'AQN']
['AGX', 'AKQ', 'ATS', 'AQA', 'AKF', 'AOF', 'ADT', 'ATQ', 'ANY', 'AFP', 'ALM', 'ATG']
['AFA', 'AEQ', 'APT', 'AQR', 'ACS', 'AEI', 'ACG', 'ABD', 'AHM', 'AIN', 'AAD', 'APG']
['AMD', 'AFX', 'ACW', 'ATN', 'AEC', 'AQC', 'AOC', 'ALY', 'AOK', 'APL', 'ADL', 'AIS']
['ADB', 'AEL', 'ATF', 'ASS', 'AAJ', 'AKL', 'AGN', 'AGE', 'ANK', 'AQO', 'AHA', 'ALG']
['AAG', 'AFM', 'AHK', 'AEV', 'ANF', 'ASG', 'AHG', 'AHC', 'AHT', 'AEW', 'ANC', 'ABS']
['AQD', 'AQK', 'AHN', 'AHW', 'AJX', 'ATP', 'AMT', 'ABV', 'ANP', 'ACT', 'AFC', 'AHQ']
['ABJ', 'ADP', 'ATR', 'AQU', 'APN', 'AJT', 'ABG', 'AAH', 'ABN', 'AHO', 'ASF', 'AFL']
['ALC', 'AFD', 'AJK', 'ALT', 'ABT', 'AAY', 'ADE', 'AEU', 'ARB', 'AAC', 'ACI', 'ANN']
['APJ', 'ARY', 'AGM', 'AIK', 'ABR', 'AMW', 'ASJ', 'AEF', 'AKM', 'AQI', 'ANL', 'ASW']
['AAI', 'AIL', 'AHU', 'AAA', 'AOL', 'AOB', 'AQL', 'ACY', 'ATB', 'AAM', 'ATL', 'AII']
['AFH', 'AMX', 'AQW', 'AKW', 'ASA', 'AKJ', 'ARD', 'AAX', 'ABB', 'ACM', 'ATE', 'AJO']
['ADR', 'AMH', 'ATV', 'AAQ', 'AES', 'AJF', 'AFK', 'AAT', 'AMG', 'APR', 'AIE', 'AHS']
['ABI', 'AJG', 'ASN', 'APF', 'ALQ', 'AGC', 'ADH', 'ARP', 'AFN', 'ALS', 'AQH', 'APC']
['AER', 'AMB', 'AND', 'ALF', 'AMI', 'API', 'AET', 'ANI', 'ARG', 'ATK', 'APW', 'ANM']
['AOT', 'AID', 'ATU', 'AKV', 'AIV', 'AEO', 'ARX', 'AAL', 'ASP', 'ABM', 'AOJ', 'ARJ']
['ADU', 'AGK', 'ASY', 'ALH', 'ALB', 'ADY', 'ANA', 'AAE', 'AMC', 'AKY', 'AFI', 'ASQ']
['AHV', 'ARO', 'ALE', 'AIF', 'AMU', 'AIO', 'AJI', 'AOU', 'ALO', 'ABW', 'ARS', 'AED']
['AAN', 'AEP', 'ASR', 'AHJ', 'AEY', 'ANB', 'ATJ', 'AKI', 'AIY', 'ALX', 'AAK', 'AJP']
['AGV', 'AFT', 'ABY', 'AFJ', 'AOH', 'AGW', 'ARI', 'AFG', 'AKR', 'AHB', 'ALW', 'AOE']
['AON', 'AJU', 'AGU', 'AJH', 'ADW', 'AGB', 'ARU', 'ABH', 'AEX', 'ASH', 'AKK', 'ANT']
['ADI', 'ASE', 'ATY', 'AIR', 'AQG', 'ALL', 'ADD', 'ACH', 'AEK', 'ARH', 'ARM', 'AOM']
['ASD', 'APB', 'ACQ', 'ASB', 'AMA', 'APX', 'ADA', 'ACC', 'AEM', 'ATT', 'AMN', 'ARV']
['ADN', 'AQE', 'ARN', 'ALJ', 'AEJ', 'AKT', 'AGL', 'AGG', 'AKP', 'AEE', 'AHE', 'ACP']
['AFE', 'ALI', 'AJW', 'AJS', 'ART', 'AIT', 'AGP', 'ABL', 'AQV', 'AJV', 'AQF', 'ADS']
['AHL', 'AOR', 'AAV', 'AGI', 'AAB', 'AKX', 'ARK', 'AIM', 'ANW', 'AJM', 'ATH', 'AOA']
['ANG', 'AAP', 'ASO', 'ALU', 'AQY', 'ANE', 'APV', 'AOD', 'AMP', 'APQ', 'AFR', 'ATD']
['ANH', 'AGD', 'AJJ']
['AGH', 'APA']
