['16', '32', '48', '144', '72', '33', '51', '71', '9', '43', '35', '66', '4', '77', '58', '44', '6', '19', '31', '40', '41', '1', '14', '69', '73', '49', '64', '8', '7', '24']
['179', '153', '174', '433', '206', '427', '194', '157', '185', '224', '444', '162', '197', '186', '167', '164', '429', '210', '202', '431', '222', '223', '169', '217', '211', '436', '177', '176', '200', '173']
['76', '110', '499', '115', '493', '341', '132', '482', '139', '98', '488', '128', '117', '143', '100', '102', '491', '484', '87', '120', '97', '111', '107', '126', '108', '86', '84', '125', '103', '483']
['301', '289', '276', '261', '310', '399', '281', '324', '318', '284', '260', '383', '311', '378', '303', '422', '423', '404', '425', '233', '280', '323', '247', '322', '243', '267', '293', '286', '300', '283']
['446', '216', '207', '198', '468', '410', '439', '196', '199', '170', '189', '156', '220', '411', '462', '221', '379', '213', '212', '219', '419', '203', '472', '407', '377', '192', '432', '474', '475', '471']
['452', '53', '465', '451', '354', '168', '159', '332', '154', '314', '375', '309', '296', '151', '225', '328', '372', '215', '218', '180', '455', '307', '195', '466', '205', '172', '190', '295', '165', '178']
['94', '400', '137', '135', '116', '80', '145', '415', '121', '394', '398', '326', '88', '352', '136', '291', '149', '91', '106', '147', '99', '83', '369', '92', '343', '93', '131', '150', '418', '368']
['17', '30', '184', '70', '27', '75', '38', '265', '112', '57', '140', '163', '29', '274', '50', '263', '65', '39', '68', '13', '26', '235', '129', '15', '59', '81', '54', '238', '62', '146']
['447', '67', '79', '171', '5', '18', '34', '183', '188', '327', '60', '141', '338', '441', '148', '23', '61', '22', '3', '11', '56', '345', '52', '55', '46', '36', '25', '355', '124', '187']
['478', '130', '122', '485', '448', '101', '457', '105', '458', '90', '82', '450', '445', '477', '138', '435', '481', '123', '487', '114', '109', '470', '461', '440', '96', '449', '229', '134', '244', '500']
['306', '340', '361', '334', '312', '371', '193', '464', '201', '336', '28', '360', '365', '319', '370', '357', '374', '453', '304', '373', '288', '335', '214', '292', '279', '333', '277', '473', '342', '287']
['495', '152', '269', '237', '227', '390', '414', '166', '406', '412', '489', '382', '239', '242', '463', '257', '271', '228', '264', '181', '275', '232', '408', '467', '387', '272', '490', '256', '456', '236']
['63', '10', '74', '226', '2', '469', '385', '396', '330', '376', '231', '42', '12', '460', '351', '416', '251', '454', '47', '85', '21', '409', '37', '402', '45', '95', '209', '241', '20', '353']
['315', '317', '282', '308', '305', '316', '294', '285', '321', '386', '459', '420', '278', '392', '476']
['270', '246', '248', '250', '268', '245', '230', '249', '234', '253']
['348', '339', '331', '349', '347', '358', '363', '366', '367']
['364', '337', '350', '362', '346', '356', '329', '344', '359']
['160', '204', '155', '175', '208', '161', '191', '182', '158']
['266', '255', '240', '273', '254', '258', '262', '259', '252']
['113', '142', '119', '127', '89', '78', '104', '133', '118']
['426', '437', '442', '430', '428', '443', '434', '438']
['497', '492', '486', '479', '498', '496', '480', '494']
['320', '299', '290', '302', '297', '313', '298', '325']
['389', '393', '401', '384', '395', '388', '405', '380']
['417', '424', '397', '413', '421', '381', '403', '391']
