['Winnifred', 'Patricia', 'Fred', 'Morgan', 'Anthony', 'Maureen', 'Grant', 'Cory', 'Frederick', 'Jeanine', 'Rebecca', 'Scot', 'Maria', 'Booker', 'Frank', 'Nicole', 'Bradley', 'Clarence', 'Caridad', 'Jeffery', 'Bertha', 'Peggy', 'Andres', 'Stephen', 'Kimberly', 'Matthew', 'Lonnie', 'Stanley', 'Annette', 'Ida', 'Eric', 'Timothy', 'Elia', 'Marco', 'Annalee', 'Rosa', 'Marquerite', 'Jayme', 'Kenneth', 'Eugene', 'Tracy', 'Shirley', 'Reggie', 'Andre', 'Mabel', 'Roy', 'Blair', 'Leticia', 'Margaret', 'Ricky', 'Brandon', 'Jane', 'Jennifer', 'Kristin', 'Guy', 'Janet', 'Ana', 'Kellie', 'Mark', 'Joanne', 'Fredrick', 'Dorothy', 'Lana', 'Juan', 'Hedwig', 'Marcella', 'Lawrence', 'Marie', 'Moses', 'Ollie', 'Constance', 'Loraine', 'Gilda', 'Gwen', 'Marlene', 'Kisha', 'Alice', 'Beth', 'Deanna', 'Mireya', 'Ann', 'Carmelita', 'Ernestine', 'Evelyn', 'Derrick', 'Hugh', 'Toni', 'Brian', 'Fernando', 'Dennis', 'Fredda', 'Travis', 'Sam', 'Phillip', 'Chris', 'Ralph', 'Veronica', 'Karren', 'Kirk', 'Christian', 'Tanya', 'Raphael', 'Lori', 'Ellis', 'Ryan', 'Amos', 'Jessica', 'Sherri', 'Eva', 'Jorge', 'Cheryl', 'Harold', 'Louis', 'Linda', 'Joshua', 'Inez', 'Derek', 'Stephanie', 'Emmie', 'Dana', 'Reuben', 'Donald', 'Bruce', 'Theresa', 'Edward']
['Joann', 'Heather', 'Wilma', 'Judy', 'Kylie', 'Irving', 'Thomas', 'Glennie', 'Samuel', 'Alfred', 'Amy', 'Ouida', 'Jesus', 'Kathryn', 'Garrett', 'Kaitlyn', 'Martin', 'Paula', 'Gladys', 'Bobby', 'Anna', 'Rolf', 'Wayne', 'Tim', 'Kelly', 'Douglas', 'Steve', 'Carol', 'Joseph', 'George', 'Melissa', 'Del', 'Herbert', 'John', 'Tara', 'Janene', 'Maryann', 'Laurie', 'Sharon', 'Curtis', 'Kerri', 'Barbara', 'Viola', 'Brenda', 'April', 'Carmen', 'Alison', 'Shannon', 'Leanne', 'Cecile', 'Mario', 'Randolph', 'Francisco', 'Jo', 'Darrell', 'Erik', 'Eleanor', 'Phyllis', 'Raul', 'Mildred', 'Cindy', 'Lisha', 'Wallace', 'Reginald', 'Glenna', 'Jean', 'Kerrie', 'Quintin', 'Raymond', 'Craig', 'Cassie', 'Priscilla', 'Antonio', 'Patrick', 'Michele', 'Stacie', 'Daniel', 'Molly', 'Emily', 'Rhonda', 'Jeff', 'Imogene', 'Elizabeth', 'Alicia', 'Alex', 'Lorraine', 'Ruby', 'Andrea', 'Joni', 'Marjorie', 'Ingeborg', 'Ronald', 'Morris', 'Judith', 'Robyn', 'Catherine', 'Adele', 'Cesar', 'Richard', 'Tuan', 'Lillian', 'Mary', 'Stacy', 'Pamella', 'Pat', 'Doris', 'Jimmy', 'Pamela', 'Mike', 'Monica', 'Nina', 'Karen', 'Lulu', 'Philip', 'Keri', 'Albert', 'Selma', 'Donna', 'Michelle', 'Jeremy', 'Marcelino', 'Dorothea', 'Dale', 'Calvin', 'Rafael']
['Dawn', 'Irene', 'Emery', 'Sylvia', 'Lewis', 'Diana', 'Gloria', 'Susan', 'Justin', 'Margarito', 'Wanda', 'Dean', 'Corey', 'Clarissa', 'Tommy', 'Jacque', 'Marion', 'Polly', 'Pablo', 'Lucie', 'Theodore', 'Laura', 'Roberta', 'Domingo', 'Larry', 'Warren', 'Raeann', 'Willis', 'Lynne', 'Gail', 'Ursula', 'Ward', 'Glen', 'Selina', 'Clayton', 'Tony', 'Sofia', 'Connie', 'Berta', 'Roosevelt', 'Tamika', 'Don', 'Troy', 'Roger', 'Melanie', 'Eugenia', 'Mae', 'Sheryl', 'Lessie', 'Belinda', 'Pauline', 'Kevin', 'Winifred', 'Elsie', 'Olivia', 'Suzie', 'Rosalee', 'Gerardo', 'Cornelius', 'Gary', 'Lucille', 'Margert', 'Betty', 'Lyle', 'Adam', 'Jose', 'Martha', 'Thelma', 'Robert', 'Beverly', 'William', 'James', 'Alvin', 'Stephany', 'Rachel', 'Ronda', 'Jonathan', 'Leona', 'Virginia', 'Ashley', 'Jesse', 'Ruth', 'Eura', 'Carlos', 'Will', 'Bessie', 'Kristine', 'Michael']
['Jason']
['Lydia']
['Juanita']
['Miguel']
['Marilyn']
['Susanna']
['Beulah']
['Charles']
['Norma']
['Paul']
['Ernest']
['Lucy']
['Victor']
['Joe']
['Georgette']
['Rick']
['Marlin']
['Crystal']
['Gregory']
['Cecilia']
['Gordon']
['Carole']
['Latisha']
['Wilson']
['Edwin']
['Sylvester']
['Pete']
['Walter']
['Gerald']
['Deborah']
['Freda']
['Matt']
['Norman']
['Vella']
['Danielle']
['Gertrude']
['Christina']
['Reinaldo']
['Charlotte']
['Nancy']
['Bethany']
['Mable']
['Lane']
['Angela']
['Ray']
['Natalie']
['Sally']
['Josephine']
['David']
['Christopher']
['Danny']
['Steven']
['Miles']
['Everett']
['Bonnie']
['Marian']
['Dawna']
['Leigh']
['Laurence']
['Wendy']
['Krysten']
['Esther']
['Christine']
['Ellen']
['Audrey']
['Mack']
['Helen']
['Myriam']
['Roberto']
['Burl']
['Clyde']
['Myron']
['Angelica']
['Harvey']
['Geraldine']
['Arturo']
['Alexander']
['Jacob']
['Teresa']
['Kathleen']
['Jodi']
['Cassandra']
['Carl']
['Lahoma']
['Andrew']
['Darlene']
['Debra']
['Robin']
['Jeffrey']
['Therese']
['Rosie']
['Willie']
['Terry']
['Lloyd']
['Kim']
['Nelson']
['Wesley']
['Peter']
['Nola']
['Bernard']
['Sarita']
['Ivonne']
['Seth']
['Rosalyn']
['Lena']
['Katherine']
['Lilian']
['Cathy']
