['217', '47', '2', '4', '37', '1', '188', '275', '59', '205', '329', '8', '176', '143', '342', '191', '25', '104', '392', '178']
['160', '100', '122', '85', '279', '362', '263', '352', '82', '107', '295', '300', '287']
['301', '3', '105', '297', '131', '186', '382', '9', '65']
['339', '76', '19', '246', '110', '343', '261', '157', '12']
['185', '242', '180', '179', '67', '10', '323', '136', '380']
['138', '228', '56', '50', '62', '194', '304', '147']
['23', '99', '201', '346', '349', '316', '244', '366']
['299', '137', '289', '21', '385', '154', '41']
['33', '305', '247', '96', '28', '222', '249']
['43', '257', '45', '49', '206', '118', '158']
['32', '331', '196', '375', '379', '169', '353']
['48', '27', '237', '75', '166', '139', '133']
['35', '233', '310', '243', '388', '338', '164']
['266', '86', '123', '344', '296', '253', '325']
['66', '192', '55', '387', '378', '256']
['340', '102', '226', '268', '313', '91']
['216', '270', '51', '195', '46', '150']
['224', '6', '290', '112', '90', '127']
['317', '84', '377', '177', '40', '236']
['235', '291', '262', '358', '328', '368']
['70', '145', '109', '254', '347', '359']
['240', '369', '260', '199', '281', '367']
['184', '30', '306', '72', '175', '114']
['61', '152', '308', '354', '356', '151']
['174', '181', '232', '15', '119', '115']
['204', '389', '87', '89', '197', '165']
['283', '155', '248', '117', '146', '373']
['288', '11', '277', '26', '163']
['345', '38', '211', '129', '398']
['60', '258', '286', '124', '213']
['322', '149', '360', '293', '269']
['399', '212', '336', '167', '63']
['121', '265', '255', '361', '182']
['209', '381', '234', '341', '250']
['78', '111', '36', '53', '264']
['14', '271', '363', '113', '210']
['318', '315', '24', '95', '376']
['372', '97', '125', '245', '156']
['355', '383', '324', '229', '159']
['98', '364', '77', '273', '183']
['200', '298', '44', '22', '231']
['80', '384', '396', '171', '101']
['348', '326', '57', '330', '106']
['397', '39', '13', '173', '83']
['241', '130', '319', '221', '351']
['5', '73', '7', '395']
['17', '223', '332', '103']
['198', '227', '92', '54']
['193', '238', '252', '141']
['208', '168', '278']
['312', '311', '20']
['285', '391', '357']
['29', '390', '142']
['239', '34', '42']
['321', '259', '64']
['219', '220', '370']
['16', '144', '132']
['276', '18', '120']
['153', '320', '333']
['71', '52', '190']
['94', '374', '302']
['69', '58', '309']
['140', '230', '148']
['189', '214', '202']
['0', '337']
['327', '294']
['74', '284']
['170', '215']
['393', '274']
['203', '126']
['108', '116']
['161', '134']
['93', '81']
['31', '162']
['394']
['88']
['225']
['251']
['334']
['79']
['314']
['267']
['128']
['172']
['303']
['371']
['187']
['135']
['207']
['272']
['365']
['386']
['68']
['218']
['282']
['335']
['307']
['292']
['280']
['350']
