['node44', 'node50', 'node48', 'node54', 'node55', 'node43', 'node47', 'node42', 'node45', 'node49', 'node46', 'node245', 'node52', 'node51', 'node53']
['node331', 'node329', 'node332', 'node327', 'node334', 'node326', 'node324', 'node242', 'node333', 'node323', 'node322', 'node335', 'node328', 'node330', 'node325']
['node189', 'node193', 'node192', 'node183', 'node182', 'node392', 'node188', 'node194', 'node187', 'node195', 'node184', 'node191', 'node185', 'node186', 'node190']
['node313', 'node310', 'node314', 'node320', 'node311', 'node316', 'node315', 'node317', 'node321', 'node309', 'node308', 'node312', 'node319', 'node372', 'node318']
['node127', 'node132', 'node126', 'node129', 'node141', 'node138', 'node133', 'node135', 'node134', 'node131', 'node128', 'node137', 'node136', 'node139', 'node130']
['node386', 'node384', 'node391', 'node378', 'node388', 'node390', 'node389', 'node381', 'node379', 'node383', 'node380', 'node385', 'node382', 'node414', 'node387']
['node57', 'node69', 'node58', 'node65', 'node60', 'node62', 'node366', 'node68', 'node63', 'node67', 'node61', 'node56', 'node64', 'node59', 'node66']
['node396', 'node1', 'node4', 'node8', 'node12', 'node5', 'node7', 'node2', 'node10', 'node274', 'node3', 'node11', 'node6', 'node13', 'node9']
['node27', 'node21', 'node26', 'node23', 'node17', 'node359', 'node22', 'node15', 'node20', 'node16', 'node19', 'node25', 'node254', 'node24', 'node14']
['node268', 'node257', 'node255', 'node256', 'node260', 'node263', 'node253', 'node259', 'node261', 'node264', 'node265', 'node262', 'node252', 'node151', 'node258']
['node172', 'node171', 'node170', 'node168', 'node174', 'node178', 'node169', 'node179', 'node175', 'node177', 'node180', 'node173', 'node176', 'node181', 'node240']
['node112', 'node116', 'node375', 'node121', 'node35', 'node118', 'node125', 'node113', 'node124', 'node122', 'node123', 'node115', 'node117', 'node119', 'node114']
['node102', 'node98', 'node107', 'node108', 'node109', 'node106', 'node110', 'node104', 'node103', 'node111', 'node100', 'node99', 'node105', 'node101']
['node419', 'node406', 'node407', 'node413', 'node160', 'node417', 'node412', 'node409', 'node418', 'node410', 'node416', 'node415', 'node411', 'node408']
['node235', 'node229', 'node232', 'node226', 'node225', 'node236', 'node233', 'node224', 'node234', 'node231', 'node237', 'node227', 'node230', 'node228']
['node340', 'node339', 'node349', 'node336', 'node348', 'node342', 'node338', 'node344', 'node345', 'node337', 'node347', 'node341', 'node346', 'node343']
['node217', 'node220', 'node222', 'node219', 'node213', 'node210', 'node212', 'node223', 'node214', 'node221', 'node215', 'node211', 'node216', 'node218']
['node305', 'node296', 'node295', 'node302', 'node294', 'node306', 'node301', 'node303', 'node297', 'node304', 'node299', 'node298', 'node307', 'node300']
['node292', 'node293', 'node289', 'node288', 'node287', 'node285', 'node290', 'node280', 'node291', 'node286', 'node284', 'node283', 'node282', 'node281']
['node81', 'node74', 'node79', 'node75', 'node78', 'node71', 'node80', 'node76', 'node72', 'node77', 'node83', 'node82', 'node73', 'node70']
['node96', 'node92', 'node90', 'node85', 'node89', 'node93', 'node95', 'node84', 'node94', 'node86', 'node91', 'node87', 'node97', 'node88']
['node357', 'node351', 'node361', 'node356', 'node209', 'node363', 'node354', 'node353', 'node360', 'node355', 'node358', 'node18', 'node350', 'node352', 'node362']
['node155', 'node156', 'node165', 'node158', 'node161', 'node163', 'node157', 'node154', 'node164', 'node166', 'node159', 'node167', 'node162']
['node32', 'node30', 'node37', 'node39', 'node40', 'node36', 'node31', 'node38', 'node33', 'node29', 'node41', 'node34', 'node28']
['node198', 'node206', 'node197', 'node203', 'node200', 'node204', 'node199', 'node201', 'node196', 'node202', 'node207', 'node208', 'node205']
['node279', 'node273', 'node270', 'node269', 'node266', 'node277', 'node275', 'node278', 'node272', 'node271', 'node267', 'node276']
['node405', 'node401', 'node399', 'node395', 'node404', 'node398', 'node400', 'node403', 'node397', 'node393', 'node394', 'node402']
['node153', 'node145', 'node149', 'node146', 'node150', 'node143', 'node142', 'node144', 'node152', 'node140', 'node147', 'node148']
['node374', 'node368', 'node369', 'node376', 'node373', 'node364', 'node370', 'node365', 'node367', 'node371', 'node377']
['node244', 'node238', 'node251', 'node248', 'node246', 'node243', 'node249', 'node241', 'node250', 'node247', 'node239']
['node120', 'node420']
