['32', '179', '276', '51', '71', '304', '65', '185', '61', '26', '56', '387', '143', '62', '420', '286', '20', '102', '451', '365', '223', '328', '149', '373', '454', '432', '109', '245', '64', '475']
['446', '76', '33', '38', '112', '29', '352', '136', '220', '403', '341', '35', '251', '142', '275', '329', '54', '252', '353', '399', '319', '294', '292', '384', '436', '172', '131', '474', '300', '476']
['122', '144', '216', '397', '80', '159', '414', '188', '318', '90', '89', '321', '259', '191', '338', '417', '270', '167', '187', '301', '0', '401', '371', '60', '263', '219', '472', '307', '349', '471']
['198', '79', '385', '5', '396', '66', '288', '47', '337', '350', '197', '93', '359', '293', '367', '158', '320', '269', '430', '140', '196', '431', '357', '383', '253', '378', '14', '217', '195', '395']
['153', '468', '415', '231', '460', '224', '23', '339', '377', '229', '132', '369', '139', '45', '36', '134', '44', '398', '152', '237', '193', '250', '87', '309', '376', '213', '257', '69', '123', '73']
['137', '74', '163', '326', '284', '298', '374', '225', '118', '477', '83', '162', '449', '316', '53', '361', '19', '332', '183', '154', '151', '372', '84', '407', '264', '271', '455', '440', '343', '241']
['48', '10', '201', '273', '457', '354', '362', '363', '157', '463', '242', '389', '425', '444', '345', '124', '255', '135', '207', '75', '18', '262', '107', '126', '138', '180', '344', '8', '146', '24']
['184', '16', '160', '448', '28', '427', '9', '85', '442', '402', '232', '205', '238', '212', '306', '155', '2', '31', '111', '42', '379', '323', '443', '461', '211', '59', '230', '479', '295', '91']
['400', '289', '116', '121', '171', '110', '88', '411', '445', '194', '106', '315', '409', '175', '331', '258', '81', '226', '208', '458', '327', '156', '169', '419', '335', '11', '240', '161', '25', '200']
['17', '290', '390', '428', '439', '12', '278', '147', '423', '404', '467', '117', '473', '190', '418', '340', '94', '204', '410', '101', '310', '199', '375', '450', '462', '104', '192', '233', '95', '7']
['265', '437', '394', '34', '115', '206', '391', '416', '203', '435', '279', '246', '78', '368', '348', '308', '202', '210', '302', '305', '248', '291', '82', '351', '299', '422', '176', '438', '165']
['421', '170', '441', '22', '129', '15', '243', '186', '358', '164', '100', '356', '434', '406', '189', '296', '50', '459', '239', '39', '125', '249', '173', '178']
['334', '312', '346', '285', '274', '325', '235', '77', '322', '92', '392', '456', '236', '266', '429', '6', '447', '67', '469', '381', '218', '13', '256']
['99', '86', '287', '27', '280', '336', '470', '166', '98', '268', '333', '105', '119', '127', '221', '133', '303']
['386', '3', '70', '145', '413', '215', '281', '412', '360', '103', '267', '313', '405', '96', '272', '63']
['347', '30', '114', '464', '168', '297', '388', '466', '277', '433', '330', '46', '370', '408', '41', '311']
['478', '426', '452', '424', '21', '4', '247', '1', '222', '49', '382', '261', '380']
['43', '108', '465', '393', '324', '314', '244', '58', '453', '113', '283']
['317', '214', '227', '128', '120', '40', '355', '141']
['130', '260', '181', '52', '234', '182', '148']
['68', '72', '174', '55', '342', '366']
['254', '209', '282', '228']
['364', '150', '177', '37']
['97', '57']
