['452', '198', '312', '159', '385', '314', '311', '460', '303', '463', '322', '388', '467', '81', '392', '94', '451', '305', '2', '469', '399', '189', '450', '296', '453', '459', '379', '299', '393', '472', '384', '466', '176', '161', '471']
['30', '32', '48', '33', '38', '29', '34', '28', '9', '106', '43', '35', '26', '47', '280', '45', '267', '46', '36', '473', '44', '133', '27', '31', '262', '40', '41', '42', '113', '39', '335', '114', '37', '49', '25']
['160', '153', '174', '201', '171', '163', '326', '170', '220', '325', '481', '487', '337', '333', '162', '345', '359', '342', '150', '164', '158', '135', '491', '336', '154', '327', '156', '480', '169', '349', '344', '172', '200', '173', '178']
['116', '265', '121', '273', '105', '254', '268', '274', '115', '259', '403', '251', '270', '83', '258', '78', '252', '266', '255', '269', '260', '250', '253', '263', '108', '257', '271', '264', '123', '109', '181', '103', '272', '261', '256']
['364', '446', '437', '354', '362', '352', '360', '370', '427', '374', '363', '445', '148', '435', '425', '442', '350', '369', '444', '449', '358', '367', '368', '353', '361', '371', '356', '365', '357', '366', '372', '373', '351', '422', '355']
['76', '137', '131', '231', '225', '147', '242', '235', '229', '246', '247', '139', '243', '232', '128', '244', '238', '234', '143', '236', '429', '237', '226', '227', '410', '248', '239', '228', '240', '233', '245', '313', '230', '241', '249']
['184', '16', '10', '72', '74', '51', '71', '5', '89', '65', '66', '61', '21', '56', '297', '52', '55', '54', '58', '62', '53', '70', '67', '193', '302', '57', '60', '50', '68', '69', '59', '73', '8', '64', '63']
['289', '179', '276', '80', '486', '79', '346', '281', '88', '90', '411', '285', '85', '98', '96', '92', '77', '93', '386', '293', '100', '308', '102', '75', '87', '406', '82', '97', '104', '86', '84', '99', '407', '95', '91']
['497', '495', '216', '499', '321', '493', '496', '483', '477', '203', '214', '482', '488', '15', '286', '494', '478', '485', '207', '484', '498', '295', '375', '489', '223', '213', '215', '218', '492', '292', '195', '490', '479', '475', '476']
['400', '122', '424', '397', '415', '394', '414', '421', '412', '119', '191', '118', '416', '417', '423', '404', '413', '409', '470', '402', '408', '405', '387', '418', '420', '380', '401', '430', '183', '381', '383', '107', '419', '3', '395']
['17', '110', '136', '146', '338', '12', '341', '23', '22', '132', '142', '175', '4', '134', '197', '20', '398', '306', '6', '204', '210', '19', '0', '332', '140', '18', '1', '149', '14', '138', '13', '11', '474', '7', '24']
['448', '428', '112', '439', '433', '441', '194', '221', '315', '339', '389', '279', '316', '186', '124', '320', '426', '447', '145', '310', '434', '431', '319', '458', '141', '455', '432', '443', '211', '440', '436', '277', '438', '212', '300']
['185', '288', '224', '152', '282', '287', '290', '334', '390', '101', '461', '291', '275', '284', '294', '330', '127', '298', '462', '278', '283']
['301', '376', '144', '454', '307', '155', '331', '168', '166', '129', '329', '222', '120', '347', '151', '165', '328', '157', '182', '167']
['180', '202', '192', '125', '196', '199', '188', '177', '396', '318', '190', '187']
['348', '317', '217', '468', '323', '324', '309', '206', '111', '456', '304']
['208', '219', '209', '465', '205']
['382', '464', '378', '117', '391']
['340', '343', '130', '377']
['457', '126']
