['135', '192', '211', '245', '243', '230', '187', '131', '7', '148']
['239', '32', '102', '38', '56', '96', '119', '181', '190', '150']
['70', '33', '69', '159', '83', '142', '71', '95', '149', '147']
['185', '94', '99', '101', '118', '90', '156', '182', '167', '63']
['43', '30', '160', '67', '75', '201', '223', '186', '143', '213']
['16', '39', '72', '196', '139', '209', '222', '231', '9', '225']
['23', '21', '235', '60', '199', '128', '205', '206', '44', '178']
['218', '3', '11', '87', '92', '188', '93', '58', '25', '42']
['184', '168', '77', '127', '197', '173', '191', '212', '24', '164']
['61', '53', '22', '227', '248', '154', '78', '62', '221', '158']
['68', '216', '19', '123', '155', '140', '81', '49', '1', '200']
['152', '122', '203', '193', '229', '247', '166', '52', '157', '215']
['10', '153', '162', '88', '5', '177', '241', '8', '64', '238']
['219', '138', '228', '80', '145', '79', '175', '18', '103', '172']
['108', '242', '144', '27', '233', '132', '109', '104', '165', '106']
['6', '91', '210', '202', '97', '29', '73', '249', '107', '236']
['84', '74', '112', '105', '208', '31', '55', '41', '146', '14']
['130', '204', '217', '137', '100', '2', '246', '34', '89', '133']
['35', '76', '240', '226', '114', '37', '163', '232', '59', '134']
['224', '85', '47', '198', '195', '170', '161', '220', '36', '126']
['17', '40', '207', '57', '45', '120', '46', '117', '12', '169']
['116', '237', '121', '171', '183', '129', '136', '141', '54', '234']
['48', '13', '4', '28', '82', '50', '113']
['66', '51', '26', '65']
['0', '194', '180', '20']
['244', '151', '110']
['125', '15', '176']
['98', '86']
['111', '214']
['179', '174', '189', '124', '115']
