['15', '0', '13', '18', '9', '6', '17', '10', '12', '8', '2', '4', '11', '5', '19', '446', '3', '7', '14', '16']
['162', '145', '154', '153', '144', '148', '150', '161', '151', '149', '160', '152', '147', '157', '163', '158', '146', '156', '155', '159']
['219', '490', '211', '489', '485', '495', '491', '210', '487', '488', '220', '486', '493', '494', '492', '221', '216', '214', '215', '212']
['321', '322', '325', '193', '192', '189', '188', '186', '190', '183', '187', '182', '336', '180', '338', '191', '194', '184', '181', '185']
['49', '45', '55', '54', '51', '42', '43', '47', '53', '48', '40', '44', '56', '439', '46', '58', '52', '41', '57', '50']
['108', '104', '120', '117', '116', '109', '107', '112', '106', '115', '277', '103', '118', '114', '264', '111', '110', '105', '113', '119']
['170', '169', '440', '442', '168', '175', '167', '179', '177', '172', '178', '171', '445', '174', '166', '443', '164', '165', '173', '176']
['236', '235', '238', '242', '240', '239', '237', '24', '36', '31', '34', '33', '234', '231', '241', '35', '230', '233', '232', '229']
['260', '250', '259', '262', '257', '253', '246', '254', '255', '249', '243', '258', '251', '252', '247', '245', '261', '256', '244', '248']
['290', '121', '123', '129', '122', '134', '130', '128', '125', '126', '293', '127', '296', '299', '124', '133', '132', '131', '301', '300']
['343', '373', '359', '381', '376', '380', '379', '378', '375', '372', '353', '382', '345', '351', '348', '377', '355', '374', '356', '349']
['87', '279', '273', '266', '268', '274', '265', '275', '272', '281', '269', '86', '282', '263', '276', '270', '271', '280', '278', '267']
['399', '90', '91', '100', '89', '92', '390', '99', '391', '95', '94', '101', '93', '102', '96', '397', '384', '98', '88', '97']
['225', '209', '195', '227', '222', '200', '206', '213', '226', '217', '223', '199', '228', '196', '198', '207', '204', '218', '197', '224']
['478', '466', '474', '470', '477', '465', '472', '468', '484', '467', '473', '480', '471', '469', '482', '481', '483', '476', '475', '479']
['450', '454', '460', '453', '463', '313', '457', '448', '455', '451', '449', '464', '302', '452', '462', '459', '456', '461', '458', '447']
['71', '430', '425', '437', '73', '81', '78', '85', '82', '80', '77', '74', '76', '435', '83', '79', '72', '84', '75', '70']
['316', '307', '312', '303', '319', '318', '315', '143', '138', '317', '314', '310', '305', '306', '309', '304', '311', '136', '308', '135']
['386', '427', '387', '396', '393', '421', '383', '431', '394', '398', '385', '395', '392', '401', '429', '436', '434', '400', '388', '389']
['26', '142', '141', '39', '140', '29', '30', '25', '28', '32', '294', '21', '139', '20', '23', '38', '27', '22', '137', '37']
['363', '347', '366', '369', '360', '361', '350', '352', '354', '357', '365', '367', '370', '346', '368', '364', '344', '371', '340', '362']
['283', '292', '65', '60', '291', '284', '62', '61', '66', '59', '288', '69', '289', '295', '63', '298', '287', '285', '297', '286']
['405', '406', '411', '417', '418', '407', '414', '410', '409', '415', '419', '412', '413', '403', '416', '402', '404', '420', '408']
['324', '334', '332', '327', '335', '337', '320', '333', '329', '326', '339', '328', '330', '331', '323']
['208', '432', '202', '424', '203', '358', '433', '205', '428', '341', '342', '423', '422', '201', '426']
['438', '441', '444']
['68']
['1']
['67']
['64']
