['Carolee', 'Zena', 'Alton', 'Dewayne', 'Kurtis', 'Lasonya', 'Laticia', 'Chan', 'Joan', 'Darnell', 'Hilario', 'Sharlene', 'Marvis', 'Rachel', 'Alicia', 'Clarence', 'Marci', 'Louella', 'Nicole', 'Zoraida', 'Honey', 'Carson', 'Kendall', 'Garret', 'Princess', 'Raleigh', 'Tiffani', 'Valorie', 'Caitlyn', 'Byron']
['Hershel', 'Kareem', 'Hui', 'Loren', 'Tressa', 'Florinda', 'Percy', 'Vincenzo', 'Toya', 'June', 'Ema', 'Heide', 'Hiroko', 'Loura', 'Sharla', 'Lamonica', 'Enola', 'Ryann', 'Sharell', 'Tameika', 'Helene', 'Lucas', 'Kristopher', 'Naomi', 'Cleotilde', 'Jeremy', 'In', 'Chance', 'Camelia', 'Sheldon']
['An', 'Alethia', 'Kristi', 'Tyisha', 'Susannah', 'Bonnie', 'Pa', 'Leonard', 'Sherwood', 'Danita', 'Kyung', 'Stanford', 'Shaun', 'Susan', 'Clinton', 'Kay', 'Elvia', 'Elliott', 'Angella', 'Joanne', 'Brendon', 'Rita', 'Dorthea', 'Deana', 'Vada', 'Lana', 'Marcos', 'Martin', 'Ambrose', 'Elvie']
['Nathalie', 'Ok', 'Alexa', 'Jan', 'Hortense', 'Alane', 'Piedad', 'Beverley', 'Marcella', 'Tarah', 'Nadia', 'Gerardo', 'Miranda', 'Clarissa', 'Irena', 'Imogene', 'Lucia', 'Pearlie', 'Cortney', 'Felix', 'Renetta', 'Millicent', 'Joelle', 'Marvin', 'Sharilyn', 'Hillary', 'Treena', 'Annabel', 'Yevette', 'Adah']
['Madison', 'Gerard', 'Jacque', 'Alex', 'Porter', 'Inga', 'Leilani', 'Tina', 'Vivien', 'Claudie', 'Jami', 'Nieves', 'Aretha', 'Marquitta', 'Travis', 'Annamarie', 'Dong', 'Kris', 'German', 'Clifton', 'Logan', 'Chang', 'Meagan', 'Marilynn', 'Lola', 'Xavier', 'Xuan', 'Carmon', 'Ella', 'Theo']
['Mariette', 'Easter', 'Odell', 'Rachael', 'Destiny', 'Gisela', 'Antoinette', 'Kitty', 'Marquis', 'Retta', 'Doyle', 'Tamisha', 'Winford', 'Saul', 'Garland', 'Eugene', 'Kasey', 'Audie', 'Olevia', 'Pinkie', 'Laraine', 'Dewitt', 'Claretha', 'Aaron', 'Dorene', 'Stanley', 'Darwin', 'Arcelia', 'Horace', 'Nohemi']
['Angeline', 'Oneida', 'Antonette', 'Phylis', 'Jeffrey', 'Margart', 'Marlo', 'Murray', 'Randa', 'Debora', 'Oscar', 'Rolando', 'Cassie', 'Dusti', 'Clarice', 'Griselda', 'Kirstin', 'Ron', 'Earnest', 'Amada', 'Raul', 'Kelly', 'Mariano', 'Stephani', 'Cristi', 'Renea', 'Terry', 'Tanisha', 'Vernon', 'Emmanuel']
['Naida', 'Antonina', 'Grant', 'Riley', 'Shavon', 'Dion', 'Oswaldo', 'Danial', 'Almeta', 'Bertha', 'Wes', 'Kim', 'Christiane', 'Deirdre', 'Jefferey', 'Lisa', 'Jae', 'Junior', 'Dagmar', 'Esperanza', 'Rosalee', 'Eustolia', 'Florencio', 'Spencer', 'Tammi', 'Elfrieda', 'Trey', 'Tracie', 'Hayden', 'Rosalba']
['Joye', 'Sharan', 'Trena', 'Nickolas', 'Chun', 'Jennie', 'Jama', 'Hyun', 'Clarinda', 'Neida', 'Leonida', 'Mariah', 'Isabel', 'Louise', 'Houston', 'Tamala', 'Ocie', 'Clyde', 'Frederic', 'Janetta', 'Harvey', 'Lyndon', 'Merrill', 'Darrel', 'Orval', 'Loria', 'Taneka', 'Alexandra', 'Jay', 'Herlinda']
['Alfred', 'Refugio', 'Leontine', 'Whitney', 'Robert', 'Rima', 'Selma', 'Milissa', 'Elicia', 'Charmaine', 'Flavia', 'Juliet', 'Randall', 'Allena', 'Tai', 'Dora', 'Jina', 'Jeanette', 'Oma', 'Rodrigo', 'Anabel']
['Son', 'Lue', 'Savanna', 'Lorelei', 'Lilly', 'Alvin', 'Kimbra', 'Lauren', 'Irma', 'Jade']
['Elenora', 'Latoya', 'Artie', 'Eve', 'Osvaldo']
['Elena', 'Jesus', 'Marion']
['Fanny', 'Lashay']
['Marcie', 'Russell']
['Vernia', 'Delmar']
['Alvera', 'Charisse']
['Leila', 'Glenda']
['Reita', 'Shonda']
['Clara', 'Verona']
['Eloisa', 'Lezlie']
['Lyn', 'Freddie']
['Shelton', 'Latia']
['Eufemia', 'Chester']
['Hassan', 'Michaela']
['Altagracia', 'Edmond']
['Kylie', 'Roxane']
['Johnny', 'Lizabeth']
['Glenna']
['Chas']
