['423', '78', '81', '237', '380', '51', '413', '372', '373', '307', '341', '66', '280', '382', '152', '206', '416', '108', '223', '151', '64', '174', '318', '370', '415']
['290', '227', '322', '67', '232', '461', '160', '26', '366', '337', '71', '93', '443', '284', '325', '143', '7', '146', '163', '328', '338', '49', '333', '65', '60']
['295', '77', '352', '441', '253', '265', '92', '409', '73', '56', '347', '155', '304', '39', '241', '499', '324', '32', '379', '470', '298', '414', '446', '91', '408']
['132', '178', '260', '112', '187', '313', '407', '68', '420', '342', '359', '233', '301', '224', '27', '305', '445', '323', '497', '28', '125', '365', '273', '257', '139']
['329', '87', '462', '430', '119', '2', '100', '218', '292', '264', '316', '216', '42', '389', '403', '310', '467', '74', '297', '181', '464', '9', '30', '384', '12']
['80', '6', '268', '270', '276', '498', '453', '433', '291', '402', '345', '140', '207', '447', '20', '165', '137', '278', '115', '269', '425', '417', '367', '191', '57']
['243', '219', '135', '212', '134', '465', '82', '287', '11', '451', '16', '457', '250', '261', '110', '209', '213', '344', '177', '471', '41', '256', '327', '478', '435']
['488', '90', '428', '376', '53', '300', '495', '404', '36', '197', '377', '330', '315', '245', '438', '369', '397', '475', '226', '285', '215', '159', '10', '189', '162']
['43', '17', '153', '192', '23', '123', '183', '13', '339', '274', '114', '118', '86', '121', '486', '331', '335', '179', '122', '348', '150', '483', '22', '113', '184']
['148', '186', '266', '0', '281', '293', '361', '172', '429', '157', '185', '282', '271', '52', '487', '63', '394', '130', '385', '422', '321', '479', '141', '412', '4']
['154', '309', '238', '272', '1', '275', '99', '358', '406', '180', '72', '249', '19', '48', '88', '205', '126', '306', '299', '222', '54', '195', '198', '351', '319']
['242', '456', '129', '131', '398', '474', '104', '40', '355', '469', '360', '444', '472', '228', '46', '279', '418', '452', '463', '259', '294', '449', '109', '455', '120']
['221', '217', '69', '200', '231', '387', '229', '431', '35', '167', '61', '343', '188', '173', '58', '240', '473', '468', '128', '437', '142', '432', '83', '246', '434']
['156', '70', '303', '349', '47', '410', '15', '312', '136', '405', '196', '38', '480', '145', '296', '436', '427', '492', '8', '374', '481', '3', '262', '116', '277']
['317', '364', '33', '214', '230', '202', '190', '59', '94', '391', '336', '450', '147', '399', '210', '21', '388', '106', '111', '45', '334', '89', '29', '289', '171']
['138', '107', '24', '252', '448', '127', '368', '454', '491', '211', '267', '248', '371', '393', '460', '442', '239', '149', '494', '158', '247', '392', '50', '363', '424']
['419', '490', '96', '476', '357', '356', '18', '225', '103', '5', '466', '235', '340', '485', '85', '283', '326']
['350', '14', '426', '493']
['124', '31', '166', '255']
['25', '102', '401']
['98', '199', '484']
['396', '75', '346']
['220', '76', '164']
['395', '55', '386']
['193', '477', '375']
['244', '95', '175']
['208', '117', '62']
['234', '169', '353']
['44', '302', '105']
['320', '381', '251']
['390', '37', '176']
['400', '84', '194']
['263', '170', '332']
['421', '168', '236']
['362', '201']
['496', '354']
['482', '161']
['258', '182']
['439', '133']
['308', '459']
['311', '411']
['144', '97']
['203', '286']
['101', '383']
['79', '254']
['288', '378']
['314', '34']
['440', '489']
['204']
['458']
