['348', '364', '234', '361', '33', '27', '468', '142', '2', '254', '449', '291', '196', '344', '34', '453', '133', '325', '147']
['400', '48', '476', '304', '75', '371', '398', '18', '15', '329', '365', '127', '473', '197', '107', '367', '148']
['16', '39', '32', '130', '320', '38', '155', '350', '56', '333', '209', '55', '120', '54', '9', '182']
['13', '264', '401', '442', '227', '132', '362', '310', '345', '181', '411', '450', '49', '383', '14']
['429', '102', '4', '369', '297', '154', '324', '260', '406', '177', '8', '296', '261', '106']
['315', '144', '228', '67', '276', '112', '51', '354', '252', '31', '176', '150', '253', '378']
['41', '3', '393', '451', '316', '294', '467', '189', '387', '244', '493', '374', '295', '263']
['416', '217', '145', '226', '280', '498', '183', '167', '92', '161', '103', '342', '256', '165']
['44', '61', '218', '485', '402', '440', '128', '73', '496', '328', '379', '169', '368']
['478', '251', '299', '407', '447', '116', '334', '436', '356', '139', '347', '474', '212']
['317', '180', '271', '437', '229', '171', '195', '444', '421', '136', '330', '311', '65']
['497', '43', '289', '292', '109', '166', '281', '319', '115', '190', '194', '118', '373']
['17', '122', '492', '179', '233', '487', '336', '222', '327', '40', '259', '303']
['10', '425', '247', '83', '5', '28', '45', '77', '352', '97', '355', '164']
['108', '426', '340', '193', '384', '123', '235', '215', '188', '82', '456', '187']
['35', '370', '290', '265', '486', '414', '168', '206', '376', '272', '391', '126']
['306', '266', '477', '30', '21', '208', '119', '433', '230', '489', '111', '494']
['242', '301', '76', '198', '240', '79', '279', '349', '52', '343', '386']
['452', '23', '257', '204', '305', '158', '399', '95', '90', '93', '91']
['137', '202', '404', '307', '302', '121', '482', '458', '286', '7', '471']
['419', '339', '397', '462', '469', '87', '412', '172', '149', '141', '205']
['0', '432', '443', '250', '243', '88', '241', '170', '338', '146']
['417', '312', '163', '385', '81', '46', '321', '131', '445', '12']
['94', '160', '203', '460', '448', '11', '125', '394', '175', '300']
['86', '465', '282', '42', '157', '470', '488', '499', '186', '380']
['152', '358', '216', '19', '409', '101', '457', '418', '124', '283']
['214', '192', '98', '29', '129', '427', '382', '200', '113', '24']
['463', '63', '26', '423', '273', '105', '396', '50', '353']
['68', '491', '413', '174', '37', '318', '357', '359', '403']
['424', '85', '270', '191', '332', '363', '298', '223', '459']
['308', '455', '237', '479', '249', '420', '231', '366', '20']
['341', '219', '100', '481', '248', '268', '59', '309', '134']
['224', '184', '269', '110', '322', '388', '89', '58']
['389', '390', '337', '159', '375', '25', '490', '278']
['454', '435', '430', '464', '275', '277', '284', '408']
['99', '210', '74', '428', '434', '314', '156', '483']
['439', '60', '232', '220', '236', '372', '213', '178']
['346', '162', '199', '313', '405', '238', '173', '351']
['53', '6', '472', '377', '245', '221', '392']
['80', '415', '246', '461', '96', '225', '475']
['135', '153', '331', '71', '1', '62', '104']
['66', '72', '114', '410', '285', '36', '438']
['47', '484', '211', '466', '360', '117', '287']
['207', '69', '381', '258', '274', '293']
['143', '57', '201', '255', '335']
['151', '495', '138', '84', '267']
['288', '323', '262', '395', '140']
['185', '441', '70', '422']
['239', '326', '22', '64']
['78', '431', '446', '480']
