['108', '104', '91', '100', '92', '99', '109', '101', '94', '93', '105']
['489', '495', '491', '488', '486', '493', '494', '492', '484', '480', '481']
['238', '236', '235', '239', '237', '246', '234', '231', '245', '233', '232']
['242', '257', '249', '255', '243', '241', '258', '244', '247', '256', '248']
['260', '259', '262', '253', '268', '265', '254', '269', '251', '252', '264']
['454', '441', '448', '455', '449', '443', '444', '446', '442', '447', '445']
['1', '15', '9', '6', '2', '4', '8', '5', '3', '7', '14']
['283', '291', '284', '281', '294', '282', '295', '289', '299', '290', '298']
['225', '211', '227', '222', '219', '221', '223', '226', '228', '224', '229']
['208', '209', '200', '213', '217', '218', '216', '214', '201', '215', '212']
['26', '24', '29', '36', '34', '33', '32', '20', '35', '27', '21']
['42', '44', '39', '43', '47', '31', '45', '48', '46', '38', '37']
['52', '49', '56', '59', '41', '53', '57', '58', '40', '55', '54']
['121', '120', '129', '123', '134', '128', '126', '136', '133', '132', '135']
['399', '391', '405', '402', '404', '407', '409', '403', '401', '406', '408']
['425', '421', '412', '424', '413', '414', '415', '428', '429', '420', '411']
['73', '78', '75', '61', '77', '74', '76', '69', '79', '72', '71']
['366', '369', '350', '353', '351', '358', '356', '365', '367', '368', '359']
['363', '361', '379', '378', '375', '385', '370', '364', '374', '362', '371']
['162', '174', '170', '164', '161', '169', '175', '171', '163', '179', '178']
['347', '334', '337', '336', '345', '343', '344', '346', '339', '330', '331']
['463', '466', '474', '464', '465', '468', '462', '467', '469', '461', '475']
['321', '322', '325', '324', '327', '335', '329', '326', '311', '328', '323']
['117', '116', '115', '112', '125', '118', '114', '111', '124', '113', '119']
['307', '303', '315', '314', '305', '306', '309', '304', '302', '308', '301']
['250', '89', '81', '95', '86', '80', '96', '83', '98', '88', '97']
['460', '279', '273', '288', '276', '271', '270', '287', '278', '285', '286']
['141', '145', '140', '30', '138', '144', '148', '149', '139', '131', '137']
['189', '195', '188', '186', '183', '487', '333', '180', '194', '181', '332']
['292', '207', '206', '202', '85', '203', '204', '205', '191', '293', '84']
['153', '82', '152', '482', '158', '150', '296', '156', '483', '159', '297']
['450', '453', '457', '452', '459', '456', '23', '230', '176', '22', '177']
['485', '13', '210', '17', '10', '12', '19', '471', '185', '184', '16']
['193', '220', '192', '154', '190', '196', '199', '147', '146', '197', '155']
['437', '432', '439', '383', '433', '382', '173', '430', '436', '400', '172']
['87', '470', '472', '103', '102', '435', '473', '434', '477', '476', '479']
['386', '387', '360', '381', '380', '272', '423', '280', '422', '384', '389']
['0', '354', '349', '341', '348', '355', '160', '340', '458', '300', '338']
['313', '316', '312', '90', '18', '319', '317', '310', '357', '70', '110']
['390', '417', '320', '497', '28', '198', '398', '263', '392', '396', '393']
['122', '60', '478', '318', '240', '130', '62', '451', '66', '63', '67']
['166', '182', '431', '277', '440', '151', '165', '168', '167', '68', '397']
['490', '187', '438', '352', '498', '127', '157', '342', '496', '388', '499']
['418', '416', '410', '419']
['64', '65', '50', '51']
['261', '274', '275']
['373', '372']
['25', '11']
['395', '394']
['426', '427']
['142', '143']
['266', '267']
['107', '106']
['377']
['376']
