['ANO', 'AKM', 'AJY', 'AOA', 'ALS', 'ANA', 'AOE', 'AJS', 'AKN', 'ALT', 'AKV', 'ALY', 'AJG', 'ANH', 'AOL', 'ANS', 'AJF', 'AMW', 'AKS']
['ACT', 'ACF', 'ACM', 'ADH', 'ADK', 'ACI', 'ADE', 'ADJ', 'ACW', 'ACU', 'ACR', 'ADC', 'ACY', 'ACH', 'ACJ', 'ACO', 'ADF', 'ADG', 'ACQ']
['AOP', 'AOQ', 'AOZ', 'APT', 'AQC', 'APZ', 'AOT', 'API', 'AQN', 'AQI', 'APB', 'AQB', 'APQ', 'AOX', 'APP', 'AOY', 'APV', 'AOR', 'AOO']
['AJT', 'AKR', 'ALZ', 'ALD', 'ANN', 'ALG', 'ALR', 'ANP', 'AMD', 'AIZ', 'ALX', 'AOG', 'AOD', 'AMZ', 'AKE', 'ALP', 'ALC', 'ANK', 'AJQ']
['AQD', 'APN', 'AQE', 'APY', 'APK', 'AQF', 'AQK', 'AOS', 'APW', 'APU', 'AOW', 'APF', 'APM', 'APJ', 'AQJ', 'AQM', 'APC', 'AQA', 'APS']
['AGM', 'AFO', 'AIG', 'AIK', 'AIB', 'AIT', 'AHT', 'AIA', 'AHU', 'AHF', 'AGQ', 'AHI', 'AHB', 'AIE', 'AGF', 'AFP', 'AHK', 'AHM', 'AGL']
['ADM', 'AFK', 'ADO', 'ADW', 'AEN', 'AEY', 'AEZ', 'AFJ', 'AFL', 'AFN', 'ADZ', 'ADT', 'AEL', 'AEW', 'AEH', 'ADU', 'AEE', 'AFG', 'AEA']
['AKC', 'AJK', 'AMO', 'ANR', 'AMC', 'ALJ', 'AMU', 'AMS', 'AJM', 'AKJ', 'AMA', 'AJO', 'AKQ', 'AKU', 'AML', 'AKH', 'AKX', 'AJA', 'ANT']
['AKG', 'ANI', 'AOB', 'AMR', 'ANF', 'ANU', 'AJU', 'ANE', 'AME', 'AJC', 'AKA', 'ANQ', 'AOM', 'AJD', 'ALO', 'AJL', 'AKL', 'AMH', 'AMJ']
['AFH', 'AFC', 'AEG', 'AET', 'AEF', 'AEU', 'AEP', 'AFM', 'AEJ', 'AED', 'AEI', 'AER', 'AEM', 'AFE', 'AFF', 'AFI', 'ADQ', 'ADX', 'AEC']
['AMK', 'ALV', 'AJE', 'AMX', 'ALA', 'AKO', 'AKZ', 'ANG', 'ANZ', 'AJI', 'AKW', 'AOI', 'ALU', 'AMM', 'ALE', 'AJP', 'ALM', 'ANX', 'ALW']
['ANB', 'AJX', 'AMT', 'ANY', 'AMI', 'AKI', 'AJZ', 'ALQ', 'AOF', 'AJV', 'AKT', 'AJH', 'AOJ', 'ANM', 'AMP', 'AKP', 'AKD', 'AJW', 'AMQ']
['AHL', 'AIY', 'AFV', 'AHG', 'AFS', 'AGG', 'AGW', 'AIQ', 'AHX', 'AGJ', 'AIL', 'AIC', 'AGT', 'AGA', 'AGY', 'AIU', 'AGI', 'AIO', 'AFR']
['AGX', 'AIH', 'AHY', 'AGE', 'AFT', 'AIS', 'AHZ', 'AIW', 'AIP', 'AHQ', 'AGH', 'AGP', 'AGD', 'AHH', 'AGC', 'AHV', 'AFY', 'AGN', 'AGS']
['AGB', 'AIJ', 'AHR', 'AHC', 'AGO', 'AGR', 'AFW', 'AHJ', 'AID', 'AFZ', 'AHS', 'AHN', 'AGZ', 'AFQ', 'AHW', 'AGV', 'AHA', 'AIF', 'AHE']
['AKY', 'ALN', 'ALI', 'AJB', 'AMB', 'AJR', 'AMG', 'AKK', 'ALH', 'ANJ', 'AOC', 'AKB', 'ALK', 'AMY', 'ANV', 'AOH', 'ALB', 'AMN', 'ANL']
['AFB', 'ADL', 'ADP', 'AAF', 'AFD', 'ADR', 'AEB', 'AAH', 'AEV', 'AEX', 'AEQ', 'AES', 'ADY', 'AEK', 'ADN', 'AEO', 'ADV', 'ADS', 'AFA']
['AAJ', 'AQL', 'APG', 'APL', 'APE', 'AQO', 'AOU', 'APA', 'AON', 'AAM', 'AAK', 'APH', 'AOV', 'APX', 'AQG', 'APD', 'APO', 'APR', 'AQH']
['ADI', 'ACS', 'ACG', 'ACE', 'ADA', 'ADD', 'AAO', 'ACP', 'ABD', 'ACV', 'ACX', 'ACD', 'ACN', 'ACZ', 'AAV', 'ACK', 'ACL', 'ABA', 'AAR']
['ACB', 'ABQ', 'ABM', 'ACA', 'ABL', 'ABU', 'AAE', 'ABO', 'ABX', 'ABY', 'ABJ', 'ABR', 'AAB', 'ABV', 'ABS', 'AAI', 'AAL', 'AAD', 'ABI']
['AAQ', 'AAP', 'AAT', 'AAN', 'AGK', 'AIV', 'AIN', 'AIM', 'AAS', 'AII', 'AHD', 'AGU', 'AHO', 'AFX', 'AFU', 'AIR', 'AHP', 'AIX', 'AAU']
['ABN', 'ABZ', 'ANW', 'ABW', 'ALL', 'AMF', 'AND', 'ABP', 'ABK', 'AAC', 'ANC', 'ABT', 'AMV', 'ALF', 'AKF', 'AOK', 'AJJ', 'AJN', 'ACC']
['ABE', 'AAZ', 'ABF', 'AAG', 'AAW', 'ADB', 'ABB', 'ABC', 'AAY', 'AAX', 'ABG', 'AAA', 'ABH']
