['KCPYN', 'LYFLA', 'FRVNO', 'VUPAV', 'XMZUX', 'YPRRC', 'LESUW', 'MTXFY', 'ZRFKN', 'IUTYE', 'VGTYI', 'ZMCMD', 'STZIM', 'NKLCQ', 'UHIOD', 'TIZZI', 'CWZDH', 'TKEWX', 'TWVAR', 'FPFHY', 'LFYYV', 'BOOKC', 'GUGKR', 'RISKG', 'SSZXS']
['BMNGE', 'UQJJY', 'LQGAI', 'VXNNV', 'AIWJE', 'NZQNY', 'QMJUD', 'DFZLH', 'FKMPO', 'WFPUN', 'JGBOH', 'NLQWV', 'GKYTD', 'QJRDV', 'WTAGZ', 'XIGOI', 'WNDOP', 'BWKXY', 'BREAU', 'TDICM', 'QBYJR', 'XHKTV', 'YVULZ', 'QZGLO', 'YSBTR']
['TPIXY', 'QVEIA', 'OXZCV', 'NNLIE', 'AHXXM', 'DYIYS', 'GKLKQ', 'TEYRZ', 'GPHCZ', 'WGNBW', 'PUJOM', 'HUNXU', 'LRCXZ', 'KIEKF', 'FIUZZ', 'SYRST', 'YMAKV', 'MUUIL', 'SOVUQ', 'XTFTT', 'UDFVU', 'DTPHQ', 'VQTXV', 'HDFES', 'ROVKN']
['OZSQX', 'HZGVK', 'TJFHX', 'FBZDZ', 'LVMLT', 'IQLHD', 'JLTJR', 'HIBFR', 'XPMAC', 'USRDK', 'ZYEMW', 'DWCIC', 'QLDQR', 'IAASE', 'YIQHC', 'LMDUZ', 'FHCPP', 'OHEWR', 'RRDGL', 'FYSSP', 'VUZHE', 'KEDYT', 'DQJYE', 'ZKMSA', 'CALHI']
['PADSR', 'BXGFY', 'NMUXG', 'ZLMYN', 'QBGLN', 'DJQYY', 'DPJHM', 'JFOPY', 'IYGUJ', 'ILRGH', 'VLACB', 'GPAYG', 'RMHZI', 'AALPZ', 'DOYMU', 'TYYLF', 'JPWDA', 'UTQPU', 'DAPHY', 'JTKTH', 'QXETJ', 'XGXRC', 'MIMWO', 'YTXXV', 'PUFAY']
['SAOVB', 'RNMID', 'XLWDU', 'KGDBH', 'YTTKI', 'FWKYL', 'UMQSO', 'PBEOM', 'VZNGS', 'MCXWP', 'DZGQX', 'NKEPZ', 'XYVAU', 'HOCJP', 'NHBOU', 'EFRTR', 'SACPU', 'TMCLZ', 'CXMEP', 'JEHBC', 'QMBKL', 'VISUM', 'EIALG', 'UOYAH', 'NRRFB']
['VUTIQ', 'ABQJV', 'CYVWU', 'ENHUS', 'OMNEY', 'ADKIG', 'ALNHK', 'CCHLM', 'KXFFP', 'ZRLGV', 'EIREK', 'JFKWJ', 'OYLVF', 'JDDRN', 'PPBBM', 'FIBZD', 'HAPCQ', 'GRUYQ', 'DBPXU', 'WNGHY', 'KTXRI', 'CHCYT', 'BHFJC', 'PEIBF', 'QSIZR']
['GDZSX', 'CYMCE', 'PKUWP', 'NCWPX', 'BCTKV', 'HXGTU', 'VGWZF', 'AZDHE', 'XZTVE', 'QSAIM', 'RCWOS', 'BBDFQ', 'RWIWJ', 'XOUQM', 'SCMKV', 'PKECO', 'EYYNC', 'PREHL', 'VSEBO', 'FXFHY', 'WLODL', 'RRFYM', 'ZOVBE', 'BCKDA', 'FLAIE']
['VKBEF', 'GAQXI', 'ZPWCF', 'PRFNT', 'DUQLN', 'FFZNI', 'AUIRW', 'LYSRO', 'XBVDI', 'UDEWT', 'BVKPC', 'GPKTZ', 'CSGGY', 'BEFRL', 'LBYAL', 'EPEAQ', 'RKMOC', 'SHEUT', 'KEPXD', 'GKPPL', 'NPJSC', 'KQZVU', 'WHBFR', 'OEEYW', 'ZSYGC']
['XGCQB', 'XADCG', 'OENOT', 'FQYNK', 'FSYHN', 'QUGAX', 'MSZXR', 'SEVGN', 'UXUZX', 'UYUIP', 'TPIHD', 'OJTYX', 'SWZLI', 'YPSZJ', 'FRHWO', 'ABAQL', 'JECON', 'HAYKV', 'GAUGX', 'IBFSE', 'RLKNU', 'NGBWQ', 'GUJWW', 'DWGDE', 'QFSQF']
['CWKNX', 'XMJJP', 'CYRFR', 'NZAXS', 'PQYKQ', 'FYAYI', 'YQBLY', 'GKOUL', 'CSILO', 'IHIWD', 'XOUQG', 'RMNKI', 'REVQE', 'WEDAM', 'MQEVZ', 'AEHLI', 'GXAOE', 'XQYCU', 'YHWVK', 'EWIJA', 'LMZAF', 'URMYA', 'WNBOI', 'QNXTS', 'FIIIX']
['SURGB', 'IDOHH', 'LHFOM', 'WTMZW', 'JGGQM', 'SIWEE', 'RSFHX', 'MMHOG', 'RDCHE', 'BFHEV', 'LPRGT', 'JWNLZ', 'WEYKU', 'NZQKM', 'EXERI', 'SLHLJ', 'TLKIE', 'VBXTL', 'NEQMO', 'VNIQM', 'POXWS', 'PPAYR', 'EAHZI', 'SEJRA', 'SUEUT']
['SSWHW', 'KCWNV', 'VLXZD', 'OBCSZ', 'YVMFJ', 'SDCRN', 'RUSXV', 'QYCKH', 'WMAOH', 'CZNRV', 'ELRTK', 'ELBRQ', 'AXICB', 'PAVOS', 'QHQUF', 'JMPSL', 'IPLJJ', 'HGAWC', 'DFNDO', 'UNSUE', 'DRVVY', 'YRTTG', 'FWTXB', 'FESAS', 'TJTMV']
['PHXOS', 'DREMQ', 'MQWLN', 'PSMNV', 'VKHOX', 'ZXEUD', 'RVMXY', 'LCGFN', 'IEEVC', 'FKSNY', 'LJQBN', 'YKOFS', 'DOXUP', 'JLETC', 'CZQAC', 'NLQQX', 'TARGC', 'WZJYQ', 'KFWQL', 'IPMBX', 'QACAX', 'POYSB', 'QQCGU', 'ZCMCP', 'GRIBM']
['GUJWH', 'EFPNV', 'PDSZU', 'DDGZR', 'KZBFF', 'RQZDB', 'SPSXT', 'BHECC', 'AQEWE', 'JGIMA', 'MCVPN', 'NLPHM', 'TJLUN', 'LCYZY', 'XQUPB', 'PQEKQ', 'RWOPE', 'GBEQY', 'NHZCJ', 'UMQRP', 'VFWVV', 'VQUBW', 'SLYUO', 'DBXJE', 'FIPGX']
['YTVYR', 'QFZCO', 'TLAOJ', 'EBQJA', 'VZFUK', 'JRNKY', 'SPROB', 'RZJZX', 'RSYQC', 'BKFQR', 'KDMQW', 'BBIGY', 'ZUYFN', 'SUNJN', 'IXEZM', 'ZMWJB', 'VYUHL', 'WWCYP', 'SMDTK', 'GWEZA', 'VNNEP', 'SEUJM', 'KDZDK', 'VSARS', 'ZZKGQ']
['MRNHH', 'HAKPT', 'LQJNK', 'ASGXO', 'UPNVV', 'KSGPB', 'ZOHDS', 'GJYBX', 'OPZLD', 'NSSHB', 'MLWLT', 'FCFIW', 'FMMZU', 'HKSDK', 'BXGAG', 'JCWPV', 'DNOMK', 'NMWYK', 'IYMNE', 'VCMUY', 'NCXIY', 'KEUTQ', 'ZNTDR', 'MBBZL', 'RFDDK']
['NTGQJ', 'XDBSH', 'JAGAT', 'METWY', 'KRMMY', 'CRKWH', 'STJMV', 'BSOUP', 'VFXSF', 'AAEBS', 'AEXQY', 'PPGSA', 'JPLIB', 'RAAAY', 'GNDQJ', 'ERXLL', 'UEFBC', 'IOHXF', 'ZNEQL', 'VMRKJ', 'LEYDX', 'TQUPW', 'YYNPW', 'GFWZF', 'FMFZO']
['REFDA', 'IVYZR', 'OYGNB', 'OVNTP', 'JJDHO', 'LGPGN', 'AXIHL', 'PCOTH', 'ENWEC', 'QJUJE', 'UTYHJ', 'EGYBS', 'BNPMH', 'XVOGO']
['CRSZF', 'UHFXM', 'EXSFL', 'PARXO']
['JMNIF', 'WAZOJ', 'GZWND']
['JCAYK', 'EHCWU', 'CASYZ']
['NCCJD', 'HVAAR', 'JCTBB']
['JXKSJ', 'XQQNM', 'XYABI']
['HKBNA', 'PDNXQ', 'UZTYA']
['FSIEJ', 'PBAWW', 'KBDMG']
['VVMSW', 'PUWYW', 'VHWPC']
['VWLQP', 'GJCQK', 'CTLHM']
