['420', '292', '316', '42', '467', '384', '417', '367', '484', '162', '433', '396', '287', '79', '476', '285', '234', '116', '43', '17', '192', '23', '237', '105', '67', '361', '172', '185', '487', '331', '427', '106', '115', '230', '87', '391', '68', '119', '448', '393', '460', '398', '385', '235', '65', '60', '490', '92', '322', '251', '432', '472', '95', '259', '120', '326', '295', '169', '231', '167', '366', '207', '218', '76', '422', '250', '66', '424', '479', '323', '415', '441', '47', '480', '255', '280', '28', '483', '117', '289', '212', '61', '336', '392', '220', '481', '177', '49', '340', '283', '380', '144', '198', '477', '10', '256', '327', '478', '435', '219', '270', '11', '438', '206', '215', '318', '114', '113', '274', '465', '86', '232', '93', '338', '471', '425', '91', '189', '238', '94', '428', '24', '426', '454', '389', '286', '103', '418', '333', '446', '365', '319', '81', '100', '337', '413', '306', '284', '54', '97', '444', '170', '99', '217', '190', '431', '304', '16', '443', '104', '64', '22', '29', '277', '423', '178', '56', '291', '312', '52', '296', '436', '416', '163', '12', '258', '290', '85', '362', '165', '412', '260', '201', '216', '161', '74', '182', '297', '464', '324', '30', '83', '191', '80', '82', '53', '300', '310', '183', '339', '0', '25', '282', '271', '394', '130', '166', '181', '399', '210', '305', '439', '179', '45', '334', '184', '214', '107', '303', '51', '368', '204', '325', '27', '77', '390', '462', '459', '489', '302', '19', '299', '40', '469', '360', '142', '328', '452', '294', '449', '456', '200', '193', '313', '188', '173', '58', '473', '307', '239', '146', '363', '332', '98', '160', '461', '168', '410', '71', '145', '350', '108', '195', '298', '388', '89', '147', '202', '386', '90', '430', '458', '314', '211', '400', '442', '50', '46', '75', '73', '485', '329', '253', '187', '383', '447', '451', '20', '395', '63', '482', '110', '41', '175', '457', '488', '276', '411', '62', '199', '330', '315', '369', '382', '475', '152', '148', '13', '118', '281', '26', '429', '381', '143', '102', '111', '308', '455', '171', '317', '59', '450', '180', '176', '141', '466', '309', '78', '275', '48', '194', '101', '55', '84', '414', '279', '463', '209', '257', '236', '254', '140', '437', '440', '18', '14', '240', '70', '320', '196', '470', '370', '272', '208', '205', '278']
['341', '343', '346', '347', '344', '345', '349', '348', '342', '301']
['132', '135', '137', '134', '138', '133', '131', '136', '139']
['352', '355', '357', '356', '353', '358', '354', '351', '359']
['124', '126', '123', '129', '121', '122', '127', '128', '125']
['499', '498', '494', '496', '492', '497', '495', '491', '493']
['405', '403', '409', '401', '402', '407', '406', '404', '408']
['379', '378', '374', '376', '372', '373', '377', '371', '375']
['6', '7', '1', '9', '8', '2', '5', '3', '4']
['33', '38', '32', '35', '34', '31', '37', '36', '39']
['245', '241', '242', '243', '247', '244', '249', '248', '246']
['221', '222', '227', '229', '226', '223', '228', '225', '224']
['268', '265', '263', '261', '262', '266', '269', '267', '264']
['153', '158', '156', '155', '151', '159', '150', '157']
['364']
['164']
['186']
['69']
['72']
['434']
['387']
['453']
['112']
['419']
['252']
['293']
['288']
['335']
['486']
['421']
['468']
['445']
['149']
['233']
['96']
['397']
['311']
['57']
['15']
['273']
['203']
['21']
['213']
['321']
['88']
['174']
['44']
['109']
['197']
['474']
['154']
