['16', '116', '38', '390', '71', '28', '188', '433', '110', '363', '194', '477', '288', '317', '417', '85', '337', '470', '197', '418', '358', '367', '164', '255', '135', '237', '451', '371', '168', '484', '250', '410', '381', '357', '239', '347', '483', '476']
['424', '437', '112', '354', '273', '457', '171', '324', '326', '499', '9', '61', '315', '409', '279', '402', '449', '467', '380', '187', '478', '340', '401', '155', '2', '183', '253', '378', '138', '257', '180', '335', '307', '349', '181', '95', '161', '25']
['48', '33', '314', '396', '321', '493', '298', '65', '416', '350', '162', '128', '267', '58', '158', '398', '485', '227', '332', '336', '434', '375', '40', '97', '462', '366', '379', '219', '407', '282', '393', '313', '466', '172', '474', '173', '165', '178']
['76', '276', '290', '312', '486', '191', '12', '304', '463', '341', '435', '132', '4', '369', '388', '117', '78', '93', '234', '190', '20', '465', '75', '248', '31', '200', '262', '309', '223', '42', '373', '217', '292', '103', '8', '64', '261', '212']
['160', '122', '448', '198', '414', '439', '268', '90', '411', '127', '115', '460', '147', '389', '482', '345', '52', '275', '243', '205', '316', '286', '456', '392', '306', '94', '308', '207', '260', '263', '218', '228', '192', '233', '37', '49', '355', '91']
['10', '415', '174', '428', '121', '360', '148', '35', '251', '56', '98', '77', '405', '473', '342', '124', '301', '361', '67', '193', '57', '464', '399', '356', '450', '141', '151', '39', '68', '384', '443', '59', '344', '7', '471', '24']
['153', '80', '105', '385', '285', '427', '382', '225', '339', '377', '270', '333', '444', '129', '55', '44', '62', '152', '53', '430', '458', '291', '453', '459', '84', '271', '264', '240', '436', '245', '176']
['364', '446', '289', '397', '334', '79', '421', '170', '496', '445', '221', '242', '420', '368', '353', '348', '447', '269', '102', '469', '154', '406', '120', '1', '3', '11', '395', '283']
['216', '468', '394', '254', '119', '220', '391', '246', '322', '92', '186', '244', '386', '252', '19', '166', '18', '431', '199', '480', '14', '351', '419', '492', '230', '438', '295']
['74', '201', '274', '231', '214', '175', '83', '45', '329', '258', '36', '266', '101', '294', '296', '107', '215', '99', '69', '323', '432', '109', '440', '343', '256', '300']
['495', '5', '34', '352', '136', '89', '106', '43', '229', '488', '494', '210', '202', '0', '310', '140', '60', '189', '50', '328', '108', '123', '479', '63']
['320', '387', '400', '144', '70', '472', '226', '118', '461', '318', '222', '73', '319', '241', '489', '111', '359', '143', '82', '325']
['426', '23', '100', '179', '423', '487', '247', '498', '29', '412', '87', '365', '209', '408', '232', '249', '150', '372']
['497', '6', '86', '27', '305', '159', '346', '206', '156', '238', '46', '383', '338', '169', '287']
['184', '130', '429', '125', '442', '96', '88', '177', '330', '134', '54', '403', '311', '146', '113']
['66', '185', '32', '13', '72', '422', '26', '425', '51', '142', '281', '370', '133', '126']
['452', '30', '475', '455', '481', '404', '195', '362', '327', '490', '182']
['17', '204', '265', '302', '157', '211', '163', '196', '81', '131', '441']
['213', '299', '22', '47', '303', '41', '374', '293', '167', '236']
['224', '454', '21', '145', '280', '15', '284', '376']
['137', '413', '114', '331', '297', '259', '149']
['208', '139', '277', '203', '491', '272', '235', '104', '278']
