['Willetta', 'Enid', 'Mackenzie', 'Midian', 'Shelby', 'Uchida', 'Rooke', 'Ubana', 'Holms', 'Fitz', 'Cheria', 'Vevay', 'Ebba', 'Montagna', 'Ace', 'Meingolda', 'McCullough', 'Adaurd', 'Darrow', 'Morville', 'Mathur', 'Lorilyn', 'Clovah', 'Clymer', 'Derinna', 'Epstein', 'Auroora', 'Willis', 'Druce', 'Karon', 'Lynett', 'Crompton', 'Tutankhamen', 'Tonya', 'Erlewine']
['Mushro', 'Kile', 'Janenna', 'Oscar', 'Yasu', 'Fidelio', 'Candyce', 'Vikky', 'Moyers', 'Oakes', 'Fredkin', 'Chaddie', 'Virginia', 'Celestyn', 'Lentha', 'Melburn', 'Adolphus', 'Utica', 'Ruhnke', 'Kudva', 'Glenn', 'Birck', 'Lauree', 'Biggs', 'Desi', 'Carter', 'Saylor', 'Polish', 'Australia', 'Ultun', 'Ludovico', 'Balcer', 'Costin', 'Rik', 'Shelbi']
['Earlene', 'Merth', 'Coh', 'Gerianne', 'Ottinger', 'Faunia', 'Barby', 'Antonino', 'Carrillo', 'Griswold', 'Melda', 'Tay', 'Matthew', 'Formenti', 'Darsie', 'Buxton', 'Roanna', 'Dumas', 'Mikol', 'Katzir', 'Acacia', 'Maribel', 'Hermon', 'Marijn', 'Fruin', 'Felicie', 'Jenkel', 'Cardwell', 'Ebneter', 'Gombosi', 'Robbin', 'Chemush', 'Lou', 'Chancellor', 'Buckler']
['Caines', 'Halimeda', 'Dowlen', 'Tuttle', 'Pippo', 'Delinda', 'Wight', 'Jenness', 'Masterson', 'Sinnard', 'Sosanna', 'Cyd', 'Holofernes', 'Watson', 'Gunn', 'Arianna', 'Summons', 'Balliett', 'McIntosh', 'Fausta', 'Hillegass', 'Ursola', 'Arel', 'Wistrup', 'Worlock', 'Hayyim', 'Schreck', 'Prebo', 'Odin', 'Clere', 'Bruns', 'Larson', 'Manaker', 'Milore', 'Krystalle']
['Joed', 'Dela', 'Beebe', 'Padget', 'Cerracchio', 'Yim', 'Hatch', 'Delila', 'Firman', 'Kerianne', 'Berneta', 'Selma', 'Davidde', 'Leiser', 'Thorman', 'Ber', 'Cicely', 'Kronick', 'Kaufmann', 'Chae', 'Dietrich', 'Zobe', 'Sandeep', 'Smukler', 'Tennes', 'Tine', 'Ardehs', 'Gillian', 'Tavy', 'Bui', 'Winer', 'Woodhead', 'Kinzer', 'Antonetta', 'Tiphane']
['Debera', 'Ashling', 'Mitchiner', 'Pappas', 'Crean', 'Les', 'Placido', 'Shannah', 'Elmira', 'Sievert', 'Osrick', 'Bello', 'Cherry', 'Marijo', 'Brittnee', 'Dole', 'Kassi', 'Love', 'Cutty', 'Ragland', 'Ruyle', 'Verras', 'Hawger', 'Cristoforo', 'Jobyna', 'Haldane', 'Jeniece', 'Saudra', 'Minier', 'McCoy', 'Schnabel', 'Noyes', 'Blondell', 'Dimitry', 'Reste']
['Flo', 'Bluhm', 'Fillender', 'Brazee', 'Karie', 'Jimmy', 'Saxen', 'Catherin', 'Eno', 'Halstead', 'Nessy', 'Wing', 'Till', 'Minda', 'Sandstrom', 'Melisa', 'Alvinia', 'Groh', 'Eldwen', 'Dare', 'Blasius', 'Cavallaro', 'Plantagenet', 'Gloriana', 'Danais', 'Florentia', 'Fokos', 'Hanway', 'Quitt', 'Fast', 'Utas', 'Groos', 'Fadiman', 'Lyle', 'Lamb']
['Cataldo', 'Kylah', 'Gibun', 'Demetria', 'McClimans', 'Freddy', 'Astto', 'Paulita', 'Lamson', 'Franek', 'Raul', 'Koetke', 'Micheal', 'Safire', 'Danita', 'Wendye', 'Durante', 'Derril', 'Adriane', 'Pontius', 'Behlau', 'Fifine', 'Ainslee', 'Yerxa', 'Dulcea', 'Lawler', 'Uzzia', 'Nisse', 'Mokas', 'Kerwon', 'Kanya', 'Eilis', 'Ferullo', 'Margeaux', 'Monahan']
['Woo', 'Foulk', 'Ardys', 'Zandt', 'Maude', 'Rani', 'Swanhilda', 'Donn', 'Janaya', 'Karlise', 'Vesta', 'Harland', 'Salomi', 'Henrique', 'Cristiona', 'Harmony', 'Tessy', 'McKinney', 'Danna', 'Uta', 'Deni', 'Aviv', 'Evangeline', 'Nanette', 'Binette', 'Benilda', 'Udell', 'Hankins', 'Saville', 'Ciapas', 'Ammadis', 'Hotze', 'Marina', 'Yarvis', 'Tillford']
['Hittel', 'Letta', 'Turrell', 'Myrvyn', 'Neveda', 'Beaver', 'Busey', 'Jillana', 'Elburr', 'Akeyla', 'Matthaeus', 'Bevon', 'Girardo', 'Jehiel', 'Corkhill', 'Elberta', 'Eleni', 'Marilou', 'Sumer', 'Ted', 'Dedric', 'Griffin', 'Basso', 'Bran', 'Holey', 'Leanna', 'Gowrie', 'Burkhart', 'Emmer', 'Kimon', 'Flemming', 'Dotson', 'Perloff', 'Flieger', 'Farro']
['Damon', 'Carlick', 'Ratcliffe', 'Hudis', 'Ginzburg', 'Cal', 'Elihu', 'Toh', 'Eudocia', 'Grochow', 'Jorgenson', 'Higgs', 'Dearman', 'Holton', 'Rodolphe', 'Dott', 'Atkins', 'Doroteya', 'Leod', 'Augustina', 'Serafine', 'Danuloff', 'Hong', 'Japeth', 'Lunetta', 'Feinstein', 'Ashman', 'Weirick', 'Nari', 'Vaish', 'Questa', 'Hannover', 'Berner', 'Janerich', 'Ng']
['Winebaum', 'Lenhart', 'Gwenette', 'Hadleigh', 'Jestude', 'Vonni', 'Mauchi', 'Hillel', 'Velda', 'Balling', 'Moonier', 'Hamlin', 'Pinto', 'Sigsmond', 'Risteau', 'Clea', 'Sheeran', 'Galligan', 'Livingston', 'Maye', 'Mansoor', 'Nicolis', 'Javler', 'Lynnelle', 'Jason', 'Jessalin', 'Starinsky', 'Tarkany', 'Knute', 'Won', 'Ashford', 'Emelia', 'Avril', 'Hakim', 'Jori']
['Hett', 'Latimer', 'Hako', 'Everick', 'Shepp', 'Meras', 'Klapp', 'Raynor', 'Shea', 'Anuska', 'Volkan', 'Lindell', 'Bounds', 'Emelita', 'Girovard', 'Bernj', 'Norean', 'Lotus', 'Favian', 'Felise', 'Nath', 'Grath', 'Ches', 'Rocray', 'Wunder', 'Newton', 'Larry', 'Nafis', 'Nannette', 'Ferro', 'Harriet', 'Neille', 'Lux', 'Hook', 'Towne']
['Edrick', 'Hardej', 'Stephenson', 'Pryce', 'Dett', 'Sachi', 'Rhonda', 'Alf', 'Ursi', 'Nestor', 'Charin', 'Converse', 'Lombardi', 'Shanly', 'Puklich', 'Zelma', 'Malo', 'Lacy', 'Cloots', 'Fairfax', 'Stearns', 'Baldridge', 'Barnett', 'Nance', 'Neva', 'Scherman', 'Renick', 'Bhayani', 'Grimona', 'Rue', 'Proudfoot', 'Tristam', 'Coumas', 'Rombert', 'Colly']
['Merola', 'Barsky', 'Prince', 'Fabrice']
['Agosto']
['Genie']
['Lon']
['Lenes']
['Billy', 'Klute']
