['320', '301', '0', '183', '18', '319', '262', '120', '357', '392', '278', '304', '126', '251', '339', '323', '322', '96', '245', '128', '46', '347', '24', '25', '367']
['16', '32', '100', '269', '334', '51', '101', '87', '34', '360', '220', '296', '378', '182', '242', '68', '3', '377', '233', '175', '181', '200', '355', '300', '158']
['340', '53', '6', '265', '312', '57', '159', '310', '31', '365', '82', '366', '341', '66', '203', '299', '86', '292', '114', '132', '56', '241', '176', '358', '146']
['184', '30', '266', '144', '160', '186', '255', '163', '110', '284', '396', '370', '206', '298', '111', '221', '215', '61', '317', '393', '335', '37', '64', '131', '124']
['67', '19', '74', '227', '202', '346', '199', '119', '88', '356', '90', '274', '40', '223', '328', '113', '35', '219', '214', '69', '280', '395', '129', '54', '261']
['348', '153', '193', '390', '2', '166', '248', '281', '29', '41', '194', '42', '108', '84', '282', '350', '109', '297', '349', '345', '15', '230', '92', '150', '286']
['204', '72', '27', '397', '398', '154', '222', '352', '136', '115', '50', '383', '311', '180', '13', '26', '125', '162', '343', '177', '73', '172', '93', '133', '63']
['17', '94', '48', '137', '70', '198', '145', '226', '354', '332', '167', '326', '327', '141', '1', '9', '368', '303', '99', '22', '337', '139', '275', '165', '287']
['152', '130', '10', '102', '38', '174', '330', '231', '259', '225', '236', '373', '257', '384', '235', '369', '52', '277', '258', '316', '36', '387', '78', '238', '91']
['76', '122', '116', '79', '394', '196', '385', '170', '127', '376', '374', '338', '134', '118', '283', '224', '85', '11', '192', '4', '195', '243', '197', '295', '353']
['234', '288', '147', '302', '362', '140', '333', '28', '324', '309', '321', '187', '58', '191', '363', '173', '12', '178']
['382', '179', '135', '308', '273', '331', '83', '247', '336', '268', '229', '329', '142', '267', '151', '253']
['315', '216', '264', '21', '188', '95', '45', '81', '89', '318', '8', '244', '314', '209', '107', '169']
['138', '389', '228', '240', '121', '305', '168', '201', '98', '381', '60', '254', '388', '285', '62']
['306', '290', '279', '246', '105', '351', '344', '294', '161', '386', '44', '157', '372', '391', '148']
['361', '271', '80', '371', '171', '260', '5', '399', '232', '291', '189', '313', '49', '342', '293']
['43', '39', '217', '47', '276', '208', '375', '117', '272', '143', '252', '7', '14', '205']
['185', '33', '210', '307', '237', '270', '123', '112', '211', '71', '55', '164', '20', '65']
['239', '364', '23', '104', '207', '75', '155', '190', '249', '149', '380', '256', '213', '263']
['218', '289', '250', '77', '59', '103', '359', '156', '97', '212', '379', '325', '106']
