['507', '360', '11', '801', '934', '585', '631', '104', '372', '103', '53', '984', '503']
['713', '579', '264', '405', '903', '455', '681', '970', '913', '498', '230', '881', '556']
['353', '392', '382', '84', '335', '742', '971', '293', '420', '52', '966', '195', '42']
['145', '538', '838', '529', '329', '362', '597', '28', '745', '333', '919', '191', '829']
['802', '153', '738', '567', '149', '779', '851', '930', '797', '216', '229', '772', '493']
['613', '864', '626', '68', '551', '492', '803', '386', '318', '777', '786', '254', '759']
['395', '487', '358', '574', '765', '641', '202', '593', '289', '519', '866', '731', '218']
['663', '70', '832', '468', '25', '714', '995', '128', '782', '159', '133', '677', '393']
['140', '303', '95', '458', '260', '313', '865', '665', '715', '246', '51', '861', '134']
['956', '712', '642', '632', '88', '242', '998', '812', '251', '949', '348', '774', '850']
['710', '724', '821', '974', '20', '756', '566', '844', '827', '986', '41', '500', '720']
['628', '945', '533', '932', '688', '440', '321', '535', '901', '469', '301', '730', '167']
['925', '525', '154', '464', '119', '447', '793', '769', '271', '403', '703', '8', '897']
['721', '813', '269', '696', '114', '491', '375', '732', '87', '516', '247', '125', '757']
['534', '883', '116', '347', '900', '236', '5', '660', '13', '785', '831', '612', '411']
['172', '177', '552', '559', '448', '989', '187', '893', '751', '515', '0', '953', '682']
['60', '524', '687', '462', '445', '657', '257', '886', '993', '432', '885', '679', '948']
['554', '734', '572', '190', '835', '536', '941', '767', '640', '758', '622', '421', '361']
['600', '544', '98', '193', '33', '55', '577', '807', '102', '980', '692', '237', '904']
['156', '541', '213', '741', '907', '38', '695', '14', '155', '341', '845', '637', '521']
['808', '300', '222', '607', '690', '982', '418', '417', '280', '157', '279', '378', '197']
['160', '906', '506', '147', '926', '961', '587', '424', '553', '220', '668', '615', '312']
['4', '909', '351', '912', '434', '238', '429', '336', '942', '65', '9', '877', '643']
['798', '245', '325', '32', '163', '931', '935', '981', '528', '22', '610', '185', '10']
['274', '846', '74', '569', '965', '324', '549', '652', '208', '44', '834', '286', '138']
['623', '951', '139', '17', '740', '725', '760', '34', '691', '655', '849', '543', '219']
['629', '480', '811', '892', '683', '635', '221', '939', '575', '7', '776', '77', '268']
['402', '969', '338', '397', '743', '214', '768', '284', '558', '282', '320', '761', '680']
['954', '350', '527', '959', '504', '841', '709', '305', '146', '573', '664', '962', '891']
['639', '266', '105', '621', '508', '495', '235', '349', '46', '557', '542', '853', '792']
['830', '199', '226', '684', '800', '614', '452', '736', '319', '57', '946', '867', '170']
['446', '887', '54', '694', '456', '729', '872', '427', '367', '486', '37', '111', '576']
['15', '174', '988', '3', '344', '69', '601', '972', '514', '502', '423', '428', '958']
['513', '908', '328', '828', '166', '276', '401', '697', '927', '890', '359', '671', '107']
['306', '484', '171', '217', '457', '435', '530', '400', '916', '352', '75', '914', '609']
['936', '240', '818', '658', '265', '205', '100', '232', '460', '659', '398', '78', '748']
['101', '59', '967', '618', '856', '16', '824', '326', '126', '308', '594', '91', '200']
['921', '843', '787', '990', '780', '917', '770', '466', '80', '852', '203', '346', '442']
['227', '436', '937', '836', '819', '987', '79', '547', '992', '860', '822', '497', '182']
['806', '920', '215', '431', '144', '24', '496', '689', '123', '376', '316', '583', '475']
['902', '873', '302', '40', '39', '857', '377', '586', '700', '646', '764', '624', '546']
['97', '262', '814', '518', '975', '311', '388', '356', '863', '548', '180', '212', '562']
['963', '158', '323', '616', '666', '825', '117', '71', '581', '933', '815', '565', '871']
['854', '67', '437', '820', '858', '582', '234', '82', '737', '592', '483', '99', '918']
['979', '399', '596', '833', '611', '685', '109', '2', '675', '47', '342', '406', '888']
['752', '90', '450', '794', '407', '373', '511', '384', '233', '678', '409', '915', '874']
['561', '239', '58', '591', '550', '241', '294', '441', '380', '705', '86', '944', '964']
['809', '337', '781', '152', '30', '517', '580', '48', '253', '711', '231', '178', '735']
['662', '826', '295', '371', '842', '426', '719', '391', '674', '81', '385', '467', '739']
['23', '501', '625', '929', '848', '259', '977', '876', '747', '314', '634', '490', '839']
['45', '62', '477', '85', '923', '94', '1', '122', '716', '985', '911', '686', '304']
['960', '136', '746', '791', '465', '83', '131', '92', '169', '255', '499', '115', '570']
['669', '307', '882', '896', '110', '485', '198', '590', '744', '439', '994', '707', '181']
['595', '56', '773', '783', '584', '526', '619', '210', '132', '124', '698', '750', '771']
['366', '309', '419', '868', '261', '410', '862', '438', '173', '636', '292', '676', '275']
['778', '340', '895', '228', '463', '645', '211', '299', '894', '330', '488', '143', '733']
['290', '19', '192', '898', '673', '602', '816', '955', '648', '726', '443', '875', '603']
['667', '505', '474', '416', '425', '414', '957', '823', '89', '644', '176', '699', '291']
['43', '370', '539', '127', '252', '537', '706', '162', '150', '869', '560', '693', '31']
['50', '571', '389', '578', '63', '805', '598', '206', '568', '113', '627', '161', '343']
['943', '186', '763', '650', '564', '408', '470', '661', '717', '494', '510', '415', '368']
['310', '184', '248', '479', '194', '968', '788', '379', '130', '880', '404', '112', '6']
['64', '225', '766', '207', '164', '29', '670', '201', '471', '36', '749', '278', '151']
['364', '940', '672', '973', '472', '708', '775', '49', '879', '589', '938', '630', '976']
['381', '789', '978', '804', '723', '878', '451', '179', '531', '96', '413', '298', '702']
['412', '608', '283', '922', '108', '281', '796', '369', '799', '859', '837', '120', '272']
['168', '656', '267', '339', '357', '365', '509', '12', '285', '334', '296', '727', '35']
['947', '394', '588', '223', '433', '430', '604', '121', '545', '478', '363', '66', '327']
['722', '784', '651', '183', '997', '753', '476', '141', '21', '129', '224', '297', '18']
['250', '790', '606', '383', '996', '855', '444', '137', '481', '617', '461', '532', '72']
['817', '884', '61', '647', '482', '148', '315', '512', '718', '196', '135', '889', '654']
['522', '555', '322', '928', '331', '273', '277', '489', '188', '459', '840', '374', '653']
['950', '649', '520', '390', '605', '142', '263', '910', '387', '701', '287', '165', '991']
['270', '999', '93', '243', '755', '106', '952', '870', '638']
['189', '899', '256', '175', '454', '204', '563']
['345', '249', '905', '728', '76', '422']
['924', '453', '73', '354', '449', '983']
['523']
['473']
['633']
['847']
['317']
['540']
['288']
['209']
['26']
['396']
['795']
['332']
['704']
['27']
['620']
['118']
['762']
['754']
['599']
['810']
['355']
['258']
['244']
