['802', '887', '171', '188', '750', '881', '693', '875', '676', '170', '752', '505', '337', '898', '901', '531', '96', '685', '270', '69', '712', '688', '281', '650', '777', '320', '503', '27', '953', '533', '550', '840', '131', '427', '833', '496', '668', '498', '462', '272']
['50', '450', '355', '226', '965', '417', '862', '220', '785', '227', '601', '878', '265', '526', '163', '247', '432', '224', '497', '406', '145', '56', '437', '805', '582', '384', '987', '957', '946', '851', '747', '154', '973', '470', '695', '26', '880', '22', '561', '858']
['63', '905', '372', '964', '654', '738', '682', '262', '116', '249', '448', '187', '455', '491', '123', '717', '935', '0', '120', '99', '184', '922', '842', '602', '959', '723', '29', '760', '289', '677', '8', '181', '741', '88', '855', '52', '263', '630', '203', '702']
['599', '264', '607', '93', '425', '641', '916', '49', '876', '343', '436', '312', '508', '798', '67', '303', '569', '280', '725', '852', '411', '954', '353', '338', '598', '25', '293', '823', '142', '801', '291', '667', '908', '778', '895', '429', '396', '334', '21', '686']
['192', '382', '947', '447', '530', '779', '949', '698', '80', '86', '510', '617', '453', '961', '300', '912', '92', '767', '102', '914', '782', '363', '77', '839', '243', '40', '39', '164', '482', '456', '400', '674', '612', '540', '383', '73', '841', '32', '655', '268']
['960', '205', '221', '904', '570', '10', '366', '30', '553', '715', '146', '547', '560', '231', '129', '167', '292', '261', '223', '325', '721', '416', '648', '461', '623', '615', '847', '35', '920', '950', '990', '114', '907', '585', '859', '933', '68', '422', '952', '991']
['789', '978', '501', '651', '705', '38', '308', '931', '346', '860', '428', '439', '739', '125', '105', '168', '90', '256', '658', '451', '474', '357', '459', '942', '211', '295', '14', '984', '742', '614', '24', '998', '126', '414', '460', '557', '230', '790', '342', '207']
['621', '147', '45', '311', '982', '82', '726', '610', '637', '472', '988', '618', '58', '811', '360', '529', '765', '812', '376', '911', '659', '764', '475', '776', '974', '587', '252', '796', '575', '476', '515', '378', '138', '871', '323', '918', '148', '244', '48', '111']
['639', '302', '673', '532', '937', '109', '730', '288', '18', '873', '54', '206', '934', '753', '640', '845', '877', '854', '309', '975', '813', '267', '889', '31', '19', '506', '687', '694', '940', '238', '228', '709', '1', '242', '282', '675', '324', '135', '359', '720']
['539', '166', '405', '535', '85', '367', '737', '996', '711', '330', '562', '653', '258', '119', '477', '766', '424', '568', '404', '196', '297', '115', '662', '794', '335', '995', '433', '890', '597', '868', '464', '743', '319', '202', '636', '106', '879', '930', '699', '563']
['846', '713', '541', '924', '328', '344', '144', '299', '273', '634', '554', '843', '108', '217', '574', '647', '332', '966', '91', '866', '172', '369', '452', '520', '495', '46', '66', '565', '197', '381', '882', '315', '279', '444', '592', '986', '910', '47', '543', '6']
['945', '322', '525', '864', '394', '763', '884', '17', '896', '117', '471', '627', '643', '638', '389', '388', '657', '816', '122', '594', '691', '55', '499', '51', '906', '595', '804', '83', '71', '130', '326', '218', '552', '445', '7', '314', '200', '9', '772', '442']
['724', '806', '62', '473', '304', '250', '479', '239', '84', '865', '502', '769', '664', '915', '874', '771', '611', '792', '774', '546', '909', '136', '331', '397', '649', '201', '34', '169', '78', '488', '361', '795', '830', '835', '939', '485', '104', '759', '216', '603']
['347', '465', '951', '799', '955', '317', '997', '703', '298', '296', '781', '294', '578', '972', '729', '435', '399', '81', '489', '195', '797', '710', '968', '827', '5', '701', '13', '863', '155', '415', '822', '734', '787', '468', '514', '632', '61', '755', '775', '253']
['969', '656', '517', '929', '549', '420', '352', '679', '559', '979', '423', '803', '132', '604', '87', '631', '994', '395', '43', '826', '513', '706', '413', '443', '12', '927', '869', '112', '834', '327', '412', '757', '487', '544', '410', '33', '718', '336', '229', '151']
['160', '266', '98', '139', '696', '580', '661', '512', '386', '375', '652', '573', '849', '278', '402', '127', '832', '642', '418', '271', '970', '577', '466', '751', '993', '932', '179', '222', '153', '537', '318', '490', '919', '362', '962', '251', '478', '958', '853', '897']
['174', '345', '431', '183', '449', '137', '644', '186', '392', '189', '434', '276', '819', '175', '678', '542', '980', '609', '500', '891', '23', '518', '680', '44', '143', '893', '274', '814', '608', '177', '768', '926', '989', '923', '391', '28', '735', '528', '237', '374']
['522', '370', '407', '158', '900', '441', '118', '770', '948', '340', '600', '746', '215', '625', '844', '714', '339', '409', '204', '255', '15', '446', '899', '504', '368', '306', '921', '684', '683', '307', '824', '620', '284', '408', '558', '660', '545', '162', '728', '861']
['567', '379', '233', '254', '815', '161', '850', '579', '719', '426', '259', '100', '749', '977', '548', '113', '606', '209', '534', '152', '524', '666', '740', '365', '707', '807', '697', '519', '176', '219', '902', '704', '538', '690', '633', '469', '786', '516', '165', '829']
['925', '936', '313', '380', '430', '11', '349', '301', '124', '509', '732', '913', '89', '2', '133', '944', '193', '60', '57', '870', '493', '101', '70', '571', '976', '190', '626', '820', '149', '260', '665', '886', '903', '236', '857', '390', '121', '128', '159', '628']
['4', '967', '613', '999', '213', '883', '511', '214', '329', '810', '736', '440', '708', '619', '593', '110', '848', '246', '646', '831', '398', '486', '731', '583', '748', '808', '194', '212', '351', '240', '419', '95', '784', '536', '385', '454', '341', '762', '624', '671']
['3', '277', '507', '635', '241', '788', '401', '572', '94', '681', '971', '157', '586', '79', '689', '590', '310', '744', '938', '483', '182', '809', '956', '74', '758', '825', '754', '492', '210', '42', '716', '36', '745', '41', '467', '589', '556', '53', '421', '576']
['97', '140', '791', '928', '663', '371', '564', '838', '756', '333', '596', '463', '364', '191', '393']
['156', '199', '963', '591', '892', '225', '941', '198', '76', '700', '885', '286']
['555', '523', '817', '836', '305', '173', '387', '141', '287', '521']
['943', '669', '856', '818', '377', '670', '180', '985', '150', '316']
['828', '269', '257', '780', '645', '208', '981', '178', '107']
['248', '821', '354', '458', '234', '983', '75', '285']
['800', '783', '672', '16', '20', '793', '622', '733']
['629', '527', '283', '872', '438', '605', '894', '185']
['59', '722', '588', '358', '566', '356', '481', '992']
['290', '484', '773', '235', '494', '837', '403', '72']
['350', '64', '480', '232', '581', '65', '551', '275']
['373', '616', '321', '761', '867', '103', '888']
['245', '457', '917', '348', '584', '692', '37', '727', '134']
