['302', '507', '62', '573', '509', '188', '584', '551', '312', '250', '262', '477', '625', '265', '92', '81', '492', '280', '631', '640', '292', '546', '290', '534', '136', '3', '527', '564', '153', '437', '39', '232', '318', '13', '27', '44', '326', '483', '35', '490', '19', '383', '484', '552', '284', '390', '470', '106', '316', '237']
['639', '613', '192', '382', '501', '139', '380', '17', '463', '375', '627', '473', '510', '436', '18', '554', '389', '523', '58', '215', '217', '559', '149', '423', '122', '206', '163', '404', '129', '497', '350', '270', '105', '353', '69', '504', '71', '357', '155', '212', '565', '218', '538', '244', '315', '636', '628', '22', '563', '603']
['599', '480', '621', '203', '226', '264', '354', '241', '367', '299', '180', '68', '638', '340', '258', '371', '424', '339', '577', '556', '53', '51', '223', '164', '474', '440', '582', '305', '619', '520', '5', '201', '34', '605', '293', '415', '378', '461', '8', '274', '351', '544', '614', '410', '24', '336', '403', '75', '528', '624']
['517', '441', '205', '308', '398', '583', '278', '493', '472', '186', '366', '337', '300', '95', '601', '360', '388', '418', '204', '55', '606', '421', '395', '90', '168', '83', '252', '369', '495', '365', '593', '150', '519', '176', '368', '31', '597', '327', '306', '182', '181', '1', '126', '279', '362', '334', '159', '103', '47', '521']
['322', '525', '555', '355', '407', '147', '541', '158', '530', '98', '144', '257', '11', '221', '494', '2', '80', '194', '330', '10', '629', '569', '127', '132', '376', '96', '123', '36', '622', '224', '107', '184', '446', '329', '29', '198', '169', '289', '413', '246', '219', '307', '238', '228', '114', '162', '462', '630', '229', '6']
['214', '379', '173', '420', '220', '586', '157', '644', '288', '610', '574', '356', '146', '536', '332', '377', '409', '102', '489', '41', '341', '363', '247', '499', '99', '115', '56', '152', '277', '331', '335', '587', '456', '40', '25', '476', '78', '295', '177', '73', '283', '468', '61', '469', '236', '7', '324', '359', '272', '442']
['199', '82', '109', '471', '193', '273', '364', '634', '287', '637', '333', '101', '227', '618', '505', '453', '392', '294', '108', '399', '210', '531', '175', '491', '87', '547', '196', '439', '216', '209', '43', '451', '452', '430', '349', '130', '433', '197', '608', '131', '396', '319', '48', '498', '314', '516', '561', '543', '286', '72']
['370', '539', '572', '347', '447', '394', '345', '576', '449', '562', '479', '189', '116', '303', '20', '578', '526', '448', '271', '113', '77', '338', '602', '222', '457', '524', '94', '575', '443', '12', '142', '79', '66', '488', '291', '361', '143', '612', '211', '632', '88', '496', '282', '444', '251', '385', '200', '348', '633', '134']
['50', '225', '405', '580', '549', '110', '387', '508', '70', '600', '579', '239', '30', '426', '642', '553', '502', '455', '187', '611', '500', '125', '15', '213', '518', '373', '595', '635', '261', '358', '438', '384', '459', '590', '320', '141', '185', '74', '190', '323', '148', '234', '33', '414', '460', '26', '253', '374', '165', '151']
['522', '311', '511', '567', '313', '85', '117', '321', '641', '386', '512', '57', '581', '208', '346', '60', '296', '617', '170', '245', '570', '402', '259', '100', '128', '542', '0', '120', '609', '432', '297', '64', '172', '256', '588', '487', '154', '419', '514', '242', '391', '52', '592', '545', '28', '104', '121', '585', '342', '111']
['156', '140', '266', '328', '344', '465', '93', '63', '431', '425', '317', '49', '137', '301', '67', '529', '276', '568', '76', '231', '255', '411', '598', '267', '65', '515', '133', '486', '623', '14', '178', '59', '571', '533', '248', '591', '464', '445', '429', '408', '427', '620', '202', '485', '263', '481', '589', '21', '191', '268']
['160', '532', '535', '38', '89', '298', '372', '86', '343', '643', '54', '240', '249', '119', '626', '435', '604', '548', '91', '475', '42', '275', '23', '145', '309', '179', '325', '243', '416', '482', '537', '46', '37', '412', '506', '550', '16', '557', '230', '454', '135', '9', '207']
['166', '401', '417', '183', '352', '310', '84', '428', '235', '466', '167', '393', '397', '281', '596', '400', '124', '285', '503', '615', '112', '138', '381', '269', '260', '458', '32', '558', '161', '422']
['97', '174', '616', '607', '195', '560', '540', '304']
['4', '450', '434', '566', '406']
['467']
['594']
['254']
['118']
['233']
['45']
['478']
['513']
['645']
['171']
