['393', '264', '299', '304', '312', '847', '471', '910', '512', '928', '803', '31', '178', '536', '647', '648', '322', '914', '365', '191', '546', '543', '43', '84', '885', '25', '584', '295', '134', '333', '277', '203', '569', '358', '323']
['447', '746', '940', '112', '985', '616', '996', '385', '794', '772', '38', '479', '642', '214', '949', '638', '793', '219', '974', '37', '395', '753', '514', '573', '568', '947', '168', '511', '623', '852', '493', '959', '551', '343', '499']
['93', '222', '528', '226', '566', '388', '411', '119', '816', '90', '422', '856', '419', '124', '865', '731', '374', '425', '306', '591', '481', '293', '572', '336', '950', '332', '317', '828', '614', '626', '729', '531', '108', '19', '320']
['801', '309', '281', '415', '430', '689', '931', '871', '463', '211', '916', '289', '697', '225', '804', '565', '645', '265', '428', '815', '414', '347', '259', '987', '705', '359', '360', '363', '896', '372', '805', '329', '244', '537', '125']
['86', '915', '930', '163', '248', '510', '469', '622', '160', '53', '654', '438', '450', '581', '810', '953', '538', '300', '236', '995', '972', '720', '589', '234', '991', '477', '153', '887', '176', '116', '192', '280', '934', '297', '599']
['842', '273', '318', '94', '266', '489', '274', '670', '436', '302', '426', '939', '237', '748', '416', '637', '892', '453', '472', '874', '672', '135', '420', '630', '107', '917', '157', '508', '555', '992', '826', '455', '233', '577', '948']
['78', '68', '488', '382', '553', '284', '42', '204', '443', '452', '690', '969', '646', '16', '123', '89', '979', '72', '946', '495', '932', '787', '130', '34', '567', '707', '352', '783', '807', '384', '858', '14', '181', '866', '167']
['502', '680', '209', '819', '532', '232', '682', '379', '80', '328', '738', '133', '22', '316', '164', '780', '833', '137', '735', '821', '275', '279', '397', '143', '850', '730', '188', '967', '784', '269', '361', '338', '140', '718', '408']
['592', '448', '976', '586', '813', '684', '719', '506', '605', '410', '91', '554', '877', '636', '429', '904', '230', '701', '409', '529', '872', '205', '434', '841', '439', '2', '478', '431', '733', '403', '256', '742', '21', '496', '252']
['12', '960', '239', '356', '46', '673', '142', '325', '781', '763', '468', '562', '247', '464', '941', '330', '983', '521', '85', '725', '563', '675', '739', '368', '136', '924', '369', '517', '782', '845', '617', '788', '817', '370', '79']
['634', '606', '908', '376', '548', '696', '245', '59', '575', '466', '118', '187', '378', '564', '882', '859', '556', '357', '547', '148', '467', '23', '404', '15', '200', '131', '724', '183', '717', '49', '561', '114', '424', '906', '457']
['371', '8', '190', '335', '41', '855', '706', '792', '962', '898', '571', '870', '92', '643', '351', '747', '880', '918', '750', '405', '391', '727', '726', '607', '601', '285', '522', '883', '968', '350', '912', '713', '228', '235', '319']
['683', '557', '523', '935', '199', '844', '886', '920', '314', '889', '27', '797', '736', '708', '825', '396', '761', '196', '407', '60', '11', '519', '879', '544', '583', '392', '838', '625', '540', '600', '82', '857', '218', '288', '681']
['271', '67', '95', '340', '166', '903', '582', '973', '629', '998', '171', '869', '524', '465', '651', '238', '631', '51', '541', '362', '212', '28', '311', '366', '122', '162', '669', '888', '676', '640', '221', '588', '667', '242', '743']
['202', '492', '963', '942', '263', '473', '165', '527', '834', '505', '87', '966', '894', '283', '177', '820', '776', '240', '174', '715', '29', '99', '500', '881', '313', '800', '769', '24', '35', '878', '671', '986', '862', '399', '159']
['744', '400', '864', '373', '75', '897', '189', '10', '321', '851', '633', '224', '292', '296', '836', '475', '270', '809', '695', '768', '398', '104', '253', '486', '552', '305', '446', '578', '40', '665', '674', '893', '613', '64', '377']
['975', '390', '154', '344', '757', '970', '644', '848', '808', '716', '981', '558', '454', '152', '766', '550', '943', '144', '334', '951', '628', '641', '498', '186', '435', '276', '656', '272', '138', '603', '386', '331', '349', '539', '721']
['18', '649', '860', '229', '598', '156', '497', '627', '254', '421', '197', '509', '208', '480', '45', '231', '348', '180', '710', '660', '798', '559', '700', '427', '88', '173', '688', '291', '417', '650', '956', '520', '911', '249', '516']
['406', '823', '440', '100', '611', '5', '779', '549', '677', '685', '129', '102', '57', '533', '923', '711', '926', '121', '364', '890', '952', '193', '758', '301', '990', '198', '250', '286', '501', '686', '679', '818', '762', '290', '624']
['632', '110', '694', '324', '36', '604', '459', '346', '579', '777', '620', '375', '83', '639', '155', '955', '752', '147', '704', '831', '737', '507', '103', '326', '663', '827', '958', '984', '775', '884', '278', '0', '740', '149', '861']
['846', '20', '957', '635', '394', '170', '216', '298', '474', '9', '483', '145', '732', '169', '260', '585', '980', '545', '339', '476', '723', '81', '795', '412', '241', '258', '843', '909', '913', '61', '997', '542', '837', '449', '294']
['261', '227', '745', '802', '770', '327', '268', '381', '693', '179', '602', '515', '621', '4', '988', '687', '907', '936', '703', '525', '734', '76', '982', '308', '666', '609', '243', '786', '150', '220', '812', '961', '722', '655', '989']
['678', '944', '965', '383', '73', '868', '774', '146', '223', '39', '126', '342', '401', '246', '56', '52', '44', '922', '345', '756', '839', '185', '151', '610', '760', '161', '470', '873', '504', '461', '612', '213', '456', '691', '618']
['751', '977', '534', '513', '576', '789', '659', '13', '117', '69', '50', '432', '458', '714', '485', '215', '832', '526', '490', '210', '535', '891', '574', '1', '487', '74', '3', '387', '796', '933', '77', '829', '964', '442', '900']
['451', '749', '63', '728', '217', '570', '389', '109', '759', '902', '287', '444', '661', '767', '413', '17', '799', '66', '255', '491', '653', '664', '993', '195', '441', '62', '619', '702', '503', '257', '70', '494', '822', '26', '113']
['657', '65', '55', '303', '905', '698', '895', '96', '267', '262', '111', '771', '754', '863', '48', '58', '938', '201', '596', '668', '590', '437', '811', '445', '921', '367', '182', '901', '840', '194', '7', '141', '692', '355', '139']
['937', '830', '595', '207', '778', '785', '971', '460', '282', '587', '849', '158', '341', '71', '662', '835', '128', '518', '741', '54', '115', '530', '765', '954', '814', '755', '101']
['307', '105', '98', '806', '106', '132', '927', '33', '652', '175', '853', '790', '875', '6', '337', '47', '867']
['945', '380', '999', '32', '824', '658', '127', '594', '353', '560', '482', '315', '484', '593']
['709', '773', '597', '402', '929', '791', '699']
['580', '310', '206', '433', '608', '615']
['876', '120', '899', '184', '764', '994']
['854', '919', '251', '978', '172']
['97', '462']
['418']
['354']
['925']
['712']
['423']
['30']
