['502', '93', '976', '886', '902', '216', '302', '629', '245', '899', '955', '974', '223', '754', '526', '695', '505', '880', '308', '465', '529', '918', '810', '337', '507', '374', '993', '348', '251', '265', '641', '234', '3', '116', '671', '600', '192', '837', '242', '862']
['451', '678', '634', '978', '80', '166', '356', '13', '214', '973', '460', '325', '748', '916', '450', '969', '982', '558', '283', '651', '364', '208', '776', '835', '231', '999', '951', '404', '212', '544', '285', '161', '257', '676', '956', '256', '989', '740', '64', '254']
['447', '683', '63', '264', '977', '344', '789', '794', '287', '549', '436', '189', '949', '410', '714', '497', '904', '211', '464', '524', '124', '653', '768', '121', '480', '437', '672', '541', '253', '511', '522', '478', '417', '878', '838', '912', '561', '692', '499', '320']
['380', '606', '751', '100', '209', '819', '635', '312', '12', '897', '548', '638', '59', '797', '836', '869', '771', '848', '289', '716', '697', '565', '89', '715', '753', '921', '559', '619', '168', '173', '159', '656', '162', '333', '961', '674', '221', '338', '190', '861']
['823', '318', '621', '5', '263', '375', '473', '622', '132', '856', '282', '137', '37', '225', '731', '550', '821', '538', '306', '120', '434', '585', '445', '62', '628', '15', '259', '81', '884', '991', '909', '707', '49', '286', '501', '652', '667', '755', '788', '377']
['371', '528', '388', '586', '868', '534', '266', '576', '510', '515', '46', '673', '96', '942', '598', '779', '474', '479', '685', '907', '92', '877', '178', '76', '732', '609', '922', '664', '925', '675', '811', '293', '543', '555', '70', '887', '796', '655', '829', '934']
['830', '226', '379', '860', '908', '659', '267', '274', '9', '321', '483', '17', '429', '808', '914', '547', '260', '307', '236', '519', '441', '947', '354', '584', '336', '702', '901', '332', '136', '508', '866', '115', '35', '724', '206', '372', '384', '679', '218', '288']
['919', '965', '393', '268', '304', '340', '847', '73', '385', '248', '602', '898', '382', '430', '38', '83', '91', '443', '580', '316', '147', '648', '177', '105', '85', '99', '34', '305', '150', '913', '369', '477', '198', '826', '97', '183', '626', '262', '718', '252']
['271', '67', '273', '694', '232', '471', '41', '415', '469', '466', '594', '923', '230', '270', '834', '58', '926', '824', '195', '607', '487', '43', '6', '775', '412', '435', '987', '313', '172', '876', '40', '24', '722', '733', '349', '729', '577', '742', '408', '624']
['842', '963', '309', '513', '960', '816', '936', '554', '57', '587', '490', '71', '894', '148', '345', '174', '106', '128', '151', '773', '573', '339', '815', '853', '518', '881', '623', '2', '741', '800', '992', '945', '188', '493', '840', '625', '520', '569', '784', '101']
['327', '440', '682', '94', '910', '75', '813', '284', '204', '432', '939', '780', '158', '737', '764', '647', '938', '596', '201', '391', '144', '72', '29', '428', '367', '958', '157', '54', '699', '709', '896', '906', '361', '113', '228', '140', '858', '244', '537', '249']
['227', '557', '940', '462', '484', '931', '156', '129', '871', '237', '219', '736', '704', '533', '342', '247', '882', '608', '425', '45', '396', '660', '739', '932', '879', '130', '546', '827', '366', '495', '630', '990', '182', '446', '517', '153', '614', '352', '82', '315']
['98', '86', '746', '658', '930', '532', '937', '389', '570', '184', '759', '684', '757', '50', '803', '988', '677', '426', '111', '763', '39', '145', '87', '48', '874', '574', '787', '597', '850', '885', '688', '883', '461', '200', '828', '61', '449', '456', '358', '139']
['749', '202', '110', '222', '492', '778', '693', '459', '611', '553', '689', '571', '687', '165', '171', '793', '708', '564', '402', '820', '52', '631', '668', '535', '758', '1', '397', '568', '28', '84', '929', '241', '317', '612', '175', '33', '783', '713', '994', '516']
['68', '8', '802', '217', '423', '207', '785', '706', '142', '422', '146', '468', '644', '637', '981', '240', '806', '196', '420', '500', '663', '301', '760', '88', '220', '134', '967', '392', '603', '176', '893', '542', '77', '997', '233', '539', '765', '108', '297', '30']
['975', '846', '20', '657', '744', '411', '112', '324', '55', '109', '170', '328', '772', '639', '485', '575', '747', '809', '169', '966', '152', '180', '185', '946', '326', '60', '700', '572', '486', '795', '504', '363', '350', '845', '331', '0', '141', '149', '900', '79']
['18', '855', '373', '239', '433', '620', '712', '928', '117', '642', '133', '22', '851', '181', '118', '421', '525', '536', '491', '890', '839', '891', '103', '514', '812', '470', '431', '213', '131', '403', '814', '964', '617', '857', '551', '791', '457']
['745', '95', '864', '579', '920', '10', '681', '636', '690', '413', '527', '859', '322', '735', '865', '593', '330', '210', '727', '545', '589', '439', '414', '723', '107', '650', '399', '743', '125', '343', '911', '805']
['261', '78', '957', '728', '394', '199', '281', '905', '4', '444', '870', '310', '627', '31', '378', '849', '475', '197', '646', '662', '804', '405', '952', '11', '841', '295', '567', '843', '250', '933', '613', '817']
['383', '770', '801', '36', '400', '303', '604', '488', '962', '889', '119', '224', '292', '53', '654', '832', '833', '16', '521', '943', '275', '279', '720', '25', '888', '782', '822', '531', '114', '566']
['592', '390', '915', '985', '229', '792', '777', '719', '506', '376', '314', '215', '454', '983', '756', '761', '467', '980', '74', '610', '790', '618', '498', '272', '194', '560', '442', '290', '323']
['65', '895', '42', '661', '774', '27', '562', '701', '205', '645', '472', '407', '995', '563', '243', '427', '786', '984', '276', '503', '386', '7', '807', '26', '854', '14', '599']
['680', '163', '696', '781', '90', '102', '703', '872', '509', '453', '953', '300', '23', '193', '347', '186', '583', '578', '291', '924', '360', '203', '818', '691', '409', '721']
['406', '448', '523', '649', '179', '346', '698', '903', '512', '615', '767', '831', '416', '875', '556', '941', '44', '32', '972', '730', '368', '359', '873', '669', '494']
['154', '582', '605', '160', '633', '341', '56', '825', '892', '51', '167', '917', '769', '959', '717', '588', '269', '482', '948', '355', '47', '867']
['944', '381', '616', '971', '69', '738', '127', '126', '438', '419', '123', '725', '135', '481', '476', '387', '455', '927', '686', '329', '424', '235']
['998', '395', '334', '710', '643', '595', '452', '530', '164', '844', '353', '66', '996', '552', '750', '398', '19']
['968', '752', '640', '365', '935', '362', '799', '540', '954', '370', '734', '351', '670', '255', '766', '238', '319']
['979', '601', '299', '798', '986', '143', '280', '311', '863', '246', '357', '489', '666', '852', '258']
['458', '138', '104', '155', '296', '590', '632', '463', '187', '711', '122', '294', '581', '970']
['665', '726', '278', '191', '277', '591', '335', '705', '418', '401', '21', '950', '762', '496', '298']
