['888', '753', '774', '991', '487', '424', '662', '897', '919', '642']
['252', '453', '997', '800', '153', '243', '730', '44', '406', '462']
['6', '628', '925', '56', '58', '541', '916', '344', '265', '235']
['580', '447', '256', '829', '910', '883', '141', '107', '512', '40']
['373', '422', '16', '960', '197', '946', '467', '59', '978', '3']
['136', '63', '448', '490', '519', '134', '456', '543', '587', '808']
['147', '455', '905', '775', '428', '133', '847', '468', '372', '875']
['913', '837', '528', '272', '62', '286', '632', '385', '264', '776']
['156', '989', '682', '629', '464', '356', '841', '311', '760', '443']
['930', '48', '544', '846', '321', '723', '12', '728', '828', '335']
['463', '511', '138', '74', '559', '249', '288', '376', '278', '623']
['202', '242', '824', '515', '77', '539', '312', '766', '254', '963']
['320', '661', '22', '600', '137', '613', '175', '798', '657', '513']
['54', '637', '394', '986', '53', '743', '823', '390', '498', '222']
['851', '848', '738', '228', '854', '669', '298', '382', '781', '744']
['754', '892', '952', '269', '791', '246', '293', '592', '250', '178']
['369', '966', '135', '783', '96', '860', '589', '605', '680', '155']
['465', '152', '121', '238', '85', '41', '805', '696', '98', '610']
['995', '666', '832', '815', '69', '221', '671', '822', '207', '620']
['126', '982', '899', '493', '469', '571', '714', '15', '375', '631']
['263', '598', '561', '864', '95', '880', '865', '557', '990', '956']
['945', '210', '881', '510', '111', '476', '34', '901', '572', '724']
['601', '953', '616', '106', '849', '297', '215', '400', '532', '772']
['427', '551', '444', '904', '61', '17', '527', '535', '973', '432']
['223', '506', '894', '893', '924', '788', '935', '523', '676', '522']
['586', '508', '39', '407', '787', '323', '807', '921', '142', '305']
['150', '409', '380', '764', '731', '488', '124', '97', '998', '347']
['310', '912', '282', '377', '436', '597', '940', '567', '435', '70']
['492', '702', '644', '876', '802', '267', '37', '475', '117', '171']
['75', '857', '665', '675', '315', '413', '421', '329', '687', '840']
['192', '779', '688', '917', '689', '14', '533', '721', '647', '943']
['86', '399', '981', '785', '437', '699', '350', '782', '100', '257']
['786', '354', '68', '11', '273', '132', '920', '638', '923', '495']
['751', '143', '67', '975', '944', '294', '773', '619', '507', '72']
['43', '460', '262', '414', '573', '198', '466', '218', '285', '707']
['608', '346', '442', '266', '972', '204', '634', '140', '260', '208']
['811', '405', '636', '992', '686', '612', '518', '618', '332', '340']
['954', '655', '450', '280', '891', '259', '579', '203', '316', '168']
['720', '30', '184', '169', '735', '668', '307', '858', '993', '122']
['736', '101', '148', '219', '691', '812', '555', '558', '797', '115']
['279', '911', '942', '319', '835', '139', '626', '778', '695', '784']
['733', '684', '92', '452', '907', '529', '234', '501', '820', '295']
['244', '199', '609', '32', '51', '643', '769', '322', '181', '627']
['9', '416', '801', '825', '112', '0', '955', '402', '309', '46']
['566', '581', '630', '937', '57', '231', '926', '525', '520', '524']
['209', '516', '780', '113', '856', '179', '268', '241', '174', '725']
['396', '247', '108', '429', '114', '873', '961', '624', '485', '318']
['425', '489', '927', '914', '76', '274', '161', '89', '625', '615']
['433', '18', '361', '748', '163', '31', '144', '834', '314', '896']
['842', '258', '988', '303', '189', '931', '514', '38', '863', '902']
['918', '656', '639', '300', '411', '417', '65', '164', '969', '746']
['131', '360', '563', '5', '777', '530', '582', '236', '461', '308']
['690', '24', '929', '884', '763', '715', '90', '479', '154', '712']
['351', '964', '403', '225', '818', '439', '364', '451', '430', '80']
['47', '526', '191', '420', '245', '575', '890', '621', '596', '967']
['239', '814', '55', '393', '770', '233', '674', '213', '166', '343']
['275', '641', '336', '683', '118', '187', '119', '129', '538', '299']
['102', '84', '217', '170', '692', '903', '817', '71', '491', '341']
['562', '556', '73', '673', '996', '477', '708', '185', '987', '809']
['88', '799', '870', '363', '270', '149', '434', '82', '504', '872']
['173', '327', '440', '549', '550', '885', '554', '480', '614', '742']
['83', '659', '289', '423', '366', '66', '446', '806', '291', '339']
['985', '27', '482', '909', '977', '248', '602', '378', '716', '284']
['709', '36', '473', '21', '25', '965', '42', '796', '328', '357']
['933', '577', '717', '415', '957', '87', '157', '292', '537', '334']
['653', '831', '649', '882', '794', '793', '370', '980', '593', '970']
['503', '678', '224', '726', '757', '505', '194', '844', '681', '740']
['704', '795', '93', '454', '718', '540', '412', '658', '710', '304']
['392', '759', '13', '984', '915', '941', '607', '677', '105', '652']
['542', '697', '2', '251', '906', '979', '110', '866', '765', '302']
['367', '333', '734', '441', '606', '531', '651', '190', '845', '545']
['672', '188', '670', '568', '705', '220', '348', '216', '99', '833']
['94', '431', '536', '496', '604', '52', '408', '664', '968', '342']
['887', '7', '771', '1', '271', '4', '758', '123', '125', '756']
['419', '843', '936', '548', '859', '928', '599', '449', '879', '391']
['281', '205', '553', '35', '395', '509', '177', '410', '359', '750']
['534', '804', '971', '565', '755', '810', '949', '211', '635', '296']
['867', '130', '196', '821', '472', '438', '103', '938', '591', '325']
['158', '109', '352', '922', '195', '50', '685', '229', '313', '486']
['871', '226', '767', '91', '877', '145', '588', '595', '813', '276']
['20', '49', '895', '622', '869', '471', '962', '237', '146', '26']
['648', '499', '381', '886', '326', '379', '180', '729', '878', '277']
['127', '358', '713', '874', '159', '331', '374', '816', '852', '23']
['640', '747', '546', '116', '384', '752', '517', '584', '81', '287']
['212', '819', '868', '484', '839', '355', '660', '283', '745', '950']
['206', '741', '324', '762', '900', '974', '768', '186', '719', '60']
['201', '569', '232', '850', '792', '908', '617', '693', '590', '128']
['570', '200', '701', '703', '214', '29', '737', '481', '603', '183']
['862', '10', '371', '398', '789', '611', '338', '362', '898', '386']
['33', '478', '337', '104', '932', '732', '645', '365', '889', '193']
['983', '230', '397', '349', '330', '698', '578', '28', '574', '458']
['253', '594', '19', '761', '679', '301', '389', '502', '182', '711']
['353', '470', '261', '564', '388', '700', '79', '576', '64', '976']
['317', '667', '853', '500', '790', '959', '694', '483', '151', '827']
['552', '633', '345', '45', '120', '387', '255', '706', '368', '8']
['172', '836', '404', '826', '547', '165', '994', '947']
['401', '650', '585']
['227', '78', '583']
['739', '521']
['560', '162']
['494', '497']
['727', '445']
['160', '830']
['939', '951']
['861', '958']
['838', '646']
['306', '803']
['426']
['418']
['474']
['999']
['383']
['934']
['654']
['290']
['749']
['240']
['663']
['457']
['948']
['855']
['459']
['176']
['722']
['167']
