['472', '91', '927', '824', '358', '654', '237', '777', '452', '696', '410', '728', '897', '680', '174', '772', '459', '717', '304', '526', '383', '134', '924', '529', '620', '281', '548', '608', '743', '628', '581', '411', '515', '476', '788', '261', '297', '844', '259', '662', '309', '318', '8', '60', '74', '235', '504', '198', '730', '861', '165', '535', '131', '150', '869', '27', '516', '881', '437', '671', '770', '300', '312', '175', '248', '298', '365', '466', '902', '524', '840', '40', '463', '528', '120', '1', '227', '346', '566', '471', '326', '876', '186', '456', '568', '215', '329', '638', '627', '239', '553', '848', '77', '817', '353', '723', '698', '500', '10', '625', '872', '557', '697', '148', '444', '6', '61', '159', '793', '149', '236', '107', '513', '3', '126', '373', '102', '143', '482', '256', '556', '163', '612', '243', '257', '39', '351', '363', '69', '575', '582', '110', '311', '451', '818', '532', '347', '384', '271', '903', '541', '43', '270', '571', '865', '618', '891', '105', '313', '89', '439', '328', '858', '655', '301', '709', '601', '678', '511', '88', '431', '862', '387', '228', '402', '890', '633', '125', '845', '225', '796', '727', '406', '797', '277', '80', '263', '632', '279', '546', '910', '211', '763', '262', '325', '769', '634', '367', '587', '522', '46', '334', '170', '594', '366', '868', '774', '323', '664', '839', '880', '245', '111', '139', '487', '567', '181', '856', '430', '745', '871', '275', '751', '656', '440', '24', '409', '455', '305', '359', '264', '70', '432', '598', '224', '354', '282', '379', '454', '157', '132', '183', '109', '779', '327', '433', '303', '547', '72', '652', '289', '168', '392', '659', '206', '252', '874', '885', '907', '626', '296', '646', '254', '37', '756', '291', '26', '156', '242', '767', '79', '713', '863', '739', '847', '343', '545', '295', '527', '741', '733', '108', '84', '467', '643', '321', '113', '123', '685', '21', '267', '719', '707', '592', '809', '832', '906', '93', '550', '468', '641', '912', '562', '320', '799', '762', '738', '905', '682', '703', '925', '731', '822', '220', '613', '34', '836', '216', '23', '138', '103', '19', '794', '141', '830', '564', '610', '435', '790', '579', '250', '502', '285', '101', '45', '757', '870', '145', '31', '917', '240', '276', '345', '484', '278', '657', '185', '694', '203', '154', '389', '586', '640', '130', '759', '929', '921', '600', '393', '418', '908', '355', '14', '735', '97', '308', '99', '647', '422', '736', '473', '87', '821', '56', '28', '461', '479', '776', '407', '489', '11', '617', '50', '288', '151', '819', '864', '251', '496', '900', '636', '446', '315', '667', '802', '390', '866', '419', '552', '726', '147', '649', '47', '425', '191', '290', '286', '221', '65', '555', '457', '677', '715', '162', '396', '577', '704', '397', '493', '214', '426', '172', '213', '780', '716', '169', '827', '551', '508', '253', '210', '152', '576', '377', '860', '605', '901', '441', '284', '747', '20', '653', '831', '464', '98', '820', '491', '299', '833', '199', '369', '492', '63', '319', '469', '800', '630', '573', '501', '128', '720', '786', '368', '538', '686', '280', '525', '293', '631', '167', '857', '121', '436', '775', '30', '732', '0', '624', '166', '560', '798', '488', '681', '615', '171', '317', '67', '33', '337', '180', '255', '602', '761', '838', '606', '71', '153', '90', '44', '283', '904', '445', '361', '53', '599', '663', '549', '146', '322', '705', '596', '651', '338', '918', '533', '122', '888', '427', '247', '136', '755', '506', '119', '135', '893', '142', '370', '559', '115', '244', '35', '859', '801', '589', '591', '507', '684', '207', '711', '48', '356', '408', '588', '540', '689', '782', '852', '160', '778', '923', '603', '287', '219', '616', '570', '683', '661', '597', '679', '375', '341', '503', '771', '200', '187', '517', '274', '878', '164', '642', '580', '399', '795', '238', '514', '114', '388', '700', '623', '512', '740', '182', '18', '569', '232', '544', '273', '834', '161', '841', '816', '415', '226', '423', '189', '899', '764', '835', '673', '674', '531', '378', '372', '746', '205', '36', '209', '403', '349', '96', '855', '699', '619', '362', '483', '316', '86', '448', '230', '62', '519', '194', '645', '660', '920', '268', '339', '2', '336', '217', '201', '95', '530', '246', '234', '421', '190', '481', '867', '842', '811', '691', '68', '188', '474', '395', '854', '658', '781', '292', '537', '25', '335', '721', '590', '520', '54', '843', '892', '55', '665', '85', '813', '364', '572', '485', '889', '913', '266', '330', '104', '635', '791', '82', '413', '140', '424', '231', '669', '875', '357', '212', '129', '690', '894', '490', '398', '342', '417', '494', '583', '853', '734', '611', '348', '706', '744', '784', '895', '837', '810', '272', '465', '785', '52', '197', '758', '714', '382', '708', '828', '737', '133', '695', '765', '787', '17', '41', '76', '112', '914', '595', '38', '59', '443', '585', '458', '534', '193', '118', '829', '604', '792', '915', '412', '12', '543', '249', '42', '64', '879', '475', '155', '676', '158', '352', '753', '381', '405', '127', '518', '916', '806', '523', '179', '710', '117', '593', '712', '803', '804', '563', '442', '702', '92', '850', '729', '670', '233', '693', '428', '621', '404', '260', '898', '124', '887', '94', '429', '22', '846', '58', '460', '4', '639', '789', '554', '896', '241', '687', '462', '173', '911', '78', '922', '510', '773', '350', '766', '371', '29', '340', '218', '486', '7', '637', '748', '882', '883', '815', '692', '718', '269', '480', '184', '536', '324', '521', '812', '66', '928', '137', '584', '509', '926', '385', '307', '394', '310', '648', '202', '75', '106', '144', '294', '177', '306', '332', '725', '505', '16', '823', '884', '768', '450', '176', '376', '497', '754', '116', '561', '196', '629', '783', '539', '607', '650', '578']
['851', '5', '447', '223', '478', '807', '825', '438', '453', '805', '434', '265', '314', '400', '668', '386', '401', '542', '808']
['499', '688', '849', '886', '51', '15', '81', '614', '229', '724']
['83', '360', '49', '558', '380', '374', '449', '100']
['672', '666', '258', '722']
['574', '752']
['222', '13']
['192', '302']
['622', '333']
['208', '73']
['9', '420']
['749', '477']
['344', '919']
['470', '414']
['565', '391']
['495', '204']
['742', '644']
['826', '416']
['609', '331']
['750']
['701']
['877']
['873']
['909']
['675']
['32']
['195']
['498']
['178']
['814']
['760']
['57']
