['174', '555', '160', '639', '541', '465', '313', '862', '896', '549', '110', '157', '799', '996', '627', '944', '634', '186', '388', '377', '489', '837', '560', '797', '120', '404', '938', '275', '168', '794', '277', '153', '649', '995', '201', '443', '289', '777', '744', '486', '795', '757', '871', '868', '279', '263', '786', '104', '699', '516', '624', '958']
['613', '382', '722', '511', '965', '884', '354', '447', '708', '779', '189', '453', '300', '448', '825', '903', '767', '970', '163', '716', '852', '439', '792', '64', '350', '179', '712', '892', '252', '723', '732', '176', '540', '197', '814', '73', '683', '33', '319', '592', '675', '630', '919', '772', '521']
['945', '266', '480', '864', '607', '673', '982', '183', '494', '881', '551', '860', '610', '781', '629', '988', '979', '812', '981', '992', '475', '395', '826', '959', '582', '349', '701', '863', '27', '488', '612', '368', '487', '248', '533', '307', '633', '566', '131', '427', '998', '242', '543', '563']
['302', '192', '158', '656', '139', '380', '257', '82', '471', '876', '904', '554', '249', '665', '531', '568', '685', '993', '55', '994', '209', '877', '546', '51', '172', '518', '520', '831', '211', '623', '733', '218', '506', '269', '872', '7', '528', '720']
['156', '929', '535', '698', '312', '746', '873', '402', '526', '553', '271', '542', '609', '739', '247', '845', '909', '999', '335', '69', '788', '451', '827', '34', '747', '890', '306', '778', '895', '469', '126', '498', '229', '286']
['322', '98', '166', '449', '188', '375', '798', '961', '435', '647', '356', '81', '874', '231', '671', '452', '575', '232', '155', '19', '824', '989', '514', '1', '986', '444', '668', '316', '897']
['328', '951', '11', '233', '352', '964', '654', '601', '210', '977', '631', '466', '91', '432', '839', '4', '967', '602', '457', '805', '680', '519', '461', '74', '22', '151']
['431', '144', '220', '949', '194', '637', '10', '625', '765', '574', '428', '577', '664', '128', '363', '99', '497', '23', '184', '650', '688', '942', '65', '44', '253', '686']
['947', '72', '586', '118', '913', '931', '711', '731', '579', '215', '20', '766', '149', '502', '115', '79', '646', '943', '921', '841', '362', '585', '251', '422', '829']
['340', '621', '9', '912', '776', '756', '379', '224', '492', '357', '132', '604', '12', '984', '581', '143', '273', '875', '822', '976', '771']
['274', '191', '264', '842', '83', '127', '666', '472', '580', '939', '689', '409', '659', '866', '374', '8', '565', '891']
['662', '105', '370', '407', '595', '729', '696', '259', '332', '71', '13', '966', '894', '165', '111', '107']
['310', '539', '479', '133', '719', '399', '202', '593', '780', '142', '386', '782', '547', '326']
['956', '713', '791', '3', '804', '214', '95', '567', '429', '674', '52', '594', '801', '870']
['366', '392', '333', '793', '234', '536', '336', '652', '372', '655', '483', '499', '774']
['355', '769', '130', '740', '709', '476', '113', '341', '556', '296']
['164', '117', '705', '425', '660', '96', '459', '102', '761', '415']
['525', '806', '256', '419', '456', '441', '714', '815', '346']
['381', '608', '742', '672', '315', '282', '109', '730']
['50', '517', '455', '770', '36', '785', '364', '500']
['412', '817', '93', '848', '334', '935', '583']
['618', '800', '758', '619', '200', '204', '288']
['802', '59', '190', '738', '47', '953']
['616', '146', '548', '86', '462', '570']
['254', '468', '276', '926', '294']
['559', '308', '615', '915', '703']
['974', '905', '898', '855']
['916', '510', '116', '997']
['236', '693', '311', '38']
['596', '56', '30', '971']
['754', '178', '173']
['76', '337', '523']
['206', '389', '545']
['833', '808', '394']
['293', '854', '751']
['49', '243', '850']
['485', '783']
['832', '287']
['803', '622']
['759', '138']
['147', '108']
['491']
['330']
['857']
['32']
['258']
['408']
['424']
['816']
['644']
['764']
['611']
['906']
['90']
['527']
['309']
['373']
['524']
['587']
['358']
['329']
['267']
['416']
['318']
['823']
['198']
['828']
['889']
['185']
['97']
['544']
['538']
['835']
['16']
['61']
['323']
['718']
['106']
['569']
['888']
['933']
['741']
['790']
['762']
['413']
['925']
['522']
['632']
['199']
['347']
['501']
['2']
['883']
['755']
['886']
['387']
['849']
['809']
['245']
['434']
['272']
['865']
['92']
['100']
['123']
['980']
['292']
['255']
['167']
['42']
['406']
['910']
['957']
['213']
['922']
['280']
['728']
['367']
['305']
['987']
['648']
['590']
['324']
['515']
['503']
['490']
['893']
['734']
['571']
['383']
['203']
['550']
['591']
['552']
['694']
['950']
['690']
['244']
['390']
['775']
['414']
['576']
['28']
['75']
['442']
['230']
['985']
['26']
['314']
['628']
['880']
['348']
['853']
['599']
['450']
['724']
['924']
['140']
['63']
['736']
['278']
['936']
['934']
['887']
['969']
['344']
['937']
['342']
['642']
['317']
['221']
['530']
['509']
['484']
['398']
['345']
['122']
['748']
['467']
['304']
['638']
['978']
['250']
['66']
['600']
['295']
['426']
['418']
['217']
['878']
['360']
['901']
['715']
['678']
['597']
['691']
['704']
['129']
['421']
['297']
['39']
['393']
['534']
['353']
['810']
['152']
['338']
['856']
['635']
['223']
['325']
['369']
['811']
['430']
['955']
['17']
['195']
['760']
['851']
['246']
['196']
['869']
['154']
['834']
['361']
['31']
['175']
['954']
['667']
['351']
['787']
['512']
['463']
['818']
['743']
['940']
['614']
['396']
['169']
['737']
['137']
['695']
['859']
['962']
['636']
['89']
['843']
['773']
['237']
['216']
['135']
['858']
['918']
['134']
['207']
['445']
['821']
['45']
['572']
['763']
['171']
['838']
['225']
['241']
['401']
['405']
['727']
['85']
['573']
['57']
['663']
['879']
['584']
['80']
['193']
['750']
['562']
['508']
['493']
['752']
['371']
['303']
['679']
['436']
['474']
['836']
['187']
['813']
['376']
['124']
['682']
['784']
['653']
['914']
['658']
['598']
['226']
['170']
['70']
['606']
['125']
['745']
['43']
['928']
['331']
['975']
['504']
['228']
['440']
['365']
['46']
['807']
['700']
['212']
['112']
['537']
['438']
['37']
['161']
['84']
['58']
['684']
['359']
['148']
['284']
['24']
['990']
['496']
['114']
['403']
['159']
['960']
['844']
['900']
['205']
['321']
['420']
['941']
['301']
['726']
['299']
['378']
['473']
['676']
['60']
['643']
['18']
['101']
['227']
['262']
['677']
['963']
['240']
['670']
['626']
['529']
['265']
['657']
['917']
['423']
['753']
['235']
['725']
['222']
['749']
['640']
['41']
['0']
['182']
['53']
['15']
['290']
['145']
['270']
['710']
['136']
['899']
['397']
['261']
['721']
['564']
['968']
['796']
['94']
['29']
['482']
['384']
['5']
['927']
['68']
['320']
['6']
['150']
['291']
['14']
['35']
['181']
['327']
['902']
['908']
['920']
['669']
['687']
['768']
['464']
['820']
['238']
['973']
['88']
['882']
['907']
['391']
['48']
['557']
['162']
['385']
['735']
['846']
['789']
['620']
['507']
['62']
['558']
['651']
['417']
['681']
['641']
['661']
['645']
['603']
['208']
['298']
['180']
['343']
['470']
['617']
['948']
['103']
['505']
['67']
['239']
['54']
['702']
['578']
['119']
['477']
['972']
['819']
['339']
['717']
['87']
['268']
['911']
['867']
['885']
['411']
['589']
['77']
['513']
['446']
['932']
['478']
['588']
['281']
['437']
['40']
['454']
['25']
['495']
['400']
['697']
['706']
['605']
['946']
['285']
['433']
['78']
['141']
['847']
['219']
['830']
['177']
['283']
['458']
['260']
['410']
['923']
['707']
['983']
['460']
['121']
['861']
['930']
['481']
['692']
['840']
['21']
['561']
['532']
['952']
['991']
