['824', '777', '237', '452', '696', '410', '897', '680', '174', '304', '772', '459', '717', '526', '886', '383', '134', '420', '924', '529', '620', '281', '49', '989', '608', '743', '548', '628', '581', '515', '411', '476', '788', '297', '261', '844', '259', '662', '309', '60', '8', '318', '993', '953', '5', '74', '504', '939', '198', '730', '861', '165', '535', '131', '150', '869', '27', '516', '977', '248', '961', '175', '770', '298', '466', '902', '524', '840', '40', '463', '447', '120', '346', '528', '227', '752', '471', '326', '876', '186', '568', '215', '329', '638', '724', '627', '391', '239', '553', '848', '438', '77', '817', '353', '723', '698', '500', '10', '557', '697', '148', '444', '6', '61', '159', '149', '236', '107', '3', '513', '373', '102', '143', '983', '482', '256', '556', '163', '612', '243', '257', '808', '333', '351', '39', '363', '975', '796', '575', '582', '110', '532', '818', '973', '347', '271', '903', '270', '865', '618', '891', '105', '89', '313', '328', '858', '709', '601', '678', '511', '862', '387', '228', '984', '633', '125', '845', '742', '225', '948', '406', '797', '277', '80', '632', '263', '546', '279', '910', '211', '763', '769', '325', '262', '634', '367', '587', '46', '334', '170', '594', '366', '868', '774', '323', '839', '245', '880', '139', '567', '181', '745', '871', '656', '440', '24', '409', '688', '959', '455', '305', '359', '264', '70', '432', '598', '930', '224', '354', '282', '960', '379', '157', '132', '433', '109', '779', '327', '303', '265', '547', '72', '652', '289', '168', '392', '206', '659', '814', '252', '885', '907', '646', '296', '37', '756', '291', '26', '156', '964', '767', '79', '713', '863', '527', '739', '343', '545', '295', '847', '741', '733', '108', '84', '453', '467', '321', '113', '123', '685', '21', '267', '719', '542', '707', '809', '592', '832', '906', '93', '931', '550', '81', '468', '912', '641', '562', '320', '799', '762', '682', '905', '925', '731', '822', '220', '613', '34', '836', '23', '936', '138', '103', '794', '141', '19', '830', '564', '610', '285', '579', '502', '222', '101', '45', '757', '870', '145', '31', '240', '276', '968', '345', '278', '657', '389', '694', '203', '154', '586', '130', '929', '934', '393', '418', '908', '355', '735', '97', '308', '952', '99', '422', '736', '9', '644', '87', '722', '473', '821', '28', '965', '479', '776', '407', '11', '51', '617', '288', '50', '208', '819', '864', '251', '496', '900', '636', '446', '449', '802', '390', '866', '552', '649', '47', '425', '825', '191', '286', '992', '221', '290', '555', '457', '677', '715', '577', '985', '704', '397', '493', '426', '172', '941', '780', '969', '716', '994', '169', '827', '851', '508', '551', '253', '672', '576', '377', '605', '860', '951', '901', '990', '943', '747', '995', '284', '20', '831', '464', '98', '820', '491', '299', '833', '492', '369', '666', '63', '319', '469', '573', '501', '128', '786', '609', '538', '686', '280', '167', '631', '857', '121', '30', '972', '732', '775', '166', '560', '488', '798', '681', '615', '317', '67', '337', '380', '180', '996', '255', '602', '606', '838', '71', '90', '283', '558', '904', '445', '53', '361', '599', '549', '146', '805', '322', '705', '750', '596', '338', '574', '651', '918', '533', '888', '427', '247', '933', '755', '506', '119', '135', '893', '13', '142', '370', '940', '559', '115', '970', '244', '35', '859', '801', '589', '591', '507', '207', '711', '48', '945', '356', '408', '588', '689', '540', '937', '782', '160', '100', '852', '919', '603', '287', '219', '616', '683', '570', '661', '679', '375', '503', '258', '187', '200', '949', '877', '517', '274', '470', '878', '164', '998', '642', '580', '795', '514', '114', '414', '512', '978', '740', '182', '232', '569', '544', '273', '834', '161', '195', '841', '816', '415', '701', '226', '423', '189', '899', '764', '835', '674', '531', '935', '378', '746', '372', '205', '971', '209', '36', '966', '849', '349', '96', '855', '699', '619', '362', '987', '86', '448', '519', '62', '944', '194', '645', '660', '339', '2', '336', '217', '988', '201', '95', '530', '421', '229', '190', '481', '842', '811', '691', '395', '909', '68', '474', '188', '854', '658', '292', '537', '335', '590', '520', '721', '54', '892', '478', '665', '85', '807', '813', '938', '434', '204', '364', '572', '889', '913', '330', '635', '82', '231', '413', '669', '982', '424', '178', '129', '958', '212', '875', '357', '894', '942', '490', '398', '342', '583', '611', '853', '417', '734', '374', '494', '348', '744', '784', '954', '957', '837', '272', '810', '465', '785', '52', '758', '714', '708', '382', '828', '737', '133', '760', '695', '787', '17', '914', '76', '112', '955', '980', '41', '595', '59', '38', '826', '585', '458', '534', '193', '118', '604', '792', '915', '412', '249', '543', '12', '42', '64', '879', '676', '155', '475', '158', '352', '753', '381', '991', '518', '806', '523', '710', '117', '712', '803', '563', '850', '670', '693', '428', '898', '429', '32', '22', '846', '58', '460', '4', '896', '241', '687', '173', '78', '922', '510', '962', '350', '766', '371', '29', '340', '218', '637', '499', '748', '815', '692', '873', '718', '749', '269', '495', '184', '324', '928', '584', '509', '385', '310', '202', '648', '144', '306', '505', '16', '884', '302', '754']
['136', '911', '882', '403', '441', '703', '639', '673', '874', '793', '487', '153', '976', '14', '623', '484', '25', '486', '162', '765', '341']
['147', '316', '883', '759', '593', '266', '921', '974', '946', '630', '331', '57', '315', '626', '497', '926', '451', '872', '655']
['640', '396', '192', '431', '986', '126', '690', '472', '981', '55', '437', '597', '554', '700', '15', '480', '667', '268', '216']
['7', '771', '18', '88', '720', '210', '91', '69', '625', '214', '0', '314', '614', '311', '999', '920', '439', '250', '963']
['843', '1', '812', '927', '33', '238', '183', '541', '643', '111', '663', '140', '260', '525', '684', '430', '923', '151', '950']
['419', '360', '804', '738', '152', '566', '600', '368', '997', '729', '73', '781', '233', '213', '728', '461', '44', '386', '483']
['83', '199', '895', '242', '399', '956', '489', '664', '127', '539', '300', '932', '456', '235', '400', '435', '967', '522', '171']
['653', '94', '726', '223', '416', '829', '917', '43', '654', '671', '246', '477', '668', '856', '301', '790', '485', '443', '647']
['401', '275', '751', '384', '881', '230', '185', '197', '358', '454', '800', '436', '312', '234', '365', '293', '727', '706', '122']
['561', '405', '106', '66', '947', '104', '791', '624', '761', '402', '571', '890', '388', '56', '254', '404', '344', '65']
['196']
['867']
['536']
['702']
['442']
['521']
['783']
['578']
['768']
['92']
['823']
['137']
['450']
['675']
['773']
['607']
['176']
['621']
['979']
['376']
['887']
['622']
['394']
['778']
['565']
['725']
['75']
['629']
['462']
['789']
['294']
['916']
['177']
['650']
['124']
['332']
['179']
['307']
['498']
['116']
