['131', '616', '482', '974', '509', '14', '404', '843', '933', '202', '209', '528', '594', '821', '144', '456', '275', '751', '922', '340', '439', '318', '60', '108', '400']
['983', '303', '472', '599', '248', '300', '385', '392', '755', '752', '517', '56', '13', '460', '776', '242', '608', '350', '50', '29', '336', '84', '48', '707', '701']
['832', '811', '27', '556', '997', '549', '634', '174', '912', '28', '848', '121', '903', '30', '863', '89', '386', '579', '285', '405', '240', '761', '480', '778', '809']
['199', '361', '906', '808', '310', '565', '187', '868', '877', '886', '17', '855', '976', '987', '291', '989', '743', '412', '194', '357', '690', '601', '754', '633', '650']
['219', '93', '881', '777', '675', '265', '378', '466', '99', '422', '874', '813', '699', '548', '698', '343', '953', '381', '217', '496', '74', '838', '389', '744', '184']
['433', '130', '759', '474', '764', '654', '237', '146', '325', '375', '97', '46', '950', '192', '736', '704', '32', '366', '551', '35', '424', '498', '212', '246', '421']
['586', '369', '68', '423', '191', '934', '358', '750', '708', '338', '771', '1', '686', '331', '164', '78', '823', '959', '297', '261', '507', '500', '64', '20', '900']
['804', '536', '109', '929', '452', '800', '621', '705', '935', '596', '298', '967', '106', '119', '925', '274', '656', '160', '377', '636', '153', '190', '179', '100', '185']
['867', '442', '649', '763', '175', '428', '696', '501', '341', '840', '170', '112', '822', '969', '631', '591', '858', '70', '747', '945', '67', '894', '337', '523', '98']
['102', '728', '652', '427', '641', '774', '614', '181', '362', '818', '936', '239', '86', '688', '103', '105', '116', '444', '917', '149', '417', '667', '229', '593', '603']
['837', '324', '197', '908', '919', '680', '334', '887', '9', '351', '949', '478', '839', '994', '384', '16', '610', '155', '990', '988', '749', '494', '923', '712', '287']
['150', '188', '221', '977', '410', '459', '609', '383', '134', '907', '795', '541', '450', '775', '564', '790', '475', '224', '942', '33', '960', '321', '937', '890', '21']
['869', '927', '211', '785', '286', '677', '537', '721', '205', '76', '58', '568', '204', '90', '534', '913', '505', '24', '625', '676', '879', '561', '783', '255', '578']
['263', '492', '842', '909', '714', '260', '828', '36', '971', '682', '368', '876', '487', '167', '347', '271', '723', '617', '684', '486', '995', '317', '354', '694', '277']
['779', '666', '516', '812', '921', '437', '729', '262', '133', '396', '648', '200', '846', '142', '306', '458', '244', '173', '270', '249', '302', '352', '88', '148', '685']
['957', '143', '63', '189', '850', '584', '136', '323', '85', '326', '349', '311', '462', '156', '672', '628', '414', '481', '527', '739', '741', '499', '748', '802', '948']
['327', '835', '469', '312', '658', '760', '622', '447', '41', '826', '430', '986', '210', '152', '794', '581', '660', '488', '10', '681', '151', '8', '841', '734', '797']
['257', '577', '738', '55', '955', '619', '59', '687', '407', '43', '77', '51', '915', '972', '12', '798', '978', '182', '125', '864', '464', '873', '314', '484', '852']
['126', '147', '47', '465', '52', '825', '393', '992', '663', '128', '162', '526', '252', '856', '230', '266', '514', '73', '571', '951', '371', '250', '431', '232', '916']
['683', '418', '854', '531', '335', '590', '307', '905', '575', '529', '896', '485', '443', '448', '510', '104', '436', '231', '844', '288', '891', '943', '2', '569', '558']
['395', '612', '715', '898', '524', '533', '333', '966', '111', '434', '213', '532', '970', '767', '411', '353', '773', '788', '166', '435', '5', '629', '979', '845', '742']
['899', '65', '758', '926', '980', '554', '329', '827', '330', '344', '865', '305', '655', '993', '697', '991', '31', '273', '996', '57', '611', '235', '816', '491', '719']
['954', '552', '53', '137', '671', '720', '258', '814', '787', '538', '214', '789', '941', '567', '572', '871', '508', '253', '859', '79', '388', '862', '380', '477', '866']
['373', '425', '670', '457', '574', '547', '902', '420', '885', '280', '220', '19', '635', '158', '127', '454', '984', '398', '530', '228', '643', '539', '796', '390', '299']
['223', '693', '468', '888', '659', '503', '644', '473', '566', '664', '924', '559', '215', '451', '620', '391', '141', '82', '511', '490', '870', '269', '234', '165', '592']
['895', '661', '15', '587', '737', '952', '463', '506', '186', '293', '169', '409', '138', '981', '114', '766', '512', '178', '295', '251', '861', '145', '113', '44', '283']
['226', '810', '691', '910', '163', '770', '555', '355', '365', '786', '722', '665', '4', '932', '294', '940', '461', '613', '316', '745', '829', '11', '413', '502', '198']
['419', '563', '702', '824', '947', '550', '630', '651', '695', '206', '39', '120', '87', '403', '227', '483', '193', '281', '618', '140', '207', '101', '201', '583', '345']
['640', '279', '272', '319', '928', '290', '322', '735', '367', '781', '124', '372', '83', '94', '320', '892', '893', '426', '470', '780', '889', '998', '118', '718', '730']
['570', '597', '805', '394', '595', '370', '851', '944', '982', '42', '920', '313', '615', '875', '711', '757', '95', '282', '379', '453', '180', '689', '71', '225', '3']
['546', '91', '520', '522', '289', '849', '807', '703', '471', '332', '638', '604', '791', '830', '560', '847', '264', '129', '598', '831', '416', '356', '834', '806', '542']
['726', '256', '81', '562', '346', '799', '75', '397', '639', '254', '716', '26', '580', '553', '399', '238', '768', '359', '376', '45', '606', '374', '607', '449', '956']
['440', '576', '438', '884', '931', '92', '600', '476', '674', '669', '382', '268', '208', '171', '733', '692', '96', '880', '938', '853', '939', '965', '504', '37', '963']
['857', '455', '519', '489', '0', '176', '700', '623', '292', '25', '72', '247', '753', '117', '544', '588', '540', '731', '968', '315', '177', '110', '724', '203', '627']
['911', '49', '962', '441', '765', '772', '284', '717', '18', '387', '429', '882', '762', '135', '467', '159', '123', '535', '132', '364', '401', '241', '820', '23', '183']
['521', '801', '66', '589', '645', '679', '259', '901', '432', '883', '518', '602', '402', '342', '34', '236', '267', '296', '348', '727', '513', '115']
['408', '446', '713', '961', '624', '161', '195', '243', '157', '172', '632', '706', '309', '585', '725']
['122', '363', '792', '515', '61', '493', '860', '769', '626', '878', '479', '328', '557', '973', '784']
['637', '985', '964', '815', '245', '276', '139', '582', '406', '543', '872', '301', '836', '904', '216']
['642', '22', '69', '62', '975', '605', '646', '38', '107', '525', '740', '756', '803', '833']
['7', '196', '946', '673', '793', '573', '897', '657', '710', '308', '445', '304']
['819', '930', '653', '918', '6', '668', '782', '415', '999', '495', '647']
['40', '218', '732', '914', '168']
['817', '233', '222', '497', '278']
['545', '958', '339']
['360', '678']
['54', '746']
['709', '662']
['80']
['154']
