['336', '316', '616', '134', '835', '358', '13', '437', '517', '926', '107', '897', '707', '497', '168']
['263', '887', '369', '22', '934', '73', '398', '693', '325', '509', '110', '479', '721', '295', '956']
['655', '148', '327', '743', '465', '354', '854', '591', '531', '623', '507', '332', '90', '184', '8']
['310', '18', '862', '109', '283', '187', '986', '366', '960', '921', '180', '679', '939', '348', '631']
['2', '192', '649', '346', '900', '886', '137', '703', '876', '426', '941', '573', '264', '167', '765']
['580', '989', '656', '569', '230', '604', '349', '515', '692', '91', '645', '651', '742', '100', '994']
['20', '911', '930', '120', '966', '516', '881', '884', '379', '144', '575', '669', '617', '400', '578']
['561', '409', '319', '472', '686', '768', '938', '428', '935', '410', '12', '340', '878', '485', '171']
['546', '242', '442', '811', '910', '849', '211', '197', '269', '342', '828', '164', '796', '687', '642']
['779', '209', '489', '877', '240', '904', '929', '857', '823', '972', '555', '806', '532', '545', '208']
['396', '392', '253', '227', '75', '163', '85', '663', '839', '312', '658', '494', '38', '727', '833']
['534', '101', '320', '39', '418', '104', '149', '605', '788', '696', '610', '285', '716', '3', '603']
['492', '734', '119', '471', '23', '770', '402', '723', '177', '841', '125', '322', '730', '652', '740']
['843', '205', '587', '982', '748', '33', '469', '715', '961', '758', '619', '674', '133', '798', '483']
['895', '223', '447', '147', '16', '188', '590', '234', '891', '421', '660', '898', '681', '443', '155']
['419', '622', '637', '486', '499', '774', '152', '599', '581', '142', '297', '89', '625', '207', '535']
['508', '94', '219', '751', '657', '199', '688', '368', '255', '737', '139', '852', '386', '498', '318']
['333', '912', '433', '334', '87', '452', '874', '630', '773', '714', '746', '818', '542', '513', '585']
['697', '711', '971', '258', '440', '981', '783', '420', '979', '314', '259', '488', '364', '236', '950']
['35', '522', '496', '121', '803', '157', '977', '937', '113', '194', '802', '501', '165', '694', '647']
['871', '275', '927', '600', '326', '377', '903', '689', '784', '278', '370', '362', '415', '375', '827']
['888', '771', '899', '892', '959', '893', '61', '764', '353', '412', '633', '860', '685', '309', '432']
['373', '361', '570', '448', '330', '588', '718', '838', '955', '735', '750', '28', '547', '128', '115']
['957', '102', '160', '464', '453', '880', '99', '597', '350', '564', '29', '301', '328', '809', '341']
['755', '949', '232', '759', '629', '636', '635', '890', '611', '554', '71', '204', '760', '289', '840']
['317', '49', '431', '150', '577', '490', '991', '252', '530', '602', '621', '315', '213', '820', '10']
['747', '726', '548', '757', '423', '337', '566', '52', '66', '792', '357', '834', '769', '449', '391']
['131', '709', '785', '850', '19', '907', '355', '359', '816', '836', '969', '304', '445', '973', '284']
['217', '722', '106', '654', '550', '4', '175', '916', '262', '583', '261', '677', '385', '778', '579']
['804', '45', '444', '303', '983', '815', '931', '411', '567', '607', '21', '267', '560', '948', '441']
['995', '598', '247', '158', '78', '11', '408', '446', '996', '34', '37', '185', '615', '459', '993']
['9', '36', '648', '222', '914', '41', '675', '65', '667', '306', '338', '254', '451', '872', '808']
['311', '84', '883', '882', '474', '32', '997', '51', '345', '305', '376', '537', '858', '745', '122']
['594', '869', '266', '103', '731', '270', '477', '146', '321', '813', '132', '780', '866', '776', '182']
['741', '753', '553', '455', '976', '161', '344', '374', '231', '487', '980', '646', '632', '97', '308']
['173', '130', '329', '473', '824', '228', '589', '470', '233', '634', '614', '42', '739', '724', '879']
['7', '528', '812', '189', '145', '902', '127', '749', '775', '296', '901', '495', '390', '299', '193']
['427', '641', '170', '324', '95', '62', '56', '924', '789', '830', '582', '14', '50', '524', '347']
['126', '717', '733', '678', '666', '521', '905', '69', '221', '274', '268', '766', '527', '593', '40']
['586', '551', '552', '416', '79', '198', '111', '436', '434', '940', '568', '59', '822', '439', '533']
['906', '868', '292', '323', '225', '664', '237', '76', '613', '915', '885', '15', '365', '44', '80']
['837', '683', '27', '556', '55', '825', '670', '671', '800', '595', '781', '847', '475', '169', '26']
['360', '720', '117', '691', '425', '68', '92', '628', '393', '947', '541', '863', '574', '918', '744']
['212', '640', '954', '116', '279', '842', '786', '256', '676', '624', '215', '424', '64', '923', '60']
['754', '848', '505', '384', '395', '795', '43', '777', '17', '476', '112', '413', '243', '382', '719']
['54', '536', '864', '565', '810', '482', '5', '138', '143', '988', '118', '153', '98', '179', '174']
['281', '690', '108', '272', '702', '767', '356', '729', '31', '965', '404', '728', '124', '25', '343']
['511', '985', '351', '894', '93', '63', '807', '992', '673', '968', '865', '732', '378', '680', '638']
['859', '210', '251', '1', '576', '974', '467', '248', '584', '612', '214', '72', '401', '756', '701']
['206', '819', '381', '821', '762', '380', '290', '286', '763', '298', '313', '307', '162', '257', '46']
['239', '226', '463', '562', '736', '609', '909', '6', '191', '944', '705', '367', '105', '967', '218']
['196', '429', '407', '682', '544', '794', '58', '186', '414', '140', '596', '710', '372', '958', '287']
['156', '352', '202', '387', '506', '942', '704', '814', '510', '925', '793', '57', '288', '523', '952']
['88', '945', '870', '917', '846', '141', '454', '549', '518', '805', '371', '520', '389', '250', '216']
['933', '831', '200', '978', '478', '397', '738', '661', '273', '265', '176', '457', '845', '491', '772']
['503', '653', '832', '403', '135', '238', '74', '699', '529', '82', '229', '708', '543', '466', '502']
['695', '563', '889', '644', '399', '801', '493', '96', '0', '81', '461', '335', '987', '178', '277']
['936', '799', '282', '752', '922', '114', '245', '300', '984', '172', '294', '539', '512', '70', '151']
['83', '244', '856', '86', '224', '24', '363', '383', '946', '159', '331', '181', '525', '790', '627']
['851', '913', '422', '405', '484', '77', '639', '540', '713', '456', '559', '844', '782', '592', '129']
['706', '394', '47', '558', '928', '665', '450', '606', '123', '919', '951', '435', '293', '241', '970']
['998', '659', '136', '953', '201', '67', '271', '571', '30', '618', '668', '853', '260', '712', '620']
['53', '672', '787', '526', '183', '339', '962', '246', '460', '280', '480', '504', '826', '406', '302']
['276', '990', '662', '999', '797', '291', '458']
['817', '438', '468', '643']
['601', '249', '462']
['154', '235', '203']
['861', '572']
['698', '725']
['684', '190']
['932', '626']
['417', '855']
['430']
['867']
['896']
['875']
['975']
['908']
['608']
['964']
['829']
['519']
['514']
['791']
['388']
['700']
['166']
['963']
['481']
['48']
['943']
['500']
['538']
['873']
['557']
['761']
['195']
['650']
['220']
['920']
