['634', '86', '528', '324', '977', '698', '813', '216', '287', '779', '598', '102', '219', '771', '562', '916', '351', '703', '418', '880', '71', '662', '225', '941', '651', '953', '240', '453', '556', '993', '434', '195', '758', '293', '339', '495', '130', '739', '367', '628', '279', '212', '984', '305', '6', '498', '412', '558', '291', '417', '392', '887', '175', '194', '501', '986', '269', '740', '862', '686', '256', '989', '424', '167']
['271', '842', '371', '523', '751', '930', '586', '353', '109', '864', '239', '510', '971', '42', '988', '642', '687', '931', '132', '643', '497', '452', '690', '955', '92', '53', '230', '270', '809', '833', '914', '804', '938', '768', '547', '645', '624', '835', '396', '120', '824', '514', '51', '428', '84', '25', '182', '285', '901', '812', '431', '24', '707', '530', '61', '520', '893', '331', '577', '449', '329', '140', '861', '125']
['678', '20', '390', '657', '63', '557', '222', '67', '649', '844', '94', '534', '794', '684', '512', '615', '22', '605', '310', '466', '237', '282', '39', '158', '764', '647', '419', '834', '894', '152', '330', '480', '727', '307', '334', '925', '725', '253', '362', '841', '397', '74', '28', '544', '368', '220', '332', '172', '198', '603', '676', '674', '840', '709', '286', '233', '807', '964', '192', '837', '190', '718', '791', '721']
['448', '965', '380', '749', '202', '154', '693', '604', '868', '616', '706', '513', '356', '659', '908', '117', '267', '970', '548', '142', '443', '622', '10', '296', '575', '587', '475', '832', '66', '76', '401', '982', '966', '892', '244', '208', '365', '374', '104', '306', '726', '839', '348', '185', '720', '518', '723', '511', '881', '991', '272', '924', '722', '997', '403', '729', '600', '691', '743', '338', '355', '906', '599', '370']
['227', '802', '393', '65', '110', '770', '976', '394', '80', '373', '759', '898', '13', '942', '5', '479', '907', '321', '156', '871', '483', '533', '145', '701', '48', '454', '337', '52', '731', '44', '983', '922', '85', '995', '151', '326', '251', '275', '441', '11', '589', '610', '850', '259', '347', '630', '950', '2', '276', '567', '852', '992', '669', '665', '888', '363', '349', '49', '652', '588', '442', '784', '699', '408']
['592', '975', '846', '728', '937', '209', '635', '462', '935', '232', '785', '179', '41', '471', '385', '611', '738', '119', '325', '627', '554', '223', '118', '797', '147', '527', '288', '732', '735', '697', '364', '668', '30', '231', '345', '999', '196', '407', '103', '951', '710', '481', '663', '702', '656', '503', '883', '578', '188', '967', '762', '360', '131', '97', '77', '7', '755', '280', '561', '114', '64', '934', '297', '249']
['957', '299', '335', '226', '985', '340', '847', '379', '328', '889', '165', '774', '129', '793', '752', '974', '708', '421', '754', '164', '564', '211', '341', '716', '737', '648', '126', '704', '872', '58', '529', '509', '596', '391', '123', '89', '952', '761', '874', '972', '60', '487', '619', '143', '958', '150', '601', '583', '115', '555', '369', '153', '838', '826', '933', '540', '927', '551', '482', '613', '82', '343', '101', '867']
['944', '440', '915', '423', '95', '570', '388', '281', '860', '229', '910', '962', '895', '204', '274', '670', '133', '685', '410', '936', '714', '877', '644', '654', '594', '255', '87', '357', '581', '926', '609', '631', '521', '753', '672', '798', '607', '404', '815', '354', '414', '476', '186', '257', '3', '317', '517', '387', '40', '176', '828', '896', '765', '33', '783', '679', '361', '113', '315', '858', '854', '181', '323', '319']
['451', '502', '919', '304', '55', '389', '411', '303', '996', '960', '576', '75', '621', '903', '712', '375', '661', '214', '436', '314', '189', '469', '91', '245', '939', '736', '904', '525', '831', '416', '438', '882', '124', '246', '900', '37', '918', '398', '608', '72', '879', '568', '700', '572', '311', '439', '917', '234', '623', '688', '504', '493', '213', '277', '650', '912', '625', '206', '560', '742', '294', '911', '537', '377']
['78', '18', '447', '273', '112', '381', '12', '553', '777', '902', '69', '38', '582', '4', '432', '870', '171', '27', '836', '57', '763', '178', '137', '491', '865', '666', '121', '174', '943', '806', '591', '891', '437', '467', '585', '563', '135', '660', '43', '486', '929', '107', '705', '435', '161', '446', '769', '508', '909', '200', '138', '968', '796', '655', '0', '829', '141', '713', '456', '857', '26', '994', '320', '805']
['327', '632', '744', '819', '400', '344', '886', '488', '792', '248', '433', '757', '803', '19', '458', '973', '426', '998', '316', '638', '111', '429', '254', '464', '289', '169', '646', '750', '890', '16', '405', '550', '766', '148', '538', '810', '32', '773', '99', '543', '15', '787', '790', '760', '81', '741', '173', '873', '843', '876', '35', '278', '235', '956', '183', '531', '399', '692', '21', '228', '108', '159', '409', '681']
['745', '93', '383', '978', '532', '963', '207', '459', '855', '266', '579', '515', '46', '620', '96', '689', '571', '677', '816', '580', '485', '31', '187', '342', '923', '536', '526', '859', '863', '308', '653', '395', '756', '300', '675', '445', '265', '546', '29', '559', '243', '853', '427', '786', '122', '730', '987', '795', '775', '522', '333', '945', '614', '350', '386', '822', '954', '671', '948', '384', '262', '14', '618', '79']
['406', '823', '606', '817', '312', '73', '789', '382', '263', '549', '629', '473', '9', '781', '59', '422', '90', '413', '17', '215', '808', '524', '197', '490', '711', '981', '322', '465', '218', '205', '238', '664', '144', '574', '573', '519', '921', '545', '641', '168', '336', '552', '34', '884', '313', '157', '134', '258', '478', '461', '70', '612', '961', '352', '733', '116', '569', '542', '814', '626', '617', '788', '47', '516']
['680', '309', '199', '318', '163', '184', '415', '719', '506', '444', '474', '949', '160', '292', '767', '748', '463', '780', '402', '637', '875', '969', '505', '56', '820', '283', '593', '260', '45', '472', '106', '979', '715', '128', '193', '946', '980', '62', '932', '1', '366', '584', '990', '162', '136', '782', '494', '640', '203', '149']
['98', '683', '694', '100', '492', '658', '36', '166', '673', '489', '430', '298', '302', '460', '696', '155', '899', '856', '378', '468', '849', '799', '450', '177', '201', '236', '191', '590', '88', '800', '878', '250', '959', '539', '818']
['261', '746', '217', '778', '284', '897', '928', '50', '920', '290', '633', '851', '869', '848', '247', '747', '734', '457', '507', '565', '825', '821', '947', '885', '455', '724', '499', '496', '866', '139']
['8', '224', '23', '845', '268', '127', '717', '500', '221', '372', '301', '602', '54', '772', '241', '210', '425']
['913', '180', '940', '636', '905', '827', '667', '566']
['105', '146', '541', '682', '295', '376', '252']
['68', '264', '830', '801', '420', '470']
['477', '346', '639', '83', '359']
['811']
['776']
['597']
['484']
['695']
['358']
['242']
['535']
['170']
['595']
