['382', '621', '969', '394', '864', '965', '937', '117', '379', '997', '221', '173', '82', '770', '913', '931', '581', '698', '68', '398', '738', '634', '654', '472', '554', '294', '559', '424', '766', '816', '217', '878', '81', '536', '852', '691', '611', '792', '877', '51', '393', '534', '152', '309', '974', '635', '602', '267', '848', '430', '760', '851', '246', '795', '953', '97', '274', '895', '538', '742', '743', '940', '872', '998', '545', '790', '22', '762', '919', '543', '858', '829', '720', '639', '480', '328', '763', '347', '241', '501', '405', '896', '57', '876', '644', '815', '346', '873', '402', '215', '836', '448', '865', '780', '376', '128', '664', '542', '113', '977', '914', '439', '167', '606', '500', '209', '64', '406', '967', '883', '616', '256', '804', '712', '723', '817', '452', '71', '648', '807', '590', '831', '890', '503', '515', '212', '218', '943', '684', '675', '552', '694', '244', '148', '114', '75', '159', '230', '894', '699', '516', '21', '348', '633', '521', '342', '613', '924', '978', '951', '431', '63', '884', '900', '955', '916', '110', '737', '463', '86', '679', '170', '262', '746', '843', '84', '20', '601', '127', '265', '657', '388', '647', '903', '812', '670', '917', '280', '276', '548', '404', '560', '739', '727', '115', '954', '270', '999', '968', '666', '474', '39', '384', '5', '927', '777', '142', '747', '211', '35', '197', '181', '178', '487', '74', '608', '920', '828', '820', '445', '391', '910', '253', '200', '561', '359', '603', '140', '789', '226', '517', '756', '651', '645', '703', '298', '551', '617', '392', '961', '371', '898', '300', '569', '526', '356', '769', '87', '911', '467', '363', '196', '761', '866', '938', '23', '513', '794', '932', '793', '582', '575', '400', '232', '443', '946', '459', '78', '486', '66', '8', '488', '138', '306', '177', '784', '620', '427', '228', '469', '470', '983', '334', '930', '481', '692', '630', '702']
['507', '567', '254', '60', '312', '956', '453', '399', '492', '531', '857', '774', '350', '527', '179', '959', '740', '13', '198', '34', '285', '926', '824', '32', '48', '106', '162', '985', '853', '111', '771']
['607', '535', '693', '682', '18', '653', '70', '389', '811', '783', '716', '782', '297', '861', '335', '29', '293', '490', '248', '73', '591', '907', '1', '933', '563']
['802', '838', '996', '296', '258', '187', '92', '122', '377', '970', '797', '845', '842', '892', '451', '520', '706', '141', '908', '550', '841', '485', '52']
['407', '810', '273', '333', '860', '250', '54', '912', '529', '235', '980', '659', '966', '204', '421', '721', '688', '143', '544', '234', '202', '263', '316']
['355', '821', '345', '62', '494', '881', '752', '455', '803', '247', '854', '975', '40', '827', '697', '476', '368', '182', '351', '383', '768', '242', '728']
['713', '38', '2', '905', '188', '949', '193', '979', '767', '102', '341', '497', '275', '277', '612', '31', '984', '690', '390', '403', '47', '207']
['442', '862', '573', '711', '372', '944', '875', '825', '146', '163', '120', '4', '261', '440', '413', '291', '835', '683', '462', '655', '707', '918']
['846', '722', '278', '508', '570', '963', '175', '409', '224', '90', '136', '184', '222', '796', '808', '757', '327', '818', '614', '61', '237', '374']
['945', '704', '189', '504', '972', '514', '832', '566', '549', '362', '315', '44', '986', '36', '874', '680', '433', '155', '461', '583', '272']
['936', '902', '960', '290', '564', '626', '410', '287', '496', '709', '502', '705', '417', '660', '109', '336', '471', '194', '483', '361', '888']
['505', '479', '168', '3', '25', '219', '317', '378', '674', '957', '717', '42', '320', '176', '324', '615', '203', '510', '776', '991', '134']
['925', '266', '45', '190', '523', '249', '929', '149', '665', '855', '332', '357', '619', '124', '726', '509', '79', '880', '364', '295', '475']
['381', '19', '199', '669', '223', '243', '441', '696', '24', '981', '271', '352', '126', '96', '577', '785', '91', '565', '847', '597']
['395', '174', '337', '370', '450', '518', '909', '511', '257', '210', '586', '823', '594', '640', '80', '893', '609', '637', '125', '891']
['322', '353', '579', '426', '153', '98', '982', '493', '380', '754', '339', '100', '558', '701', '7', '942', '299', '519', '948', '643']
['906', '59', '541', '50', '419', '800', '465', '805', '434', '641', '661', '349', '568', '460', '414', '962', '557', '971', '935', '871']
['213', '67', '687', '572', '947', '458', '252', '139', '27', '85', '131', '305', '886', '220', '308', '6', '801', '0', '103', '576']
['522', '227', '595', '484', '897', '658', '642', '844', '408', '833', '365', '859', '837', '121', '201', '879', '735', '750', '14', '268']
['555', '56', '899', '331', '119', '269', '166', '307', '418', '416', '415', '132', '636', '834', '314', '869', '731', '992', '889', '10']
['599', '623', '587', '477', '360', '396', '995', '708', '236', '49', '157', '489', '652', '593', '150', '288', '99', '610', '839']
['160', '186', '506', '344', '225', '625', '238', '144', '649', '736', '882', '260', '695', '118', '540', '422', '165', '304']
['667', '191', '302', '58', '281', '456', '596', '755', '386', '863', '751', '26', '584', '310', '55', '562', '286', '72']
['15', '830', '629', '928', '101', '632', '574', '553', '94', '367', '668', '604', '689', '498', '528', '748', '432', '870']
['366', '806', '791', '147', '600', '524', '729', '775', '537', '301', '444', '677', '195', '473', '885', '822', '546']
['340', '283', '578', '311', '950', '468', '95', '741', '423', '206', '718', '454', '700', '112', '994', '952', '37']
['156', '710', '778', '397', '773', '303', '719', '240', '437', '429', '88', '69', '787', '672', '282', '624']
['922', '868', '464', '354', '373', '164', '638', '319', '420', '279', '385', '744', '556', '411', '671', '185']
['618', '988', '158', '93', '788', '358', '765', '990', '482', '941', '585', '387', '255', '216', '161']
['809', '781', '292', '533', '323', '530', '656', '313', '934', '428', '592', '46', '631', '786', '840']
['245', '145', '105', '239', '856', '435', '799', '169', '65', '646', '478', '627', '964', '53', '77']
['412', '43', '539', '813', '83', '183', '33', '449', '753', '251', '375', '89', '547', '532', '107']
['921', '814', '108', '425', '714', '733', '76', '749', '41', '133', '676', '904', '976', '151']
['447', '214', '325', '329', '989', '923', '438', '939', '512', '605', '466', '628', '231', '229']
['571', '401', '901', '12', '732', '28', '104', '678', '180', '758', '685', '135', '622', '686']
['826', '154', '264', '598', '993', '867', '17', '321', '259', '987', '330', '343', '129', '772']
['798', '734', '446', '338', '30', '16', '11', '715', '289', '745', '326', '436', '850']
['499', '171', '588', '650', '284', '819', '205', '495', '589', '208', '915', '730', '9']
['662', '724', '887', '663', '116', '673', '369', '580', '137', '491', '725', '759', '958']
['525', '172', '192', '457', '973', '681', '233', '318', '779', '123', '130', '764', '849']
