['546', '869', '691', '881', '599', '466', '25', '136', '971', '429', '135', '855', '980', '364', '896', '716', '26', '725', '371', '831', '417', '919']
['150', '832', '472', '146', '758', '651', '351', '120', '56', '548', '884', '713', '858', '201', '405', '963', '195', '806', '999', '948', '866', '803']
['279', '906', '910', '927', '764', '770', '168', '799', '517', '914', '856', '167', '631', '230', '43', '879', '615', '945', '629', '408', '937', '481']
['102', '272', '425', '824', '600', '325', '404', '338', '639', '595', '296', '103', '817', '766', '958', '387', '74', '379', '314', '734', '632', '495']
['91', '921', '355', '695', '257', '55', '924', '280', '110', '889', '281', '801', '359', '863', '697', '352', '864', '991', '633', '125', '845', '401']
['640', '983', '290', '670', '307', '888', '447', '17', '487', '822', '572', '672', '138', '271', '19', '261', '951', '284', '993', '356', '246', '939']
['199', '726', '521', '197', '584', '597', '410', '596', '206', '752', '76', '370', '938', '964', '424', '386', '158', '317', '336', '816', '348', '277']
['131', '423', '785', '265', '634', '728', '304', '887', '122', '394', '528', '346', '868', '456', '646', '479', '751', '20', '942', '917', '453', '685']
['586', '303', '928', '66', '469', '715', '897', '187', '216', '987', '827', '986', '242', '78', '152', '412', '67', '145', '689', '761', '44', '593']
['93', '835', '621', '680', '87', '106', '526', '664', '144', '181', '115', '745', '859', '962', '698', '543', '435', '681', '875', '357', '988', '402']
['219', '189', '977', '549', '947', '630', '452', '781', '840', '310', '200', '886', '767', '795', '541', '114', '194', '64', '883', '636', '61', '530']
['957', '324', '675', '83', '94', '366', '112', '619', '332', '156', '922', '414', '655', '990', '88', '228', '838', '518', '749', '98', '861', '712']
['837', '63', '465', '395', '92', '175', '935', '760', '744', '75', '363', '582', '59', '836', '275', '553', '313', '545', '33', '232', '544', '707']
['360', '27', '550', '714', '308', '392', '9', '202', '349', '460', '461', '329', '969', '409', '176', '207', '343', '84', '5', '449', '421', '203']
['492', '327', '666', '649', '52', '800', '908', '677', '365', '170', '1', '998', '193', '551', '86', '11', '618', '676', '454', '578', '796', '389']
['263', '109', '256', '555', '46', '427', '849', '493', '642', '458', '743', '399', '981', '576', '455', '830', '309', '943', '747', '95', '380', '539']
['842', '661', '211', '15', '533', '786', '609', '814', '731', '330', '140', '413', '178', '217', '416', '464', '494', '668', '650', '278', '406', '784']
['895', '683', '671', '233', '372', '192', '641', '39', '323', '470', '241', '244', '210', '515', '773', '662', '560', '753', '224', '273', '968', '299']
['154', '501', '97', '326', '554', '780', '532', '505', '79', '794', '51', '982', '798', '268', '129', '709', '692', '398', '853', '694', '3', '809']
['679', '750', '735', '772', '950', '209', '755', '722', '877', '874', '485', '239', '77', '73', '788', '297', '166', '441', '783', '540', '504', '797']
['47', '850', '531', '247', '577', '892', '478', '787', '975', '420', '34', '38', '936', '16', '571', '605', '182', '598', '48', '569', '132', '719']
['563', '437', '358', '312', '54', '659', '771', '258', '214', '291', '585', '608', '266', '972', '231', '12', '579', '250', '557', '930', '31', '127']
['373', '393', '769', '705', '808', '966', '252', '294', '172', '508', '411', '660', '690', '819', '45', '490', '149', '57', '123', '852', '100', '592']
['867', '137', '974', '428', '562', '473', '506', '703', '925', '245', '534', '35', '848', '792', '581', '436', '350', '723', '198', '285', '269', '21']
['126', '954', '552', '53', '934', '729', '654', '322', '693', '124', '335', '72', '468', '622', '717', '762', '69', '638', '377', '155', '558', '701']
['433', '173', '616', '440', '361', '448', '188', '514', '237', '104', '589', '978', '151', '511', '41', '873', '159', '932', '789', '583', '315', '878']
['369', '147', '931', '915', '249', '305', '500', '512', '790', '264', '967', '503', '741', '566', '815', '893', '467', '480', '613', '710', '117', '287']
['442', '656', '556', '944', '617', '669', '658', '260', '891', '520', '174', '757', '496', '979', '142', '890', '611', '614', '820', '542', '445', '183']
['804', '871', '226', '989', '130', '510', '519', '612', '763', '14', '432', '995', '678', '444', '403', '240', '368', '186', '374', '568', '529', '525']
['223', '143', '829', '300', '854', '926', '302', '333', '601', '736', '933', '985', '381', '422', '606', '940', '345', '559', '400', '782', '727', '443']
['536', '688', '899', '857', '62', '418', '635', '791', '0', '645', '243', '901', '488', '537', '375', '289', '119', '13', '477', '955', '667', '627']
['419', '570', '909', '248', '673', '573', '105', '292', '739', '902', '898', '682', '538', '643', '96', '841', '139', '235', '362', '818', '23', '185']
['415', '759', '489', '959', '825', '65', '367', '737', '218', '486', '208', '341', '148', '32', '22', '471', '383', '446', '876', '907', '274', '311']
['913', '775', '805', '591', '344', '262', '527', '740', '502', '60', '339', '711', '952', '720', '320', '644', '949', '704', '996', '718', '190', '80']
['929', '238', '823', '997', '844', '920', '590', '647', '40', '2', '953', '894', '282', '946', '885', '58', '204', '254', '37', '451', '923', '620']
['580', '49', '604', '121', '628', '696', '81', '133', '259', '684', '42', '162', '872', '99', '653', '733', '101', '251', '807', '602', '567', '177']
['384', '118', '516', '438', '319', '30', '82', '708', '378', '301', '475', '205', '912', '431', '637', '565', '665', '215', '229', '730', '778', '184']
['293', '810', '482', '812', '663', '298', '89', '385', '918', '847', '843', '862', '821', '870', '839', '813', '161', '236', '160', '283', '904', '535']
['450', '624', '865', '732', '50', '222', '721', '524', '334', '36', '108', '748', '774', '960', '180', '434', '941', '607', '802', '220', '225', '706']
['851', '191', '286', '992', '141', '961', '768', '388', '288', '623', '574', '340', '547', '337', '742', '6', '846', '111', '107', '164', '390', '513']
['777', '439', '295', '459', '8', '7', '134', '426', '4', '699', '342', '276', '234', '626', '90', '28', '826', '165', '430', '994', '316', '970']
['407', '903', '221', '564', '457', '507', '376', '587', '828', '746', '70', '171', '397', '905', '588', '157', '575', '880', '834', '965', '724', '603']
['253', '474', '509', '29', '10', '625', '328', '498', '522', '318', '212', '497', '463', '18', '561', '594', '499', '354', '984', '793', '973', '833']
['882', '900', '85', '776', '255', '976', '916', '153', '71', '484', '267', '491', '657', '128', '652', '169', '391']
['648', '811', '956', '227', '382', '347']
['754', '702', '196', '163', '213', '179']
['779', '738', '686', '321', '610', '756']
['860', '113', '483', '270', '462']
['396', '911', '700', '306', '331']
['476', '353', '687', '523']
['674', '116', '765']
['24']
['68']
