['536', '369', '726', '68', '92', '355', '781', '94', '87', '924', '311', '826', '430', '687', '620', '244', '848', '79', '515', '141', '414', '318', '692', '540', '149', '841', '400', '495', '406']
['586', '219', '248', '630', '573', '72', '468', '950', '771', '22', '483', '656', '510', '581', '450', '790', '178', '60', '217', '499', '942', '960', '917', '454', '793', '449', '939', '484', '861']
['263', '954', '53', '927', '824', '262', '714', '1', '32', '665', '896', '458', '859', '409', '353', '344', '775', '261', '194', '951', '891', '30', '441', '70', '116', '796', '904', '117', '535']
['842', '272', '474', '764', '365', '680', '459', '39', '258', '58', '595', '568', '582', '727', '139', '193', '49', '390', '982', '990', '943', '754', '753', '251', '490', '968', '667', '734', '778']
['109', '832', '810', '556', '785', '265', '621', '243', '14', '898', '926', '736', '821', '69', '34', '220', '613', '631', '35', '11', '628', '270', '476', '231', '249', '309', '302', '284', '749']
['570', '175', '367', '537', '644', '755', '366', '200', '478', '885', '699', '461', '164', '724', '776', '551', '253', '448', '830', '50', '844', '431', '145', '606', '342', '504', '802', '415', '694']
['52', '835', '777', '437', '800', '651', '81', '97', '590', '840', '83', '192', '252', '177', '580', '801', '103', '944', '623', '662', '435', '598', '84', '518', '98', '21', '742', '401', '706']
['131', '360', '223', '869', '290', '769', '463', '202', '868', '134', '664', '976', '111', '434', '941', '626', '572', '241', '585', '391', '210', '152', '340', '527', '930', '405', '337', '845', '481']
['130', '899', '825', '237', '977', '654', '65', '428', '902', '695', '720', '528', '703', '13', '362', '745', '347', '970', '343', '872', '8', '20', '697', '653', '464', '588', '480', '923', '80']
['957', '189', '928', '555', '708', '728', '334', '136', '135', '142', '907', '619', '181', '462', '399', '407', '297', '645', '155', '741', '870', '629', '31', '228', '838', '235', '685', '203', '183']
['804', '599', '128', '888', '205', '471', '731', '946', '306', '296', '215', '280', '216', '987', '78', '791', '564', '507', '42', '740', '171', '690', '569', '282', '636', '180', '633', '806', '299']
['150', '811', '63', '91', '600', '221', '325', '522', '887', '609', '349', '370', '28', '856', '451', '851', '576', '605', '413', '424', '610', '301', '357', '158', '317', '232', '408', '276', '937']
['126', '191', '772', '289', '717', '209', '429', '426', '955', '487', '965', '532', '115', '922', '604', '114', '436', '591', '920', '858', '328', '497', '18', '224', '689', '398', '730', '657', '784']
['691', '974', '358', '596', '260', '520', '46', '122', '422', '394', '403', '877', '278', '646', '364', '293', '756', '973', '508', '964', '514', '618', '723', '500', '560', '201', '900', '632', '593']
['759', '66', '758', '457', '382', '396', '54', '85', '517', '368', '493', '938', '172', '479', '767', '489', '959', '238', '121', '541', '860', '82', '557', '561', '544', '157', '668', '190', '44']
['895', '211', '670', '124', '746', '99', '206', '503', '170', '119', '363', '460', '932', '836', '642', '871', '438', '519', '788', '972', '176', '543', '218', '207', '208', '615', '601', '88', '718']
['867', '837', '482', '929', '197', '501', '594', '566', '886', '17', '529', '559', '38', '878', '485', '173', '242', '773', '359', '10', '64', '151', '757', '643', '161', '374', '345', '229', '283']
['373', '279', '779', '442', '324', '188', '663', '531', '935', '298', '760', '162', '174', '168', '524', '346', '76', '245', '26', '672', '0', '488', '89', '883', '380', '583', '650', '314', '389']
['552', '433', '143', '319', '931', '322', '705', '715', '133', '466', '333', '575', '813', '112', '818', '455', '792', '713', '388', '236', '676', '979', '255', '890', '198', '348', '3', '603', '287']
['419', '983', '303', '516', '881', '910', '770', '418', '338', '378', '952', '799', '682', '762', '752', '420', '638', '281', '156', '829', '104', '51', '684', '250', '2', '496', '530', '113', '866']
['640', '102', '472', '509', '919', '15', '967', '652', '622', '648', '966', '814', '913', '24', '743', '43', '73', '624', '350', '660', '182', '5', '381', '61', '246', '321', '225', '948', '744']
['666', '137', '392', '562', '985', '565', '187', '526', '326', '980', '554', '567', '525', '716', '534', '16', '230', '62', '411', '669', '637', '864', '748', '446', '269', '607', '592', '707', '803']
['492', '809', '550', '533', '659', '310', '320', '846', '839', '4', '822', '865', '376', '386', '579', '498', '101', '831', '196', '894', '354', '453', '379', '402', '153', '100', '165', '277', '956']
['683', '906', '395', '909', '393', '671', '452', '729', '808', '36', '949', '75', '925', '538', '874', '214', '169', '751', '138', '266', '77', '371', '29', '439', '222', '33', '513', '185', '797']
['327', '47', '163', '921', '612', '805', '693', '679', '721', '304', '427', '40', '641', '120', '704', '397', '639', '855', '41', '167', '316', '688', '732', '617', '305', '625', '709', '195', '90']
['199', '226', '616', '147', '93', '696', '737', '335', '307', '765', '447', '55', '686', '889', '827', '725', '86', '553', '857', '884', '571', '166', '901', '475', '819', '467', '159', '602', '123']
['361', '812', '934', '286', '947', '549', '410', '292', '308', '257', '647', '892', '329', '384', '118', '981', '377', '700', '288', '863', '681', '958', '875', '7', '352', '108', '356', '267', '160']
['423', '850', '469', '750', '574', '547', '971', '473', '506', '722', '227', '332', '443', '23', '986', '794', '766', '140', '259', '879', '862', '45', '945', '444', '240', '873', '539', '710', '154']
['563', '27', '584', '854', '675', '597', '674', '658', '677', '828', '587', '25', '577', '912', '351', '914', '969', '19', '915', '339', '432', '387', '67', '882', '127', '477', '417', '132', '542']
['702', '521', '465', '673', '763', '300', '146', '312', '735', '375', '897', '247', '774', '738', '905', '807', '470', '789', '331', '780', '911', '271', '589', '313', '285', '148', '988', '991', '712']
['992', '961', '634', '918', '107', '849', '274', '213', '37', '291', '275', '989', '505', '105', '739', '733', '336', '511', '953', '783', '815', '984', '57', '315', '853', '523', '125', '179', '782']
['649', '256', '823', '962', '635', '233', '847', '264', '295', '341', '678', '106', '74', '893', '6', '876', '880', '963', '761', '916', '186', '234', '383', '614', '96', '852', '719', '820', '627']
['239', '548', '425', '661', '795', '330', '768', '412', '698', '512', '385', '978', '268', '372', '129', '110', '48', '786', '95', '787', '56', '294', '940', '494', '421', '816', '558', '445', '701']
['817', '747', '711', '404', '59', '975', '502', '655', '545']
['578', '323', '798', '204', '903']
['254', '908', '273', '416']
['843', '608', '440', '144']
['212', '486', '456']
['9', '71', '833']
['546', '12']
['184', '834']
['936', '611']
['933']
['491']
