['86', '217', '930', '915', '388', '649', '576', '611', '512', '42', '639', '314', '432', '469', '165', '643', '413', '690', '533', '981', '56', '697', '735', '581', '558', '398', '260', '434', '441', '720', '641', '705', '220', '136', '991', '669', '61', '221', '588', '516']
['271', '222', '528', '394', '693', '379', '996', '789', '96', '91', '443', '160', '59', '282', '955', '421', '465', '121', '608', '535', '32', '407', '495', '841', '397', '212', '786', '929', '730', '741', '508', '909', '461', '733', '927', '370', '600', '269', '482', '249']
['846', '919', '823', '202', '819', '309', '79', '73', '659', '719', '772', '673', '897', '5', '204', '549', '621', '83', '262', '899', '92', '57', '767', '164', '820', '374', '307', '725', '546', '775', '172', '116', '183', '280', '456', '113', '190', '911', '566', '252']
['261', '448', '749', '937', '635', '154', '389', '232', '905', '109', '328', '971', '117', '738', '325', '316', '466', '497', '409', '178', '536', '438', '240', '668', '538', '151', '811', '293', '367', '656', '213', '838', '722', '674', '717', '986', '783', '315', '496', '817']
['406', '944', '606', '586', '712', '936', '296', '781', '146', '587', '754', '351', '197', '832', '419', '322', '507', '859', '556', '137', '205', '148', '405', '521', '104', '106', '806', '545', '259', '795', '601', '272', '888', '569', '671', '667', '837', '788', '857', '994']
['830', '199', '513', '166', '415', '813', '189', '687', '310', '562', '704', '654', '916', '737', '289', '270', '76', '48', '810', '666', '210', '664', '467', '514', '265', '787', '827', '790', '427', '333', '332', '138', '363', '614', '845', '349', '542', '784', '818', '133']
['98', '462', '346', '248', '902', '263', '970', '689', '302', '473', '931', '836', '158', '716', '809', '695', '71', '231', '300', '773', '253', '663', '43', '84', '544', '917', '702', '583', '446', '967', '477', '369', '3', '33', '954', '551', '338', '858', '866', '30']
['383', '209', '264', '41', '515', '510', '794', '216', '661', '460', '410', '714', '485', '237', '708', '527', '825', '596', '839', '951', '753', '62', '143', '25', '34', '186', '884', '435', '285', '961', '494', '176', '791', '331', '203', '626', '679', '358', '181', '244']
['451', '327', '751', '344', '94', '616', '962', '75', '46', '506', '627', '797', '882', '124', '37', '364', '761', '824', '995', '193', '573', '921', '815', '486', '2', '852', '883', '257', '828', '707', '455', '896', '652', '742', '686', '691', '290', '218', '861', '805']
['299', '985', '844', '604', '868', '400', '602', '684', '898', '553', '928', '430', '224', '132', '102', '483', '752', '575', '429', '53', '255', '169', '58', '966', '87', '892', '105', '180', '660', '481', '1', '366', '987', '812', '913', '250', '159', '906', '537', '599']
['371', '634', '440', '658', '36', '960', '484', '214', '119', '973', '907', '949', '9', '147', '799', '831', '863', '651', '609', '776', '550', '123', '972', '739', '311', '584', '552', '368', '522', '503', '417', '153', '625', '49', '540', '242', '613', '343', '64', '934']
['746', '978', '273', '100', '801', '324', '303', '433', '757', '582', '298', '444', '642', '622', '564', '454', '890', '52', '365', '391', '835', '993', '306', '128', '275', '563', '60', '279', '107', '313', '567', '134', '822', '655', '729', '141', '531', '617', '235', '254']
['975', '20', '95', '411', '356', '50', '638', '129', '554', '736', '808', '780', '923', '914', '662', '337', '750', '631', '472', '396', '196', '334', '420', '932', '879', '99', '74', '619', '414', '241', '157', '24', '956', '997', '933', '442', '561', '743', '288', '624']
['592', '380', '744', '935', '340', '977', '534', '38', '598', '274', '774', '877', '126', '464', '747', '875', '490', '834', '236', '585', '675', '541', '628', '543', '500', '760', '723', '122', '150', '81', '470', '873', '200', '317', '796', '0', '256', '964', '854', '721']
['678', '393', '532', '778', '682', '281', '179', '910', '375', '458', '677', '629', '10', '422', '468', '215', '475', '703', '342', '525', '764', '766', '144', '428', '597', '168', '630', '305', '800', '350', '826', '386', '194', '286', '7', '82', '692', '900', '377', '319']
['68', '459', '184', '488', '860', '698', '779', '548', '436', '851', '633', '219', '17', '223', '734', '637', '648', '982', '833', '283', '547', '89', '326', '574', '519', '15', '559', '947', '984', '511', '234', '517', '387', '676', '989', '449', '948', '26', '355', '47']
['67', '595', '976', '55', '471', '777', '376', '605', '793', '871', '849', '644', '401', '450', '505', '969', '453', '44', '922', '999', '191', '946', '607', '130', '412', '182', '88', '901', '359', '992', '843', '887', '175', '372', '384', '740', '101', '228', '699', '125']
['78', '93', '657', '110', '940', '268', '942', '920', '489', '670', '474', '988', '870', '171', '452', '402', '711', '509', '565', '938', '731', '16', '821', '891', '29', '487', '623', '276', '162', '258', '291', '762', '198', '131', '807', '755', '713', '539', '149', '19']
['492', '335', '373', '382', '13', '142', '22', '748', '187', '904', '66', '647', '177', '653', '926', '201', '45', '756', '348', '591', '943', '874', '798', '339', '445', '700', '301', '610', '850', '6', '431', '665', '70', '612', '878', '968', '560', '329', '108', '457']
['65', '304', '207', '381', '759', '685', '321', '939', '292', '869', '636', '974', '771', '848', '230', '341', '491', '894', '918', '953', '480', '345', '174', '85', '103', '51', '518', '476', '173', '945', '40', '278', '493', '840', '959', '192', '233', '399', '862', '718']
['502', '842', '447', '802', '18', '632', '963', '570', '163', '785', '706', '266', '908', '284', '426', '816', '127', '594', '416', '357', '593', '768', '238', '727', '590', '715', '710', '980', '758', '354', '295', '881', '54', '478', '360', '782', '640', '530', '361', '323']
['745', '728', '886', '239', '579', '903', '620', '889', '245', '90', '31', '856', '111', '378', '145', '526', '418', '880', '646', '246', '225', '330', '645', '425', '437', '853', '439', '498', '876', '504', '277', '893', '403', '520', '829', '814', '765', '140', '424', '297']
['680', '557', '139', '694', '847', '80', '229', '864', '615', '998', '580', '39', '211', '524', '701', '732', '865', '726', '72', '120', '23', '185', '925', '404', '362', '243', '28', '885', '688', '924', '35', '709', '650', '352', '724', '501', '114', '294', '499', '320']
['390', '683', '63', '523', '226', '353', '855', '385', '4', '267', '156', '27', '118', '463', '872', '529', '308', '395', '251', '11', '167', '990', '950', '161', '769', '21', '14', '867']
['555', '188', '155', '979', '770', '392', '681', '195', '983', '912', '97', '672', '206', '603', '77', '792', '152', '408', '578']
['957', '312', '247', '568', '577', '572', '803', '958', '347', '618', '479', '571']
['227', '696', '135', '318', '589', '804', '69', '941', '287']
['952', '112', '12', '208', '895']
['423', '965', '170', '8']
['115', '763', '336']
