['126', '360', '546', '219', '199', '256', '191', '418', '65', '14', '260', '133', '590', '308', '392', '9', '394', '209', '506', '75', '517', '4', '362', '451', '377', '176', '285', '317', '251', '345']
['586', '226', '143', '482', '189', '599', '393', '437', '573', '596', '81', '501', '385', '427', '463', '170', '447', '526', '493', '76', '96', '172', '559', '296', '220', '254', '0', '12', '224', '389']
['492', '536', '425', '556', '52', '137', '312', '146', '587', '520', '468', '122', '247', '320', '1', '478', '56', '144', '111', '426', '529', '213', '244', '253', '436', '250', '544', '21', '390', '117']
['369', '47', '175', '325', '298', '404', '375', '97', '40', '120', '32', '548', '152', '438', '455', '271', '43', '121', '571', '288', '371', '500', '301', '218', '507', '441', '337', '449', '98', '100']
['419', '373', '570', '63', '68', '516', '163', '555', '410', '299', '334', '522', '422', '580', '508', '16', '330', '231', '140', '386', '318', '101', '336', '561', '374', '190', '415', '160', '558', '184']
['263', '147', '223', '324', '27', '472', '465', '91', '211', '469', '584', '292', '124', '335', '162', '257', '459', '46', '136', '94', '565', '55', '173', '19', '10', '284', '416', '232', '496', '287']
['433', '93', '319', '358', '550', '262', '457', '382', '365', '168', '54', '192', '333', '577', '36', '202', '85', '538', '34', '110', '391', '534', '551', '35', '275', '73', '560', '212', '431', '145']
['552', '361', '66', '92', '290', '367', '537', '310', '258', '323', '368', '17', '252', '245', '331', '479', '216', '293', '316', '281', '505', '78', '512', '67', '33', '31', '273', '57', '495', '203']
['188', '452', '248', '547', '72', '383', '575', '554', '181', '291', '26', '242', '399', '266', '514', '541', '344', '589', '388', '50', '29', '527', '579', '498', '343', '264', '7', '159', '195', '107']
['279', '130', '197', '531', '528', '346', '135', '485', '115', '384', '510', '11', '591', '359', '105', '376', '340', '545', '502', '309', '8', '222', '20', '108', '387', '217', '354', '454', '530', '154']
['109', '396', '134', '214', '186', '294', '470', '59', '164', '553', '409', '448', '489', '238', '77', '114', '30', '414', '413', '166', '488', '328', '557', '339', '61', '255', '123', '494', '400', '484']
['303', '300', '355', '378', '307', '372', '304', '205', '351', '473', '460', '306', '167', '430', '169', '462', '440', '210', '476', '450', '42', '313', '178', '60', '357', '161', '481', '542', '513', '183']
['150', '395', '221', '15', '366', '363', '434', '177', '280', '311', '37', '443', '86', '412', '543', '89', '208', '129', '155', '295', '5', '499', '444', '408', '446', '153', '421', '480', '523', '44']
['563', '243', '289', '403', '41', '595', '532', '193', '458', '519', '51', '353', '350', '259', '486', '497', '151', '182', '598', '88', '201', '240', '467', '276', '342', '583', '402', '179', '348', '165']
['576', '62', '270', '82', '64', '99', '471', '45', '200', '87', '593', '22', '74', '464', '379', '349', '540', '539', '518', '149', '417', '234', '215', '28', '38', '267', '225', '71', '235', '445']
['102', '283', '474', '581', '141', '237', '515', '265', '564', '424', '25', '475', '128', '524', '432', '174', '148', '48', '356', '6', '180', '228', '269', '477', '321', '568', '314', '572', '401', '80']
['327', '118', '272', '407', '521', '597', '194', '428', '233', '435', '206', '503', '84', '39', '381', '187', '397', '119', '69', '420', '58', '142', '487', '139', '315', '461', '578', '364', '535', '347']
['49', '442', '24', '423', '286', '549', '509', '338', '574', '466', '83', '116', '594', '562', '196', '227', '106', '566', '326', '127', '274', '157', '112', '370', '456', '504', '332', '329', '406', '241']
['79', '138', '230', '411', '104', '297', '322', '261', '249', '305', '268', '439', '125', '158', '2', '352', '511', '18', '429', '569', '405', '490', '282', '380', '246', '567', '236', '278', '483', '23']
['156', '302', '588', '13', '398', '132', '229', '198', '90', '525', '592', '207', '70', '277', '185']
['239', '103', '585', '3', '453']
['204', '53', '533', '341']
['95', '131', '171']
['491', '582']
['113']
