['472', '920', '76', '4', '993', '613', '422', '500', '608', '574', '59', '525', '195', '188', '926', '709', '566', '42']
['743', '2', '764', '287', '529', '121', '479', '793', '295', '454', '176', '829', '473', '55', '172', '954', '651', '382']
['337', '604', '715', '478', '273', '82', '485', '167', '29', '278', '105', '149', '932', '666', '596', '558', '505', '150']
['786', '120', '852', '433', '931', '8', '202', '726', '272', '540', '392', '547', '957', '461', '309', '739', '356', '593']
['848', '480', '297', '612', '679', '198', '502', '193', '280', '897', '477', '65', '563', '672', '320', '388', '136', '252']
['650', '456', '647', '985', '367', '776', '766', '69', '21', '949', '837', '374', '823', '712', '948', '71', '976', '220']
['303', '177', '180', '653', '725', '418', '559', '927', '412', '816', '300', '990', '664', '940', '807', '867', '851', '215']
['425', '914', '440', '370', '290', '856', '662', '224', '13', '160', '85', '565', '468', '869', '789', '740', '607', '809']
['307', '649', '24', '381', '271', '204', '117', '410', '589', '453', '508', '394', '522', '293', '311', '474', '747', '158']
['30', '894', '846', '859', '778', '258', '748', '424', '379', '512', '401', '506', '885', '630', '226', '11', '10', '265']
['263', '9', '826', '619', '457', '75', '921', '815', '12', '475', '658', '165', '143', '134', '326', '192', '98', '39']
['915', '148', '190', '322', '671', '269', '137', '629', '863', '831', '312', '231', '141', '90', '861', '262', '57', '79']
['451', '902', '697', '738', '844', '872', '91', '66', '782', '830', '118', '14', '406', '637', '962', '47', '683', '77']
['511', '387', '769', '840', '536', '692', '994', '711', '43', '20', '384', '104', '135', '169', '814', '241', '703', '282']
['459', '126', '501', '171', '33', '660', '429', '761', '53', '178', '221', '655', '876', '452', '648', '471', '420', '19']
['398', '166', '781', '903', '463', '289', '979', '428', '966', '385', '638', '617', '355', '486', '556', '127', '835', '833']
['286', '588', '349', '316', '693', '331', '421', '168', '416', '138', '883', '939', '893', '89', '152', '413', '332', '253']
['404', '933', '444', '346', '274', '259', '54', '132', '665', '250', '984', '820', '44', '870', '968', '107', '533', '216']
['542', '495', '609', '86', '342', '784', '516', '380', '414', '402', '736', '317', '318', '635', '680', '688', '656', '535']
['791', '109', '754', '211', '713', '584', '351', '400', '935', '557', '551', '634', '996', '189', '161', '156', '240', '742']
['595', '458', '722', '116', '497', '580', '238', '145', '348', '913', '842', '113', '432', '845', '26', '46', '266', '469']
['690', '239', '353', '18', '411', '942', '700', '460', '6', '48', '980', '567', '767', '721', '284', '261', '151', '493']
['68', '341', '734', '520', '205', '490', '821', '0', '514', '938', '681', '405', '445', '344', '728', '627', '359', '448']
['81', '130', '971', '225', '904', '972', '758', '548', '579', '292', '314', '465', '997', '817', '291', '51', '936', '687']
['174', '854', '787', '163', '768', '170', '528', '275', '554', '930', '838', '182', '963', '750', '730', '111', '366', '199']
['858', '103', '70', '277', '112', '731', '945', '751', '977', '871', '106', '675', '735', '847', '839', '45', '919', '142']
['345', '878', '235', '741', '100', '129', '408', '40', '36', '499', '518', '676', '959', '982', '481', '494', '329', '733']
['795', '668', '61', '489', '578', '430', '378', '246', '602', '568', '340', '347', '798', '443', '956', '234', '200', '992']
['517', '562', '631', '755', '909', '881', '335', '642', '818', '796', '857', '16', '641', '333', '828', '227', '313', '210']
['724', '131', '325', '301', '891', '594', '899', '684', '549', '455', '988', '597', '484', '553', '447', '586', '953', '147']
['606', '864', '669', '539', '801', '330', '360', '934', '276', '961', '808', '133', '434', '328', '564', '952', '780', '350']
['732', '698', '27', '960', '717', '644', '695', '363', '217', '442', '93', '906', '507', '426', '230', '336', '975', '372']
['383', '929', '673', '643', '243', '140', '686', '937', '704', '361', '862', '636', '600', '760', '368', '154', '283', '530']
['527', '657', '841', '571', '338', '783', '752', '15', '800', '855', '364', '875', '206', '464', '5', '923', '438', '439']
['310', '173', '257', '810', '95', '967', '599', '162', '887', '339', '958', '7', '592', '214', '969', '218', '708', '756']
['97', '991', '407', '376', '538', '244', '910', '663', '569', '922', '581', '974', '415', '181', '895', '916', '718', '254']
['720', '836', '504', '749', '60', '302', '209', '888', '928', '777', '194', '912', '779', '299', '819', '674', '128', '770']
['900', '577', '63', '358', '964', '981', '541', '603', '762', '74', '628', '661', '886', '611', '248', '28', '270', '785']
['925', '409', '646', '196', '582', '989', '523', '983', '744', '702', '37', '323', '139', '390', '624', '222']
['237', '441', '96', '362', '699', '825', '446', '92', '423', '281', '526', '587', '31', '492']
['365', '67', '811', '417', '306', '804', '689', '509', '544', '431', '824', '701', '334', '267']
['236', '123', '208', '805', '640', '146', '868', '403', '590', '757', '88', '256', '56']
['626', '879', '951', '73', '175', '305', '729', '775', '598', '435', '995', '255', '911']
['503', '124', '164', '219', '389', '99', '546', '232', '998', '705', '610', '87']
['229', '427', '233', '543', '245', '285', '242', '873', '122', '896', '978', '228']
['790', '877', '746', '889', '467', '853', '633', '803', '908', '294', '369']
['799', '943', '849', '80', '102', '813', '375', '670', '155', '575']
['970', '645', '570', '531', '72', '917', '973', '436', '159']
['677', '843', '860', '999', '184', '765', '483', '186', '298']
['49', '251', '623', '545', '58', '437', '308', '907']
['185', '880', '247', '296', '987', '622', '792', '625']
['476', '865', '614', '534', '1', '659', '576', '327']
['723', '759', '694', '179', '772', '965', '119', '620']
['324', '386', '946', '268', '884', '373', '753']
['737', '279', '667', '288', '488', '615', '710']
['498', '827', '201', '352', '510', '487', '898']
['83', '144', '371', '52', '955', '707', '560']
['774', '616', '203', '850', '41', '34', '797']
['304', '585', '108', '678', '812', '462']
['32', '321', '470', '561', '110', '191']
['706', '354', '157', '682', '639', '78']
['773', '482', '890', '207', '521', '573']
['260', '94', '941', '466', '397', '550']
['552', '25', '802', '950', '822', '874']
['62', '794', '213', '719', '114', '788']
['632', '264', '866', '496', '396']
['924', '399', '183', '716', '532']
['50', '572', '513', '395']
['691', '449', '249', '377']
['806', '357', '23', '918']
['832', '519', '22', '583']
['601', '17', '115']
['64', '187', '38']
['35', '892', '315']
['125', '727']
['153', '319']
['450', '491']
['714', '197']
['391', '944']
['393', '537']
['621', '986']
['882', '605']
['745', '524']
['212', '223']
['618', '771']
['685', '834']
['3', '591']
['905', '763']
['515', '84']
['652']
['654']
['696']
['419']
['901']
['343']
['947']
['101']
['555']
