['450', '724', '541', '328', '347', '838', '313', '137', '779', '876', '849', '634', '904', '426', '249', '626', '276', '917', '854', '922', '796', '416', '697', '443', '488', '461', '953', '35', '597', '248', '742', '614', '566', '632', '718', '460', '314', '216', '633', '829']
['522', '355', '525', '382', '447', '937', '530', '57', '913', '860', '637', '170', '30', '963', '95', '81', '692', '622', '826', '794', '397', '153', '318', '459', '359', '176', '14', '677', '197', '181', '784', '828', '429', '148', '973', '933', '589', '516', '532', '603']
['192', '264', '756', '580', '420', '737', '726', '698', '67', '389', '294', '303', '108', '766', '765', '761', '691', '640', '292', '845', '395', '662', '791', '457', '83', '223', '252', '635', '740', '946', '834', '326', '74', '24', '103', '162', '762', '759', '772', '151']
['639', '806', '821', '93', '494', '584', '278', '679', '554', '618', '258', '453', '873', '901', '857', '685', '993', '499', '888', '776', '222', '358', '520', '971', '357', '13', '503', '615', '219', '669', '687', '61', '410', '121', '930', '735', '324', '47', '707', '771']
['425', '49', '770', '905', '70', '809', '479', '149', '825', '647', '259', '874', '36', '91', '852', '87', '231', '120', '77', '56', '152', '281', '596', '582', '807', '27', '519', '211', '483', '490', '868', '552', '950', '818', '414', '545', '910', '330', '191', '268']
['480', '799', '521', '173', '82', '308', '509', '89', '750', '738', '10', '340', '500', '115', '406', '172', '909', '179', '243', '851', '246', '415', '680', '361', '31', '182', '218', '921', '458', '918', '228', '558', '236', '636', '668', '334', '840', '952', '702', '897']
['884', '241', '354', '955', '386', '785', '731', '508', '850', '472', '625', '819', '92', '206', '428', '782', '866', '297', '393', '275', '184', '928', '3', '723', '605', '777', '869', '8', '185', '323', '989', '396', '33', '202', '962', '444', '385', '728', '104', '111']
['599', '266', '147', '171', '166', '144', '17', '109', '931', '711', '180', '346', '60', '58', '559', '972', '265', '423', '812', '491', '542', '659', '129', '136', '650', '813', '666', '892', '805', '495', '575', '748', '704', '16', '872', '238', '855', '126', '52', '853']
['322', '607', '225', '696', '641', '118', '333', '343', '510', '312', '300', '217', '832', '356', '332', '980', '751', '467', '439', '994', '546', '534', '527', '616', '588', '827', '12', '142', '124', '433', '143', '893', '383', '895', '538', '787', '768', '315', '786', '543']
['174', '555', '705', '997', '916', '372', '287', '617', '653', '18', '186', '101', '424', '434', '903', '339', '376', '914', '981', '224', '497', '891', '353', '999', '899', '974', '437', '40', '504', '293', '295', '351', '283', '550', '940', '683', '775', '478', '9', '991']
['789', '539', '810', '417', '317', '379', '586', '188', '644', '881', '551', '364', '562', '436', '798', '250', '337', '642', '816', '146', '604', '867', '556', '606', '513', '518', '338', '602', '793', '430', '438', '823', '646', '700', '381', '743', '841', '319', '470', '237']
['156', '572', '862', '321', '38', '941', '581', '299', '996', '600', '392', '553', '526', '714', '753', '780', '725', '204', '247', '255', '411', '727', '774', '797', '817', '44', '822', '734', '608', '154', '484', '464', '820', '269', '445', '427', '391', '880', '442', '958']
['864', '969', '214', '405', '380', '183', '375', '387', '288', '643', '746', '988', '189', '843', '719', '601', '418', '271', '195', '938', '43', '90', '883', '309', '440', '537', '150', '66', '565', '847', '976', '544', '800', '307', '468', '833', '585', '253', '161', '686']
['960', '887', '345', '407', '673', '656', '221', '220', '689', '273', '964', '654', '245', '579', '239', '523', '41', '341', '196', '270', '145', '967', '842', '69', '968', '452', '365', '648', '732', '942', '285', '744', '112', '757', '778', '7', '230', '894', '286', '720']
['846', '925', '374', '45', '394', '158', '896', '2', '703', '638', '262', '371', '811', '865', '96', '911', '966', '55', '839', '975', '564', '712', '721', '329', '587', '25', '760', '291', '486', '487', '667', '514', '824', '496', '755', '242', '859', '498', '655', '203']
['50', '621', '672', '85', '449', '310', '944', '505', '54', '215', '20', '898', '729', '388', '844', '536', '489', '163', '664', '548', '609', '885', '290', '446', '261', '369', '71', '5', '927', '155', '378', '830', '754', '882', '408', '336', '403', '985', '316', '790']
['802', '344', '431', '567', '117', '681', '512', '652', '193', '570', '84', '783', '477', '878', '448', '502', '934', '594', '102', '739', '42', '595', '995', '987', '349', '34', '133', '78', '37', '984', '506', '591', '620', '923', '709', '1', '282', '528', '422', '6']
['160', '713', '199', '511', '465', '401', '900', '535', '205', '233', '194', '875', '304', '752', '629', '569', '529', '715', '970', '749', '977', '123', '363', '764', '792', '350', '277', '658', '198', '476', '863', '201', '212', '327', '412', '835', '907', '390', '939', '251']
['62', '501', '441', '661', '645', '110', '352', '627', '682', '227', '836', '657', '175', '803', '132', '915', '906', '663', '256', '856', '598', '94', '848', '413', '747', '889', '540', '178', '138', '943', '177', '244', '998', '114', '28', '745', '263', '454', '758', '165']
['302', '951', '311', '98', '517', '708', '471', '208', '80', '298', '815', '693', '676', '773', '574', '280', '466', '167', '475', '877', '209', '710', '373', '482', '701', '169', '612', '141', '808', '571', '73', '926', '419', '684', '284', '131', '106', '75', '628', '200']
['613', '924', '722', '763', '301', '949', '730', '86', '473', '610', '781', '961', '116', '127', '979', '665', '717', '631', '560', '99', '671', '64', '331', '451', '619', '400', '590', '623', '306', '274', '533', '983', '695', '557', '675', '481', '68', '26', '561', '919']
['463', '402', '578', '240', '119', '912', '435', '377', '210', '568', '577', '409', '421', '125', '15', '932', '524', '325', '164', '649', '674', '79', '97', '19', '190', '88', '886', '660', '159', '624']
['965', '257', '398', '399', '837', '76', '432', '23', '954', '168', '788', '267', '593', '289', '320', '515', '870', '908', '690', '32', '234', '362', '469', '485', '229']
['370', '947', '736', '254', '366', '187', '128', '4', '213', '384', '134', '65', '831', '871', '741', '48', '986', '879', '462', '342', '858', '72']
['956', '59', '814', '53', '694', '651', '456', '368', '11', '305', '100', '767', '573', '232', '113', '699', '21', '296', '493']
['902', '959', '929', '455', '769', '492', '157', '46', '404', '630', '348']
['978', '335', '474', '235', '706', '716', '992', '135', '861', '207']
['105', '360', '260', '39', '549', '122', '0', '563']
['936', '140', '920', '982', '29', '678', '583', '795']
['945', '507', '226', '804', '367', '957', '547']
['890', '139', '611', '733', '576']
['531', '592', '948', '935']
['670', '22', '279', '63']
['801', '688', '51', '272']
['990', '130', '107']
