['842', '393', '635', '389', '844', '488', '248', '382', '719', '851', '378', '187', '981', '558', '345', '979', '180', '32', '313', '369', '655', '784', '159', '181', '911', '994', '320', '502', '944', '214', '292', '282', '955', '17', '145', '647', '505', '48', '71', '491', '99', '947', '984', '25', '552', '987', '435', '625', '520', '837', '740', '262', '867', '30', '227', '353', '73', '373', '266', '553', '302', '949', '638', '871', '831', '695', '969', '556', '521', '559', '84', '88', '688', '276', '431', '665', '455', '893', '613', '294', '218', '20', '683', '222', '976', '36', '712', '548', '936', '701', '834', '550', '874', '585', '545', '265', '487', '610', '956', '442', '900', '47', '18', '604', '910', '510', '673', '83', '598', '738', '458', '622', '627', '594', '178', '697', '547', '511', '412', '173', '446', '162', '551', '358', '244', '566', '746', '423', '170', '166', '642', '580', '485', '237', '413', '880', '87', '196', '151', '253', '332', '724', '140', '390', '680', '595', '381', '942', '436', '245', '774', '536', '490', '169', '565', '890', '89', '535', '306', '980', '597', '143', '614', '640', '372', '269', '857', '499', '854', '919', '383', '440', '532', '309', '534', '757', '274', '670', '432', '973', '325', '224', '748', '763', '982', '735', '894', '208', '727', '106', '710', '193', '354', '272', '113', '64', '817', '252', '346', '576', '602', '659', '816', '132', '215', '464', '66', '526', '732', '437', '293', '259', '723', '601', '134', '852', '769', '213', '968', '176', '530', '192', '77', '858', '459', '471', '620', '479', '677', '429', '808', '914', '283', '365', '472', '467', '279', '543', '336', '656', '136', '961', '198', '349', '33', '78', '965', '98', '802', '778', '579', '777', '117', '146', '219', '111', '533', '402', '438', '648', '804', '608', '664', '29', '359', '470', '555', '828', '350', '896', '681', '406', '978', '977', '513', '895', '96', '685', '156', '771', '351', '341', '863', '581', '918', '768', '820', '952', '104', '72', '839', '185', '420', '220', '883', '461', '733', '862', '190', '297', '377', '67', '744', '209', '268', '388', '163', '996', '284', '899', '316', '747', '734', '255', '419', '833', '872', '52', '123', '105', '258', '992', '876', '26', '133', '537', '866', '523', '706', '962', '443', '793', '483', '869', '102', '587', '877', '450', '56', '177', '966', '938', '609', '240', '480', '107', '881', '950', '417', '676', '652', '141', '742', '14', '370', '634', '8', '770', '202', '698', '813', '216', '512', '31', '452', '636', '53', '662', '174', '120', '407', '972', '130', '568', '572', '476', '172', '517', '477', '887', '845', '674', '226', '693', '864', '263', '321', '836', '708', '703', '810', '148', '210', '835', '591', '574', '24', '250', '722', '501', '560']
['592', '371', '273', '217', '95', '100', '492', '801', '963', '340', '400', '179', '792', '684', '902', '46', '4', '5', '970', '50', '920', '772', '687', '160', '27', '643', '127', '799', '197', '230', '832', '401', '509', '454', '653', '766', '16', '201', '405', '260', '425', '398', '144', '374', '666', '715', '951', '275', '607', '441', '397', '15', '853', '589', '414', '234', '901', '578', '991', '967', '35', '61', '717', '765', '384', '692', '617', '496', '299', '335', '394', '312', '586', '847', '344', '41', '12', '433', '298', '549', '460', '629', '165', '91', '870', '9', '939', '118', '554', '562', '421', '780', '524', '322', '58', '37', '337', '750', '596', '993', '943', '348', '236', '776', '103', '672', '798', '362', '427', '347', '705', '161', '522', '583', '360', '392', '782', '352', '569', '954', '626', '588', '539', '456', '783', '755', '927', '743', '424', '791', '19', '409', '975', '327', '86', '411', '649', '379', '356', '903', '42', '928', '781', '633', '797', '468', '736', '475', '754', '904', '916', '330', '205', '645', '983', '391', '307', '761', '231', '334', '590', '725', '773', '675', '481', '573', '932', '367', '700', '74', '760', '786', '630', '81', '990', '795', '186', '54', '70', '826', '796', '997', '403', '671', '206', '964', '934', '699', '618', '249', '319', '678', '448', '68', '447', '861', '462', '112', '303', '385', '908', '621', '582', '639', '696', '189', '426', '575', '57', '856', '752', '767', '126', '270', '529', '646', '308', '364', '891', '925', '563', '51', '739', '62', '243', '428', '519', '486', '929', '730', '6', '775', '386', '0', '221', '667', '280', '114', '329', '343', '355', '721']
['657', '264', '930', '830', '935', '318', '199', '759', '489', '661', '473', '155', '422', '497', '129', '342', '357', '892', '926', '45', '821', '149', '23', '135', '827', '790', '544', '34', '623', '702', '741', '884', '278', '838', '203', '686', '788', '323', '408', '624', '957', '860', '616', '868', '80', '328', '38', '644', '848', '875', '882', '137', '225', '651', '121', '395', '300', '191', '128', '251', '60', '339', '495', '815', '439', '958', '157', '873', '478', '200', '913', '188', '494', '277', '97', '729', '531', '399', '457', '846', '823', '415', '376', '314', '267', '998', '10', '410', '39', '164', '564', '527', '711', '246', '453', '756', '396', '995', '541', '921', '628', '212', '850', '122', '368', '305', '285', '812', '709', '650', '331', '183', '49', '194', '600', '577', '540', '361', '290', '599', '125', '261', '745', '271', '380', '937', '324', '444', '474', '849', '158', '737', '637', '809', '76', '507', '124', '941', '922', '11', '641', '619', '168', '295', '917', '508', '945', '115', '387', '116', '175', '286', '7', '829', '233', '315', '818', '108', '235', '762', '805']
['694', '528', '898', '142', '885', '924', '691', '986', '794', '605', '923', '593', '631', '841', '822', '338', '940', '232', '789', '931', '690', '824', '131']
['603']
['139']
['152']
['615']
['567']
['119']
['500']
['257']
['506']
['704']
['668']
['889']
['138']
['466']
['171']
['304']
['787']
['886']
['254']
['758']
['93']
['44']
['663']
['751']
['819']
['785']
['571']
['92']
['1']
['404']
['247']
['94']
['814']
['484']
['22']
['689']
['714']
['811']
['333']
['538']
['682']
['843']
['658']
['449']
['184']
['101']
['679']
['906']
['363']
['430']
['948']
['897']
['542']
['256']
['971']
['223']
['807']
['999']
['840']
['229']
['416']
['238']
['546']
['228']
['326']
['989']
['561']
['63']
['753']
['445']
['40']
['153']
['888']
['239']
['611']
['195']
['707']
['988']
['28']
['167']
['498']
['764']
['612']
['716']
['418']
['731']
['518']
['288']
['204']
['2']
['720']
['242']
['463']
['915']
['465']
['310']
['859']
['281']
['515']
['469']
['825']
['800']
['669']
['985']
['110']
['907']
['75']
['207']
['570']
['296']
['726']
['865']
['451']
['909']
['154']
['482']
['504']
['79']
['317']
['503']
['3']
['557']
['855']
['291']
['959']
['375']
['85']
['150']
['654']
['289']
['147']
['974']
['90']
['13']
['713']
['803']
['749']
['728']
['182']
['65']
['241']
['779']
['912']
['55']
['632']
['525']
['878']
['21']
['366']
['660']
['514']
['584']
['718']
['301']
['606']
['59']
['434']
['879']
['109']
['933']
['905']
['516']
['946']
['953']
['69']
['82']
['493']
['43']
['211']
['311']
['287']
['806']
['960']
