['174', '266', '355', '140', '407', '226', '158', '465', '311', '354', '166', '441', '380', '447', '183', '233', '348', '194', '333', '346', '312', '170', '250', '258', '453', '426', '127', '149', '265', '187', '92', '339', '418', '122', '376', '87', '76', '196', '129', '53', '209', '275', '395', '309', '277', '223', '83', '69', '222', '243', '452', '369', '495', '325', '293', '318', '413', '289', '78', '212', '326', '483', '197', '138', '74', '269', '48', '200', '26', '374', '9', '165', '268']
['480', '192', '147', '93', '144', '417', '11', '220', '109', '330', '60', '239', '30', '371', '54', '356', '259', '489', '363', '107', '145', '90', '168', '22', '331', '281', '358', '25', '438', '400', '232', '13', '142', '198', '285', '155', '133', '211', '488', '378', '185', '412', '154', '323', '458', '131', '427', '1', '336', '251', '263', '253', '159', '324', '161']
['328', '431', '449', '49', '118', '298', '288', '278', '340', '337', '402', '20', '303', '477', '100', '163', '128', '113', '120', '42', '406', '353', '213', '3', '164', '252', '6', '79', '34', '176', '66', '141', '368', '35', '361', '327', '37', '59', '244', '33', '362', '279', '403', '28', '334', '498', '103', '207']
['156', '394', '241', '313', '405', '205', '110', '70', '245', '479', '240', '95', '119', '399', '332', '235', '492', '96', '99', '432', '224', '290', '15', '184', '338', '335', '305', '46', '169', '314', '143', '351', '484', '88', '390', '478', '481', '359', '272', '442', '151']
['199', '347', '171', '98', '38', '137', '471', '310', '86', '180', '186', '116', '108', '146', '195', '231', '172', '373', '256', '261', '437', '451', '267', '365', '433', '218', '381', '182', '97', '383', '238', '284', '429', '444', '121', '162', '230', '68', '462', '422']
['302', '317', '367', '494', '57', '2', '254', '296', '67', '294', '249', '388', '455', '377', '280', '36', '41', '167', '115', '56', '329', '150', '461', '486', '490', '177', '148', '496', '319', '114', '75', '104', '316', '135', '286', '72']
['322', '50', '450', '225', '139', '425', '82', '301', '386', '398', '473', '493', '304', '300', '81', '0', '411', '125', '497', '4', '124', '415', '112', '8', '31', '464', '242', '228', '470', '414', '126', '315', '106', '134']
['401', '420', '157', '364', '18', '189', '58', '217', '271', '428', '210', '409', '237', '204', '247', '23', '446', '457', '153', '440', '71', '459', '246', '130', '419', '307', '7', '21', '216']
['45', '17', '221', '89', '10', '101', '392', '215', '91', '456', '40', '29', '12', '201', '291', '248', '468', '445', '408', '32', '202', '47']
['227', '270', '382', '73', '190', '499', '435', '396', '257', '474', '173', '236', '308', '443', '123', '65', '404', '203', '436', '181', '64']
['274', '389', '255', '63', '27', '39', '379', '469', '343', '357', '375', '102', '466', '80', '193', '292', '342', '229', '421', '472']
['160', '366', '191', '105', '43', '297', '424', '448', '24', '416', '117', '391', '175', '485', '5', '178']
['262', '136', '434', '16', '94', '234', '85', '491', '299', '320', '467', '387', '287', '77']
['283', '62', '344', '84', '214', '360', '423', '430', '52', '372', '219']
['19', '345', '264', '179', '321', '463', '460', '188', '385', '341', '111']
['306', '487', '260', '206', '349', '14', '476', '132', '295']
['152', '397', '482', '384', '208', '44', '51']
['350', '352', '439', '273', '454']
['61', '282', '276', '393']
['55', '370', '475', '410']
