['50', '171', '225', '651', '567', '965', '573', '364', '679', '961', '761', '867', '204', '866', '727', '792', '475', '261', '598', '369', '29', '365', '285', '155', '590', '483', '550', '284', '315', '414', '75', '910', '104', '692', '772', '861']
['960', '887', '450', '264', '511', '214', '417', '770', '726', '387', '399', '418', '577', '123', '163', '560', '51', '224', '776', '922', '804', '721', '666', '400', '823', '65', '744', '506', '177', '920', '427', '32', '485', '636', '702', '151']
['724', '821', '321', '352', '180', '562', '738', '304', '746', '249', '729', '816', '423', '455', '970', '87', '852', '659', '671', '152', '995', '537', '777', '870', '381', '921', '323', '552', '307', '743', '841', '362', '855', '263', '686', '191']
['969', '951', '673', '109', '905', '931', '750', '86', '583', '170', '873', '389', '434', '529', '259', '332', '0', '23', '90', '136', '587', '39', '438', '198', '801', '78', '461', '984', '351', '973', '496', '121', '745', '22', '200', '442']
['789', '344', '517', '661', '233', '137', '188', '57', '366', '392', '523', '832', '553', '492', '206', '556', '53', '499', '77', '275', '928', '518', '595', '588', '959', '869', '176', '383', '690', '907', '159', '589', '237', '919', '286', '958']
['936', '613', '394', '530', '756', '689', '913', '273', '860', '875', '70', '638', '570', '629', '426', '992', '622', '395', '270', '338', '495', '575', '293', '349', '593', '807', '430', '44', '748', '326', '66', '612', '218', '484', '269', '324']
['555', '382', '62', '696', '955', '205', '2', '343', '693', '472', '127', '865', '377', '780', '640', '439', '421', '891', '3', '277', '83', '813', '164', '674', '605', '623', '368', '733', '830', '742', '940', '429', '390', '385', '422', '603']
['802', '221', '581', '254', '574', '917', '977', '542', '55', '43', '145', '56', '842', '457', '650', '69', '805', '619', '827', '971', '706', '357', '680', '831', '361', '667', '787', '419', '950', '824', '989', '242', '279', '986', '106', '68']
['266', '541', '864', '226', '11', '641', '379', '815', '510', '783', '435', '491', '568', '36', '467', '168', '527', '397', '325', '25', '305', '957', '211', '486', '14', '757', '704', '571', '533', '74', '614', '236', '336', '985', '462', '203']
['945', '539', '85', '463', '941', '471', '698', '398', '473', '551', '637', '18', '579', '502', '685', '409', '128', '15', '710', '350', '635', '451', '796', '476', '150', '700', '291', '795', '818', '990', '319', '48', '933', '628', '918', '6']
['158', '311', '937', '501', '580', '997', '916', '49', '512', '876', '584', '790', '258', '95', '912', '601', '753', '210', '604', '764', '292', '663', '616', '222', '94', '79', '201', '591', '228', '114', '709', '962', '334', '840', '47', '707']
['639', '63', '425', '494', '299', '948', '798', '781', '217', '642', '424', '265', '231', '845', '184', '899', '723', '712', '232', '942', '851', '503', '112', '655', '327', '19', '544', '684', '538', '620', '88', '754', '470', '498', '759', '207']
['355', '763', '313', '708', '308', '563', '634', '773', '303', '665', '829', '132', '717', '341', '662', '528', '897', '564', '688', '697', '615', '565', '822', '181', '487', '784', '458', '660', '253', '454', '230', '762', '930', '229', '858', '134']
['713', '345', '507', '884', '317', '386', '301', '208', '785', '60', '10', '189', '58', '240', '215', '108', '766', '657', '489', '411', '500', '606', '546', '648', '732', '847', '540', '138', '306', '778', '59', '800', '668', '624', '532', '991']
['925', '465', '982', '929', '405', '535', '193', '627', '436', '340', '116', '569', '715', '81', '536', '100', '767', '113', '797', '877', '826', '794', '437', '482', '760', '124', '515', '490', '926', '868', '566', '202', '251', '879', '853', '111']
['347', '431', '354', '166', '549', '194', '944', '904', '643', '67', '402', '843', '9', '356', '187', '901', '235', '631', '41', '935', '255', '107', '883', '5', '890', '889', '953', '683', '445', '998', '983', '52', '481', '516', '216', '348']
['525', '924', '147', '572', '576', '380', '257', '367', '703', '610', '809', '294', '878', '477', '972', '765', '122', '146', '966', '404', '196', '774', '839', '335', '892', '440', '740', '71', '13', '246', '872', '131', '7', '478', '699', '771']
['838', '900', '144', '17', '705', '82', '278', '312', '719', '119', '626', '825', '819', '531', '428', '466', '980', '547', '105', '281', '504', '169', '130', '135', '8', '908', '734', '283', '669', '468', '514', '775', '695', '374', '952', '720']
['322', '722', '681', '420', '310', '964', '250', '554', '618', '245', '96', '782', '691', '981', '914', '885', '115', '954', '906', '290', '534', '524', '267', '142', '701', '413', '320', '519', '295', '976', '396', '234', '469', '894', '330', '103']
['156', '45', '978', '241', '736', '173', '157', '118', '881', '186', '956', '898', '300', '276', '670', '664', '594', '102', '129', '611', '297', '125', '446', '373', '179', '153', '329', '459', '289', '646', '34', '828', '820', '391', '592', '545']
['522', '328', '949', '346', '653', '239', '371', '714', '769', '339', '280', '678', '432', '172', '909', '932', '223', '793', '520', '416', '318', '863', '433', '141', '35', '97', '248', '190', '410', '585', '859', '460', '728', '786', '630', '359']
['401', '779', '652', '80', '101', '227', '647', '167', '739', '64', '353', '791', '856', '817', '40', '456', '582', '848', '12', '946', '443', '747', '212', '37', '197', '768', '741', '16', '632', '244', '882', '886', '282', '718', '444', '543']
['846', '302', '192', '730', '988', '337', '84', '30', '811', '625', '979', '388', '903', '803', '749', '376', '209', '854', '309', '975', '243', '987', '415', '677', '178', '219', '274', '412', '608', '73', '464', '148', '24', '126', '314', '21']
['599', '370', '441', '799', '89', '996', '372', '850', '262', '479', '54', '360', '149', '836', '844', '812', '934', '911', '751', '363', '993', '497', '968', '452', '834', '31', '182', '61', '33', '1', '28', '557', '735', '880', '268']
['449', '737', '333', '676', '288', '508', '493', '849', '20', '559', '271', '915', '874', '548', '994', '99', '938', '393', '999', '974', '474', '143', '808', '893', '943', '694', '558', '675', '272']
['902', '480', '895', '963', '447', '342', '788', '139', '117', '833', '939', '26', '644', '120', '731', '296', '406', '888']
['752', '505', '513', '687', '98', '260', '448', '38', '403', '927', '298', '76', '161', '682']
['154', '607', '658', '526', '857', '220', '837', '716', '162', '91', '316', '561']
['160', '213', '621', '672', '408', '755', '596', '521', '711', '42', '597', '871']
['407', '947', '578', '602', '358', '384', '175', '617']
['331', '256', '810', '110', '645', '725', '287']
['967', '93', '896', '758', '488', '654']
['174', '586', '649', '4', '806']
['195', '27', '453', '183']
['656', '609', '814']
['375', '862']
['247', '633']
['509', '185']
['72']
['140', '600', '199', '835', '252', '238', '923', '92', '46', '133', '378', '165']
