['867', '442', '189', '319', '785', '188', '928', '671', '549', '237', '947', '555', '325', '658', '501', '25', '372', '950', '736', '363', '914', '13', '874', '568', '362', '780', '973', '173', '688', '981', '141', '713', '268', '207', '497', '711', '709', '894', '417', '668']
['536', '102', '361', '303', '91', '824', '358', '769', '758', '634', '335', '174', '136', '310', '447', '639', '244', '551', '384', '548', '399', '829', '440', '510', '271', '270', '0', '350', '507', '250', '655', '958', '993', '88', '748', '446', '606', '229', '734', '160']
['373', '957', '779', '616', '150', '927', '65', '781', '652', '46', '808', '912', '665', '517', '946', '41', '626', '822', '826', '479', '167', '994', '585', '169', '745', '859', '608', '767', '138', '604', '801', '330', '515', '411', '328', '208', '116', '862', '444', '203']
['433', '810', '910', '395', '163', '835', '654', '961', '312', '805', '382', '260', '292', '206', '503', '717', '506', '397', '664', '924', '4', '177', '572', '483', '756', '620', '291', '656', '564', '732', '359', '285', '309', '295', '930', '953', '991', '90', '44', '277']
['131', '726', '599', '977', '777', '763', '428', '677', '926', '365', '334', '577', '641', '648', '609', '886', '613', '724', '316', '642', '281', '275', '239', '266', '541', '791', '788', '344', '357', '317', '108', '95', '636', '793', '195', '578', '796', '719', '706', '803']
['360', '516', '909', '66', '921', '729', '764', '146', '233', '705', '714', '708', '679', '355', '967', '97', '746', '721', '257', '522', '392', '755', '821', '56', '595', '955', '941', '856', '26', '156', '725', '353', '830', '645', '500', '863', '747', '890', '421', '185']
['53', '929', '825', '600', '211', '367', '760', '524', '168', '933', '247', '594', '320', '787', '526', '420', '686', '880', '932', '554', '306', '220', '311', '534', '413', '669', '222', '875', '943', '158', '302', '287', '31', '454', '761', '611', '132', '491', '390', '183']
['109', '369', '47', '437', '262', '14', '651', '985', '187', '383', '186', '215', '254', '631', '241', '242', '959', '884', '922', '865', '435', '151', '101', '753', '561', '988', '653', '354', '544', '356', '960', '380', '159', '149', '667', '504', '657', '727', '299', '701']
['666', '832', '983', '191', '693', '385', '772', '622', '394', '22', '905', '165', '134', '493', '76', '907', '164', '115', '628', '605', '261', '591', '288', '424', '305', '978', '60', '336', '678', '511', '883', '942', '33', '917', '127', '161', '583', '113', '345', '710']
['219', '465', '770', '457', '735', '828', '590', '695', '308', '459', '565', '200', '429', '471', '17', '976', '789', '461', '969', '79', '576', '73', '51', '635', '12', '951', '218', '129', '155', '637', '45', '67', '815', '240', '276', '234', '494', '939', '730', '154']
['895', '27', '482', '899', '812', '452', '418', '469', '854', '509', '404', '128', '949', '106', '252', '876', '213', '38', '332', '836', '776', '443', '86', '210', '436', '624', '860', '512', '259', '64', '2', '741', '352', '379', '539', '71', '198', '707', '535', '184']
['126', '586', '93', '474', '248', '696', '243', '715', '537', '902', '99', '744', '659', '704', '682', '575', '110', '871', '672', '407', '230', '43', '77', '450', '176', '231', '660', '798', '313', '527', '990', '598', '733', '251', '416', '569', '269', '278', '117', '833']
['640', '683', '570', '906', '881', '908', '935', '596', '81', '574', '898', '341', '647', '971', '366', '403', '227', '846', '58', '460', '426', '294', '280', '965', '37', '962', '778', '371', '29', '178', '831', '18', '629', '61', '540', '685', '861', '481', '3', '712']
['492', '147', '521', '472', '393', '992', '974', '612', '162', '304', '427', '333', '83', '1', '925', '699', '940', '559', '582', '139', '181', '987', '78', '103', '794', '476', '194', '50', '264', '681', '601', '381', '783', '453', '180', '853', '21', '845', '866', '784']
['954', '199', '563', '702', '422', '720', '473', '703', '731', '214', '274', '370', '567', '364', '687', '627', '913', '508', '62', '944', '104', '817', '915', '82', '388', '543', '376', '615', '8', '212', '5', '74', '979', '937', '650', '480', '125', '802', '919', '593']
['419', '546', '837', '425', '221', '550', '630', '298', '520', '72', '533', '843', '9', '170', '39', '346', '478', '69', '368', '893', '111', '938', '948', '216', '970', '936', '589', '723', '623', '105', '757', '232', '273', '477', '633', '841', '607', '190', '816', '782']
['804', '143', '811', '68', '423', '92', '661', '286', '587', '289', '771', '94', '644', '762', '538', '470', '529', '204', '878', '532', '430', '462', '391', '505', '11', '775', '972', '249', '698', '891', '89', '70', '995', '431', '588', '643', '398', '107', '632', '100']
['552', '272', '869', '80', '52', '850', '265', '322', '338', '307', '952', '840', '888', '202', '258', '120', '738', '119', '326', '331', '296', '889', '986', '121', '412', '982', '340', '872', '557', '690', '20', '84', '864', '882', '464', '467', '153', '400', '415', '956']
['842', '279', '223', '649', '759', '675', '175', '531', '36', '562', '528', '799', '87', '892', '55', '877', '839', '142', '245', '980', '28', '59', '896', '827', '851', '751', '455', '238', '30', '610', '301', '697', '225', '530', '718', '314', '742', '348', '592', '401']
['226', '931', '674', '728', '124', '868', '619', '293', '23', '911', '49', '253', '743', '795', '409', '438', '581', '903', '514', '768', '773', '618', '844', '166', '445', '790', '676', '847', '579', '858', '739', '339', '217', '405', '900', '145', '408', '749', '179', '797']
['130', '327', '256', '663', '597', '133', '375', '918', '737', '463', '807', '849', '975', '144', '646', '329', '638', '347', '193', '35', '964', '489', '823', '519', '571', '297', '766', '560', '386', '486', '625', '171', '387', '196', '496', '246', '602', '523', '820', '809']
['556', '137', '290', '584', '300', '573', '15', '680', '547', '765', '54', '205', '887', '32', '135', '814', '566', '85', '752', '487', '172', '525', '818', '716', '580', '414', '140', '488', '10', '439', '740', '475', '945', '490', '255', '57', '406', '484', '558', '389']
['324', '63', '800', '466', '468', '40', '192', '774', '75', '349', '855', '34', '458', '848', '16', '152', '19', '700', '901', '920', '498', '343', '441', '502', '879', '7', '545', '148', '499', '873', '518', '342', '806', '315', '916', '236', '267', '852', '495', '542']
['263', '410', '378', '897', '122', '966', '722', '786', '456', '614', '451', '989', '553', '118', '448', '857', '377', '114', '617', '662', '42', '684', '318', '182', '284', '432', '754', '819', '48', '282', '6', '834', '321', '968', '402', '449', '283', '904', '694', '603']
['396', '351', '24', '224', '201', '337', '323', '792', '692', '96', '673', '689', '813', '157', '228', '838', '750', '235', '434', '485']
['870', '984', '112', '374', '123', '98', '923', '513', '963']
['934', '670', '885', '621']
['197']
['209']
['691']
