['640', '226', '570', '670', '221', '597', '555', '262', '693', '325', '308', '652', '622', '463', '648', '349', '456', '28', '38', '185', '672', '343', '20', '101', '539', '276', '494', '267', '481', '117']
['360', '546', '536', '433', '319', '233', '547', '187', '403', '22', '119', '460', '186', '332', '627', '624', '353', '50', '488', '486', '285', '598', '5', '544', '31', '588', '228', '480', '160', '203']
['130', '442', '423', '188', '516', '189', '91', '137', '437', '621', '410', '367', '365', '574', '590', '459', '54', '368', '470', '529', '293', '216', '156', '413', '498', '302', '690', '7', '315', '225']
['131', '563', '492', '223', '683', '327', '666', '93', '395', '474', '237', '452', '612', '375', '565', '517', '13', '111', '4', '242', '230', '411', '166', '660', '511', '405', '61', '190', '495', '390']
['126', '150', '199', '219', '616', '649', '556', '691', '286', '654', '428', '355', '133', '677', '680', '205', '394', '247', '333', '422', '192', '541', '328', '8', '2', '336', '153', '607', '415', '287']
['552', '369', '272', '465', '163', '52', '600', '248', '418', '175', '675', '509', '596', '292', '587', '468', '9', '170', '323', '383', '493', '204', '181', '254', '485', '631', '450', '441', '484', '283']
['586', '102', '361', '147', '47', '63', '521', '53', '92', '66', '191', '290', '630', '265', '322', '696', '457', '243', '260', '289', '533', '396', '577', '506', '420', '56', '23', '697', '67', '100']
['373', '27', '472', '358', '549', '658', '382', '81', '97', '522', '99', '46', '310', '320', '644', '682', '478', '69', '491', '551', '414', '218', '318', '182', '352', '387', '251', '337', '234', '44']
['419', '211', '550', '634', '404', '651', '304', '206', '503', '659', '202', '528', '1', '227', '55', '363', '526', '326', '142', '656', '407', '519', '238', '344', '155', '282', '421', '21', '154', '80']
['324', '303', '671', '469', '584', '146', '338', '72', '162', '174', '39', '346', '75', '397', '96', '639', '244', '508', '35', '49', '688', '62', '681', '250', '653', '18', '496', '629', '149', '277']
['263', '425', '661', '68', '393', '673', '531', '679', '573', '378', '124', '372', '427', '351', '447', '429', '366', '200', '566', '17', '664', '58', '686', '532', '266', '151', '74', '113', '449', '523']
['300', '25', '257', '647', '122', '136', '258', '120', '87', '32', '135', '76', '426', '214', '294', '559', '646', '613', '173', '16', '604', '515', '512', '70', '655', '432', '6', '246', '107', '165']
['109', '663', '501', '537', '385', '307', '665', '329', '275', '580', '384', '548', '489', '438', '448', '581', '576', '628', '51', '589', '140', '424', '560', '579', '309', '116', '201', '127', '694', '445']
['298', '128', '695', '524', '134', '41', '274', '575', '331', '525', '311', '430', '483', '26', '505', '409', '138', '350', '82', '564', '618', '359', '662', '84', '593', '477', '667', '132', '542', '3']
['520', '466', '40', '392', '36', '209', '473', '562', '471', '245', '112', '619', '568', '213', '306', '451', '241', '391', '462', '620', '86', '440', '152', '412', '623', '89', '171', '224', '398', '632']
['256', '312', '110', '687', '291', '514', '43', '436', '30', '194', '669', '698', '543', '500', '105', '313', '10', '507', '212', '317', '678', '416', '569', '354', '269', '643', '161', '374', '342', '314']
['482', '65', '674', '335', '252', '144', '139', '582', '626', '34', '362', '479', '167', '443', '458', '534', '253', '553', '78', '510', '455', '19', '141', '502', '88', '217', '636', '454', '123', '198']
['143', '168', '594', '609', '215', '280', '642', '24', '118', '271', '121', '103', '114', '476', '261', '645', '297', '288', '388', '264', '439', '475', '497', '339', '601', '108', '561', '499', '504', '236']
['197', '595', '370', '177', '614', '115', '281', '608', '377', '0', '591', '231', '12', '305', '676', '545', '615', '208', '196', '381', '45', '444', '232', '145', '453', '530', '321', '345', '229', '98']
['599', '83', '641', '164', '585', '169', '399', '79', '77', '73', '371', '610', '684', '386', '222', '129', '357', '158', '60', '356', '240', '490', '379', '467', '402', '650', '685', '578', '406', '603']
['239', '210', '11', '176', '617', '179', '259', '29', '340', '557', '334', '284', '94', '637', '48', '106', '464', '638', '538', '157', '633', '606', '554', '668', '296', '461', '37', '348', '592', '299']
['279', '330', '270', '104', '605', '571', '376', '435', '42', '301', '178', '295', '380', '85', '408', '180', '446', '602', '487', '184', '583', '434', '417', '90', '513', '572', '401', '535', '316', '193']
['148', '657', '33', '95', '273', '255', '540', '195', '611', '71', '400', '220', '278', '527', '268', '625', '341']
['518', '172', '699', '567', '183']
['207', '692', '15', '347']
['364', '431', '249', '689']
['159', '635', '235', '125']
['57', '14', '59']
['389', '64']
['558']
