['Joshua0', 'Enzo7', 'Valdo9', 'Elio3', 'Guendalina3', 'Gianleonardo6', 'Pierfrancesco0', 'Gianantonio5', 'Elda2', 'Caligola7', 'Ferdinando6', 'Tristano5', 'Osea1', 'Ulrico6', 'Folco3', 'Giorgio2', 'Luigi4', 'Marianita1', 'Carmela3', 'Brigitta8', 'Lamberto6']
['Cassiopea3', 'Rosalino0', 'Lidia0', 'Fabiano1', 'Concetta9', 'Santo9', 'Bibiana4', 'Maruska3', 'Siro3', 'Joannes5', 'Folco0', 'Rosalino2', 'Pietro1', 'Sue2', 'Anastasio7', 'Patrizio4', 'Orfeo7', 'Jari0', 'Michele7', 'Noel4', 'Sesto2']
['Fabio8', 'Gaetano4', 'Trevis8', 'Fortunata0', 'Rosolino0', 'Secondo5', 'Rodolfo9', 'Edilio5', 'Rita6', 'Ethan9', 'Gianriccardo3', 'Erminio9', 'Filomena4', 'Matteo9', 'Orfeo9', 'Ubaldo2', 'Audenico0', 'Marianita7', 'Laura1', 'Lisa0', 'Jari2']
['Ercole1', 'Pablo7', 'Tolomeo6', 'Albino1', 'Elio8', 'Cleopatra7', 'Primo9', 'Iacopo2', 'Sirio6', 'Mattia6', 'Elga3', 'Armando8', 'Giacinto6', 'Jole3', 'Giobbe6', 'Olimpia3', 'Valdo2', 'Gerlando9', 'Mauro7', 'Sasha9', 'Cleros5']
['Eustachio2', 'Laura9', 'Giulietta7', 'Carmela6', 'Davide5', 'Amedeo6', 'Cesidia8', 'Enzo3', 'Giovanna5', 'Umberto9', 'Diamante6', 'Prisca2', 'Liborio8', 'Oreste0', 'Claudia1', 'Karim8', 'Davide1', 'Battista3', 'Orfeo1', 'Emanuel3', 'Celeste4']
['Tancredi5', 'Erminia5', 'Fatima0', 'Umberto0', 'Costantino7', 'Ferdinando0', 'Odone4', 'Serse1', 'Romeo4', 'Kai5', 'Armando0', 'Carmelo4', 'Cira7', 'Antonio9', 'Maggiore2', 'Santo3', 'Piersilvio0', 'Jacopo4', 'Fatima9', 'Mietta1', 'Avide3']
['Xavier5', 'Concetta1', 'Rufo5', 'Nazzareno0', 'Caio2', 'Cassiopea8', 'Kris3', 'Mattia9', 'Vania2', 'Marieva8', 'Gilda2', 'Raniero0', 'Ludovico9', 'Miriana9', 'Aroldo4', 'Giordano5', 'Caio6', 'Orfeo4', 'Lia2', 'Alan9', 'Flaviana6']
['Mattia1', 'Ubaldo1', 'Raoul7', 'Luce0', 'Rebecca2', 'Danuta0', 'Xavier7', 'Nayade9', 'Alessandro3', 'Ilario9', 'Demi9', 'Kayla3', 'Eusebio3', 'Enzo0', 'Zaccaria2', 'Mirko4', 'Marina6', 'Edipo5', 'Oretta9', 'Demi6', 'Joseph7']
['Odino6', 'Renato5', 'Cleros2', 'Gaetano5', 'Silvano4', 'Eustachio1', 'Jacopo3', 'Italo5', 'Nestore7', 'Ivano3', 'Eusebio6', 'Eriberto9', 'Sue0', 'Nestore8', 'Costanzo6', 'Fiorenzo7', 'Marzio4', 'Elsa0', 'Amerigo1', 'Domiziano7', 'Ercole2']
['Elda4', 'Damiana9', 'Loredana6', 'Edilio6', 'Terzo7', 'Karim1', 'Filomena3', 'Osea9', 'Pacifico0', 'Primo3', 'Akira3', 'Ercole9', 'Carlo1', 'Fernando8', 'Loredana0', 'Walter7', 'Guido6', 'Hector0', 'Deborah2', 'Lorenzo9', 'Gianantonio6']
['Primo1', 'Moreno5', 'Clodovea1', 'Pablo9', 'Marianita8', 'Ludovico2', 'Bortolo5', 'Mietta0', 'Siro9', 'Lidia6', 'Erminio4', 'Guido1', 'Cassiopea9', 'Tommaso8', 'Radames7', 'Fiorenzo1', 'Nestore5', 'Vinicio8', 'Sarita7', 'Arturo8', 'Siro2']
['Adriano1', 'Renzo5', 'Cleros6', 'Demis2', 'Orfeo5', 'Luigi7', 'Bettino1', 'Nathan9', 'Marcella0', 'Antimo9', 'Marzio6', 'Kris2', 'Quirino1', 'Miriana4', 'Ercole4', 'Adriano0', 'Amedeo5', 'Nestore4', 'Ursula5', 'Gilda5', 'Gioacchino6']
['Assia0', 'Anastasio3', 'Marvin0', 'Odone9', 'Doriana2', 'Sasha7', 'Alessio3', 'Rosita1', 'Tolomeo0', 'Alessio7', 'Maika9', 'Nabil5', 'Benedetta1', 'Demis3', 'Benedetta4', 'Claudia6', 'Quasimodo0', 'Marzio7', 'Nathan2', 'Fiorentino3', 'Luce6']
['Mariagiulia3', 'Timoteo5', 'Costanzo4', 'Walter1', 'Trevis2', 'Miriam8', 'Marieva7', 'Giancarlo3', 'Genziana8', 'Walter3', 'Emidio9', 'Sabatino1', 'Rosaria8', 'Graziano0', 'Jack2', 'Folco4', 'Loretta4', 'Tazio1', 'Lauro5', 'Sebastian4', 'Davide8']
['Cleopatra1', 'Nestore3', 'Noah6', 'Romeo2', 'Rosalba8', 'Rebecca6', 'Tristano8', 'Noah0', 'Edipo4', 'Nico6', 'Mariagiulia9', 'Thea5', 'Alighiero7', 'Samira4', 'Manfredi5', 'Gianmarco5', 'Pacifico5', 'Tazio7', 'Siro0', 'Sesto8', 'Fabiano3']
['Tancredi6', 'Oretta5', 'Damiana2', 'Donatella7', 'Violante6', 'Arcibaldo8', 'Joshua3', 'Loretta1', 'Clodovea2', 'Penelope5', 'Isabel1', 'Assia4', 'Gregorio7', 'Secondo0', 'Ileana5', 'Marina7', 'Arduino8', 'Tancredi4', 'Ermes4', 'Azue3', 'Bibiana6']
['Ruth1', 'Sirio1', 'Mariagiulia4', 'Sebastian2', 'Rosalba1', 'Furio5', 'Gelsomina6', 'Dante0', 'Jarno1', 'Anselmo9', 'Lauro3', 'Gavino8', 'Fatima2', 'Benedetta5', 'Armando5', 'Monia8', 'Marino8', 'Max1', 'Laerte9', 'Demis1', 'Eriberto7']
['Alighieri1', 'Ian2', 'Sesto4', 'Giorgio6', 'Amedeo1', 'Marzio5', 'Thea4', 'Ermes9', 'Ausonio0', 'Marcella4', 'Nico1', 'Maggiore3', 'Deborah4', 'Edilio2', 'Ethan7', 'Cirino1', 'Evangelista9', 'Fortunata6', 'Mariano0', 'Priamo0', 'Elga8']
['Cleopatra5', 'Eriberto1', 'Gianriccardo2', 'Marcella3', 'Giorgio3', 'Gianantonio3', 'Eliziario6', 'Nestore6', 'Leonardo0', 'Rocco9', 'Liborio4', 'Italo9', 'Vera2', 'Baldassarre3', 'Kayla9', 'Elsa1', 'Cleros7', 'Bettino8', 'Amerigo5', 'Alberto5', 'Renzo6']
['Fabio9', 'Lino4', 'Modesto4', 'Enrico1', 'Ian0', 'Arduino5', 'Matilde9', 'Teseo4', 'Siro8', 'Loris4', 'Cleopatra8', 'Concetta5', 'Timoteo4', 'Gianmaria7', 'Sabino2', 'Ethan3', 'Jelena1', 'Timoteo9', 'Radames1', 'Erminia2', 'Dylan9']
['Michael9', 'Muzio8', 'Diamante4', 'Ariel9', 'Radames4', 'Bortolo9', 'Giovanna3', 'Antonino6', 'Priamo8', 'Iacopo1', 'Monia6', 'Mariagiulia0', 'Egisto1', 'Sandro2', 'Gioacchino7', 'Leonardo1', 'Marina4', 'Joseph3', 'Anselmo3', 'Nicoletta3', 'Folco6']
['Maika6', 'Giulio2', 'Vania3', 'Samira6', 'Marino4', 'Sarita4', 'Celeste3', 'Marianita5', 'Caligola0', 'Lidia4', 'Dante5', 'Fiorenzo8', 'Artes8', 'Zelida4', 'Lazzaro2', 'Mecren9', 'Sibilla4', 'Erminia8', 'Penelope7', 'Prisca3']
['Trevis3', 'Piersilvio3', 'Laerte5', 'Rebecca5', 'Mirko6', 'Anselmo8', 'Miriana7', 'Leonardo7', 'Isabel6', 'Odino9', 'Ettore0', 'Miriam7', 'Cleros4', 'Osea0', 'Ione9', 'Danthon5', 'Folco8', 'Mietta2', 'Mecren5', 'Cosetta2']
['Nathan3', 'Quarto3', 'Umberto6', 'Emanuel7', 'Augusto8', 'Giacobbe7', 'Gregorio2', 'Irene7', 'Deborah9', 'Emanuel1', 'Laerte0', 'Michael4']
['Odone8', 'Enzo6', 'Soriana6', 'Osvaldo5', 'Cira8', 'Brigitta5', 'Ercole8']
