['Toma', 'Shay', 'Fayth', 'Edi', 'Herminia', 'Dolores', 'Cory', 'Jsandye', 'Patience', 'Constantia', 'Valerie', 'Roseann', 'Leilah', 'Nerta', 'Saundra', 'Bell', 'Hatty', 'Natalina', 'Ula', 'Linette']
['Noelyn', 'Rosalinde', 'Lisbeth', 'Christin', 'Deeann', 'Kippy', 'Riannon', 'Alvina', 'Analise', 'Pollyanna', 'Sephira', 'Laura', 'Laureen', 'Eadie', 'Bessy', 'Tanhya', 'Therine', 'Gigi', 'Lanni', 'Brigid']
['Sue', 'Kellen', 'Verina', 'Goldina', 'Allsun', 'Tilda', 'Marla', 'Debby', 'Emmy', 'Dianna', 'Lori', 'Dana', 'Charis', 'Midge', 'Lorna', 'Kania', 'Ortensia', 'Henriette', 'Lita', 'Katalin']
['Lona', 'Jennica', 'Jessamyn', 'AnnaDiana', 'Geri', 'Sheilah', 'Faith', 'Ashely', 'Leona', 'Lyn', 'Pierrette', 'Maryl', 'Vallie', 'Vonny', 'Gerrilee', 'Paula', 'Shayna', 'Lila', 'Una', 'Licha']
['Loria', 'Siusan', 'Arliene', 'Ardine', 'Kathlin', 'Thalia', 'Marigold', 'Shelli', 'Camille', 'Trude', 'Rozanna', 'Wilone', 'Carlye', 'Tova', 'Essa', 'Sofia', 'Alyce', 'Anjanette', 'Erna', 'Kaylyn']
['Miquela', 'Lindsy', 'Ealasaid', 'Clari', 'Shani', 'Melodie', 'Corella', 'Ray', 'Kiersten', 'Janey', 'Gwenette', 'Tresa', 'Pavla', 'Brynne', 'Jeannette', 'Dulcia', 'Cristina', 'Nicoli', 'Crystie', 'Mareah']
['Misti', 'Devinne', 'Lilla', 'Kassia', 'Elayne', 'Daisi', 'Carmelia', 'Isabelle', 'Tamarah', 'Denyse', 'Jenna', 'Eve', 'Vickie', 'Sheena', 'Meris', 'Randene', 'Lorena', 'Nolana', 'Livia', 'Fredelia']
['Delila', 'Karlotta', 'Rosina', 'Nadine', 'Lorraine', 'Tybi', 'Tressa', 'Melva', 'Lorrin', 'Dulcea', 'Neilla', 'Magdaia', 'Phillis', 'Shelia', 'Marjie', 'Ondrea', 'Mariejeanne', 'Honey', 'Sallyanne', 'Kelcey']
['Cordie', 'Dayle', 'Wilow', 'Feliza', 'Annie', 'Coral', 'Natka', 'Hyacinth', 'Romonda', 'Mariette', 'Rosalind', 'Oliy', 'Heidie', 'Rachel', 'Yalonda', 'Penny', 'Barbe', 'Genni', 'Patti', 'Pippy']
['Frankie', 'Madonna', 'Vi', 'Vanessa', 'Joleen', 'Sherline', 'Cynde', 'Koressa', 'Zita', 'Brenn', 'Tatiana', 'Kalindi', 'Hendrika', 'Marley', 'Siobhan', 'Tanya', 'Jada', 'Matilda', 'Kay', 'Brandie']
['Gaynor', 'Ashli', 'Ginger', 'Blake', 'Jessika', 'Kettie', 'Gerianna', 'Pandora', 'Anthe', 'Cayla', 'Myrilla', 'Elinor', 'Inna', 'Avivah', 'Lillis', 'Emilee', 'Lisabeth', 'Chris', 'Amitie', 'Vilma']
['Sharla', 'Bibbie', 'Maryjo', 'Erinna', 'Flori', 'Reggi', 'Merline', 'Lacey', 'Emmalynne', 'Ellie', 'Shaina', 'Brandise', 'Prudi', 'Kata', 'Veronike', 'Brynna', 'Renae', 'Joly', 'SheilaKathryn', 'Pansie']
['Lorinda', 'Cate', 'Jodi', 'Rebbecca', 'Stefa', 'Cherry', 'Gabriell', 'Serena', 'Andree', 'Mia', 'Sophie', 'Silva', 'Lynnett', 'Neila', 'Nelia', 'Lina', 'Gussy', 'Corey', 'Coretta', 'Gwendolen']
['Nora', 'Sheree', 'Willabella', 'Anya', 'Starr', 'Fawne', 'Sayre', 'Clemmie', 'Tamarra', 'Marcia', 'Tobi', 'Harriett', 'Vivia', 'Shelby', 'Libbi', 'Laraine', 'Cammie', 'Callie', 'Costanza', 'Donella']
['Libby', 'Eula', 'Fayina', 'Paulette', 'Joannes', 'Mina', 'Henrietta', 'Kerstin', 'Madalena', 'Genna', 'Catina', 'Idalina', 'Uta', 'Darcee', 'Jeannine', 'Laverna', 'Cinnamon', 'Janette', 'Reeva', 'Jaclyn']
['Valentine', 'Vin', 'Wendeline', 'Kinna', 'Mehetabel', 'Sara', 'Katha', 'Keri', 'Harrie', 'Carline', 'Kristin', 'Imogen', 'Viva', 'Clemmy', 'Jess', 'Garland', 'Martguerita', 'Paulina', 'Cordy', 'Sibylle']
['Stepha', 'Toni', 'Corinna', 'Ethelind', 'Sharron', 'Debbie', 'Courtnay', 'Johnette', 'Camilla', 'Dulcie', 'Moyra', 'Caryn', 'Zorana', 'Biddie', 'Bobbie', 'Almeda', 'Thomasina', 'Danell', 'Christina', 'Pia']
['Bonnee', 'Aubrette', 'Lois', 'Goldi', 'Freda', 'Edeline', 'Tammy', 'AnnaDiane', 'Marice', 'Jeniffer', 'Lauretta', 'Giralda', 'Laverne', 'Renelle', 'Marylou', 'Drucill', 'Nerissa', 'Arleyne', 'Rasla', 'Megan']
['Karisa', 'Jane', 'Betteanne', 'Annalee', 'Marlyn', 'Joycelin', 'Elisabet', 'Chrystel', 'Emelina', 'Bria', 'Carree', 'Laurice', 'Philomena', 'Jaime', 'Karol', 'Susi', 'Trista', 'Leora', 'Milena', 'Madelin']
['Katleen', 'Lettie', 'Raye', 'Terra', 'Phedra', 'Deny', 'Jorey', 'Liz', 'Winifred', 'Meggy', 'Raine', 'Kora', 'Phil', 'Susana', 'Erma', 'Tersina', 'Grazia', 'Mable', 'Claudina', 'Raven']
['Billy', 'Cecelia', 'Helenka', 'Maddalena', 'Giselle', 'Tiffani', 'Esmaria', 'Jacquenette', 'Christabel', 'Kylen', 'Idell', 'Jasmin', 'Madelyn', 'Amabel', 'Jeannie', 'HelenElizabeth', 'Shayne', 'Gayle', 'Rosene']
['Minnnie', 'Di', 'Kacey', 'Ardenia', 'Eddi', 'Evangeline', 'Andriette', 'Evvy', 'Lia', 'Tessy', 'Robena', 'Chelsea', 'Zoe']
['Suellen', 'Jolie', 'Ashlen', 'Jobina', 'Merrielle', 'Sheeree', 'Jeralee', 'Geralda']
['Lavinia', 'Ivie', 'Heather', 'Nomi', 'Kial', 'Barbaraanne']
['Constantina', 'Reta', 'Nevsa', 'Natala']
