['242', '30', '39', '361', '455', '234', '262', '393', '36', '276', '371']
['68', '5', '283', '216', '58', '62', '27', '463', '254', '111', '133']
['316', '477', '499', '422', '8', '295', '268', '89', '209', '299', '390']
['372', '102', '178', '263', '28', '24', '13', '105', '257', '370', '306']
['460', '470', '485', '141', '153', '52', '107', '255', '484', '328', '437']
['253', '210', '449', '4', '251', '398', '218', '92', '235', '423', '20']
['250', '159', '136', '434', '150', '348', '86', '208', '292', '168', '359']
['364', '381', '40', '376', '38', '57', '447', '356', '288', '402', '188']
['117', '424', '2', '345', '65', '61', '301', '59', '198', '221', '110']
['386', '321', '457', '343', '446', '395', '487', '399', '307', '162', '84']
['66', '482', '11', '308', '151', '287', '219', '95', '282', '195', '230']
['396', '45', '259', '441', '131', '488', '135', '432', '126', '445', '342']
['78', '108', '53', '64', '420', '266', '325', '90', '213', '329', '291']
['337', '467', '369', '272', '46', '175', '397', '498', '464', '6', '31']
['454', '154', '15', '189', '317', '426', '225', '347', '232', '18', '450']
['456', '298', '429', '101', '37', '224', '149', '77', '116', '82', '186']
['100', '87', '303', '249', '339', '480', '201', '357', '193', '155', '265']
['119', '379', '104', '382', '181', '194', '158', '174', '411', '252', '139']
['42', '81', '314', '29', '172', '468', '476', '236', '190', '352', '459']
['73', '417', '113', '161', '335', '176', '350', '473', '430', '183', '271']
['489', '458', '412', '207', '280', '70', '309', '125', '453', '341', '179']
['182', '384', '214', '196', '383', '302', '290', '444', '192', '258', '256']
['75', '418', '180', '164', '490', '93', '212', '3', '33', '170', '202']
['405', '373', '332', '451', '44', '261', '115', '98', '169', '26', '12']
['238', '413', '387', '96', '475', '440', '7', '228', '315', '334', '144']
['99', '285', '173', '160', '330', '211', '318', '471', '54', '333', '481']
['293', '277', '416', '494', '279', '41', '145', '152', '284', '67', '360']
['349', '187', '124', '344', '400', '419', '222', '10', '320', '439', '391']
['338', '147', '167', '16', '49', '240', '435', '21', '137', '406', '363']
['17', '312', '378', '410', '392', '85', '431', '269', '231', '184', '103']
['496', '270', '497', '346', '436', '118', '122', '227', '368', '43', '377']
['264', '327', '217', '414', '245', '156', '79', '34', '296', '220', '442']
['94', '120', '215', '491', '362', '109', '322', '148', '205', '157', '354']
['388', '83', '389', '300', '233', '409', '492', '200', '197', '243', '112']
['244', '324', '56', '130', '465', '203', '239', '204', '199', '403', '14']
['415', '9', '171', '146', '166', '165', '401', '404', '35', '452', '469']
['229', '461', '48', '425', '474', '80', '127', '462', '72', '428']
['63', '486', '294', '55', '313', '248', '267', '163', '380', '74']
['331', '91', '326', '365', '275', '273', '319', '493', '247', '22']
['132', '51', '289', '121', '76', '495', '472', '375', '353', '32']
['23', '274', '427', '483', '138', '466', '47', '128', '304', '206']
['25', '297', '123', '407', '246', '448', '129', '478', '0', '237']
['143', '191', '1', '323', '355', '438', '340', '336', '134', '479']
['443', '305', '226', '260', '71', '142', '374', '97']
['385', '60', '310', '366', '177']
['281', '408', '114', '394', '106']
['358', '140', '19', '286']
['433', '351', '88', '50']
['241', '278', '69', '311']
['421', '223', '367', '185']
