['Vertex356', 'Vertex165', 'Vertex374', 'Vertex133', 'Vertex91', 'Vertex301', 'Vertex90', 'Vertex93', 'Vertex323', 'Vertex112', 'Vertex188', 'Vertex180', 'Vertex340', 'Vertex57', 'Vertex210', 'Vertex173', 'Vertex58', 'Vertex115', 'Vertex297', 'Vertex400', 'Vertex122']
['Vertex266', 'Vertex109', 'Vertex375', 'Vertex292', 'Vertex64', 'Vertex255', 'Vertex216', 'Vertex303', 'Vertex265', 'Vertex318', 'Vertex183', 'Vertex131', 'Vertex393', 'Vertex262', 'Vertex105', 'Vertex137', 'Vertex242', 'Vertex104', 'Vertex186', 'Vertex263', 'Vertex113']
['Vertex127', 'Vertex268', 'Vertex333', 'Vertex199', 'Vertex370', 'Vertex247', 'Vertex286', 'Vertex410', 'Vertex77', 'Vertex430', 'Vertex389', 'Vertex189', 'Vertex279', 'Vertex415', 'Vertex218', 'Vertex198', 'Vertex406', 'Vertex380', 'Vertex78', 'Vertex341', 'Vertex208']
['Vertex322', 'Vertex175', 'Vertex305', 'Vertex315', 'Vertex384', 'Vertex135', 'Vertex339', 'Vertex351', 'Vertex277', 'Vertex228', 'Vertex226', 'Vertex53', 'Vertex275', 'Vertex157', 'Vertex269', 'Vertex196', 'Vertex342', 'Vertex436', 'Vertex211', 'Vertex312', 'Vertex193']
['Vertex257', 'Vertex68', 'Vertex71', 'Vertex385', 'Vertex187', 'Vertex237', 'Vertex172', 'Vertex396', 'Vertex350', 'Vertex194', 'Vertex164', 'Vertex379', 'Vertex272', 'Vertex81', 'Vertex296', 'Vertex347', 'Vertex346', 'Vertex144', 'Vertex161', 'Vertex387', 'Vertex334']
['Vertex295', 'Vertex140', 'Vertex434', 'Vertex207', 'Vertex418', 'Vertex149', 'Vertex377', 'Vertex420', 'Vertex291', 'Vertex278', 'Vertex243', 'Vertex363', 'Vertex235', 'Vertex280', 'Vertex274', 'Vertex121', 'Vertex66', 'Vertex63', 'Vertex399', 'Vertex388', 'Vertex61']
['Vertex337', 'Vertex353', 'Vertex364', 'Vertex329', 'Vertex54', 'Vertex234', 'Vertex398', 'Vertex308', 'Vertex328', 'Vertex148', 'Vertex276', 'Vertex213', 'Vertex171', 'Vertex87', 'Vertex56', 'Vertex51', 'Vertex129', 'Vertex287', 'Vertex241', 'Vertex130']
['Vertex239', 'Vertex348', 'Vertex158', 'Vertex169', 'Vertex369', 'Vertex191', 'Vertex70', 'Vertex282', 'Vertex325', 'Vertex75', 'Vertex358', 'Vertex202', 'Vertex116', 'Vertex233', 'Vertex110', 'Vertex366', 'Vertex40', 'Vertex345', 'Vertex285', 'Vertex289']
['Vertex422', 'Vertex60', 'Vertex424', 'Vertex95', 'Vertex284', 'Vertex166', 'Vertex181', 'Vertex125', 'Vertex288', 'Vertex349', 'Vertex439', 'Vertex324', 'Vertex371', 'Vertex331', 'Vertex245', 'Vertex326', 'Vertex215', 'Vertex224', 'Vertex427', 'Vertex395']
['Vertex258', 'Vertex99', 'Vertex123', 'Vertex67', 'Vertex433', 'Vertex252', 'Vertex231', 'Vertex174', 'Vertex425', 'Vertex352', 'Vertex83', 'Vertex236', 'Vertex304', 'Vertex407', 'Vertex212', 'Vertex69', 'Vertex386', 'Vertex411', 'Vertex118']
['Vertex253', 'Vertex150', 'Vertex437', 'Vertex138', 'Vertex50', 'Vertex413', 'Vertex217', 'Vertex222', 'Vertex176', 'Vertex259', 'Vertex72', 'Vertex84', 'Vertex59', 'Vertex367', 'Vertex249', 'Vertex154', 'Vertex65']
['Vertex204', 'Vertex360', 'Vertex185', 'Vertex74', 'Vertex232', 'Vertex362', 'Vertex365', 'Vertex102', 'Vertex355', 'Vertex108', 'Vertex100', 'Vertex403', 'Vertex178', 'Vertex299']
['Vertex221', 'Vertex330', 'Vertex45', 'Vertex200', 'Vertex394', 'Vertex368', 'Vertex428', 'Vertex335', 'Vertex317', 'Vertex419', 'Vertex251', 'Vertex404', 'Vertex201']
['Vertex431', 'Vertex382', 'Vertex44', 'Vertex336', 'Vertex357', 'Vertex145', 'Vertex320', 'Vertex412', 'Vertex397', 'Vertex80', 'Vertex43']
['Vertex405', 'Vertex250', 'Vertex409', 'Vertex313', 'Vertex271', 'Vertex414', 'Vertex85', 'Vertex86', 'Vertex46', 'Vertex344', 'Vertex94']
['Vertex378', 'Vertex281', 'Vertex62', 'Vertex214', 'Vertex153', 'Vertex314', 'Vertex205', 'Vertex373', 'Vertex244', 'Vertex383']
['Vertex126', 'Vertex302', 'Vertex143', 'Vertex162', 'Vertex98', 'Vertex47', 'Vertex293', 'Vertex438', 'Vertex248', 'Vertex309']
['Vertex316', 'Vertex160', 'Vertex416', 'Vertex421', 'Vertex76', 'Vertex79', 'Vertex177', 'Vertex260', 'Vertex229']
['Vertex311', 'Vertex264', 'Vertex168', 'Vertex119', 'Vertex225', 'Vertex42', 'Vertex327', 'Vertex103']
['Vertex220', 'Vertex298', 'Vertex151', 'Vertex319', 'Vertex156', 'Vertex139', 'Vertex163', 'Vertex106']
['Vertex142', 'Vertex376', 'Vertex390', 'Vertex124', 'Vertex401', 'Vertex179', 'Vertex256', 'Vertex134']
['Vertex254', 'Vertex88', 'Vertex141', 'Vertex429', 'Vertex48', 'Vertex49', 'Vertex267', 'Vertex230']
['Vertex107', 'Vertex273', 'Vertex307', 'Vertex92', 'Vertex435']
['Vertex132', 'Vertex417', 'Vertex170', 'Vertex432', 'Vertex402']
['Vertex96', 'Vertex195', 'Vertex261', 'Vertex159', 'Vertex111']
['Vertex152', 'Vertex136', 'Vertex227', 'Vertex184', 'Vertex197']
['Vertex423', 'Vertex97', 'Vertex223', 'Vertex338', 'Vertex300']
['Vertex392', 'Vertex294', 'Vertex219', 'Vertex408', 'Vertex190']
['Vertex89', 'Vertex101', 'Vertex73', 'Vertex114', 'Vertex359']
['Vertex155', 'Vertex206', 'Vertex306', 'Vertex270']
['Vertex343', 'Vertex240', 'Vertex310', 'Vertex167']
['Vertex203', 'Vertex372', 'Vertex192', 'Vertex41']
['Vertex52', 'Vertex381', 'Vertex246', 'Vertex182']
['Vertex117', 'Vertex82', 'Vertex209', 'Vertex55']
['Vertex290', 'Vertex426', 'Vertex120']
['Vertex146', 'Vertex332', 'Vertex321']
['Vertex128', 'Vertex283']
['Vertex391', 'Vertex147']
['Vertex354', 'Vertex361']
['Vertex238']
