['Ahmad', 'Mamie', 'Kevin', 'Trent', 'Amado', 'Elena', 'Rusty', 'Brock', 'Julio', 'Nancy', 'Timmy', 'Maria', 'Janet', 'Daron', 'Perry', 'Doris', 'Corey', 'Kelly', 'Bobbi', 'Percy', 'Grant', 'Carly', 'Casey', 'Devin', 'Erick', 'Cesar', 'Ilene', 'Malik', 'Maude', 'Quinn', 'Lauri', 'Tonya', 'Leann', 'Steve', 'Sofia', 'Melba', 'Cliff', 'Gayle', 'Sammy', 'Bryan', 'Wally', 'Tracy', 'Olive', 'Helga', 'Margo', 'Roman', 'Moshe', 'Daisy', 'Mikel', 'Ebony']
['Willy', 'Barry', 'Deann', 'Clint', 'Elsie', 'Sonny', 'Dixie', 'Sheri', 'Sandy', 'Ruben', 'Marcy', 'Adela', 'Jaime', 'Claud', 'Aaron', 'Hazel', 'Kayla', 'Alvin', 'Leona', 'Tommy', 'Alice', 'Tanya', 'Carla', 'Berta', 'Dante', 'Vilma', 'Billy', 'Dusty', 'Louis', 'Laura', 'Basil', 'Ronny', 'Julia', 'Shaun', 'Flora', 'Clara', 'April', 'Marla', 'Terry', 'Dario', 'Eddie', 'Greta', 'Nikki', 'Tasha', 'Moses', 'Brian', 'Micah', 'Candy', 'Jonah', 'Naomi']
['Buddy', 'Odell', 'Joyce', 'Bette', 'Holly', 'Ellen', 'Terri', 'Lacey', 'Josef', 'Hyman', 'Edwin', 'Mario', 'Robin', 'Erica', 'Staci', 'Freda', 'Ernie', 'Viola', 'Paige', 'Chang', 'Pedro', 'Wyatt', 'Donna', 'Wilma', 'Chase', 'Audra', 'Jacob', 'Randi', 'Major', 'Pansy', 'Myron', 'Linda', 'Erika', 'Teddy', 'Randy', 'James', 'Aline', 'Vicky', 'Wendi', 'Lucio', 'Chris', 'Lyman', 'Irvin', 'Cyrus', 'Brent', 'Effie', 'Avery', 'Homer', 'Issac', 'Elias']
['Jason', 'Craig', 'Sally', 'Monty', 'Clyde', 'Lanny', 'Tammi', 'Rufus', 'Misty', 'Shane', 'David', 'Lorna', 'Joann', 'Marci', 'Emily', 'Wendy', 'Tyron', 'Sybil', 'Merle', 'Davis', 'Brady', 'Mandy', 'Roxie', 'Peter', 'Annie', 'Orval', 'Adele', 'Tessa', 'Elvia', 'Chong', 'Karen', 'Clark', 'Wanda', 'Brant', 'Dwain', 'Katie', 'Mitch', 'Debra']
['Elmer', 'Bryon', 'Janis', 'Ariel', 'Benny']
['Karin', 'Maura', 'Sonja', 'Fidel']
['Mable', 'Jayne', 'Patti', 'Arlen']
['Della', 'Leila', 'Kathy', 'Mitzi']
['Zelma', 'Verna', 'Donny', 'Renee']
['Marty', 'Bruno', 'Allan', 'Lorie']
['Pearl', 'Mason', 'Elvin', 'Nelda']
['Lydia', 'Cindy', 'Jamar', 'Betsy']
['Ollie', 'Darin', 'Hilda', 'Rhett']
['Jared', 'Britt', 'Robyn', 'Bryce']
['Tonia', 'Roger', 'Amber', 'Leroy']
['Essie', 'Josie', 'Felix', 'Ervin']
['Danny', 'Alton', 'Twila', 'Fritz']
['Queen', 'Becky', 'Kirby']
['Garry', 'Emery', 'Nadia']
['Sadie', 'Jamel', 'Rhoda']
