['146', '81', '105', '59', '158', '57', '31']
['122', '41', '233', '225', '193', '121', '202']
['83', '124', '4', '190', '92', '22', '183']
['71', '96', '79', '169', '204', '245', '139']
['195', '207', '227', '212', '184', '126', '11']
['171', '24', '194', '246', '88', '197', '111']
['68', '226', '115', '149', '235', '6', '106']
['17', '53', '129', '52', '62', '131', '134']
['91', '5', '176', '224', '215', '14', '144']
['250', '165', '77', '85', '137', '43', '0']
['118', '189', '114', '141', '221', '206', '188']
['142', '151', '248', '47', '205', '230', '74']
['9', '217', '2', '61', '37', '247', '231']
['113', '132', '153', '145', '109', '177']
['150', '51', '240', '174', '218', '21']
['23', '78', '156', '219', '33', '32']
['73', '108', '185', '58', '140', '101']
['98', '86', '80', '38', '12', '25']
['13', '19', '49', '125', '127', '157']
['229', '147', '29', '40', '162', '237']
['187', '211', '243', '95', '18', '161']
['48', '30', '138', '241', '133']
['210', '167', '65', '112', '54']
['75', '166', '172', '239', '168']
['99', '90', '220', '155', '110']
['182', '84', '46', '160', '70', '34']
['244', '89', '213', '199', '163', '66']
['7', '203', '232', '116', '186', '64']
['216', '63', '179', '136', '173', '82']
['15', '222', '242', '69', '97', '55']
['10', '26', '44', '50']
['130', '35', '8', '214']
['191', '45', '170', '103']
['28', '93', '16']
['104', '180', '135']
['117', '234', '148']
['201', '119', '208']
['192', '36', '198']
['39', '42', '175']
['27', '76', '196']
['228', '20', '128']
['102', '236', '164']
['249', '72', '120']
['87', '178', '154']
['94', '67', '3']
['238', '107', '60']
['123', '159', '100']
['143', '1', '152']
['209', '181']
['200', '223', '56']
