['Archer', 'Zion', 'Kyrie', 'Grant', 'Maverick', 'Ezra', 'Adrian', 'Ashton', 'Greyson', 'Rylan']
['Eli', 'Carson', 'Luis', 'Juan', 'Jose', 'Riley', 'Chance', 'Elias', 'Brian', 'Micah']
['Alexander', 'Eric', 'am', 'Derek', 'Enzo', 'Maxwell', 'Jude', 'Elliot', 'Jayden', 'Ethan']
['Steven', 'Jackson', 'Aidan', 'Miguel', 'Rowan', 'Brayden', 'Angel', 'Richard', 'Ryan', 'Charles']
['Bryan', 'Jesse', 'Malachi', 'Judah', 'Kaiden', 'David', 'Sebastian', 'Miles', 'Xavier', 'Killian']
['Knox', 'Jack', 'Alan', 'John', 'Elliott', 'Weston', 'Kenneth', 'Omar', 'Nolan', 'Jaxson']
['Josue', 'Max', 'Andrew', 'Kameron', 'Luca', 'Leonardo', 'Julian', 'Cole', 'Colt', 'Vincent']
['Declan', 'Nathan', 'Bryson', 'Kaden', 'Zachary', 'Joel', 'Javier', 'Brantley', 'Beckett', 'Emmett']
['Jaxon', 'Kevin', 'Dylan', 'Jayce', 'Colin', 'Caleb', 'Jax', 'Bennett', 'Connor', 'Nathaniel']
['Jacob', 'Carter', 'Robert', 'Axel', 'Evan', 'Francisco', 'Hunter', 'Leo', 'Blake', 'Rafael']
['Austin', 'Everett', 'Marcus', 'Tyler', 'Louis', 'Diego', 'Silas', 'Bentley', 'Patrick', 'Sawyer']
['Emerson', 'Maddox', 'Daniel', 'Lorenzo', 'Karter', 'Jasper', 'Avery', 'Anthony', 'Lukas', 'Eduardo']
['Christopher', 'Maximus', 'Iker', 'Jeremiah', 'Aiden', 'Cody', 'Elijah', 'Jonah', 'Theo', 'Isaiah']
['Jace', 'Matteo', 'Santiago', 'Zander', 'Kyle', 'Abraham', 'Tucker', 'Joshua', 'Beckham', 'Dawson']
['Victor', 'Wesley', 'Carlos', 'William', 'Brooks', 'Wyatt', 'Logan', 'Emiliano', 'Griffin', 'Chase']
['Jason', 'Cameron', 'Brady', 'Peter', 'Jeremy', 'Ian', 'Messiah', 'Bradley', 'Charlie', 'Mason']
['Matthew', 'Andre', 'Gavin', 'Nicholas', 'Abel', 'Samuel', 'Brody', 'Milo', 'Emilio', 'Calvin']
['Christian', 'Barrett', 'Mark', 'Hudson', 'Ayden', 'Damian', 'Roman', 'Benjamin', 'Matias', 'Zane']
['Josiah', 'Ezekiel', 'Theodore', 'Timothy', 'Tristan', 'Joseph', 'Gunner', 'Remington', 'Alejandro', 'Ryder']
['Jaden', 'Nicolas', 'Levi', 'Paul', 'Dallas', 'Edward', 'Alex', 'Erick', 'Dominic', 'Preston']
['George', 'Adam', 'Mateo', 'Ace', 'Finley', 'Ryker', 'Tobias', 'Sean', 'Nash', 'King']
['Braxton', 'Noah', 'Grayson', 'Jordan', 'Waylon', 'Michael', 'Harrison', 'Jorge', 'Brandon', 'Simon']
['Kaleb', 'Emmanuel', 'Kayden', 'Gabriel', 'Camden', 'Kingston', 'James', 'Jesus', 'Amari', 'Xander']
['Lucas', 'Thomas', 'Cooper', 'Owen', 'Aaron', 'Karson', 'Oliver', 'August', 'Lincoln', 'Bryce']
['Israel', 'Luke', 'Myles', 'Landon', 'Finn', 'Amir', 'Martin', 'Kai', 'Easton', 'Manuel']
['Felix', 'Justin', 'Thiago', 'Holden', 'Cash', 'Graham', 'Colton', 'Beau', 'Asher', 'Ivan']
['Antonio', 'Isaac', 'Dean', 'Paxton', 'Arthur', 'Corbin', 'Hayden', 'Jake', 'Phoenix', 'Andres']
['Adriel', 'Legend', 'Walter', 'Gael', 'Jameson', 'Damien', 'Caden', 'Clayton', 'Zayden', 'Leon']
['Tanner', 'Stephen', 'Rhett', 'Cayden', 'Parker', 'River']
['Reid', 'Henry', 'Oscar', 'Jonathan', 'Giovanni']
