['Raphael', 'Khalee', 'Rey', 'Mumin', 'Lilyonna', 'Kemily', 'Antrone', 'Charlett', 'Guadalupe', 'Stafford', 'Juliano', 'Dusan', 'Seiry', 'Vyncent', 'Delisha', 'Nitzia', 'Farah', 'Azavier', 'Sussy', 'Sayd', 'Adeleine', 'Kirubel', 'Merlina', 'Kyo', 'Thien', 'Jaimarie', 'Keili', 'Aley', 'Miley', 'Sincere']
['Kinzie', 'Derionna', 'Meryl', 'Larrissa', 'Vinnie', 'Akasha', 'Deliany', 'Coulson', 'Gyzelle', 'Sanae', 'Lynia', 'Lilienne', 'Kayliann', 'Avigail', 'Cicily', 'Amr', 'Mikea', 'Taye', 'Jaleesa', 'Jaaziah', 'Zahriyah', 'Suri', 'Jalilah', 'Andriy', 'Nohely', 'Lukis', 'Olive', 'Fe', 'Trenise', 'Kaeley']
['Abdulraheem', 'Kairy', 'Mckaylin', 'Feven', 'Nancy', 'Vanesa', 'Kensleigh', 'Gracia', 'Jamonte', 'Sharlene', 'Taegan', 'Citlally', 'Nidhi', 'Abdoulaziz', 'Keemya', 'Keni', 'Natsumi', 'Jezzelle', 'Aayana', 'Nakari', 'Haya', 'Ramses', 'Chidi', 'Detravion', 'Thaddius', 'Kenniyah', 'Dragon', 'Treyson', 'Jailon']
['Lauralynn', 'Mykaylah', 'Mikyla', 'Emmanuela', 'Jophy', 'Jerriah', 'Eeliyah', 'Dereck', 'Jovey', 'Aylana', 'Deidre', 'Alayasia', 'Jema', 'Janine', 'Khila', 'Giannie', 'Aleiyah', 'Jakelin', 'Kariana', 'Michaell', 'Jeremias', 'Dhyan', 'Jaleena']
['Anouk', 'Ilyn', 'Dajana', 'Mezmariah', 'Casondra', 'Jos', 'Zuzanna', 'Jaquan', 'Veena', 'Osmin', 'Azeriah', 'Monserath', 'Avielle', 'Yajahira', 'Quentyn', 'Srinath', 'Ishmel', 'Deriyon', 'Vivica', 'Keion', 'Leilah', 'Camill', 'Khamil']
['Leib', 'Abhinav', 'Hannelore', 'Trinitey', 'Jalyiah', 'Hakop', 'Mikelle', 'Caliegh', 'Timia', 'Atika', 'Samauri', 'Zackrey', 'Lamariah', 'Asa', 'Jemiah', 'Jirah', 'Tobias', 'Shalonda', 'Coi', 'Mylie', 'Lazaria', 'Tacori', 'Oluwatobi']
['Noha', 'Malaja', 'Zykerria', 'Spartan', 'Ganon', 'Adaley', 'Chanze', 'Jdan', 'Amritha', 'Kalum', 'Loni', 'Katalina', 'Lada', 'Donnelle', 'Adysen', 'Venezia', 'Niemah', 'Terriona', 'Kay', 'Gertrude']
['Cylah', 'Janesha', 'Zyeir', 'Kapena', 'Eddieberto', 'Jamiyla', 'Elysha', 'Ebany', 'Taigen', 'Marcellino', 'Marrius', 'Bow', 'Mylani', 'Britnee', 'Jesalyn', 'Tanyla', 'Aysenur', 'Artyom', 'Hashem', 'Cynae']
['Aizik', 'Markise', 'Rosalio', 'Jandre', 'Gunther', 'Marck', 'Dorcas', 'Dainen', 'Tahir', 'Abaan', 'Jamaine', 'Makyra', 'Anadalay', 'Dea', 'Ailene', 'Adriene', 'Takia', 'Laticia', 'Ally']
['Jahred', 'Eleah', 'Merissa', 'Jacob', 'Soriya', 'Joed', 'Crystina', 'Serenety', 'Julia', 'Jaquis', 'Rock', 'Jaydah', 'Fabrizzio', 'Xaviel', 'Lailani', 'Jarem', 'Nakaya', 'Maude']
['Khloee', 'Shamyia', 'Mircale', 'Ancel', 'Tyannah', 'Marifer', 'Zolin', 'Larry', 'Ameerah', 'Byron', 'Kitty', 'Ori', 'Iris', 'Stefanny', 'Griffon', 'Raymir', 'Carsten', 'Sameeha']
['Seleen', 'Jasahn', 'Sevastian', 'Salmaan', 'Shahid', 'Kellon', 'Jamaad', 'Hayven', 'Dairon', 'Saheim', 'Satomi', 'Michai', 'Alainna', 'Dessie', 'Cliff', 'Carine', 'Zoiee']
['Raeleigh', 'Soniah', 'Mylez', 'Zamyah', 'Marik', 'Aarohi', 'Ahnaya', 'Kirrah', 'Bailynn', 'Cisco', 'Jatziry', 'Kaira', 'Jax', 'Shy', 'Devaun', 'Salif']
['Daxx', 'Jarrell', 'Lizmari', 'Halo', 'Thadius', 'Shanell', 'Deedra', 'Jamear', 'Denize', 'Brinleigh', 'Nayara', 'Harlem', 'Dell', 'Blaine', 'Sabastion', 'Jebediah']
['Antwane', 'Aanyah', 'Azzareya', 'Abriyana', 'Kobe', 'Anwesha', 'Shannel', 'Nalaya', 'Jabes', 'Jeru', 'Kaushik', 'Giankarlo', 'Emilie']
['Adanna', 'Carena', 'Basha', 'Mariaelena', 'Nakeya', 'Zinia', 'Hesham', 'Kvaughn', 'Selena', 'Montana', 'Ingrid', 'Brydan', 'Shardae']
['Abdulrehman', 'Mikaelah', 'Alison', 'Davidjr', 'Charlize', 'Rexford', 'Treyonna', 'Margie', 'Sagan', 'Amonti', 'Yaire']
['Milene', 'Rielly', 'Kenzlie', 'Elisah', 'Lakiyah', 'Dhalia', 'Gauge', 'Jomary', 'Yu', 'Liann', 'Endi']
['Tayseer', 'Antonin', 'Alyiana', 'Inaki', 'Kaleo', 'Guy', 'Cordai', 'Tralaya', 'Jayme', 'Leni', 'Kamora']
['Johnavan', 'Estephanie', 'Shamiyah', 'Gwendolynn', 'Dashun', 'Jameisha', 'Delara', 'Liat', 'Marnae', 'Casandra']
['Eliziah', 'Marwan', 'Aryeh', 'Marialy', 'Sheniyah', 'Ellarie', 'Sinia', 'Tam', 'Jesus']
['Nethra', 'Donnovan', 'Amor', 'Dominika', 'Danyca', 'Zaahir', 'Renyah', 'Siena']
['Tayyab', 'Tafari', 'Handsome', 'Desteni', 'Leighann', 'Matt', 'Kenzington', 'Quintavious']
['Analiah', 'Yavian', 'Aibhilin', 'Dyami', 'Ayahna', 'Jahlen', 'Fox', 'Tralyn']
['Apollonia', 'Doyle', 'Sihaam', 'Kaeleen', 'Jersi', 'Bailei', 'Aman', 'Noami']
['Navia', 'Anagha', 'Emree', 'Kimball', 'Hallei', 'Litsy', 'Prakruti']
['Evangelyne', 'Keyin', 'Tashvi', 'Jaeline', 'Brenya', 'Ricky']
['Anastacio', 'Kaymarie', 'Jerel', 'Ron', 'Oviya', 'Alyze']
['Sydelle', 'Yarisbel', 'Arsalan', 'Masud', 'Trystian', 'Adaisha']
['Rayne', 'Bright', 'Colie', 'Zayquan', 'Shamaiya', 'Kenzo']
['Shiala', 'Hugo', 'Katarina', 'Serra', 'Orren', 'Alaija']
['Ryleeann', 'Emmely', 'Tobechi', 'Quintasia', 'Reynaldo']
['Jazir', 'Alieyah', 'Shelbee', 'Shakila', 'Jekeria']
['Benito', 'Nishta', 'Yarithza', 'Kameryn']
['Isaak', 'Vedika', 'Keyvin', 'Gor']
['Cyris', 'Chyna', 'Mykenna', 'Tajuan']
['Tasi', 'Farha', 'Ettel']
['Marcellius', 'Sevren', 'Mailen']
['Kaymi', 'Shanaiya', 'Demetreus']
['Coraline', 'Braeley', 'Elway']
['Rohil', 'Natasia', 'Merary']
['Bristol', 'Kyston', 'Helaman']
['Lealand', 'Fidel', 'Daxen']
['Armita', 'Evia']
['Sashya', 'Artie']
['Anela', 'Jasiya']
['Asha', 'Yonason']
