['331', '238', '263', '60', '48', '52', '441', '57', '218', '256', '438', '54', '43', '304', '25', '353', '396', '23', '499', '56', '122', '211', '64', '309', '80', '192', '215', '125', '447', '258', '369', '198', '403', '488', '254', '134', '183', '445', '74', '106', '417', '496', '427', '424', '384', '28', '275', '314', '286', '280', '410', '493', '278', '351', '247', '245', '243', '168', '6', '372', '100', '244', '146', '5', '458', '196', '436', '185', '49', '407', '255', '47', '234', '220', '332']
['477', '298', '118', '105', '361', '172', '426', '246', '201', '72', '174', '282', '184', '22', '31', '186', '139', '160', '470', '289', '339', '233', '322', '399', '235', '155', '110', '117', '349', '443', '173', '115', '408', '257', '455', '58', '487', '320', '141', '469', '324', '422', '343', '367', '474', '466', '203', '157', '442', '291', '161', '103']
['405', '68', '124', '344', '181', '266', '267', '404', '128', '69', '67', '423', '388', '187', '19', '164', '409', '433', '236', '62', '296', '459', '316', '456', '346', '413', '83', '381', '348', '4', '382', '419', '347', '38', '2', '231', '221', '390', '66', '237', '150', '385', '457', '75', '24', '107', '495', '223', '177', '162']
['386', '337', '287', '398', '437', '78', '429', '120', '39', '334', '295', '448', '453', '89', '197', '126', '354', '17', '113', '308', '79', '476', '465', '431', '472', '481', '94', '119', '489', '44', '326', '53', '152', '440', '26', '355', '271', '306', '0', '333']
['364', '159', '154', '444', '193', '336', '391', '229', '104', '130', '490', '76', '200', '222', '241', '498', '167', '461', '297', '335', '7', '10', '219', '148', '370', '432', '450', '261', '301', '272', '85', '377', '84']
['312', '434', '497', '414', '345', '29', '401', '310', '212', '202', '73', '418', '365', '165', '127', '36', '137', '230', '99', '389', '216', '491', '35', '416', '209', '252', '15', '86', '1', '376', '112']
['206', '317', '208', '463', '45', '479', '63', '270', '330', '225', '462', '158', '473']
['281']
['284']
['32']
['259']
['360']
['406']
['430']
['380']
['170']
['27']
['101']
['366']
['265']
['363']
['323']
['3']
['392']
['205']
['402']
['133']
['240']
['132']
['135']
['190']
['285']
['228']
['446']
['329']
['30']
['136']
['251']
['260']
['415']
['492']
['248']
['239']
['227']
['151']
['179']
['98']
['300']
['178']
['475']
['87']
['471']
['394']
['374']
['176']
['65']
['131']
['293']
['59']
['97']
['277']
['46']
['262']
['147']
['20']
['264']
['483']
['303']
['55']
['338']
['226']
['480']
['356']
['315']
['210']
['249']
['268']
['129']
['395']
['449']
['108']
['123']
['70']
['341']
['142']
['313']
['362']
['109']
['357']
['276']
['82']
['451']
['199']
['189']
['37']
['378']
['269']
['340']
['18']
['412']
['41']
['290']
['400']
['319']
['92']
['375']
['8']
['9']
['253']
['242']
['91']
['288']
['180']
['311']
['464']
['12']
['454']
['156']
['149']
['318']
['88']
['140']
['350']
['439']
['116']
['307']
['373']
['214']
['51']
['50']
['383']
['96']
['166']
['138']
['484']
['90']
['204']
['328']
['21']
['435']
['460']
['327']
['217']
['81']
['425']
['421']
['207']
['194']
['188']
['468']
['411']
['77']
['121']
['175']
['111']
['16']
['14']
['359']
['478']
['299']
['145']
['292']
['302']
['40']
['169']
['393']
['213']
['368']
['11']
['342']
['171']
['371']
['61']
['224']
['93']
['273']
['482']
['485']
['420']
['352']
['95']
['452']
['195']
['358']
['250']
['42']
['305']
['13']
['279']
['71']
['232']
['182']
['274']
['486']
['153']
['143']
['321']
['283']
['379']
['494']
['387']
['467']
['114']
['325']
['397']
['428']
['33']
['144']
['191']
['294']
['34']
['102']
['163']
