['v10', 'h8', 'l8', 'n3', 'k5', 'f3', 'b7', 'c10', 'l4', 'l9', 'q4']
['u4', 'k7', 'c4', 'k10', 'c2', 'a8', 'o7', 'd9', 'u3', 'x6', 'j2']
['k4', 'f9', 'h6', 'w4', 'u7', 'd2', 'e3', 'u10', 'q2', 'd6', 's1']
['g3', 'm7', 'm6', 'm4', 'g4', 'h7', 'm9', 'm3', 'm8', 'm5', 'y10']
['d4', 'g2', 'o1', 'j1', 'd1', 'd7', 'y9', 'r5', 'j7', 't8', 'y4']
['n10', 'v3', 'f4', 'b10', 'k3', 'e4', 'r8', 'v4', 'v2', 'q5', 'y1']
['a1', 'a6', 'a9', 'a3', 'k9', 'a10', 'a2', 't9', 'h10', 'a4', 'w8']
['h4', 's7', 'r1', 'x9', 'r9', 'h2', 'e2', 'r6', 'h9', 'l7', 'p7']
['o10', 'n1', 'u1', 's10', 'v1', 'f10', 'x2', 't1', 'v5', 'b2', 'v8']
['g1', 'g8', 'x7', 'g9', 'g7', 'w6', 'w5', 'i7', 'g5', 'g10', 'i4']
['e6', 'e7', 'e1', 'e8', 'o6', 'b3', 'e10', 'b8', 't4', 'e9', 'h1']
['s3', 'p8', 'a7', 'y5', 'y2', 'j3', 'u9', 'j10', 'm1', 'm10', 'n5']
['l2', 's5', 'q10', 'd10', 'd8', 'r7', 's8', 'i9', 'r4', 'o8', 'r3']
['d5', 'n6', 's2', 'w3', 'e5', 'i1', 'i2', 'i8', 'h5', 'l5', 'y6']
['s4', 'b6', 'o9', 'o3', 'j4', 'b9', 'n4', 'o5', 'n8', 'b4', 'n9']
['p9', 'l3', 'q9', 'p3', 'x10', 'p5', 'p1', 'i10', 'i3', 'p4', 'x8']
['c6', 'k6', 'w10', 'c5', 'l1', 'l10', 'c1', 't7', 'c8', 'c9', 'v9']
['y8', 's6', 'f8', 'o4', 'j5', 'i5', 'k1', 'u8', 'g6', 's9', 'u6']
['m2', 'q3', 'a5', 'q8', 'x4', 'q7', 'q6', 'q1', 'n7', 'f2']
['b1', 'w7', 't10', 'l6', 'u2', 'c3', 'w2', 'w9', 'p10', 'r2']
['j8', 'h3', 'x3', 'u5', 'p2', 'j9', 'o2', 'k8', 'p6', 'j6']
['f6', 'k2', 'v6', 'x1', 'y3', 'y7', 'v7', 'w1', 't6', 'x5']
['n2', 'f5', 't3', 'd3', 'c7']
['t5', 'r10', 't2', 'b5']
['i6', 'f7', 'f1']
