['ANE', 'AAM', 'AAA', 'AQL', 'ACY', 'ATL', 'ADT', 'ADA', 'ATB', 'AJJ', 'ABF', 'AQI', 'AIL', 'AHU', 'AOL', 'AAI', 'AII', 'ACK']
['AOR', 'AIM', 'AHL', 'AMS', 'ARE', 'ATH', 'ADD', 'AJM', 'AAV', 'ARK', 'AGI', 'AOA', 'AOB', 'ACT', 'AAB', 'AGQ', 'AKX', 'ADF']
['ADX', 'AHI', 'ART', 'ANN', 'ACI', 'ADE', 'ATA', 'ABT', 'ARB', 'AFD', 'AFN', 'ALC', 'AJK', 'ADW', 'ATI', 'AAY', 'ALT', 'AAC']
['AHX', 'AEQ', 'AHM', 'ACG', 'AFA', 'AEI', 'APG', 'ABD', 'AOO', 'ACS', 'AOK', 'APT', 'AIN', 'AAD', 'AGA', 'AFU', 'AMO', 'AHD']
['ALA', 'ASY', 'AMC', 'AGK', 'ASU', 'ALH', 'AAE', 'ADU', 'ANA', 'AIQ', 'ALB', 'AMJ', 'AFI', 'AMQ', 'ADY', 'AEU', 'AKY', 'AGW']
['AJA', 'AFQ', 'AKA', 'APU', 'AAF', 'APO', 'AJY', 'AAU', 'AIH', 'ANC', 'ANJ', 'AOG', 'APA', 'ARC', 'ANW', 'ALK', 'ACO', 'ANH']
['ASG', 'AEW', 'ABS', 'AEV', 'AKB', 'AAG', 'AHC', 'AHK', 'ANF', 'ASQ', 'AQR', 'AFM', 'ASL', 'AHT', 'AHG']
['APN', 'ASF', 'ABN', 'AQU', 'ATR', 'AFL', 'AHO', 'AJT', 'ABJ', 'ADP', 'AAH', 'ABG']
['AEL', 'ADB', 'ATF', 'ALG', 'AKL', 'ANK', 'AQO', 'AAJ', 'AGE', 'ASS', 'AGN', 'AHA']
['AIY', 'AAK', 'AAN', 'ATJ', 'ASR', 'AHJ', 'AEP', 'AKI', 'ANB', 'AJP', 'AEY', 'ALX']
['AJF', 'AMH', 'AES', 'AHS', 'AAQ', 'AIE', 'ATV', 'APR', 'AMG', 'AAT', 'ADR', 'AFK']
['AGF', 'ARQ', 'AAR', 'AJC', 'ABX', 'ACF', 'AJR', 'AAW', 'ASX', 'AKO', 'ACD', 'ANO']
['APD', 'AHP', 'AQJ', 'AML', 'AAS', 'ACN', 'AGT', 'AOS', 'AQX', 'AEH', 'AHY', 'ARW']
['AJO', 'ABB', 'AKJ', 'AKW', 'AFH', 'AMX', 'ARD', 'ACM', 'ASA', 'ATE', 'AQW', 'AAX']
['AKC', 'ABA', 'AQB', 'AKN', 'ASC', 'AKU', 'ABC', 'ACV', 'AQS', 'AQN', 'AEB', 'AQT']
['ARU', 'AJH', 'AGB', 'AST', 'AGU', 'AJU', 'ABH', 'AKK', 'ANT', 'ASH', 'AEX', 'AON']
['ALS', 'APC', 'AQH', 'ABI', 'APF', 'AGH', 'ADH', 'ASN', 'AJG', 'ARP', 'ALQ', 'AGC']
['ABO', 'ANR', 'ABK', 'ALV', 'ADQ', 'ANQ', 'APP', 'AQQ', 'ADV', 'ARA', 'AEA', 'AGR']
['AJS', 'AGP', 'AFY', 'AQF', 'ALI', 'AJV', 'AFE', 'AQV', 'ADS', 'AIT', 'ABL', 'AJW']
['AJE', 'ABP', 'APY', 'APS', 'ATX', 'ALN', 'AGS', 'ADJ', 'AIP', 'AMF', 'AOQ', 'ASI']
['AFF', 'ARF', 'AKE', 'AMV', 'AGJ', 'ASM', 'ACX', 'AIA', 'AFS', 'AFO', 'ANU', 'ABQ']
['AIK', 'ANL', 'ASW', 'ARR', 'ABR', 'ASJ', 'AMW', 'APJ', 'AKM', 'AEF', 'AGM', 'ARY']
['ADK', 'ADO', 'ABU', 'AMK', 'ALD', 'AJB', 'ACE', 'ACJ', 'AJQ', 'APK', 'APE', 'AMR']
['AHQ', 'AFC', 'AHW', 'AGD', 'ANP', 'AJX', 'AQK', 'ATP', 'ABV', 'AHN', 'AMT', 'AQD']
['ARS', 'AJI', 'ABW', 'AHV', 'AIO', 'AOU', 'ALE', 'ARO', 'AED', 'ALO', 'AIF', 'AMU']
['AFT', 'AHB', 'ALW', 'AFJ', 'AME', 'ABY', 'AGV', 'ARI', 'AOE', 'AKR', 'AOH', 'AFG']
['ACB', 'AKG', 'ATW', 'AIU', 'APH', 'AHH', 'ALR', 'ANV', 'AKD', 'AIB', 'ARL', 'AOY']
['AEM', 'ATT', 'ACC', 'APX', 'ARV', 'AGY', 'ACQ', 'AMN', 'ASB', 'AMA', 'ASD', 'APB']
['AQG', 'ASE', 'AIR', 'ADI', 'AIW', 'AOM', 'AEK', 'ACH', 'ATY', 'ALL', 'ARH', 'ARM']
['ACL', 'ANX', 'AHF', 'AIG', 'ASV', 'AQM', 'ADC', 'ASK', 'AFV', 'AIC', 'AKH', 'AEN']
['AQE', 'AGL', 'ALJ', 'ARN', 'ADN', 'AKP', 'ACP', 'AKT', 'AGG', 'AEJ', 'AEE', 'AHE']
['AOI', 'AFB', 'ACU', 'AJL', 'AQP', 'AFW', 'ACR', 'AJN', 'ADG', 'APM', 'ANS', 'ATC']
['AEC', 'AFX', 'ADL', 'AIS', 'ACW', 'AQC', 'ALY', 'ATN', 'AMD', 'APL', 'AMY', 'AOC']
['AMM', 'AEG', 'AKS', 'AAO', 'ADM', 'ATM', 'AIJ', 'ALP', 'ATO', 'AOP', 'AOX', 'AIX']
['AET', 'API', 'ANM', 'AMI', 'AND', 'ANI', 'AER', 'AMB', 'APW', 'ALF', 'ARG', 'ATK']
['AQA', 'AKQ', 'AGX', 'ATS', 'AHR', 'AFP', 'ATG', 'ALM', 'AOF', 'ATQ', 'ANY', 'AKF']
['ASO', 'AMP', 'ALU', 'AOV', 'AFR', 'APV', 'APQ', 'AAP', 'ATD', 'ANG', 'AOD', 'AQY']
['AOT', 'ABM', 'AKV', 'AIV', 'AID', 'ARX', 'ARJ', 'ASP', 'ATU', 'AEO', 'AOJ']
['ABE', 'AOW', 'AAL']
['ACA', 'AGO', 'AJD']
