['60', '16', '48', '72', '3', '69', '14', '33', '43', '31', '32', '73', '9', '19', '71', '64', '8', '4', '7', '58', '40', '35', '6', '66', '44', '51', '24', '49', '41', '1']
['444', '174', '186', '202', '429', '164', '211', '222', '200', '433', '179', '197', '206', '210', '427', '217', '173', '167', '153', '194', '169', '431', '185', '436', '176', '224', '157', '223', '177', '162']
['482', '132', '483', '98', '128', '97', '111', '139', '499', '120', '108', '76', '125', '488', '102', '126', '110', '84', '117', '28', '115', '491', '493', '484', '100', '87', '143', '86', '107', '103']
['276', '260', '286', '303', '425', '383', '280', '300', '310', '311', '267', '404', '247', '243', '423', '293', '324', '261', '422', '289', '378', '283', '233', '323', '301', '318', '322', '399', '284', '281']
['207', '400', '216', '471', '468', '455', '213', '219', '212', '199', '472', '465', '452', '221', '394', '451', '418', '196', '398', '189', '475', '156', '474', '192', '203', '462', '466', '198', '220', '170']
['159', '154', '314', '172', '190', '352', '218', '57', '328', '368', '168', '307', '375', '195', '372', '178', '326', '343', '165', '180', '295', '225', '309', '215', '151', '369', '296', '205', '332', '354']
['99', '238', '147', '83', '263', '408', '410', '419', '88', '92', '131', '121', '94', '415', '116', '150', '136', '91', '145', '149', '93', '80', '251', '140', '376', '135', '235', '137', '265', '106']
['17', '81', '29', '79', '38', '351', '148', '67', '188', '171', '338', '327', '75', '226', '50', '13', '30', '65', '15', '39', '53', '187', '59', '62', '27', '26', '355', '36', '112', '183']
['456', '379', '414', '461', '382', '446', '52', '463', '377', '22', '11', '25', '432', '23', '449', '5', '56', '458', '61', '34', '55', '407', '409', '392', '440', '46', '411', '439', '18', '445']
['500', '477', '312', '277', '123', '105', '96', '485', '138', '319', '114', '287', '90', '487', '109', '478', '450', '435', '481', '304', '130', '122', '101', '279', '448', '292', '306', '288', '134', '82']
['264', '373', '242', '214', '68', '335', '387', '361', '70', '406', '201', '357', '193', '256', '370', '54', '336', '390', '231', '360', '342', '371', '365', '334', '453', '374', '340', '464', '473', '333']
['274', '275', '345', '124', '166', '181', '257', '239', '228', '141', '269', '95', '184', '209', '144', '237', '229', '244', '146', '330', '152', '227', '236', '129', '272', '232', '77', '85', '163', '271']
['386', '402', '467', '10', '441', '341', '2', '21', '416', '12', '45', '353', '396', '454', '63', '42', '385', '457', '460', '470', '489', '37', '241', '495', '447', '47', '469', '291', '20', '74']
['316', '321', '305', '285', '412', '308', '315', '294', '317', '490', '420', '476', '278', '459', '282']
['250', '253', '270', '249', '246', '268', '248', '234', '245', '230']
['331', '349', '358', '348', '339', '347', '366', '367', '363']
['364', '346', '344', '337', '359', '362', '350', '356', '329']
['191', '182', '160', '158', '204', '208', '175', '155', '161']
['252', '240', '273', '266', '255', '258', '262', '254', '259']
['119', '78', '113', '118', '104', '142', '127', '89', '133']
['434', '443', '426', '428', '438', '442', '430', '437']
['496', '486', '497', '494', '480', '492', '498', '479']
['298', '297', '302', '290', '313', '325', '320', '299']
['405', '384', '388', '389', '401', '395', '393', '380']
['417', '424', '413', '381', '421', '397', '403', '391']
