['Phillip', 'Melanie', 'Jeffery', 'Jeanine', 'Pamela', 'Stephanie', 'Susan', 'Belinda', 'Crystal', 'Stephen', 'Raul', 'Leona', 'Garrett', 'Cassandra', 'Jayme', 'Clarence', 'Virginia', 'Karren', 'Margaret', 'William', 'Carl', 'Emmie', 'Glenna', 'Annalee', 'Cory', 'Kisha', 'Tuan', 'Ralph', 'Bertha', 'Moses', 'Roy', 'Morgan', 'Shirley', 'Molly', 'Kristine', 'Tony', 'Andres', 'Marlin', 'Robyn', 'Carlos', 'Sarita', 'Rosa', 'Sam', 'Lana', 'Theresa', 'Jeff', 'Elizabeth', 'Maureen', 'Lulu', 'Michael', 'Suzie', 'James', 'Guy', 'Darlene', 'Amos', 'Wilson', 'Gregory', 'Reuben', 'Veronica', 'Quintin', 'Tracy', 'Lonnie', 'Clarissa', 'Dorothy', 'Jose', 'Brian', 'Willis', 'Rafael', 'Raphael', 'Elia', 'Ana', 'Frederick', 'Gerardo', 'Mabel', 'Leanne', 'Everett', 'Reggie', 'Tommy', 'Lilian', 'Willie', 'Patrick', 'Jason', 'Gilda', 'John', 'Chris', 'Bobby', 'Travis', 'Carmelita', 'Inez', 'Irving', 'Jo', 'Derrick', 'Lawrence', 'Dawna', 'Constance', 'Michelle', 'Mark', 'Martin', 'Cheryl', 'Del', 'Matthew', 'Thelma', 'Ellis', 'Ouida', 'Lisha', 'Alice', 'Fred', 'Alex', 'Tanya', 'Lahoma', 'Marco', 'Olivia', 'Fredrick', 'Fredda', 'Joseph', 'Leticia', 'Audrey', 'Cindy', 'Kirk', 'Ward', 'Emery', 'Mae', 'Herbert', 'Gerald', 'Deanna', 'Ryan']
['Lucie', 'Roberto', 'Randolph', 'Judith', 'Edwin', 'Joann', 'Emily', 'Brenda', 'Alfred', 'Kelly', 'Ray', 'Kathleen', 'Jimmy', 'Charles', 'Lucille', 'Clyde', 'Natalie', 'Douglas', 'Miguel', 'Laurence', 'Rosalee', 'Dean', 'Jeremy', 'Selma', 'Mack', 'Imogene', 'Rosie', 'Ronald', 'Wanda', 'Ida', 'Alexander', 'Mary', 'Glennie', 'Laurie', 'Geraldine', 'Dorothea', 'Dana', 'Eugene', 'Glen', 'Jesse', 'Eugenia', 'Myriam', 'Josephine', 'Rachel', 'Gladys', 'Katherine', 'Berta', 'Marion', 'Eleanor', 'Sally', 'Reinaldo', 'Norman', 'Andrea', 'Jorge', 'Mike', 'Eura', 'Ernestine', 'Christian', 'Beulah', 'Rolf', 'Sheryl', 'Monica', 'Lucy', 'Margert', 'Rebecca', 'Scot', 'Rosalyn', 'Marjorie', 'Kevin', 'Caridad', 'Justin', 'Lori', 'Pat', 'Kellie', 'Lyle', 'Sylvester', 'Jane', 'Harvey', 'Annette', 'Maryann', 'Gary', 'Craig', 'Steve', 'Arturo', 'Curtis', 'Lillian', 'Marie', 'Georgette', 'Esther', 'Kathryn', 'Sherri', 'Blair', 'Marquerite', 'Richard', 'Wallace', 'Phyllis', 'Andrew', 'Martha', 'Ellen', 'Lorraine', 'Steven', 'Lane', 'Gertrude', 'Winifred', 'Will', 'Tara', 'Sharon', 'Raeann', 'Cecile', 'Kristin', 'Hugh', 'Shannon', 'Domingo', 'Carol', 'Louis', 'Mireya', 'Paula', 'Charlotte', 'Joshua', 'Samuel', 'Carole', 'Gordon', 'Eva', 'Priscilla', 'Jeffrey', 'Bonnie']
['Marlene', 'Alicia', 'Anna', 'Alvin', 'Keri', 'Raymond', 'Beverly', 'Debra', 'Eric', 'Juan', 'Lloyd', 'Burl', 'Rick', 'Matt', 'Fernando', 'Seth', 'Connie', 'Ricky', 'Teresa', 'Donald', 'Loraine', 'Ashley', 'Ann', 'Jennifer', 'Dennis', 'Lynne', 'Wendy', 'Lena', 'Morris', 'Marcelino', 'Helen', 'Ivonne', 'Ruth', 'Ursula', 'Bethany', 'Pauline', 'Gloria', 'Tim', 'Susanna', 'Christopher', 'Albert', 'Dawn', 'Joanne', 'Lessie', 'Ingeborg', 'Robert', 'Paul', 'Maria', 'Pablo', 'Doris', 'Marcella', 'Andre', 'Derek', 'Booker', 'Cornelius', 'Clayton', 'Donna', 'Wilma', 'Margarito', 'Amy', 'Deborah', 'Stephany', 'Christina', 'Melissa', 'April', 'Joe', 'Dale', 'Toni', 'Elsie', 'Theodore', 'Jean', 'Barbara', 'Betty', 'Gail', 'Cesar', 'Nola', 'Vella', 'Reginald', 'Bruce', 'Evelyn', 'Sylvia', 'Calvin', 'Don', 'Roberta', 'Bradley', 'Mildred']
['Nicole']
['Jonathan']
['Janet']
['Danielle']
['Cecilia']
['Jacque']
['Wayne']
['Viola']
['Frank']
['Ronda']
['Rhonda']
['Carmen']
['Jacob']
['Latisha']
['Warren']
['Edward']
['Thomas']
['Ollie']
['Troy']
['Corey']
['Bernard']
['Stacie']
['Kimberly']
['Beth']
['Freda']
['Robin']
['Nelson']
['Diana']
['Cathy']
['Peter']
['Danny']
['Adam']
['Tamika']
['Kim']
['Mable']
['Krysten']
['Nina']
['Angelica']
['Nancy']
['Myron']
['Larry']
['Judy']
['Kaitlyn']
['Roosevelt']
['Grant']
['Miles']
['Kylie']
['Polly']
['Janene']
['Ruby']
['Kenneth']
['Mario']
['Leigh']
['Sofia']
['Cassie']
['Jessica']
['Jodi']
['Joni']
['Victor']
['Timothy']
['Roger']
['Pete']
['Lewis']
['Harold']
['Kerri']
['Anthony']
['Norma']
['Marilyn']
['Darrell']
['Philip']
['Peggy']
['Brandon']
['Selina']
['Adele']
['Winnifred']
['Karen']
['Stanley']
['Erik']
['Gwen']
['Ernest']
['Kerrie']
['Christine']
['Daniel']
['Francisco']
['Hedwig']
['Angela']
['Walter']
['Terry']
['David']
['Irene']
['Wesley']
['Michele']
['Stacy']
['George']
['Linda']
['Bessie']
['Jesus']
['Juanita']
['Catherine']
['Pamella']
['Marian']
['Therese']
['Lydia']
['Antonio']
['Heather']
['Alison']
['Patricia']
['Laura']
