['312', '253', '346', '364', '365', '314', '123', '344', '86', '164', '70', '300', '330', '342', '325', '296', '2', '351', '307', '237']
['391', '396', '373', '384', '147', '50', '56', '196', '194', '138', '62', '228', '304', '371']
['100', '160', '279', '122', '107', '352', '362', '85', '82']
['9', '297', '65', '382', '105', '301', '131', '3', '186']
['261', '343', '19', '339', '76', '246', '157', '12', '110']
['242', '136', '185', '180', '323', '10', '179', '67']
['308', '61', '152', '151', '216', '356', '354', '188']
['305', '28', '249', '96', '222', '247', '33']
['154', '385', '289', '41', '21', '137', '299']
['118', '49', '257', '158', '43', '45', '206']
['226', '381', '341', '234', '209', '133', '139']
['97', '215', '232', '46', '276', '18', '20']
['387', '378', '55', '192', '256', '66']
['379', '75', '48', '166', '27', '195']
['87', '386', '89', '399', '328', '367']
['264', '78', '53', '40', '36', '111']
['30', '114', '72', '175', '306', '184']
['244', '191', '104', '58', '47', '370']
['98', '189', '181', '69', '54', '8']
['132', '16', '348', '77', '106', '144']
['331', '270', '141', '220', '32', '74']
['150', '326', '248', '57', '282', '134']
['345', '211', '129', '398', '38']
['277', '26', '163', '288', '11']
['293', '149', '322', '269', '360']
['60', '286', '124', '213', '258']
['93', '266', '350', '35', '375']
['250', '224', '245', '380', '334']
['290', '127', '90', '112', '6']
['327', '392', '59', '208', '394']
['91', '313', '268', '102', '340']
['63', '167', '169', '212', '336']
['182', '361', '255', '121', '265']
['338', '388', '233', '310', '243']
['317', '236', '377', '177', '84']
['145', '347', '109', '359', '254']
['260', '240', '369', '199', '281']
['113', '210', '14', '271', '363']
['262', '368', '235', '291', '358']
['24', '318', '376', '95', '315']
['171', '80', '287', '329', '202']
['94', '280', '227', '140', '374']
['7', '395', '5', '73']
['303', '165', '397', '13']
['15', '366', '120', '174']
['17', '332', '223', '103']
['29', '390', '142', '273']
['39', '71', '92', '205']
['99', '221', '190', '225']
['219', '116', '263', '108']
['44', '337', '0']
['101', '1', '51']
['201', '23', '239']
['130', '31', '162']
['284', '37', '349']
['321', '64', '259']
['119', '252', '68']
['146', '311', '115']
['117', '295', '155']
['203', '383', '126']
['320', '153', '333']
['229', '159', '335']
['241', '355', '193']
['4', '183']
['316', '22']
['393', '25']
['42', '34']
['353', '83']
['88', '238']
['125', '156']
['231', '128']
['230', '148']
['372', '161']
['168', '278']
['200', '170']
['389', '172']
['173', '309']
['178', '218']
['187', '324']
['267', '217']
['298', '283']
['285', '357']
['319', '302']
['52']
['79']
['81']
['135']
['143']
['176']
['197']
['198']
['204']
['207']
['214']
['251']
['272']
['274']
['275']
['292']
['294']
