['node42', 'node50', 'node55', 'node48', 'node51', 'node53', 'node46', 'node43', 'node49', 'node45', 'node47', 'node52', 'node54', 'node44', 'node245']
['node242', 'node322', 'node330', 'node331', 'node334', 'node329', 'node328', 'node335', 'node323', 'node325', 'node327', 'node332', 'node333', 'node326', 'node324']
['node194', 'node190', 'node189', 'node187', 'node184', 'node191', 'node195', 'node185', 'node188', 'node192', 'node182', 'node183', 'node392', 'node186', 'node193']
['node59', 'node57', 'node68', 'node61', 'node67', 'node60', 'node56', 'node62', 'node69', 'node366', 'node58', 'node66', 'node64', 'node65', 'node63']
['node102', 'node104', 'node105', 'node108', 'node115', 'node101', 'node103', 'node106', 'node98', 'node109', 'node107', 'node100', 'node110', 'node99', 'node111']
['node234', 'node225', 'node224', 'node226', 'node236', 'node232', 'node227', 'node237', 'node350', 'node233', 'node228', 'node230', 'node231', 'node229', 'node235']
['node159', 'node158', 'node165', 'node161', 'node355', 'node167', 'node156', 'node154', 'node166', 'node162', 'node163', 'node157', 'node160', 'node164', 'node155']
['node29', 'node38', 'node35', 'node28', 'node31', 'node39', 'node34', 'node37', 'node33', 'node32', 'node41', 'node36', 'node30', 'node147', 'node40']
['node298', 'node302', 'node295', 'node304', 'node294', 'node303', 'node299', 'node390', 'node300', 'node307', 'node297', 'node296', 'node305', 'node301', 'node306']
['node292', 'node286', 'node291', 'node282', 'node283', 'node287', 'node284', 'node289', 'node285', 'node281', 'node293', 'node240', 'node280', 'node290', 'node288']
['node10', 'node9', 'node18', 'node7', 'node3', 'node396', 'node5', 'node2', 'node6', 'node12', 'node11', 'node4', 'node13', 'node8', 'node1']
['node26', 'node24', 'node16', 'node19', 'node14', 'node141', 'node15', 'node22', 'node23', 'node25', 'node20', 'node359', 'node21', 'node27', 'node17']
['node255', 'node260', 'node264', 'node253', 'node268', 'node252', 'node265', 'node257', 'node256', 'node261', 'node263', 'node262', 'node259', 'node258', 'node169']
['node97', 'node91', 'node85', 'node94', 'node95', 'node88', 'node86', 'node402', 'node93', 'node87', 'node90', 'node89', 'node254', 'node96', 'node84']
['node308', 'node310', 'node311', 'node315', 'node321', 'node312', 'node320', 'node317', 'node313', 'node309', 'node319', 'node274', 'node314', 'node318', 'node316']
['node210', 'node223', 'node218', 'node220', 'node215', 'node219', 'node378', 'node221', 'node212', 'node222', 'node214', 'node211', 'node213', 'node216', 'node217']
['node82', 'node80', 'node79', 'node72', 'node83', 'node75', 'node81', 'node73', 'node70', 'node407', 'node71', 'node77', 'node78', 'node76', 'node74']
['node203', 'node199', 'node198', 'node204', 'node201', 'node197', 'node196', 'node208', 'node206', 'node202', 'node200', 'node420', 'node207', 'node209', 'node205']
['node347', 'node342', 'node346', 'node339', 'node348', 'node349', 'node341', 'node338', 'node345', 'node337', 'node344', 'node340', 'node343', 'node336']
['node377', 'node371', 'node369', 'node375', 'node365', 'node373', 'node367', 'node370', 'node376', 'node364', 'node372', 'node374', 'node368']
['node408', 'node418', 'node417', 'node414', 'node416', 'node406', 'node413', 'node411', 'node409', 'node412', 'node410', 'node415', 'node419']
['node125', 'node118', 'node124', 'node113', 'node123', 'node119', 'node122', 'node121', 'node114', 'node112', 'node117', 'node120', 'node116']
['node168', 'node175', 'node178', 'node173', 'node174', 'node176', 'node172', 'node177', 'node181', 'node170', 'node171', 'node179', 'node180']
['node272', 'node278', 'node269', 'node276', 'node267', 'node279', 'node275', 'node277', 'node271', 'node266', 'node270', 'node273']
['node129', 'node127', 'node130', 'node131', 'node136', 'node128', 'node133', 'node135', 'node137', 'node126', 'node139', 'node138']
['node382', 'node387', 'node385', 'node379', 'node391', 'node384', 'node381', 'node386', 'node389', 'node388', 'node380', 'node383']
['node145', 'node146', 'node150', 'node140', 'node142', 'node153', 'node143', 'node151', 'node144', 'node149', 'node148', 'node152']
['node361', 'node353', 'node357', 'node358', 'node354', 'node363', 'node356', 'node362', 'node351', 'node360', 'node352']
['node243', 'node248', 'node238', 'node250', 'node247', 'node246', 'node244', 'node239', 'node251', 'node241', 'node249']
['node393', 'node395', 'node405', 'node394', 'node404', 'node398', 'node401', 'node400', 'node399', 'node403', 'node397']
['node134', 'node92', 'node132']
