['387', '420', '328', '304', '32', '56', '365', '71', '64', '62', '179', '102', '276', '292', '20', '373', '286', '109', '245', '432', '454', '143', '451', '51', '185', '65', '61', '475', '149', '26', '223']
['29', '172', '319', '352', '131', '54', '33', '353', '136', '142', '294', '76', '399', '403', '384', '275', '300', '446', '476', '341', '38', '35', '329', '252', '457', '436', '474', '251', '462', '220', '112']
['132', '123', '468', '398', '193', '69', '139', '73', '23', '229', '415', '250', '339', '309', '369', '36', '134', '153', '257', '213', '231', '45', '237', '87', '321', '44', '224', '152', '318', '376', '47']
['253', '379', '207', '181', '52', '199', '43', '359', '430', '104', '233', '215', '296', '198', '135', '363', '182', '260', '410', '431', '320', '148', '66', '171', '100', '75', '86', '158', '140', '466', '234']
['434', '60', '154', '344', '361', '383', '421', '441', '22', '111', '186', '259', '358', '144', '178', '39', '164', '125', '129', '232', '175', '356', '155', '170', '349', '115', '216', '15', '306', '442', '406']
['331', '401', '266', '72', '428', '218', '57', '97', '388', '470', '130', '236', '447', '411', '77', '137', '126', '106', '417', '346', '285', '381', '194', '465', '219', '168', '307', '209', '450', '119', '63']
['477', '414', '138', '190', '204', '128', '95', '21', '452', '338', '120', '160', '448', '8', '117', '427', '214', '83', '408', '317', '40', '243', '141', '479', '449', '422', '53', '355', '374', '469', '473']
['238', '118', '124', '290', '310', '467', '12', '375', '423', '336', '202', '418', '180', '80', '110', '74', '147', '70', '7', '278', '390', '371', '146', '24', '225', '227', '255', '439', '340', '157', '101']
['303', '337', '357', '269', '195', '31', '396', '78', '187', '34', '248', '395', '197', '288', '274', '302', '79', '6', '360', '293', '372', '150', '385', '50', '196', '343', '93', '59', '350', '367', '333']
['277', '68', '400', '114', '287', '121', '14', '437', '133', '191', '429', '189', '46', '464', '445', '210', '173', '167', '461', '297', '311', '455', '58', '262', '228', '370', '380', '41', '176', '330', '177']
['405', '264', '298', '16', '345', '3', '256', '404', '19', '279', '165', '241', '453', '409', '163', '183', '316', '335', '471', '351', '261', '326', '407', '440', '151', '301', '284', '332', '161', '84']
['364', '42', '108', '13', '289', '295', '211', '433', '322', '82', '113', '443', '413', '424', '314', '166', '96', '393', '472', '2', '244', '324', '283', '323', '55', '291']
['312', '263', '0', '90', '397', '438', '25', '188', '122', '145', '89', '217', '419', '247', '221', '342', '270', '458', '49', '392', '203', '265', '103']
['17', '94', '91', '28', '412', '11', '425', '389', '37', '240', '268', '107', '239', '272', '267', '416', '254', '402', '230', '281']
['9', '460', '456', '305', '105', '378', '325', '208', '92', '235', '205', '67', '377']
['242', '48', '348', '4', '1', '426', '382', '222', '192', '212', '184', '478']
['159', '5', '246', '362', '206', '368', '394', '299', '435', '391']
['327', '226', '249', '156', '200', '88', '10', '258', '85', '116']
['81', '308', '280', '347', '459', '162', '334']
['99', '273', '444', '201', '463', '18', '354']
['315', '282', '313', '386']
['366', '169', '174']
['98', '127', '27']
['30', '271']
