['312', '159', '379', '81', '303', '467', '452', '299', '460', '388', '305', '189', '453', '322', '399', '296', '198', '459', '384', '314', '311', '471', '455', '393', '2', '472', '463', '450', '94', '451', '385', '176', '392', '466', '469', '161']
['48', '29', '267', '43', '33', '25', '32', '31', '9', '42', '30', '39', '294', '34', '46', '36', '155', '106', '113', '28', '335', '280', '40', '38', '35', '245', '45', '321', '44', '41', '49', '37', '152', '26', '27', '47']
['264', '253', '263', '266', '212', '269', '256', '67', '259', '250', '327', '78', '108', '258', '254', '274', '260', '257', '491', '268', '262', '228', '252', '6', '371', '481', '270', '261', '50', '273', '251', '492', '272', '255', '265', '271']
['154', '434', '172', '174', '69', '160', '56', '165', '164', '480', '145', '448', '125', '433', '62', '403', '163', '170', '173', '167', '166', '300', '153', '58', '169', '168', '171', '150', '61', '156', '53', '151', '158', '203', '157', '162']
['331', '238', '242', '497', '494', '207', '181', '290', '240', '246', '97', '111', '229', '76', '241', '236', '248', '292', '235', '8', '402', '230', '348', '410', '79', '341', '247', '231', '237', '119', '244', '283', '225', '495', '234', '406']
['364', '132', '123', '361', '352', '357', '366', '359', '353', '435', '358', '136', '365', '130', '369', '356', '134', '82', '354', '363', '373', '285', '351', '368', '370', '148', '360', '372', '143', '422', '362', '374', '355', '350', '223', '367']
['477', '344', '426', '310', '444', '441', '204', '428', '3', '438', '184', '430', '437', '186', '73', '429', '447', '126', '445', '20', '210', '443', '427', '425', '194', '446', '431', '320', '416', '432', '449', '436', '196', '440', '439', '442']
['405', '386', '414', '421', '401', '400', '383', '124', '420', '114', '404', '121', '423', '415', '120', '418', '470', '104', '339', '409', '411', '197', '417', '349', '413', '424', '412', '115', '408', '419', '347', '88', '407', '107', '101', '103']
['482', '483', '485', '337', '138', '319', '95', '12', '22', '478', '499', '13', '19', '490', '200', '488', '498', '17', '496', '486', '297', '4', '317', '476', '484', '493', '487', '92', '243', '390', '11', '479', '489', '5', '475', '323']
['201', '468', '287', '218', '202', '279', '295', '142', '211', '222', '215', '129', '135', '137', '206', '182', '214', '217', '275', '286', '308', '216', '213', '208', '219', '329', '209', '221', '342', '75', '1', '224', '149', '140', '220', '205']
['68', '60', '345', '52', '90', '72', '57', '193', '328', '199', '54', '177', '375', '195', '71', '64', '309', '80', '89', '179', '77', '74', '346', '70', '66', '87', '63', '51', '65', '86', '330', '55', '59', '318', '332', '473']
['340', '298', '387', '313', '398', '397', '284', '128', '304', '391', '396', '180', '395', '315', '316', '456', '147', '381', '382', '389', '7', '10', '307', '394', '380', '293', '324', '226', '326', '378', '93', '227', '376', '112', '377', '334']
['98', '190', '188', '139', '191', '178', '91', '187', '122', '192', '232', '175', '288', '464', '183', '461', '454', '457', '458', '185', '462', '306', '291', '84']
['117', '100', '118', '16', '0', '105', '96', '302', '343', '133', '278', '109', '85', '102', '116', '110']
['338', '146', '127', '325', '131', '141', '18', '144']
['99', '23', '24', '15', '465', '21', '14', '336']
['276', '282', '474', '281']
['289', '277', '301']
['249', '83', '333']
['239', '233']
