['187', '211', '243', '7', '192', '131', '135', '148', '245', '3', '230']
['119', '150', '147', '56', '96', '181', '190', '38', '239', '102', '32']
['182', '83', '196', '71', '142', '152', '90', '213', '204', '95', '11']
['159', '167', '105', '176', '140', '212', '47', '43', '168', '12', '195']
['73', '210', '5', '185', '225', '201', '236', '97', '67', '209', '202']
['9', '94', '13', '76', '200', '125', '72', '116', '101', '110', '20']
['244', '171', '240', '172', '55', '158', '92', '228', '85', '206', '188']
['178', '68', '146', '198', '138', '216', '175', '199', '21', '18', '66']
['87', '63', '24', '30', '145', '80', '58', '62', '59', '220', '134']
['143', '123', '207', '1', '194', '233', '215', '40', '205', '157', '139']
['23', '78', '238', '173', '44', '81', '19', '4', '10', '114', '235']
['113', '132', '75', '160', '41', '70', '27', '197', '14', '22', '106']
['103', '39', '165', '149', '34', '127', '109', '77', '69', '31', '84']
['100', '120', '49', '79', '93', '52', '128', '137', '223', '111', '186']
['229', '217', '28', '104', '130', '65', '64', '208', '33', '170', '74']
['154', '98', '122', '29', '15', '222', '169', '232', '2', '184', '144']
['17', '242', '108', '16', '166', '88', '248', '26', '107', '219', '231']
['136', '42', '118', '141', '156', '121', '129', '218', '247', '234', '25']
['162', '51', '249', '153', '241', '221', '193', '8', '177', '161', '237']
['191', '226', '61', '37', '180', '224', '46', '35', '54', '45']
['91', '214', '50', '164', '203', '36', '6', '133']
['117', '246', '227', '89', '112', '126']
['163', '86', '53', '48']
['99', '151', '60', '0']
['57', '82', '183']
['189']
['124']
['115']
['179']
['155', '174']
