['159', '146', '147', '150', '154', '160', '161', '156', '145', '149', '152', '151', '153', '158', '148', '163', '157', '155', '162', '144']
['210', '214', '226', '217', '211', '225', '224', '215', '216', '222', '223', '227', '212', '218', '219', '220', '228', '221', '209', '213']
['244', '250', '253', '261', '260', '249', '243', '246', '251', '257', '248', '255', '258', '262', '256', '245', '247', '252', '254', '259']
['264', '274', '270', '263', '277', '275', '279', '280', '273', '266', '268', '267', '272', '278', '269', '271', '276', '282', '265', '281']
['331', '327', '324', '321', '338', '329', '335', '333', '326', '339', '330', '337', '323', '325', '322', '320', '328', '336', '332', '334']
['349', '340', '346', '343', '345', '358', '344', '348', '347', '341', '353', '352', '355', '350', '351', '356', '357', '359', '354', '342']
['482', '477', '479', '470', '483', '475', '480', '474', '467', '468', '465', '466', '471', '476', '484', '472', '473', '469', '478', '481']
['9', '17', '5', '13', '15', '19', '16', '4', '18', '7', '10', '6', '38', '3', '2', '14', '12', '8', '11', '0']
['23', '35', '28', '24', '25', '32', '29', '39', '37', '30', '1', '34', '27', '26', '36', '21', '33', '22', '31', '20']
['42', '44', '51', '48', '50', '41', '49', '56', '53', '55', '58', '52', '40', '57', '47', '46', '54', '43', '45']
['293', '285', '298', '286', '297', '289', '283', '295', '290', '294', '300', '301', '287', '296', '291', '292', '284', '288', '299']
['396', '386', '388', '384', '385', '387', '383', '401', '400', '389', '392', '393', '395', '397', '398', '399', '394', '390', '391']
['405', '417', '415', '413', '412', '414', '418', '408', '410', '407', '419', '409', '420', '411', '404', '403', '416', '402', '406']
['73', '87', '78', '75', '83', '81', '71', '86', '70', '79', '76', '80', '72', '77', '85', '82', '84', '74']
['117', '119', '113', '116', '120', '108', '118', '104', '105', '115', '114', '107', '106', '109', '112', '111', '110', '103']
['316', '312', '305', '303', '314', '308', '304', '317', '310', '302', '309', '311', '313', '319', '318', '306', '315', '307']
['454', '456', '451', '449', '457', '458', '460', '461', '448', '453', '455', '462', '447', '463', '459', '452', '464', '450']
['429', '434', '427', '422', '424', '436', '425', '421', '426', '433', '423', '431', '428', '432', '430', '437', '435']
['171', '178', '173', '167', '176', '166', '165', '164', '172', '169', '179', '174', '175', '168', '177', '170']
['94', '99', '100', '91', '98', '96', '93', '88', '89', '90', '92', '95', '102', '97', '101']
['191', '182', '185', '187', '189', '180', '181', '194', '186', '192', '190', '193', '184', '183', '188']
['132', '130', '123', '122', '124', '128', '125', '127', '129', '131', '121', '126', '134', '133']
['195', '196', '199', '207', '200', '201', '203', '204', '208', '197', '198', '205', '206', '202']
['229', '238', '242', '231', '240', '233', '241', '236', '239', '232', '234', '235', '230', '237']
['364', '365', '361', '369', '362', '363', '368', '370', '366', '367', '360', '371']
['63', '60', '68', '65', '61', '64', '59', '62', '69', '67', '66']
['372', '373', '379', '381', '378', '382', '376', '374', '375', '377', '380']
['486', '489', '494', '485', '490', '491', '492', '493', '495', '487', '488']
['143', '136', '142', '138', '140', '135', '141', '137', '139']
['443', '440', '444', '446', '441', '439', '438', '442', '445']
