['Zoraida', 'Nathalie', 'Tameika', 'Kris', 'Byron', 'Chan', 'Logan', 'Beverley', 'Carson', 'Lucas', 'Gerard', 'Porter', 'Hortense', 'Imogene', 'Marilynn', 'Hershel', 'Clarissa', 'Chang', 'Pearlie', 'Inga', 'Clifton', 'Xavier', 'Sharlene', 'Nadia', 'Jacque', 'Nicole', 'Lucia', 'Lola', 'Jan', 'Xuan']
['Toya', 'Sharla', 'Camelia', 'Sharilyn', 'Elena', 'Tarah', 'Marvin', 'Latoya', 'Hui', 'Ok', 'Renetta', 'Enola', 'Sheldon', 'Jesus', 'Cleotilde', 'Gerardo', 'Florinda', 'Heide', 'Piedad', 'Yevette', 'Kareem', 'Percy', 'Ema', 'Eve', 'Annabel', 'Leontine', 'Ryann', 'Hiroko', 'Marion', 'Naomi']
['Clarice', 'Cassie', 'Louella', 'Oneida', 'Lamonica', 'Loura', 'Isabel', 'Dora', 'Janetta', 'Antonette', 'Darrel', 'Helene', 'Garret', 'Chance', 'Marci', 'Loren', 'Sharell', 'Earnest', 'Renea', 'Vincenzo', 'Tanisha', 'Ron', 'Terry', 'Dusti', 'Murray', 'Mariah', 'Kirstin', 'Cristi', 'Vernon', 'Mariano']
['Dorthea', 'Ambrose', 'Martin', 'Angella', 'Christiane', 'Rita', 'Danita', 'Kay', 'Esperanza', 'Shaun', 'Savanna', 'Lisa', 'Spencer', 'Susan', 'Lilly', 'Tyisha', 'Brendon', 'Elvie', 'Marcos', 'Sherwood', 'Vada', 'Elvia', 'Joanne', 'Dion', 'Elliott', 'An', 'Antonina', 'Kyung', 'Lana', 'Clarence']
['Shonda', 'Deana', 'Margart', 'Randa', 'Jade', 'Clinton', 'Darnell', 'Susannah', 'Hilario', 'Kylie', 'Tressa', 'Laticia', 'Angeline', 'Kristopher', 'Alethia', 'Chun', 'Reita', 'Amada', 'Phylis', 'Jeremy', 'Pa', 'Leonard', 'Bonnie', 'Lorelei', 'Stanford', 'Kurtis', 'Ocie', 'Roxane', 'Alton', 'Kristi']
['Lue', 'Robert', 'Son', 'Juliet', 'Emmanuel', 'Princess', 'Alvera', 'Charisse', 'Caitlyn', 'Tracie', 'Marlo', 'Naida', 'Latia', 'Kimbra', 'Shelton', 'Eustolia', 'Raul', 'Debora', 'Jeffrey', 'Irma', 'Rima', 'Jefferey', 'Glenda', 'Rolando', 'Stephani', 'Oscar', 'Leila', 'Lasonya', 'Elicia']
['Trena', 'Winford', 'Lauren', 'Chas', 'Rosalba', 'Verona', 'Hayden', 'Lezlie', 'Eloisa', 'Gisela', 'Glenna', 'Delmar', 'Rosalee', 'Kelly', 'Clara', 'Doyle', 'Orval', 'Michaela', 'Alvin', 'Mariette', 'Destiny', 'Vernia', 'Grant', 'Kim', 'Griselda', 'Riley', 'Hassan', 'Bertha', 'Wes']
['Odell', 'Florencio', 'Oswaldo', 'In', 'Altagracia', 'Merrill', 'Fanny', 'Lyn', 'June', 'Johnny', 'Edmond', 'Russell', 'Alexandra', 'Jay', 'Sharan', 'Lashay', 'Freddie', 'Alfred', 'Elenora', 'Artie', 'Dagmar', 'Marcie', 'Elfrieda', 'Osvaldo', 'Eufemia', 'Antoinette', 'Chester', 'Lizabeth', 'Dorene']
['Loria', 'Almeta', 'Junior', 'Taneka', 'Louise', 'Stanley', 'Joye', 'Clarinda', 'Tammi', 'Houston', 'Trey', 'Oma', 'Lyndon', 'Dewitt', 'Tai', 'Frederic', 'Aaron', 'Nickolas', 'Neida', 'Jama', 'Audie', 'Jennie', 'Harvey', 'Jae', 'Selma', 'Tamala', 'Allena', 'Saul', 'Deirdre']
['Easter', 'Clyde', 'Nohemi', 'Leonida', 'Herlinda', 'Olevia', 'Danial', 'Milissa', 'Randall', 'Jeanette', 'Laraine', 'Anabel', 'Hyun', 'Claretha', 'Shavon']
['Pinkie', 'Retta', 'Arcelia']
['Rachael', 'Darwin', 'Kitty']
['Kasey', 'Eugene', 'Garland']
['Marquis', 'Horace', 'Tamisha']
['Tiffani', 'Marvis', 'Carolee']
['Valorie', 'Zena', 'Joan']
['Dewayne', 'Alicia', 'Kendall']
['Rachel', 'Honey', 'Raleigh']
['Hillary', 'Alexa', 'Marcella']
['Treena', 'Millicent', 'Miranda']
['Joelle', 'Felix', 'Alane']
['Cortney', 'Adah', 'Irena']
['Rodrigo', 'Refugio', 'Flavia']
['Jina', 'Whitney', 'Charmaine']
['Alex', 'Claudie', 'Meagan']
['Annamarie', 'Aretha', 'Marquitta']
['Madison', 'Theo', 'Vivien']
['Dong', 'Travis', 'Ella']
['Jami', 'German', 'Carmon']
['Tina', 'Nieves', 'Leilani']
