['75', '365', '15', '48', '400', '127', '107', '398', '476', '197', '148', '399', '304', '329', '18', '473', '367', '371']
['364', '449', '147', '2', '196', '344', '361', '348', '142', '468', '453', '325', '27', '234', '33', '254', '291', '133']
['264', '132', '13', '345', '49', '383', '401', '181', '310', '227', '362', '411', '14', '12', '442', '450']
['9', '182', '120', '16', '130', '39', '55', '38', '320', '350', '54', '333', '209', '155', '32']
['217', '226', '56', '167', '161', '165', '280', '145', '92', '256', '498', '416', '183', '103', '342']
['253', '150', '51', '31', '176', '378', '112', '67', '228', '276', '315', '252', '354', '144']
['429', '324', '154', '261', '260', '297', '4', '406', '369', '296', '102', '8', '177', '106']
['316', '244', '451', '263', '387', '41', '189', '295', '294', '467', '493', '393', '374', '3']
['373', '497', '118', '115', '289', '166', '194', '319', '190', '109', '292', '43', '281']
['73', '496', '379', '44', '485', '61', '128', '440', '368', '169', '218', '328', '402']
['171', '229', '136', '65', '421', '180', '317', '330', '311', '444', '195', '437', '271']
['299', '436', '474', '251', '407', '347', '447', '212', '356', '116', '478', '334', '139']
['17', '327', '303', '122', '233', '222', '40', '492', '179', '487', '336', '259']
['456', '384', '108', '187', '123', '426', '215', '193', '235', '340', '82', '188']
['83', '28', '5', '425', '164', '10', '352', '355', '77', '247', '97', '45']
['486', '414', '290', '126', '376', '272', '35', '168', '370', '206', '265', '391']
['119', '477', '489', '494', '30', '266', '433', '208', '21', '306', '111', '230']
['482', '458', '286', '302', '7', '471', '404', '121', '307', '137', '202']
['94', '460', '160', '300', '34', '448', '125', '203', '175', '394', '11']
['349', '386', '242', '343', '279', '240', '76', '301', '79', '52', '198']
['87', '412', '339', '172', '149', '419', '462', '397', '141', '205', '469']
['457', '418', '19', '124', '283', '152', '216', '409', '101', '358']
['23', '91', '305', '93', '257', '158', '90', '204', '95', '452']
['380', '499', '42', '470', '86', '157', '465', '488', '282', '186']
['250', '170', '338', '146', '443', '241', '88', '243', '432', '0']
['113', '427', '214', '24', '98', '29', '382', '200', '192', '129']
['249', '308', '237', '420', '455', '231', '366', '20', '479']
['100', '309', '59', '268', '248', '341', '219', '134', '481']
['396', '63', '50', '105', '273', '26', '463', '423', '353']
['312', '417', '321', '385', '81', '131', '46', '163', '445']
['68', '413', '37', '318', '491', '174', '357', '403', '359']
['191', '270', '298', '424', '85', '459', '332', '223', '363']
['388', '224', '58', '89', '322', '269', '184', '110']
['372', '178', '60', '236', '232', '213', '439', '220']
['99', '210', '434', '483', '314', '156', '428', '74']
['159', '389', '337', '490', '278', '375', '25', '390']
['405', '238', '346', '173', '313', '351', '199', '162']
['454', '277', '275', '408', '284', '464', '430', '435']
['117', '211', '466', '287', '484', '47', '360']
['53', '392', '221', '377', '472', '245', '6']
['415', '461', '96', '475', '225', '246', '80']
['331', '104', '71', '1', '153', '62', '135']
['285', '410', '36', '114', '72', '438', '66']
['293', '274', '381', '207', '258', '69']
['143', '335', '201', '255', '57']
['138', '151', '495', '267', '84']
['323', '140', '395', '262', '288']
['78', '480', '431', '446']
['64', '239', '22', '326']
['70', '441', '422', '185']
