['AEC', 'ADX', 'ADO', 'AFH', 'ADU', 'AER', 'ADM', 'AFA', 'AEP', 'AEI', 'ADV', 'AFD', 'AFE', 'ADN', 'ADP', 'AEJ', 'ADY', 'AEX', 'AEN', 'AEU']
['AEZ', 'AFC', 'AET', 'ADZ', 'AEQ', 'ADL', 'AFG', 'ADQ', 'AES', 'AEW', 'AFJ', 'AEK', 'AEF', 'AEE', 'AFL', 'AEH', 'AFI', 'ADW', 'ADT', 'AEY']
['AIY', 'AGO', 'AFX', 'AHI', 'AHP', 'AFQ', 'AFP', 'AGJ', 'AHS', 'AIO', 'AIW', 'AHU', 'AGV', 'AGE', 'AIN', 'AHX', 'AGQ', 'AHJ', 'AHY', 'AGM']
['AOI', 'ANX', 'ANM', 'AML', 'ALW', 'AKV', 'AKL', 'AKB', 'ANV', 'AJQ', 'AOM', 'AJD', 'ALN', 'ALE', 'AKK', 'ALB', 'AJG', 'ANJ', 'AMO', 'AMR']
['AJE', 'ANR', 'ALV', 'AJI', 'AKS', 'ANP', 'ALM', 'ANC', 'AJJ', 'AME', 'AKH', 'AJM', 'AMZ', 'ALF', 'AOE', 'ALL', 'AJP', 'AMS', 'ALQ', 'ALX']
['AJA', 'AMH', 'AKJ', 'AJW', 'ANN', 'ALG', 'AKC', 'ALH', 'AMN', 'ANA', 'AKU', 'AMB', 'AJK', 'AJN', 'ANT', 'AOA', 'ANO', 'ALK', 'AKO', 'AMQ']
['AOH', 'AKQ', 'AKG', 'AJH', 'ALS', 'AKF', 'AMC', 'AND', 'AJX', 'ANQ', 'ALI', 'AKT', 'ANF', 'AOG', 'AOJ', 'AJZ', 'AMA', 'AKM', 'AKA', 'AOD']
['ADK', 'ADI', 'ACI', 'ACZ', 'ADE', 'ACW', 'ACQ', 'ACN', 'ACP', 'ACJ', 'ACH', 'ACU', 'ACG', 'ADJ', 'ACE', 'ACT', 'ADG', 'ACX', 'ADD', 'ACS']
['AOT', 'APD', 'AOW', 'APX', 'API', 'AQM', 'APC', 'AOR', 'AQJ', 'APZ', 'APV', 'AOO', 'APG', 'AQO', 'APW', 'APF', 'APM', 'AOY', 'AOX', 'AON']
['APN', 'AQA', 'AQE', 'APY', 'AQH', 'APH', 'AOV', 'AQC', 'APR', 'APO', 'APK', 'APQ', 'AOS', 'APJ', 'APL', 'AQI', 'AOZ', 'AQN', 'APE', 'AOQ']
['AJO', 'ANE', 'AMM', 'AKW', 'AKE', 'ALU', 'AMP', 'AMI', 'ANG', 'AJR', 'AKP', 'AKI', 'ANK', 'AJL', 'ALY', 'AMG', 'AMT', 'AKR', 'ALT', 'ANS']
['ANL', 'AJS', 'ALJ', 'AJF', 'AMX', 'AKN', 'AJC', 'ANZ', 'AJU', 'AIZ', 'ANI', 'AJY', 'ALO', 'ALD', 'ANB', 'ALZ', 'ALC', 'ALP', 'AMF', 'AOL']
['AHQ', 'AGF', 'AGX', 'AGK', 'AGP', 'AHV', 'AHL', 'AID', 'AFY', 'AIG', 'AIM', 'AIQ', 'AIJ', 'AHZ', 'AIF', 'AGC', 'AHT', 'AHG', 'AHA', 'AGW']
['ALR', 'AMK', 'AJB', 'AJT', 'AKD', 'AMJ', 'AOF', 'AJV', 'AOK', 'AMD', 'AKZ', 'AOB', 'AMU', 'AMW', 'ANH', 'ANU', 'AMY', 'ANY', 'AKY', 'AOC']
['AGZ', 'AFZ', 'AGL', 'AHR', 'AGY', 'AHB', 'AGD', 'AHC', 'AGS', 'AHO', 'AFW', 'AHN', 'AGA', 'AIT', 'AGI', 'AIB', 'AFO', 'AII', 'AIK', 'AIX']
['AIR', 'AGB', 'AHF', 'AFT', 'AHH', 'AIV', 'AIE', 'AFR', 'AIS', 'AIP', 'AHW', 'AHK', 'AIA', 'AIU', 'AGH', 'AGU', 'AFU', 'AIC', 'AIL', 'AHD']
['ACA', 'ACB', 'ABO', 'ABN', 'ABZ', 'ABK', 'ABP', 'ABW', 'ABM', 'ABI', 'ABT', 'ABR', 'ABS', 'ABX', 'AAQ', 'ABJ', 'ABV', 'AAT', 'AAP']
['AEL', 'AFF', 'AEG', 'AEM', 'AEA', 'AAK', 'AAM', 'AAI', 'AEV', 'AFB', 'AFK', 'AED', 'AAL', 'AFM', 'ADS', 'ADR', 'AFN', 'AEB', 'AEO']
['ACL', 'ADB', 'ACC', 'ABU', 'ACY', 'ACM', 'ADA', 'ACF', 'ABY', 'ADC', 'ACR', 'ADF', 'ADH', 'ABL', 'ACD', 'ACV', 'ACO', 'ACK', 'ABQ']
['AQG', 'AQL', 'AQF', 'APS', 'AKX', 'AMV', 'AQK', 'AOU', 'APP', 'APU', 'AAF', 'AAG', 'AQD', 'AOP', 'ANW', 'APA', 'APB', 'ALA', 'AQB']
['ABE', 'ABB', 'AAA', 'ABA', 'AAE', 'ABH', 'AAW', 'ABC', 'AAC', 'ABF', 'AAV', 'AAJ', 'AAD', 'APT', 'AAY', 'AAH', 'ABG']
['AAX', 'AAB', 'AAZ', 'AHM', 'ABD', 'AGT', 'AGG', 'AFS', 'AFV', 'AIH', 'AGN', 'AGR', 'AHE']
['AAR', 'AAN', 'AAO', 'AAS', 'AAU']
