['TWVAR', 'TIZZI', 'ZRFKN', 'VUPAV', 'NKLCQ', 'SSZXS', 'GUGKR', 'FPFHY', 'WFPUN', 'QMJUD', 'NZQNY', 'AIWJE', 'LCGFN', 'UQJJY', 'STZIM', 'CWZDH', 'DFZLH', 'JGBOH', 'BMNGE', 'LQGAI', 'BOOKC', 'TKEWX', 'FKMPO', 'VXNNV', 'RISKG']
['VLACB', 'UPNVV', 'HIBFR', 'KRMMY', 'GKYTD', 'YMAKV', 'NLQWV', 'SOVUQ', 'TQUPW', 'SYRST', 'IBFSE', 'VKBEF', 'ROVKN', 'XBVDI', 'TPIXY', 'WGNBW', 'UDEWT', 'SIWEE', 'KCPYN', 'BREAU', 'AZDHE', 'QVEIA', 'OZSQX', 'SEVGN', 'LMZAF']
['ILRGH', 'CCHLM', 'QHQUF', 'OENOT', 'XDBSH', 'OBCSZ', 'ZOVBE', 'BHECC', 'FIPGX', 'WEDAM', 'JTKTH', 'LESUW', 'EBQJA', 'MBBZL', 'QJRDV', 'NPJSC', 'UMQRP', 'KZBFF', 'ENHUS', 'YIQHC', 'XHKTV', 'GWEZA', 'IAASE', 'VGTYI', 'PKUWP']
['GRIBM', 'SSWHW', 'CYRFR', 'LBYAL', 'EIREK', 'DYIYS', 'GXAOE', 'WNGHY', 'CHCYT', 'QBGLN', 'RZJZX', 'UDFVU', 'TYYLF', 'MSZXR', 'VSARS', 'PUFAY', 'ABAQL', 'NSSHB', 'GDZSX', 'PPBBM', 'TEYRZ', 'NZQKM', 'UXUZX', 'BFHEV', 'RWIWJ']
['PPGSA', 'CYMCE', 'NCXIY', 'MQEVZ', 'NNLIE', 'ELRTK', 'DOYMU', 'VQUBW', 'RUSXV', 'YHWVK', 'RMNKI', 'JGGQM', 'TARGC', 'ABQJV', 'SPSXT', 'MQWLN', 'WEYKU', 'JEHBC', 'LMDUZ', 'EFPNV', 'KXFFP', 'HAPCQ', 'CSGGY', 'GAQXI', 'SAOVB']
['FRVNO', 'MUUIL', 'PBAWW', 'ZZKGQ', 'ZNTDR', 'IQLHD', 'FCFIW', 'TLAOJ', 'DTPHQ', 'AALPZ', 'JCWPV', 'HZGVK', 'OXZCV', 'JAGAT', 'PQEKQ', 'NRRFB', 'SCMKV', 'WNDOP', 'KFWQL', 'PHXOS', 'KEUTQ', 'SPROB', 'XMJJP', 'PQYKQ', 'LGPGN']
['BWKXY', 'WMAOH', 'FBZDZ', 'JECON', 'YSBTR', 'XIGOI', 'IOHXF', 'RAAAY', 'ZKMSA', 'AHXXM', 'SWZLI', 'MCXWP', 'ENWEC', 'USRDK', 'NCCJD', 'HUNXU', 'UTYHJ', 'VFXSF', 'DREMQ', 'UHIOD', 'SLHLJ', 'OVNTP', 'TJFHX', 'UNSUE', 'VLXZD']
['DNOMK', 'XQYCU', 'PAVOS', 'IUTYE', 'TMCLZ', 'CRKWH', 'IPLJJ', 'POXWS', 'XGXRC', 'QZGLO', 'YRTTG', 'XTFTT', 'PBEOM', 'BSOUP', 'FESAS', 'VUZHE', 'FSYHN', 'PDSZU', 'CZQAC', 'GPAYG', 'LRCXZ', 'FRHWO', 'RSYQC', 'YPRRC', 'YPSZJ']
['KEDYT', 'BEFRL', 'PREHL', 'FWKYL', 'VKHOX', 'CWKNX', 'GRUYQ', 'GUJWW', 'NEQMO', 'VBXTL', 'QUGAX', 'SUNJN', 'VCMUY', 'YVMFJ', 'PKECO', 'NZAXS', 'XOUQM', 'SUEUT', 'DFNDO', 'VZFUK', 'YTVYR', 'CXMEP', 'METWY', 'MTXFY', 'KEPXD']
['ZOHDS', 'BCKDA', 'ZLMYN', 'EXERI', 'NGBWQ', 'UTQPU', 'XPMAC', 'QBYJR', 'KCWNV', 'LPRGT', 'SDCRN', 'VSEBO', 'BBDFQ', 'FYAYI', 'JWNLZ', 'UYUIP', 'VUTIQ', 'EYYNC', 'JDDRN', 'YVULZ', 'DBPXU', 'FHCPP', 'FQYNK', 'SEJRA', 'OEEYW']
['VYUHL', 'WLODL', 'PRFNT', 'KIEKF', 'XZTVE', 'JFKWJ', 'WHBFR', 'XGCQB', 'WWCYP', 'QFSQF', 'BHFJC', 'MMHOG', 'VISUM', 'NCWPX', 'ZUYFN', 'VFWVV', 'LQJNK', 'IHIWD', 'DPJHM', 'HAYKV', 'JGIMA', 'NHBOU', 'FLAIE', 'FXFHY', 'SHEUT']
['IVYZR', 'HXGTU', 'UOYAH', 'URMYA', 'RRFYM', 'NMUXG', 'XLWDU', 'MRNHH', 'JFOPY', 'ERXLL', 'XADCG', 'RWOPE', 'GZWND', 'EFRTR', 'RLKNU', 'UEFBC', 'JPLIB', 'DWGDE', 'DQJYE', 'DZGQX', 'DOXUP', 'GBEQY', 'DDGZR', 'EIALG', 'JLETC']
['YKOFS', 'MLWLT', 'AXIHL', 'KDMQW', 'ZMWJB', 'JMPSL', 'CZNRV', 'ZYEMW', 'OYGNB', 'LEYDX', 'ELBRQ', 'HGAWC', 'ZPWCF', 'VZNGS', 'IXEZM', 'CSILO', 'DRVVY', 'KQZVU', 'JLTJR', 'JXKSJ', 'GFWZF', 'GJYBX', 'HVAAR', 'WTMZW', 'GNDQJ']
['SURGB', 'MCVPN', 'QXETJ', 'NKEPZ', 'IYMNE', 'FIIIX', 'ZCMCP', 'AEXQY', 'NMWYK', 'HKSDK', 'LFYYV', 'STJMV', 'AAEBS', 'HAKPT', 'PSMNV', 'DUQLN', 'LJQBN', 'RKMOC', 'BBIGY', 'RVMXY', 'VNNEP', 'EWIJA', 'REFDA', 'RDCHE', 'HOCJP']
['ASGXO', 'IYGUJ', 'WZJYQ', 'LHFOM', 'FYSSP', 'QACAX', 'EAHZI', 'SMDTK', 'EGYBS', 'WAZOJ', 'VQTXV', 'AXICB', 'RFDDK', 'PPAYR', 'QMBKL', 'WTAGZ', 'JRNKY', 'RNMID', 'MIMWO', 'JJDHO', 'XVOGO', 'NTGQJ', 'ALNHK', 'BNPMH', 'PCOTH']
['UMQSO', 'UZTYA', 'FSIEJ', 'GUJWH', 'CRSZF', 'TJLUN', 'ZRLGV', 'OYLVF', 'RSFHX', 'EHCWU', 'BXGAG', 'VWLQP', 'IDOHH', 'XYABI', 'FIBZD', 'JPWDA', 'OPZLD', 'FMFZO', 'GJCQK', 'TDICM', 'KBDMG', 'PEIBF', 'KTXRI', 'LVMLT', 'BVKPC']
['UHFXM', 'RRDGL', 'CTLHM', 'JCTBB', 'LYFLA', 'FMMZU', 'PDNXQ', 'YYNPW', 'DBXJE', 'FWTXB', 'GPKTZ', 'OJTYX', 'NHZCJ', 'XQQNM', 'AQEWE', 'IPMBX', 'ZNEQL', 'PUWYW', 'VMRKJ', 'XOUQG', 'DAPHY', 'VVMSW', 'QJUJE', 'JMNIF', 'YQBLY']
['CASYZ', 'LCYZY', 'NLQQX', 'JCAYK', 'AEHLI', 'SEUJM', 'QLDQR', 'VHWPC', 'KSGPB', 'TJTMV', 'EXSFL', 'POYSB', 'GKOUL', 'HKBNA', 'RQZDB', 'PARXO']
['EPEAQ', 'GKPPL', 'OMNEY', 'ZXEUD', 'XMZUX', 'ADKIG']
['DWCIC', 'CALHI', 'FIUZZ', 'SLYUO', 'GAUGX']
['YTTKI', 'KDZDK', 'BCTKV', 'SACPU', 'PUJOM']
['QNXTS', 'WNBOI', 'OHEWR', 'DJQYY', 'YTXXV']
['TPIHD', 'FFZNI', 'ZSYGC', 'TLKIE', 'HDFES']
['GKLKQ', 'BKFQR', 'NLPHM', 'IEEVC', 'BXGFY']
['RMHZI', 'QSIZR', 'XQUPB', 'RCWOS', 'LYSRO']
['QSAIM', 'ZMCMD', 'AUIRW', 'CYVWU', 'QQCGU']
['GPHCZ', 'XYVAU', 'KGDBH', 'PADSR', 'VGWZF']
['REVQE', 'QFZCO', 'VNIQM', 'QYCKH', 'FKSNY']
