['PSZDK', 'RQZPM', 'LCHJI', 'KUMCW', 'OMYLR']
['VSPLU', 'XNYRJ', 'HAXVF', 'KENPF', 'FSTKF']
['CKHRK', 'HTJHJ', 'XBTFE', 'XUHAP', 'WSVIR']
['ZIJNW', 'OENWP', 'IBUGB', 'ZJNIT', 'CIPCP']
['GICKM', 'WHRVK', 'VXLZU', 'GLIPE', 'WJIWZ']
['XIDUV', 'YORBA', 'HNKDE', 'CFMPM', 'SKBJW']
['YNIQG', 'VTOZN', 'GEQFC', 'BBKUO', 'QQUYY']
['RDCTS', 'EGIIY', 'CLLNQ', 'PVVAV', 'SGTRH']
['QIZOX', 'OLFRP', 'LIGPC', 'TAHXC', 'XCTJB']
['UFVEC', 'VLQCW', 'JOZYK', 'NSDMC', 'ZPTPS']
['CPJBS', 'PLFWC', 'UJESQ', 'YFRIJ', 'UGKUC']
['ZUTJZ', 'PGHQU', 'JWSRE', 'BVCTY', 'NDLFM']
['DKSJV', 'PQDFC', 'KRWXO', 'UBCVC', 'LVBGW']
['GCQTP', 'IAADS', 'SVMGK', 'VQAKV', 'HATBR']
['FBWOW', 'DVRRV', 'QAOAR', 'ENWEP', 'HSIWG']
['CBNUD', 'VLEXY', 'IGUWL', 'ENKVR', 'OSLVS']
['WLCAR', 'EHHWX', 'KYKCO', 'ARMIC', 'VYDDY']
['ZEPYJ', 'APXMD', 'QYLAH', 'RCZHM', 'AHMRO']
['OKPQW', 'SROSJ', 'IZZTZ', 'NVSYK', 'EADHZ']
['WAQDW', 'CPTCX', 'BNYBV', 'ZJQQO', 'SJJMM']
['OCOQX', 'YBAFX', 'ZCVZT', 'MXBHP', 'RURLC']
['SMSHQ', 'AICHQ', 'WGGGP', 'PXCKJ', 'OVYUV']
['QIALM', 'PTRTD', 'FDGQA', 'FELNZ', 'FXFUX']
['DSUJE', 'XWMKT', 'FEUEQ', 'QCRLR', 'KDZKT']
['RFWKF', 'CIUZU', 'ZRVWH', 'ECNTU', 'RJIED']
['ZYPEK', 'GJRAV', 'VGUGP', 'VQDCT', 'TLZCG']
['RUYNY', 'FZQXE', 'BBVXC', 'THQAC', 'PQAHJ']
['KXUES', 'ABYHN', 'QGRPC', 'ACJRU', 'BPLLS']
['EHMWV', 'VXIFI', 'KHNJL', 'WDGCR', 'UJHDY']
['IAMKK', 'XGNPD', 'QBVUY', 'OZZTI', 'UDTFQ']
['MQDQQ', 'EOCJX', 'PKHDM', 'WUTXG', 'QGXZJ']
['ORRXP', 'WPGRW', 'PSVNQ', 'OTQON', 'XXRUC']
['ONQWA', 'MTCGB', 'YWCZV', 'VVCGQ', 'ALMIE']
['OKQTW', 'TNZEA', 'NUSHB', 'QVNNO', 'ACMPF']
['DLKKW', 'SIGOM', 'SEYUH', 'UHSWZ', 'PECLI']
['JEBNF', 'FGDHQ', 'IGQNP', 'QCHPG', 'CQBIT']
['AWDBE', 'LIQGP', 'BWWYB', 'INTFC', 'SGXHX']
['ZNMAJ', 'JTHWI', 'UCQZE', 'LYGHF', 'ZHVLK']
['DFVZW', 'NCDJQ', 'DBIOJ', 'SAVNS', 'PABIC']
['UCLPW', 'KGIPC', 'GZQDO', 'DUAEB', 'VNVFZ']
['FXUHH', 'VPSEI', 'XBSXA', 'OQSOU', 'BGOJW']
['IVZGD', 'QUECI', 'RMJIF', 'UZKCN', 'OUQMM']
['HGJEC', 'VATRQ', 'FJPVZ', 'CKFJL', 'SFQST']
['CIILB', 'GNCHO', 'YJPCO', 'TBZDI', 'VBRPO']
['IKHTD', 'MEKWP', 'VGCRP', 'MYAVD', 'YQSUZ']
['SZXFW', 'WJAIQ', 'HWSJL', 'CCNPM', 'GAEKQ']
['HFDOF', 'MXMMA', 'CBJEL', 'OAGEZ', 'VWJWK']
['BTWAZ', 'SPHAJ', 'FZRBE', 'XXFSV', 'MRXML']
['YXPNV', 'XFNKQ', 'LPHWP', 'FVYLB', 'ZQDIP']
['OJGET', 'ETYTK', 'OXRDD', 'DKHZJ', 'JQBSO']
['YJCIZ', 'QSVBC', 'EYFRR', 'FCWUA', 'KSCIB']
['EAEIR', 'BPZOY', 'YWPLR', 'ALXRH', 'CSQHY']
['DVLFX', 'XUYPR', 'XEEVL', 'LBKGE', 'TTIDN']
['TVCFA', 'YQPNL', 'EBLCO', 'VFFHE', 'RMUXW']
['QPVND', 'NLRBO', 'SGRXP', 'NSAJQ', 'JHGWB']
['GVYUW', 'QGGOH', 'CUUFQ', 'FCJLJ', 'HNXEZ']
['IRAUO', 'VIPLF', 'MWVBQ', 'PKBGA', 'EAITX']
['RWZXF', 'HCVBR', 'QECFT', 'TKJBK', 'NWAHL']
['UGVLA', 'JCOPI', 'UHOTV', 'JXGHX', 'ERTVL']
['WAHPX', 'QNUDR', 'WTGUO', 'WNYYG', 'CIOFH']
['JAFZN', 'IGAXC', 'TAIVA', 'GUDYJ', 'KPECP']
['DSQUZ', 'AILUZ', 'UQKOV', 'KCHSD', 'QYWKX']
['FZBVB', 'IZMEQ', 'WOIJX', 'GOXXP', 'CHIJG']
['CVNCZ', 'AGDTK', 'EWNSH', 'TKYGG', 'BNJLP']
['JMYIA', 'XBLXM', 'VATKD', 'BJTHH', 'EFKRH']
['MIKDS', 'NSTKH', 'AXQPJ', 'GWJWE', 'WWYEF']
['TBPZM', 'LSZMU', 'OVYDG', 'WCFRY', 'AWUBI']
['DFBMK', 'KEMJT', 'IXMQO', 'SHLYA', 'SYIZZ']
['ERQBP', 'OXRUQ', 'TUSMK', 'QQXNO', 'NKCOJ']
['RUGKU', 'WUCQA', 'KQUJH', 'HXXMK', 'ZBJTS']
['KXMSB', 'TFWCC', 'XAOMD', 'DCJPL', 'QSYML']
['LNIAF', 'ZJPJO', 'SRFIJ', 'HKVZW', 'UHYVL']
['SRUUN', 'IRNCA', 'TFGVT', 'TEFPC', 'TYMOI']
['NHQWU', 'RJDRX', 'ZLQYF', 'QBZQQ', 'CIBMR']
['TFEWH', 'GBGAG', 'BLHOQ', 'BEIFF', 'MESKQ']
