['477', '16', '483', '337', '357', '188', '358', '250', '418', '470', '71', '164', '433', '197', '135', '288', '110', '363', '417', '274', '28', '381', '317', '194', '410', '347', '476', '484', '239', '38', '168', '390', '237', '371', '451', '255', '85', '116', '367']
['253', '401', '181', '138', '467', '95', '478', '25', '437', '9', '499', '187', '279', '180', '409', '315', '402', '183', '354', '155', '349', '424', '335', '257', '112', '2', '307', '380', '171', '324', '457', '449', '326', '378', '61', '475', '273', '340', '161']
['434', '379', '48', '485', '421', '172', '313', '398', '267', '128', '97', '336', '282', '366', '375', '33', '396', '178', '165', '173', '314', '493', '40', '58', '393', '219', '416', '454', '321', '65', '407', '474', '227', '158', '466', '462', '350', '332', '162']
['312', '132', '290', '190', '212', '12', '304', '31', '435', '191', '78', '388', '42', '64', '309', '76', '369', '248', '200', '292', '276', '464', '8', '20', '117', '373', '486', '217', '4', '465', '341', '262', '463', '261', '75', '93', '234', '223', '103']
['482', '263', '414', '345', '207', '52', '90', '218', '460', '91', '160', '122', '233', '448', '222', '192', '127', '411', '198', '316', '456', '147', '260', '275', '286', '115', '308', '389', '268', '228', '243', '94', '49', '306', '37', '392', '355', '439', '205']
['264', '98', '105', '240', '444', '121', '430', '415', '339', '80', '453', '129', '62', '459', '333', '285', '427', '382', '153', '245', '221', '270', '385', '458', '44', '436', '176', '53', '225', '55', '152', '271', '377', '291', '84']
['386', '246', '397', '438', '14', '43', '391', '120', '13', '189', '480', '295', '322', '36', '18', '254', '230', '206', '113', '210', '302', '431', '351', '320', '148', '394', '252', '66', '244', '293', '24', '15', '283', '492', '220']
['405', '124', '201', '57', '174', '428', '69', '54', '67', '56', '39', '34', '384', '413', '471', '10', '213', '141', '450', '360', '342', '489', '301', '151', '318', '140', '376', '27', '473']
['331', '29', '383', '426', '325', '111', '423', '32', '23', '365', '294', '215', '179', '46', '77', '356', '498', '443', '214', '412', '249', '278', '247', '432', '372', '100', '87', '150', '59']
['154', '118', '387', '319', '359', '299', '195', '144', '73', '30', '241', '395', '488', '461', '70', '419', '446', '35', '143', '226', '50']
['119', '238', '159', '277', '19', '297', '348', '400', '149', '266', '114', '107', '169', '258', '399', '137', '157', '82', '259']
['102', '83', '51', '280', '145', '224', '216', '88', '447', '92', '193', '374', '21', '284', '209', '445', '353', '186']
['229', '63', '108', '5', '494', '123', '310', '125', '89', '495', '352', '487', '199', '231', '6', '106', '479']
['17', '429', '60', '196', '81', '130', '408', '166', '211', '265', '441', '26', '204', '131', '163', '0']
['134', '364', '146', '242', '343', '361', '96', '330', '311', '269', '403', '184', '442', '177']
['496', '289', '1', '79', '420', '7', '3', '235', '469', '11', '406', '481']
['136', '167', '303', '41', '468', '236', '287', '328', '109', '47', '368', '22']
['99', '298', '490', '323', '440', '175', '256', '370', '329', '45', '101']
['182', '327', '68', '156', '251', '455', '362', '232', '452']
['422', '185', '425', '142', '72', '170', '126', '133', '281']
['74', '346', '497', '305', '86', '300', '296', '334', '202']
['338', '104', '344', '491', '203', '208', '272', '404', '472', '139']
