['383', '114', '357', '14', '359', '97', '111', '31', '64', '113', '217', '260', '308', '70', '79', '219', '247', '237', '75', '51', '332', '377']
['361', '174', '212', '23', '327', '258', '296', '126', '115', '382', '194', '208', '245', '360', '371', '143', '270', '5', '326', '185', '47', '350']
['386', '68', '325', '128', '202', '396', '388', '294', '89', '46', '18', '110', '183', '117', '17', '394', '94', '63', '44', '107', '116', '84']
['253', '364', '267', '131', '256', '108', '365', '104', '142', '34', '125', '175', '99', '182', '346', '167', '153', '92', '171', '323', '376', '272']
['379', '277', '319', '266', '269', '54', '127', '62', '198', '341', '351', '243', '231', '150', '196', '49', '86', '156', '330', '273', '93', '103']
['118', '290', '204', '193', '336', '133', '144', '136', '178', '30', '164', '236', '232', '36', '163', '230', '214', '347', '213', '35', '342', '226']
['238', '242', '345', '282', '12', '353', '78', '91', '369', '395', '155', '317', '10', '88', '262', '329', '53', '224', '152', '374', '284', '223']
['98', '124', '366', '299', '358', '250', '305', '145', '135', '235', '102', '8', '274', '173', '275', '168', '45', '244', '1', '318', '220', '340']
['60', '69', '43', '9', '229', '279', '39', '215', '292', '316', '335', '297', '249', '348', '239', '169', '380', '301', '140', '355', '205', '333']
['331', '132', '263', '387', '181', '240', '287', '57', '56', '122', '80', '399', '206', '166', '389', '320', '2', '141', '307', '66', '59', '281']
['264', '159', '29', '207', '397', '328', '22', '304', '25', '130', '295', '309', '200', '248', '302', '257', '221', '161', '50', '41', '203', '265']
['400', '201', '398', '13', '197', '356', '254', '363', '268', '393', '293', '146', '24', '15', '378', '283', '151', '27', '362', '157', '101', '271']
['154', '52', '72', '218', '95', '199', '375', '391', '259', '42', '160', '19', '192', '129', '288', '373', '83', '96', '58', '228', '321', '261']
['16', '344', '138', '190', '90', '3', '241', '276', '134', '82', '170', '106', '74', '349', '4', '300', '7', '278', '109', '148', '55', '306']
['246', '188', '139', '339', '180', '233', '76', '211', '179', '77', '354', '210', '381', '216', '368', '343', '65', '37', '61', '26', '112', '291']
['298', '105', '352', '184', '73', '289', '165', '322', '137', '384', '285', '314', '311', '38', '370', '252', '119', '149', '251', '227', '162', '334']
['372', '100', '191', '33', '120', '286', '48', '123', '176', '225', '186', '222', '255', '234', '67', '11', '367', '20']
['312', '87', '209', '147', '385', '28', '81', '303', '187', '71', '172', '310', '313', '158', '177', '121', '21', '6', '195', '390']
['338', '324', '280', '337', '392', '315']
['40', '189', '32', '85']
