['Ebba', 'McCullough', 'Chaddie', 'Biggs', 'Tutankhamen', 'Balcer', 'Midian', 'Rooke', 'Shelbi', 'Rik', 'Fitz', 'Costin', 'Kudva', 'Oakes', 'Mathur', 'Moyers', 'Australia', 'Lentha', 'Carter', 'Tonya', 'Darrow', 'Mushro', 'Saylor', 'Yasu', 'Ruhnke', 'Fidelio', 'Meingolda', 'Desi', 'Polish', 'Adolphus', 'Holms', 'Adaurd', 'Oscar', 'Lynett', 'Janenna', 'Glenn']
['Cristoforo', 'Cicely', 'Tavy', 'Blondell', 'Antonetta', 'Marijo', 'Crean', 'Eleni', 'Love', 'Delila', 'Matthew', 'Placido', 'Bello', 'Brittnee', 'Jeniece', 'Dole', 'Noyes', 'Auroora', 'Haldane', 'Ashling', 'Elmira', 'Verras', 'Ursola', 'Birck', 'Shannah', 'Sievert', 'Mitchiner', 'Reste', 'Ragland', 'Woo', 'Sosanna', 'Debera', 'Jobyna', 'Hawger', 'Kassi', 'Janaya']
['Prebo', 'Fausta', 'Vonni', 'Delinda', 'Sinnard', 'Pippo', 'Druce', 'Halimeda', 'Felise', 'Wistrup', 'Milore', 'Arianna', 'Arel', 'Cyd', 'Larson', 'Lou', 'Dowlen', 'Watson', 'Flemming', 'Worlock', 'Krystalle', 'Thorman', 'Jenness', 'Manaker', 'Balliett', 'Clere', 'Clymer', 'Hillegass', 'Hayyim', 'Masterson', 'Tuttle', 'Gunn', 'Merola', 'Summons', 'Holofernes', 'Uchida']
['Danais', 'Minda', 'Tiphane', 'Quitt', 'Lyle', 'Bui', 'Fokos', 'Utas', 'Lamb', 'Groh', 'Gloriana', 'Hanway', 'Jimmy', 'Fillender', 'Florentia', 'Flo', 'Dare', 'Alvinia', 'Smukler', 'Groos', 'Saxen', 'Sandstrom', 'Karie', 'Eldwen', 'Bluhm', 'Tennes', 'Plantagenet', 'Nisse', 'Mikol', 'Blasius', 'Catherin', 'Weirick', 'Nance', 'Wing', 'Fadiman', 'Kronick']
['Fruin', 'Tay', 'Formenti', 'Faunia', 'Bhayani', 'Hamlin', 'Roanna', 'Astto', 'Gwenette', 'Erlewine', 'Buxton', 'Chemush', 'Darsie', 'Fast', 'Dumas', 'Griswold', 'Barby', 'Hermon', 'Ebneter', 'Wunder', 'Earlene', 'Foulk', 'Acacia', 'Gombosi', 'Cardwell', 'Melda', 'Lauree', 'Katzir', 'Mokas', 'Robbin', 'Buckler', 'Jenkel', 'Merth', 'Coh', 'Ottinger', 'Gerianne']
['Ciapas', 'Dott', 'Elihu', 'Hotze', 'Questa', 'Pinto', 'Ainslee', 'Ardys', 'Emelita', 'Kimon', 'Barsky', 'Latimer', 'Hudis', 'Sachi', 'Felicie', 'Grimona', 'Sandeep', 'Hatch', 'Janerich', 'Pryce', 'Jorgenson', 'Higgs', 'Damon', 'Zandt', 'Carlick', 'Japeth', 'Koetke', 'Pappas', 'Holton', 'Toh', 'Ng', 'Selma', 'Ardehs', 'Franek', 'Nari', 'Grochow']
['Danna', 'Cavallaro', 'Barnett', 'Lindell', 'Dotson', 'Udell', 'Avril', 'Willetta', 'Salomi', 'Gowrie', 'Letta', 'Vesta', 'Elberta', 'Hittel', 'Corkhill', 'Saudra', 'Cheria', 'Leiser', 'Akeyla', 'Busey', 'Safire', 'Tillford', 'Sumer', 'Marilou', 'Elburr', 'Deni', 'Hakim', 'Dela', 'Bran', 'Beaver', 'Monahan', 'Ferullo', 'Zelma', 'Girardo', 'Flieger', 'Sigsmond']
['Zobe', 'McClimans', 'Ber', 'Chae', 'Berneta', 'Hillel', 'Uta', 'Cal', 'Farro', 'Kaufmann', 'Joed', 'Myrvyn', 'Winer', 'Jason', 'Caines', 'Virginia', 'Cerracchio', 'Fifine', 'Padget', 'Schnabel', 'Yim', 'Gillian', 'Chancellor', 'Kinzer', 'Lenhart', 'Danita', 'Firman', 'Yerxa', 'Cutty', 'Knute', 'Nicolis', 'Bernj', 'Favian', 'Dietrich', 'Tine', 'Beebe']
['Minier', 'Klapp', 'Kanya', 'Jillana', 'Scherman', 'Jehiel', 'Griffin', 'Stearns', 'Alf', 'Basso', 'Shepp', 'Matthaeus', 'Ursi', 'Bounds', 'Cherry', 'Karlise', 'Rodolphe', 'Fabrice', 'Hook', 'Perloff', 'Nestor', 'Behlau', 'Rani', 'Dedric', 'Larry', 'Nanette', 'Converse', 'Newton', 'Jestude', 'Turrell', 'Cloots', 'Charin', 'Nath', 'Benilda', 'Starinsky', 'Holey']
['Binette', 'Berner', 'Rhonda', 'Shelby', 'Evangeline', 'Pontius', 'Hankins', 'Lawler', 'Edrick', 'Marina', 'Eilis', 'Saville', 'Vikky', 'Ches', 'Ammadis', 'Micheal', 'McKinney', 'Shanly', 'Yarvis', 'Candyce', 'Harmony', 'Lamson', 'Harland', 'Woodhead', 'Donn', 'Aviv', 'Epstein', 'Ruyle', 'Livingston', 'Henrique', 'Tessy', 'Paulita', 'Atkins', 'Raynor', 'Towne', 'Neveda']
['Odin', 'Gibun', 'Dett', 'Osrick', 'Kerwon', 'Dulcea', 'McIntosh', 'Hett', 'Freddy', 'Derril', 'Raul', 'McCoy', 'Lotus', 'Wight', 'Hadleigh', 'Durante', 'Bevon', 'Nafis', 'Uzzia', 'Wendye', 'Bruns', 'Adriane', 'Norean', 'Dearman', 'Velda', 'Prince', 'Hako', 'Kylah', 'Melburn', 'Coumas', 'Risteau', 'Demetria', 'Margeaux', 'Maye']
['Dimitry', 'Proudfoot', 'Hardej', 'Neille', 'Marijn', 'Kerianne', 'Puklich', 'Danuloff', 'Rocray', 'Nessy', 'Les', 'Till', 'Winebaum', 'Baldridge', 'Grath', 'Ultun', 'Neva', 'Leanna', 'Feinstein', 'Renick', 'Cristiona', 'Ginzburg', 'Fairfax', 'Serafine']
['Ludovico', 'Augustina', 'Eudocia', 'Ratcliffe', 'Ashman', 'Doroteya', 'Cataldo', 'Colly', 'Celestyn', 'Swanhilda', 'Jessalin', 'Everick', 'Shea', 'Davidde', 'Harriet', 'Hannover', 'Vaish', 'Hong']
['Lunetta', 'Kile', 'Stephenson', 'Ted', 'Javler', 'Fredkin', 'Won', 'Ubana', 'Crompton', 'Meras', 'Schreck', 'Lombardi', 'Rombert', 'Mansoor', 'Volkan']
['Vevay', 'Derinna', 'Jori', 'Ace', 'Mauchi', 'Emelia', 'Enid', 'Tristam', 'Clovah', 'Karon', 'Lorilyn', 'Leod', 'Morville', 'Willis', 'Mackenzie']
['Sheeran', 'Ferro', 'Melisa', 'Galligan', 'Halstead', 'Nannette', 'Antonino', 'Eno', 'Maude']
['Brazee', 'Anuska', 'Carrillo', 'Burkhart', 'Lacy', 'Utica']
['Tarkany', 'Moonier', 'Balling', 'Montagna', 'Lux']
['Girovard', 'Lynnelle', 'Emmer', 'Clea']
['Billy', 'Rue', 'Maribel', 'Genie', 'Lenes', 'Ashford', 'Agosto', 'Lon', 'Klute', 'Malo']
