['0', '96', '347', '319', '262', '357', '278', '128', '245', '320', '304', '25', '120', '24', '18', '367', '339', '323', '301', '251', '392', '322', '46', '126', '183']
['182', '242', '68', '181', '3', '269', '360', '32', '100', '87', '324', '51', '378', '233', '34', '200', '158', '355', '296', '175', '220', '333', '377', '101', '334']
['312', '132', '159', '310', '114', '341', '57', '366', '6', '299', '66', '31', '358', '146', '56', '365', '176', '86', '53', '241', '203', '292', '340', '82', '265']
['298', '335', '124', '317', '266', '393', '131', '370', '184', '163', '221', '186', '144', '396', '160', '30', '122', '61', '37', '64', '215', '255', '284', '206', '110']
['113', '346', '274', '214', '280', '88', '40', '90', '219', '199', '328', '35', '67', '54', '11', '202', '119', '261', '19', '227', '129', '395', '356', '223', '74']
['349', '286', '297', '29', '166', '345', '194', '153', '109', '92', '193', '2', '282', '390', '281', '42', '150', '108', '15', '41', '187', '248', '350', '230', '84']
['173', '28', '302', '172', '58', '52', '398', '72', '397', '12', '133', '191', '321', '178', '180', '309', '125', '140', '192', '26', '362', '116', '288', '177', '363']
['154', '167', '115', '383', '337', '311', '287', '204', '352', '73', '63', '136', '50', '343', '13', '1', '330', '145', '93', '222', '27', '198', '235', '332', '162']
['17', '99', '277', '275', '48', '303', '387', '300', '70', '141', '368', '243', '22', '139', '94', '9', '327', '91', '226', '326', '165', '225', '374', '137', '354']
['316', '238', '384', '147', '348', '257', '10', '38', '174', '231', '69', '111', '259', '78', '385', '130', '152', '369', '236', '376', '234', '258', '36', '102', '134']
['338', '373', '196', '118', '16', '4', '283', '295', '76', '79', '224', '127', '353', '197', '85', '394', '195', '170']
['229', '331', '253', '83', '329', '382', '308', '142', '273', '151', '268', '179', '267', '135', '247', '336']
['244', '264', '45', '209', '81', '314', '318', '216', '89', '107', '169', '95', '21', '315', '8', '188']
['388', '305', '60', '285', '381', '98', '389', '240', '138', '201', '62', '228', '121', '168', '254']
['372', '386', '44', '279', '105', '344', '290', '294', '246', '351', '148', '306', '157', '161', '391']
['293', '171', '5', '260', '49', '361', '189', '342', '313', '80', '232', '399', '291', '271', '371']
['117', '143', '14', '217', '39', '7', '208', '272', '47', '205', '375', '276', '43', '252']
['210', '270', '185', '123', '65', '71', '164', '211', '55', '112', '307', '33', '20', '237']
['23', '364', '263', '75', '104', '249', '207', '149', '239', '190', '213', '256', '155', '380']
['250', '379', '289', '156', '59', '325', '106', '218', '77', '212', '97', '359', '103']
