['663', '169', '253', '279', '358', '68', '394', '105', '409', '181', '250', '210', '392', '104', '353', '634', '230', '434', '77', '519', '244', '158', '27', '619', '500', '581', '260', '724', '282', '458', '621', '363', '469', '339', '300', '687', '507', '48', '189', '436', '545', '572', '388', '338', '523', '650', '331', '144', '304', '183', '713', '124', '85', '711', '516', '266', '563', '630', '311', '171', '647', '73']
['699', '236', '245', '580', '705', '417', '410', '538', '53', '261', '255', '652', '202', '377', '608', '15', '322', '476', '29', '205', '395', '683', '103', '182', '368', '146', '422', '406', '397', '704', '562', '470', '522', '455', '405', '314', '293', '61', '19', '22', '696', '586', '654', '362', '153', '258', '196', '123', '271', '14', '565', '63', '633', '248', '561', '501', '616', '366', '161', '403', '456', '190']
['537', '525', '96', '321', '627', '327', '249', '3', '668', '197', '485', '589', '187', '550', '242', '546', '416', '115', '295', '225', '719', '450', '715', '564', '588', '206', '579', '336', '218', '578', '46', '549', '133', '444', '553', '541', '568', '23', '643', '706', '508', '51', '332', '671', '127', '457', '622', '343', '354', '235', '488', '112', '57', '119', '506', '136', '414', '201', '726', '252', '411', '503']
['66', '233', '134', '620', '18', '283', '167', '357', '120', '214', '307', '174', '148', '31', '118', '137', '599', '557', '286', '419', '135', '576', '495', '727', '399', '78', '533', '373', '603', '641', '468', '344', '548', '264', '555', '56', '81', '101', '28', '478', '184', '203', '526', '294', '464', '62', '12', '431', '372', '302', '70', '243', '714', '494', '665', '547', '690', '72', '273', '680', '186', '498']
['220', '451', '604', '644', '716', '178', '113', '55', '305', '467', '685', '116', '556', '49', '365', '558', '415', '535', '629', '156', '684', '483', '577', '421', '435', '618', '379', '139', '552', '26', '43', '433', '380', '480', '34', '418', '528', '527', '41', '531', '441', '269', '491', '111', '438', '461', '102', '267', '16', '33', '701', '371', '623', '247', '367', '655', '670', '229', '256', '712', '402', '694']
['667', '360', '227', '80', '4', '452', '88', '656', '660', '542', '539', '76', '170', '219', '275', '645', '601', '625', '383', '297', '676', '425', '583', '165', '79', '347', '317', '628', '145', '364', '228', '649', '481', '106', '204', '335', '674', '691', '446', '21', '591', '292', '401', '384', '141', '559', '390', '721', '361', '605', '93', '595', '638', '648', '126', '571', '407', '521', '289', '192', '284', '592']
['131', '108', '309', '413', '240', '443', '700', '624', '349', '382', '517', '333', '709', '140', '58', '342', '188', '587', '646', '91', '177', '0', '465', '64', '99', '613', '707', '560', '460', '350', '345', '152', '381', '20', '497', '86', '50', '725', '626', '341', '272', '651', '346', '59', '566', '602', '241', '265', '151', '404', '551', '330', '288', '254', '502', '150', '496', '9', '13', '606', '231', '688']
['375', '447', '32', '632', '213', '67', '471', '251', '703', '427', '277', '175', '193', '657', '664', '509', '290', '39', '87', '396', '499', '147', '44', '128', '130', '191', '429', '544', '312', '328', '393', '689', '593', '207', '223', '439', '575', '378', '274', '672', '376', '211', '69', '215', '114', '532', '574', '449', '110', '24', '569', '1', '278', '442', '154', '658', '536', '280', '420', '662', '121', '98']
['65', '36', '246', '437', '554', '479', '82', '71', '570', '637', '95', '94', '8', '514', '291', '710', '285', '129', '208', '609', '2', '466', '89', '308', '180', '166', '661', '195', '35', '100', '659', '298', '426', '325', '505', '529', '428', '389', '585', '172', '448', '398', '132', '262', '263', '281', '474', '596', '669', '611', '370', '157', '454', '530', '385', '138', '472', '453', '176', '17', '198', '512']
['681', '702', '90', '492', '276', '598', '640', '238', '351', '612', '239', '482', '310', '677', '155', '374', '518', '216', '164', '717', '567', '315', '143', '84', '675', '324', '11', '117', '226', '259', '594', '693', '270', '37', '303', '534', '296', '686', '299', '237', '590', '698', '511', '107', '432', '316', '642', '257', '287', '340', '168', '387', '400', '160', '334', '352', '6', '722', '697', '149', '424', '323']
['493', '306', '513', '573', '369', '54', '423', '459', '445', '329', '173', '520', '615', '45', '163', '355', '639', '326', '125', '430', '221', '212', '109', '159', '582', '653', '635', '489', '47', '199', '142', '475', '337', '631', '356', '209', '487', '682', '408', '122', '543', '301', '673', '83', '313', '30', '200', '473', '412', '38', '7', '320', '92', '679', '490', '607', '185', '486', '484', '504']
['718', '692', '584', '268', '600']
['179', '359', '524', '597']
['614', '723', '60', '74']
['222', '636', '217']
['232', '25']
['234', '318']
['97', '42']
['386', '52']
['540']
['610']
['617']
['678']
['75']
['708']
['194']
['10']
['515']
['440']
['224']
['462']
['695']
['463']
['5']
['477']
['40']
['666']
['720']
['348']
['162']
['391']
['319']
['510']
