['743', '451', '424', '120', '249', '275', '58', '668', '193', '205', '129', '459', '727', '368', '295', '466', '89', '77', '704', '544', '738', '173', '158', '723', '264', '216', '20', '418', '708', '272', '41', '337', '303', '696', '594', '574', '23', '643', '386', '179', '695', '569', '666', '343', '673', '454', '40', '171', '252', '512']
['36', '178', '68', '573', '742', '0', '137', '746', '202', '90', '15', '710', '318', '250', '423', '683', '509', '416', '684', '429', '614', '661', '522', '393', '155', '56', '389', '747', '672', '300', '481', '693', '464', '651', '259', '153', '110', '508', '487', '565', '247', '200', '605', '266', '547', '412', '490', '176', '456', '425']
['220', '644', '236', '169', '307', '637', '403', '613', '608', '181', '297', '242', '707', '676', '79', '347', '350', '27', '603', '588', '166', '260', '677', '593', '553', '221', '380', '211', '346', '10', '531', '526', '59', '631', '404', '330', '122', '287', '162', '42', '9', '561', '655', '280', '185', '546', '192', '662', '121', '323']
['233', '735', '253', '283', '513', '53', '306', '709', '67', '8', '625', '629', '450', '460', '130', '406', '308', '562', '564', '239', '628', '145', '345', '584', '552', '223', '355', '750', '159', '34', '341', '11', '142', '12', '431', '448', '132', '151', '97', '462', '144', '457', '1', '85', '611', '595', '186', '149', '498', '411']
['667', '663', '712', '537', '716', '437', '246', '538', '342', '587', '599', '276', '29', '495', '87', '391', '329', '373', '435', '482', '310', '325', '426', '139', '529', '101', '717', '527', '674', '585', '241', '372', '491', '686', '265', '331', '650', '682', '701', '301', '665', '736', '617', '400', '161', '222', '484', '402', '98', '503']
['681', '580', '108', '32', '554', '82', '116', '570', '219', '660', '140', '703', '409', '745', '91', '657', '182', '146', '577', '100', '421', '317', '312', '35', '374', '344', '621', '639', '348', '339', '48', '475', '73', '706', '258', '338', '70', '523', '243', '633', '361', '93', '38', '486', '7', '690', '17', '201', '647', '540']
['245', '240', '452', '624', '382', '465', '3', '94', '377', '197', '419', '550', '576', '104', '208', '560', '533', '612', '615', '206', '298', '328', '282', '548', '212', '480', '649', '430', '381', '315', '22', '441', '602', '730', '270', '362', '52', '332', '107', '224', '263', '16', '597', '432', '33', '559', '496', '670', '453', '726']
['753', '752', '493', '610', '65', '620', '305', '55', '656', '349', '542', '49', '471', '177', '492', '64', '395', '115', '39', '434', '364', '618', '46', '163', '505', '26', '737', '293', '234', '164', '376', '184', '37', '117', '226', '438', '196', '384', '271', '5', '711', '494', '371', '157', '488', '756', '501', '119', '72', '229']
['375', '604', '360', '557', '269', '4', '705', '357', '467', '479', '740', '394', '333', '148', '365', '646', '285', '244', '634', '230', '44', '445', '583', '165', '600', '659', '724', '468', '549', '81', '567', '489', '199', '69', '189', '203', '748', '335', '172', '62', '636', '534', '262', '511', '354', '473', '516', '319', '530', '190']
['447', '66', '227', '699', '80', '410', '417', '18', '556', '71', '214', '174', '213', '118', '105', '601', '187', '664', '609', '78', '147', '510', '379', '689', '440', '653', '555', '378', '582', '687', '106', '725', '294', '654', '572', '449', '111', '446', '21', '183', '692', '390', '168', '268', '150', '13', '680', '697', '532', '61']
['134', '96', '358', '413', '167', '443', '627', '369', '558', '652', '734', '589', '383', '476', '210', '640', '238', '156', '422', '719', '180', '581', '444', '469', '751', '507', '324', '675', '74', '296', '590', '591', '356', '124', '267', '713', '316', '141', '622', '63', '257', '744', '235', '741', '536', '571', '718', '606', '478', '592']
['309', '732', '113', '700', '261', '76', '95', '255', '170', '188', '322', '277', '175', '485', '733', '135', '103', '392', '477', '290', '720', '2', '128', '191', '579', '336', '152', '228', '109', '274', '19', '215', '114', '566', '731', '551', '254', '714', '313', '83', '623', '370', '524', '563', '648', '407', '472', '506', '504', '43']
['525', '75', '685', '88', '327', '539', '131', '232', '427', '415', '99', '251', '54', '286', '598', '519', '353', '499', '225', '578', '133', '575', '497', '541', '50', '528', '84', '436', '515', '678', '586', '545', '398', '749', '302', '237', '51', '292', '209', '14', '30', '248', '385', '154', '334', '463', '359', '6', '679', '231']
['694', '517', '291', '755', '399', '396', '715', '351', '25', '195', '470', '641', '500', '619', '45', '439', '518', '326', '728', '405', '314', '729', '28', '47', '568', '143', '461', '123', '194', '401', '596', '669', '278', '543', '340', '112', '367', '630', '739', '320', '658', '160', '366', '607', '414', '289', '521', '284', '198', '754']
['86', '321', '635', '279', '626', '299', '388', '645', '363', '535', '102', '24', '281', '698', '474', '288', '304', '408', '127', '502', '420', '442', '483', '397', '387', '57', '138', '126', '217', '458', '92', '273', '722', '428', '311', '256', '207', '642', '721', '125']
['671', '136', '204', '514', '616']
['31', '60', '691', '218', '433']
['352', '688', '520', '455']
['638', '702']
['632']
