['aye', 'axo', 'bji', 'bed', 'aid', 'adn', 'axy', 'ahu', 'ada', 'agd', 'bhl', 'ayi', 'aaj', 'aig', 'bkk', 'abb', 'auq', 'bls', 'axf', 'bgn', 'ahl', 'bcq', 'biy', 'aoo', 'blk', 'aza', 'bad', 'abp', 'ayo', 'aww', 'aum', 'bgw', 'apq', 'avv', 'aze', 'bko', 'ben', 'adg', 'aef', 'bcn', 'axe', 'ajg', 'blu', 'aev', 'ayj', 'bhz', 'aak', 'ahc', 'bbc', 'amj']
['axv', 'aqh', 'ahn', 'biq', 'aiq', 'bgi', 'att', 'asc', 'bcv', 'biv', 'awk', 'bix', 'bgz', 'bld', 'azm', 'bbi', 'bkr', 'abw', 'aon', 'bfi', 'asb', 'ayk', 'bfx', 'axk', 'bam', 'aqy', 'bep', 'aex', 'arw', 'avy', 'bjy', 'aiu', 'axl', 'ayn', 'ano', 'bbw', 'bax', 'ahv', 'aqw', 'atv', 'bhq', 'azp', 'bal', 'aei', 'baj', 'adm', 'bki', 'axr', 'ars', 'ass']
['amr', 'bcc', 'acr', 'bdz', 'aym', 'akz', 'aoz', 'arb', 'bbm', 'afp', 'aou', 'ayz', 'aqv', 'bfo', 'acg', 'ajh', 'anu', 'axs', 'afw', 'akb', 'apa', 'aof', 'aki', 'aag', 'agw', 'aol', 'add', 'bjg', 'bmb', 'bdt', 'all', 'aje', 'aaq', 'bgk', 'adr', 'asl', 'bdc', 'bkb', 'adt', 'bbq', 'acm', 'bio', 'bib', 'bgl', 'afr', 'ajz', 'bjn', 'atm', 'alk', 'ahm']
['apl', 'bkj', 'awd', 'ajm', 'aae', 'ajv', 'ait', 'ajf', 'awy', 'bgh', 'bkw', 'ahi', 'arj', 'ava', 'azf', 'bai', 'aij', 'aqr', 'asg', 'arn', 'acw', 'bbj', 'bdp', 'amc', 'aly', 'bas', 'azj', 'ase', 'aft', 'bjf', 'bjm', 'ayb', 'bfc', 'bec', 'aul', 'asn', 'bgr', 'bje', 'ajd', 'bcr', 'blc', 'anh', 'asu', 'bgc', 'aby', 'bdn', 'beb', 'agn', 'acp', 'aja']
['aiy', 'bfn', 'aen', 'arc', 'abl', 'aim', 'bhp', 'aph', 'avb', 'bda', 'ade', 'acv', 'blz', 'ahp', 'aux', 'awr', 'afj', 'acy', 'bab', 'abe', 'amx', 'axg', 'akf', 'apm', 'bjd', 'aob', 'bfb', 'bfl', 'ati', 'ake', 'bgm', 'avm', 'ajw', 'ahw', 'auw', 'aed', 'bkt', 'anq', 'bfp', 'bma', 'awu', 'bcy', 'bkg', 'asf', 'aod', 'ans', 'bbv', 'aai', 'bme', 'bdf']
['abs', 'bht', 'ays', 'arp', 'bew', 'aem', 'arq', 'afa', 'ble', 'amf', 'bgp', 'bgt', 'ana', 'bjz', 'aaz', 'aoc', 'ajo', 'aks', 'blg', 'bir', 'aln', 'bea', 'bik', 'bmj', 'asa', 'apo', 'akk', 'bce', 'avr', 'biu', 'bie', 'ahx', 'awv', 'agg', 'aud', 'aqu', 'amy', 'ajj', 'aua', 'avn', 'bae', 'bks', 'akj', 'aci', 'axx', 'azo', 'amo', 'ais', 'ajs', 'aiw']
['abg', 'agr', 'bgf', 'azx', 'abj', 'ave', 'akr', 'avt', 'bby', 'atr', 'bdq', 'aqa', 'blb', 'ayu', 'ajq', 'ame', 'avz', 'akl', 'aur', 'ajx', 'afk', 'awx', 'aoh', 'atz', 'ail', 'alu', 'bbs', 'ajr', 'avh', 'ask', 'abu', 'bcd', 'ayl', 'aao', 'bdk', 'bin', 'aii', 'ayw', 'azk', 'alg', 'aer', 'aff', 'akp', 'agv', 'aru', 'bbp', 'awi', 'adq', 'bkz', 'bhk']
['aga', 'aug', 'aue', 'bcm', 'aey', 'beh', 'bee', 'arx', 'azv', 'bay', 'bcu', 'bdw', 'aqf', 'alp', 'abm', 'ahe', 'bei', 'asx', 'adu', 'awl', 'auk', 'atw', 'bcj', 'aeq', 'axn', 'bck', 'bfk', 'abk', 'aht', 'bhi', 'bba', 'bca', 'ary', 'azn', 'aoj', 'atg', 'aos', 'bkl', 'aws', 'aqp', 'aov', 'aaf', 'bkn', 'bdg', 'agm', 'aok', 'auf', 'aro', 'aay', 'bgu']
['avc', 'aix', 'acl', 'auo', 'bbx', 'anw', 'ahf', 'axi', 'adh', 'bif', 'beo', 'apy', 'aal', 'bbg', 'bdx', 'aoq', 'anz', 'agz', 'art', 'auv', 'bev', 'big', 'aor', 'ayp', 'afb', 'bci', 'anl', 'avu', 'age', 'ant', 'agf', 'afv', 'bct', 'akd', 'aqt', 'adi', 'bex', 'azt', 'awo', 'azc', 'bhf', 'aml', 'bak', 'aan', 'aew', 'aau', 'akc', 'agk', 'alx', 'adb']
['aoa', 'ahk', 'amb', 'bbh', 'agt', 'atq', 'ahj', 'adp', 'azg', 'aiz', 'bcp', 'bmd', 'adz', 'anc', 'aoe', 'ain', 'ahq', 'afg', 'afc', 'agu', 'bfa', 'ats', 'bjh', 'aky', 'alq', 'ayr', 'aad', 'aeb', 'aqb', 'adk', 'ayx', 'bip', 'axw', 'aca', 'aoy', 'baz', 'alo', 'bfh', 'abt', 'ack', 'aup', 'aio', 'axh', 'aps', 'bao', 'ach', 'bkc', 'avq', 'blx', 'bkd']
['ayt', 'bfv', 'ads', 'afi', 'avp', 'ayf', 'aqo', 'azl', 'akh', 'aqz', 'avf', 'biz', 'ari', 'ale', 'bgj', 'awg', 'anb', 'alr', 'abd', 'alb', 'aqk', 'bky', 'ban', 'bco', 'bdm', 'arr', 'abn', 'asz', 'bgo', 'ane', 'amv', 'bkm', 'azd', 'blo', 'aqi', 'apx', 'azi', 'ark', 'avx', 'aah', 'api', 'ali', 'auz', 'aun', 'asd', 'afo', 'awj', 'bhe', 'axj', 'bdv']
['aco', 'ber', 'bfz', 'abf', 'blp', 'blw', 'anm', 'and', 'ajn', 'akq', 'bdd', 'avl', 'aha', 'aus', 'bem', 'ath', 'aam', 'bah', 'agy', 'anx', 'aty', 'bfu', 'avo', 'alz', 'aqn', 'avd', 'aeu', 'afn', 'amh', 'ady', 'aba', 'bjt', 'bmg', 'afy', 'atl', 'akg', 'bdj', 'anv', 'aac', 'acd', 'ags', 'aji', 'bgd', 'awt', 'aeg', 'bkf', 'bge', 'bju', 'apu', 'amt']
['awf', 'ahb', 'avg', 'acz', 'aku', 'ahs', 'blv', 'alt', 'amg', 'adf', 'bhh', 'apr', 'bhw', 'arg', 'bja', 'bcz', 'amp', 'bku', 'bes', 'aiv', 'akw', 'bke', 'bfw', 'akv', 'ajp', 'bil', 'aso', 'amu', 'akt', 'bag', 'aqs', 'afu', 'aut', 'awa', 'bhm', 'acn', 'axc', 'beq', 'abx', 'bjl', 'asm', 'bej', 'bic', 'bjq', 'bga', 'bjc', 'ahr', 'aip', 'agq', 'apt']
['bfs', 'bap', 'blf', 'agp', 'aib', 'ara', 'aep', 'aeo', 'bkh', 'bdy', 'bhd', 'ayd', 'ago', 'acu', 'atc', 'axp', 'aet', 'bhy', 'aui', 'atx', 'afz', 'acj', 'bjb', 'afh', 'ayq', 'ado', 'arz', 'axz', 'alw', 'aka', 'amm', 'anj', 'avs', 'are', 'bhj', 'alf', 'ami', 'ash', 'ahy', 'arh', 'bjj', 'atb', 'agb', 'ajk', 'bgb', 'apz', 'aav', 'bac', 'bdi', 'bdu']
['blq', 'ako', 'azz', 'ald', 'aat', 'aee', 'bdb', 'arl', 'abv', 'bgg', 'bkx', 'abc', 'bhs', 'ato', 'alj', 'afd', 'bav', 'bia', 'aia', 'bjr', 'aox', 'bgy', 'apv', 'bff', 'agl', 'bjx', 'bii', 'bfd', 'aqd', 'aej', 'bfm', 'bcb', 'aaa', 'avk', 'bim', 'atn', 'arm', 'bka', 'bcw', 'aqg', 'aom', 'ajt', 'baa', 'afe', 'amz', 'awh', 'apc', 'asi', 'awz', 'agc']
['ace', 'bli', 'aoi', 'bhx', 'aax', 'blh', 'apn', 'bar', 'bhc', 'abo', 'bmh', 'acb', 'bml', 'ani', 'bfg', 'awm', 'aek', 'bha', 'bjv', 'bjo', 'bgx', 'bey', 'alh', 'aqm', 'ank', 'adj', 'axa', 'bdh', 'avi', 'bfr', 'aqx', 'ahz', 'bbd', 'bbt', 'bbu', 'afx', 'aaw', 'azb', 'asr', 'bbk', 'aeh', 'awb', 'aih', 'bkv', 'baw', 'aub', 'bel', 'bhr', 'aik', 'bcx']
['blr', 'ael', 'axd', 'baq', 'auy', 'beu', 'bfq', 'bjp', 'acf', 'anf', 'aab', 'bjw', 'aez', 'ayh', 'asp', 'auj', 'amw', 'bdr', 'acx', 'azh', 'aqj', 'bdo', 'bla', 'akn', 'bbb', 'bhn', 'acq', 'axt', 'atu', 'atd', 'amn', 'alm', 'bbe', 'bbl', 'bat', 'aju', 'acc', 'adl', 'afs', 'azq', 'app', 'ast', 'beg', 'ayg', 'aya', 'ajl', 'auh', 'bdl', 'asy', 'bef']
['aie', 'bfe', 'azw', 'aqe', 'ard', 'bhv', 'ate', 'bit', 'abz', 'asj', 'aea', 'bch', 'ala', 'bjk', 'aes', 'aql', 'ann', 'acs', 'ahd', 'agx', 'bcf', 'auc', 'asv', 'adw', 'adc', 'act', 'atj', 'arf', 'blm', 'aap', 'aop', 'aic', 'atf', 'apw', 'bmi', 'bet', 'bly', 'ang', 'bfy', 'aec', 'apk', 'aog', 'aot', 'bbo', 'aar', 'ayv', 'bcl', 'awn', 'apf', 'ajc']
['azu', 'azy', 'ama', 'bmf', 'abr', 'amd', 'axb', 'axq', 'bkq', 'ajb']
['bmk']
['afm']
['abi']
['azs']
['abh']
['bmc']
['bhu']
['agi']
['aho']
['agh']
['alc']
['aow']
['bll']
['awq']
['bij']
['bbn']
['bft']
['asw']
['bih']
['ahh']
['bgq']
['adx']
['bjs']
['arv']
['akm']
['apj']
['ahg']
['bid']
['axm']
['biw']
['awc']
['bhg']
['ayy']
['agj']
['azr']
['aqq']
['air']
['akx']
['apb']
['anr']
['aqc']
['atk']
['bis']
['axu']
['ata']
['bfj']
['abq']
['amq']
['bbr']
['blt']
['any']
['bgs']
['bkp']
['bgv']
['bcg']
['bbz']
['bds']
['bln']
['bho']
['ajy']
['bcs']
['bde']
['amk']
['bez']
['awe']
['afl']
['ams']
['aif']
['auu']
['apg']
['atp']
['alv']
['ape']
['adv']
['bhb']
['baf']
['apd']
['bau']
['als']
['aas']
['bbf']
['avw']
['asq']
['afq']
['anp']
['blj']
['ayc']
['avj']
['awp']
['bek']
