['597', '81', '339', '244', '429', '460', '335', '464', '112', '879', '4', '588', '140', '263', '304', '163', '967', '26', '476', '598']
['771', '376', '115', '947', '227', '77', '716', '55', '899', '266', '49', '948', '637', '961', '606', '590', '277', '404', '723', '790']
['257', '481', '30', '361', '313', '516', '114', '213', '928', '327', '150', '925', '704', '217', '562', '810', '677', '487', '323', '555']
['447', '663', '387', '895', '356', '715', '823', '283', '484', '228', '508', '968', '779', '922', '652', '972', '256', '332', '853', '221']
['781', '101', '717', '966', '705', '19', '406', '651', '865', '845', '660', '619', '807', '631', '435', '415', '331', '192', '662', '987']
['375', '667', '208', '399', '301', '156', '605', '892', '88', '60', '180', '774', '261', '398', '388', '176', '282', '425', '836', '808']
['960', '751', '75', '934', '496', '556', '11', '586', '165', '448', '641', '296', '933', '761', '229', '262', '523', '916', '33', '728']
['647', '162', '445', '978', '959', '946', '371', '184', '748', '18', '442', '803', '942', '453', '498', '151', '402', '532', '56', '378']
['381', '314', '420', '673', '943', '479', '120', '800', '426', '249', '431', '13', '570', '76', '722', '535', '671', '549', '787', '395']
['729', '509', '609', '988', '528', '488', '71', '347', '760', '718', '506', '471', '750', '111', '809', '107', '831', '945', '791', '61']
['885', '711', '340', '50', '665', '944', '215', '765', '741', '421', '206', '706', '862', '185', '298', '608', '492', '276', '16', '840']
['316', '773', '900', '560', '974', '370', '700', '626', '68', '259', '738', '708', '394', '971', '417', '468', '153', '310', '889', '207']
['821', '567', '300', '595', '174', '373', '951', '602', '198', '145', '999', '702', '265', '935', '291', '989', '639', '411', '553', '640']
['122', '543', '875', '236', '413', '69', '830', '918', '749', '170', '302', '801', '161', '210', '105', '384', '980', '618', '873', '430']
['20', '396', '106', '248', '623', '693', '245', '905', '189', '138', '547', '976', '21', '982', '762', '144', '70', '518', '653', '692']
['926', '780', '390', '287', '168', '816', '624', '530', '585', '564', '382', '977', '994', '888', '654', '352', '908', '949', '288', '657']
['580', '418', '901', '2', '866', '142', '486', '126', '40', '769', '92', '31', '379', '864', '482', '921', '629', '799', '14', '480']
['683', '672', '416', '861', '733', '80', '797', '349', '617', '904', '148', '241', '566', '280', '428', '697', '458', '328', '171', '798']
['869', '551', '383', '940', '434', '483', '278', '167', '788', '53', '475', '441', '82', '680', '534', '218', '886', '440', '737', '29']
['63', '681', '953', '868', '233', '32', '527', '856', '872', '881', '561', '739', '579', '939', '891', '789', '726', '183', '125', '212']
['293', '164', '699', '360', '65', '44', '341', '735', '656', '25', '843', '828', '536', '521', '152', '449', '880', '366', '175', '364']
['392', '220', '290', '727', '766', '950', '806', '675', '678', '786', '648', '730', '643', '414', '1000', '311', '954', '231', '271', '907']
['857', '519', '34', '620', '929', '93', '544', '365', '386', '815', '91', '222', '938', '514', '54', '478', '969', '455', '747']
['211', '146', '128', '305', '859', '694', '812', '927', '67', '232', '897', '461', '103', '432']
['537', '582', '66', '510', '452', '9', '731', '758', '616', '646', '438', '913', '326', '548']
['743', '493', '882', '494', '777', '308', '100', '62', '186', '202', '155', '979']
['991', '108', '635', '57', '501', '94', '584', '833', '46', '782', '408']
['159', '134', '235', '611', '759', '855', '906', '196', '529', '444', '995']
['380', '604', '714', '368', '538', '294', '226', '6', '670', '993', '688']
['274', '669', '525', '764', '267', '724', '703', '284', '344', '819', '469']
['614', '719', '116', '517', '522', '920', '746', '952', '179', '834']
['802', '763', '820', '43', '854', '275', '668', '243', '242', '433']
['701', '466', '397', '367', '572', '99', '289', '851', '860', '713']
['752', '911', '502', '324', '983', '832', '931', '318', '264']
['878', '200', '545', '686', '322', '930', '135', '389', '423']
['753', '997', '385', '463', '139', '734', '804', '825', '190']
['85', '666', '622', '824', '587', '591', '439', '254', '826']
['589', '443', '533', '520', '581', '784', '285', '817']
['838', '343', '329', '84', '27', '756', '131', '58']
['890', '104', '863', '644', '182', '203', '35', '772']
['48', '157', '757', '524', '768', '136', '286', '121']
['559', '22', '79', '638', '412', '333', '558', '754']
['238', '199', '158', '130', '467', '874', '362', '377']
['1', '169', '317', '95', '273', '281', '621']
['309', '83', '912', '914', '923', '348', '457']
['986', '725', '909', '612', '775', '919']
['674', '964', '818', '887', '814', '193']
['634', '272', '172', '661', '996', '852']
['829', '600', '369', '23', '137', '97']
['230', '28', '117', '342', '252', '649']
['736', '173', '709', '427', '689', '839']
['36', '720', '813', '846', '98', '405']
['902', '216', '778', '240', '223', '565']
['936', '956', '740', '143', '712', '984']
['234', '334', '847', '893', '512', '569']
['610', '485', '133', '73', '546']
['848', '981', '970', '785', '338']
['127', '194', '531', '526', '354']
['593', '632', '490', '958', '253']
['615', '630', '691', '550', '470']
['299', '191', '884', '219', '132']
['690', '181', '39', '110', '246']
['255', '685', '998', '400', '350']
['992', '515', '903', '599', '374']
['835', '645', '841', '877', '201']
['355', '86', '601', '319']
['102', '456', '770', '225']
['500', '844', '659', '745']
['129', '658', '437', '113']
['596', '306', '363', '842']
['568', '896', '307', '898']
['695', '633', '776', '358']
['883', '401', '260', '642']
['710', '330', '52', '187']
['141', '822', '511', '955']
['867', '337', '204', '279']
['45', '827', '541', '239']
['177', '436', '269', '205']
['894', '166', '793', '78']
['783', '446', '744', '837']
['505', '965', '10', '795']
['7', '64', '473']
['583', '72', '876']
['124', '684', '90']
['424', '154', '664']
['353', '297', '794']
['188', '917', '321']
['320', '15', '805']
['51', '573', '607']
['696', '214', '237']
['571', '118', '742']
['627', '24', '594']
['454', '372', '250']
['603', '540', '796']
['224', '707', '552']
['563', '472', '676']
['655', '721', '12']
['59', '687', '346']
['270', '924', '489']
['990']
['147']
['732']
['932']
['251']
['628']
['409']
['422']
['937']
['539']
['209']
['268']
['247']
['149']
['850']
['195']
['178']
['503']
['345']
['160']
['963']
['41']
['89']
['578']
['74']
['792']
['682']
['870']
['357']
['513']
['849']
['576']
['557']
['459']
['495']
['811']
['391']
['295']
['577']
['451']
['554']
['975']
['985']
['465']
['8']
['38']
['755']
['393']
['315']
['507']
['303']
['37']
['574']
['636']
['491']
['957']
['504']
['499']
['910']
['592']
['915']
['858']
['359']
['119']
['336']
['941']
['403']
['292']
['698']
['474']
['575']
['962']
['42']
['5']
['123']
['312']
['17']
['47']
['109']
['462']
['679']
['410']
['325']
['871']
['497']
['625']
['450']
['87']
['650']
['477']
['973']
['613']
['351']
['419']
['197']
['767']
['3']
['542']
['96']
['407']
['258']
