['ca', 'w', 'rs', 'mm', 'vz', 'ho', 'pu', 'hk', 'ni', 'ak']
['rx', 'mn', 'pg', 'bl', 'vq', 'lc', 'hp', 'ha', 'cx', 'y']
['x', 'ju', 'dn', 'lj', 'fw', 'kw', 'el', 'gp', 'li', 'fi']
['lh', 'vo', 'e', 'ga', 'vd', 'tx', 'hg', 'rg', 'ty', 'tk']
['oq', 'of', 'cu', 'rm', 'kq', 'lt', 'gh', 'kb', 'fb', 'eb']
['cv', 'lw', 'dr', 'il', 't', 'ji', 'fk', 'hr', 'oi', 'cz']
['di', 'mz', 'is', 'g', 'rz', 'hj', 'vu', 'ns', 'ua', 'gb']
['po', 'ap', 'jz', 'cd', 'v', 'as', 'su', 'ck', 'ce', 'ky']
['bo', 'iz', 'nm', 'iy', 'ev', 'ln', 'dm', 'sy', 'hc', 'qp']
['sl', 'bz', 'fp', 'ml', 'kv', 'm', 'sw', 'ff', 'qr', 'uq']
['gc', 'jj', 'un', 'ik', 'du', 'ti', 'c', 'at', 'ec', 'ee']
['av', 'fh', 'sv', 'fc', 'hi', 'te', 'kf', 'ru', 'ed', 'vx']
['vc', 'ms', 'pf', 'gm', 'go', 'um', 'ur', 'th', 'cq', 'sj']
['rv', 'vw', 'gg', 'gd', 'sb', 'rp', 'ka', 'ri', 'de', 'qf']
['gx', 'ub', 'b', 'pp', 'rn', 'aw', 'od', 'kr', 'nu', 'ro']
['rq', 'uj', 'px', 'vl', 'qw', 'eq', 'dj', 'rf', 'uf', 'ba']
['oa', 'bj', 'ef', 'tv', 'mj', 'ir', 'cj', 'td', 'eh', 'nj']
['jn', 'vy', 'l', 'gw', 'gi', 'ov', 'ai', 'nw', 'pc', 'mv']
['dy', 'tn', 'ud', 'er', 'le', 'nx', 'ux', 'ac', 'ft', 'qj']
['kk', 'd', 'tr', 'so', 'tz', 'fe', 'dv', 'mh', 'je', 'rh']
['kp', 'ep', 'dw', 'fd', 'up', 'la', 'fl', 'rd', 'pb', 'nr']
['gy', 'pz', 'vn', 'cc', 'a', 'oc', 'ib', 'ta', 'ip', 'eo']
['vm', 'op', 'ly', 'lf', 'bm', 'im', 'bv', 'jg', 'fu', 'ih']
['nn', 'uk', 'al', 'bk', 'nl', 'cg', 'tt', 'n', 'em', 'fa']
['lz', 'ie', 'az', 'tc', 'ht', 'fr', 'kh', 'tp', 'nq', 'dg']
['aa', 'cb', 'bt', 'no', 'km', 'qm', 'ad', 'hb', 'uv', 'oh']
['df', 'lb', 'cr', 'vk', 'tu', 'pj', 'gn', 'es', 'ds', 'lu']
['bp', 'j', 'pi', 'ig', 'bg', 'nk', 'bi', 'bh', 'ok', 'pa']
['ll', 'ag', 'io', 'hd', 'fy', 'jy', 'uc', 'hu', 'aq', 'ug']
['kl', 'qi', 'oy', 'ma', 'ry', 'hx', 'an', 'lq', 'fz', 'ra']
['cp', 'oo', 'kt', 'mx', 'hs', 'rj', 'mu', 'iu', 'fo', 'rw']
['sm', 'ci', 'h', 'ay', 'tw', 'ue', 'kg', 'sf', 'pv', 'vt']
['iv', 'hv', 'cf', 'ah', 'nd', 'fq', 'hw', 'ps', 'qc', 'ej']
['pl', 'ne', 'bw', 'kz', 'gv', 'sq', 'tl', 'ks', 'vs', 'rl']
['ol', 'bc', 'wb', 'ph', 'k', 'eu', 'qk', 'ls', 'bx', 'vp']
['jv', 'au', 'af', 'bn', 'iq', 'hq', 'ku', 'ek', 'gf', 'mi']
['nz', 'tj', 'qs', 'mg', 'nh', 'jf', 'ts', 'ny', 'qt', 'mc']
['bd', 'mr', 'ob', 'ko', 'ez', 'mw', 'pn', 'ae', 'et', 'sg']
['tq', 'fm', 'jk', 'ke', 'dp', 's', 'nt', 'qe', 'se', 'ja']
['hz', 'kj', 'qg', 'be', 'da', 'rk', 'hy', 'dk', 'tm', 'ui']
['ei', 'gk', 'gj', 'pe', 'uz', 'vr', 'he', 'ch', 'mq', 'ut']
['md', 'jt', 'ex', 'fn', 'ld', 'my', 'to', 'i', 'ii', 'cn']
['cl', 'rc', 'jo', 'oe', 'ow', 'qy', 'dq', 'r', 'db', 'uu']
['lo', 'fv', 'py', 'os', 'pq', 'bb', 'pk', 'z', 'sn', 'gz']
['bq', 'do', 'dt', 'lp', 'co', 'ge', 'cw', 'uw', 'iw', 'ao']
['tb', 'lr', 'o', 'mp', 'ss', 'om', 'ot', 'st', 'qq', 'lk']
['qb', 'gs', 'vh', 'sc', 'ki', 'qx', 'qo', 'ct', 'us', 'lg']
['kc', 'by', 'jh', 'it', 'bs', 'dh', 'vi', 'ey', 'qd', 'js']
['og', 'jr', 'sh', 'qv', 'jp', 'ng', 'jb', 'tg', 'mk', 'ea']
['vg', 'oz', 'tf', 'me', 'oj', 'gt', 'hn', 'sz', 'or', 'hl']
['bu', 'vf', 'uh', 'gl', 'fg', 'ic', 'eg', 'pw', 'qa', 'sk']
['if', 'va', 'hf', 'ix', 'br', 'dl', 'ox', 'jc', 'qz', 'lx']
['sp', 'jm', 'kd', 'jl', 'dx', 'hh', 'pd', 've', 'en', 'mb']
['cy', 'ax', 'qn', 'f', 'ar', 'bf', 'qu', 'q', 'uo', 'sr']
['vv', 'mt', 'pr', 'jw', 'kx', 'mf', 'dd', 'vj', 'lv', 'vb']
['ql', 'am', 'hm', 'on', 'cs', 'u', 'pt', 'jq', 'nb', 'na']
['aj', 'nc', 'ou', 'fj', 'pm', 'lm', 'sa', 'fs', 'fx', 'qh']
['sd', 'gu', 'nf', 'uy', 'np', 'rt', 'dz', 'jx', 'dc', 'cm']
['p', 'wa', 'ia', 'ab', 'nv', 'rr', 'mo', 'rb', 'zz', 'gq']
['si', 'gr', 're', 'in', 'ij', 'jd', 'sx', 'ew', 'ul', 'kn']
