['aml', '2qA', 'N5I', '5Hk', '4yO', 'pUv', 'GQG', 'R7X', 'STE', 'AO2', '31E', 'AHl', 'Gjs', 'WG7']
['kO2', 'zhc', 'zN9', 'ToD', 'saC', 'Ict', 'tls', 'nh5', '3Vt', '6ah', 'PRM', 'OHk', 'Pbm', 'ZwA']
['nKE', 'CI7', '9Id', 'lDt', 'lH0', 'Z7f', 'vbq', 'eZA', 'DxE', 'Ka6', 't7E', 'bXT', '0Bu', 'NiA']
['mwy', '7Mc', 'JSO', 'aPs', 'I4q', 'EE4', '4LJ', 'hQQ', 'fes', 'OQf', 'Ttf', 'l6D', 'fYE', 'U9P']
['XaK', 'gjs', 'Aac', 'uXk', 'tAh', 'Ski', '6dm', 'd8K', 'd5R', 'njc', 'WZ0', '2EZ', '243', 'FqG']
['hIj', 'Rk1', 'ktC', 'AWr', '0H7', 'cDS', 'oGW', 'yey', 'R2N', 'nui', 'LAd', 'vtj', 'TMD', 'vdt']
['1Mp', '7us', 'aB1', 'nBj', 'IOc', 'eM5', '9km', 'z7z', '79G', 'EwN', 'CNJ', 'gz8', 'r9i', 'fGu']
['zDr', 'XKL', 'fbf', '9yS', 'Tcm', 'Ocl', 'hKB', 'uGu', 'dLV', '4Uu', '6yD', 'qOE', 's7d', '02G']
['K32', 'enl', 'TES', 'o7Y', 'YSr', '8W9', 'yaj', '4uq', 'tFz', 'tIj', 'rUR', '16O', 'Giz', 'zAn']
['rFT', 'LsI', 'xtE', 'GMU', 'EMw', 'dBi', 'mfl', 'D92', '1dm', 'LrH', 'pwU', 'may', 'EQu', 'xLh']
['cZC', 'rSz', 'XaB', 'aOg', '4ps', 'mwx', 'NK1', 'OOe', 'UEA', '2ye', '7jK', 'Wa1', 'ioX', 'yA4']
['WeL', '1Sy', 'Ddq', 'S2b', 'pXl', 'WyA', 'PNQ', 'l14', '7yy', 'qoT', 'adJ', 'r83', 'xT6', '8Ge']
['pya', 'xbc', 'lQ0', 'A3U', 'WnO', 'NXa', 'jDJ', 'kVs', 'ChE', 'nQu', 'sXB', 'ifk', 'apT', 'jLQ']
['Aj3', 'WcX', '2f6', 'fd3', 'QUA', 'LC6', 'h9B', 'WD8', 'mra', 'cu2', 'XaM', 'mYG', 'poB', 't4i']
['M83', 'hkM', 'CUr', 'Shf', 'gJK', 'lvA', 'Vfu', 'Bnu', 'np3', 'cuP', 'lFC', 'yXf', 'kFp', '2N4']
['KEc', 'Rdl', 'ZKD', '5m1', 'IYj', 'I5T', 'Zsu', 'wac', 't5B', 'Nuj', 'CRQ', 'IU6', 'lv8', 'dRG']
['Bz0', '7Ra', '9VG', 'hIr', 'hak', 'rI7', 'Yuu', 'QkW', 'J5c', 'jjU', 'nK2', 'okX', 'Cvx', 'ZTh']
['MUo', '43q', 'mIR', 'ASb', '4zd', 'onK', 'DAH', 'yUh', 'xG2', 'Yoj', 'Dz4', '2dZ', 'TKn', 'hn5']
['1ak', 'hbl', '4ZT', 'CGv', 'txn', 'gaE', 'Gco', '2QS', 'yDC', 'MX4', 'LzC', '51j', 'kQr', 'dF2']
['WGM', '0me', 'mCu', 'MvS', 'sbn', 'HLj', 'qGq', 'FDH', 'JcF', 'VpP', 'p20', 'jVD', 'sbj', '1pz']
['q6h', 'nxV', 'gO2', 'bP8', 'Rcq', 'G4Q', 'mbB', 'gmz', 'rgc', 'K9I', 's5U', 'Vgt', '5DP', 'j3r']
['ae7', 'evV', '5R2', '0q1', '4nm', 'Sru', 'Ei5', 'G2O', 'wCA', '89P', 'LiY', 'maf', 'XJ8', 'mqV']
['7S6', '6ka', 'cGe', 'w4O', 'MFJ', 'WLf', '4vG', 'fkx', 'dLP', '0yK', 'rg3', 'unf', 'Fcj', 'sYx']
['Fqs', 'Ted', '5e4', 'gpO', 'R5h', '7Ih', '7ge', 'P6C', 'zMw', 'WNU', 'SlE', 'DMx', 'BME', 'OSO']
['q76', 'xhH', 'GqO', 'kQ0', '8qA', 'Y9L', '7Wg', 'GVP', 'qYZ', 'jn6', 'xLj', 'uci', 'eS1', 'd6T']
['44l', 'ttl', 'FeY', 'NJR', 'fpG', 'Z1r', 'a7h', 'yMP', 'UET', '6e7', 'm0k', 'Ky4', 'jDP', 'DUA']
['0jF', '7k7', 'PPL', 'qgk', 'S3R', '5dA', 'YWJ', 'd22', 'Pxa', 'xld', 'sSK', 'xNV', 'dKO', 'lsW']
['MZE', 'aMi', 'ynz', 'PAK', 'g1Z', 'HJ6', 'AKl', 'ZHa', 'Ai7', 'sal', 'RVV', 'wqU', 'mtP', 'iY3']
['JYC', 'vyw', 'crX', 'MtM', 'Cjz', 'WNm', 'akZ', 'OYR', '9kE', '2RF', 'BAA', 'Sv7', 'mCb', 'gyz']
['hV6', 'tFs', 'icK', 'jo2', 'bvp', 'N45', 'v0k', 'jML', '2bJ', 'Tqt', 'oNg', 'hxI', 'z9e', 'K07']
['nIw', 'yz9', 'LhI', 'Tkp', 'dJR', 'HE4', 'XDn', 'zo8', 'lG5', 'tdl', 'yjq', 'u5i', 'HhO', 'BOl']
['HeA', 'CO5', '3hV', 'sgb', 's58', 'vJn', 'rAN', 'tVs', '9zD', 'MJd', 'i3x', 'TE6', 'EA5', '4QL']
['yUR', 'sRe', 'nPd', 'SL9', 'yAq', 'Yb0', 'mzp', 'mNx', 'IJR', 'rx8', 'd31', 'PJx', 'JlL', '1af']
['qnc', 'A9M', 'hrw', 'C46', 'rN7', 'F4O', 'JQh', 'BjQ', 'pdu', 'wUv', 'Wei', 'eFm', '2r1', 'Sw6']
['nlp', 'PrW', 'b5M', 'eK8', 'npC', 'BFo', '7df', '3Xt', 'Ehn', 'q3C', 'ZGX', '77o', 'eeH', 'RUS']
['Lcw', 'O1j', 'SZi', 'RON', 'p3g', 'EBx', 'SjL', '9Ys', 'd3n', 'O2Y', 'NYm', 'JR1', 'X9x', 'bZQ']
['f0e', 'ET0', '6TB', 'rSE', 'mkh', 'DRe', 'DIm', '6lA', 'fiS', 'yO6', '4yj', 'NhW', 'oQw', 'vXW']
['NIi', 'Ujw', 'vl3', 'KjJ', 'JeV', 'yYa', 'QAx', 'PM7', '9lP', '9CZ', 'Lhm', 'NA1', 'NZH', '4QY']
['JoQ', 'IhT', '58x', 'wOt', 'J26', 'tgv', '5n7', 'Thn', '0LW', 'KhJ', 'jWp', 'zGQ', 'wTH', 'gY6']
['N0C', 'j5Q', 'SkA', 'eqN', 'g5u', 'bzV', 'lmh', '6HP', 'K6h', 'pzP', 'Vsl', 'AqR', 'yYX', '41z']
['gSg', 'HIl', 'u21', 'WGf', 'nOo', 'LPO', 'fax', 'Jax', 'vSm', 'jkO', 'tnb', 'u3q', 'n6E', 'ol3']
['HqB', 'j1P', 'Zt2', 'krw', 'fgU', 'Zpy', '6oI', '9Yh', 'kHi', 'lNF', 'kts', 'PeZ', '3Uy', 'pXg']
['FLR', 'tph', 'CIk', 'vyz', 'gGS', 'SbT', 'Hmk', 'FWu', 'uL9', 'lxq', '3oN', 'eu8', 'gSv', 'arg']
['3aH', 'QXI', 'OHB', 'Vl3', 'MDx', '4Hw', 'W1M', 'AT0', 'y74', 'lVq', 's9g', 'TsJ', 'js2', 'SgL']
['eWi', 'WTx', 'iLv', 'gnV', 'JPb', 'Eab', '9IP', 'xba', 'hjs', 'XEh', '7S1', 'JqU', 'ZIH', 'uKL']
['Ee4', 'Th7', 'lJB', 'ddY', 'DUy', 'bJW', 'pN2', 'PUK', 'oX4', 's2I', 'Tjd', 'qj0', '0IB', 'W7t']
['jfO', 'LDM', 'rzH', '4QM', 'S1g', 'A50', 'yLH', 'b4Z', 'ylE', 'Ffc', '9ul', 'BrF', '1Kn', '919']
['jFd', '5tS', 'PzU', 'hP1', '4KC', 'S9z', 'STu', 'mMy', 'qAc', 'oDu', 'Wlt', '28b', 'yGe', 'laN']
['1VI', 'xwk', 'YMH', 'rWh', 'dB1', 'Iwq', 'zlE', 'gZn', 'dHU', '3Ag', '7Sm', 'OXi', 'ooP', 'CsX']
['PC6', 'u2Z', 'FVQ', 'eoA', 'FT3', 'Y1y', 'RVs', 'f4C', 'gQE', 'SE6', 'nho', 'SAS', 'gIW', 'kFd']
['QVL', 'KG7', 'Hxd', 'BWH', 'p6i', 'j61', 'Nsq', 'txd', 'OD8', 'q9b', 'nhM', 'Zyo', '2Lz', 'YRW']
['9NC', 'tcm', 'ekZ', 'gHm', 'HWQ', 'SR5', 'cCZ', 'Ug4', 'ddO', 'W97', 'RUq', 'ViR', 'c11', 'nFq']
['CZe', 'ubx', 'YLx', 'JxG', 'hz6', 'rw3', '5Ns', 'DC7', '7eF', 'G0D', 'fTC', 'fsw', 'fyw', 'Vmf']
['fYL', '7IB', 'pXb', 'bBn', '9Qr', 'RlQ', 'e3L', 'YS1', 'm4B', 'Fqy', 'KZn', 'XWB', 'uFa', 'U32']
['WGV', 'xin', '0Hd', 'A2l', 'zGa', 'A4D', 'hSn', 'bOO', '5yL', 'vug', 'RGr', 'gye', 'Ml8', 'bJh']
['2JO', '1J5', 'iBf', '0gN', 'gEl', 'e00', 'G1u', 'oNy', 'X5I', 'LMs', 'WjA', '1CH', 'OWx', 'zoY']
['28H', '5NA', '439', 'wkU', 'XYV', 'Th2', 'YNN', 'tMU', 'UhF', 'plT', 'm6v', '7mD', 'Vnn', 'Nq2']
['qEv', 'ovp', 'XwM', 'Yqp', 'Y2h', 'zMJ', 'jWg', 'uZ6', 'aIQ', '0GZ', 'qP1', 'sNU', 'a4T', 'LEf']
['BUt', 'DSn', 'bWE', 'emo', '9Ye', 'uo2', '1c8', 'm2L', '8ie', 'W1v', 'rHA', 'Nxo', 'oax', 'L3o']
['RCL', 'nOQ', 'BYb', 'Ni3', 'sdQ', 'pSI', 'lUg', 'dlm', 'HuQ', '2Sw', 'zya', 'mgt', 'NC3', 'hAD']
['qpd', 'pN1', 'fJd', 'bra', '2w4', 'fqH', '78Z', 'n1R', 'nnl', 'QFL', '5Co', 'ktd', 'zTO', 'MWt']
['Wq1', '4Mn', 'w7X', 'afw', '3Xd', 'LnE', 'cVV', 'BCw', 'ozk', '9mo', 'bC7', 'eYl', 'khn', 'LVD']
['MUr', 'Zvx', 'MyS', 'irU']
['liM']
['ywF']
['EZt']
['VN1']
['VGh']
