['848', '30', '279', '583', '11', '917', '573', '226', '586', '320', '999', '366', '263', '70', '518']
['711', '391', '633', '341', '57', '165', '93', '215', '100', '619', '334', '739', '118', '815', '480']
['290', '788', '988', '881', '246', '505', '43', '431', '372', '188', '767', '921', '348', '569', '640']
['339', '208', '557', '901', '867', '488', '623', '981', '270', '446', '17', '880', '896', '487', '973']
['380', '164', '663', '735', '346', '460', '259', '545', '561', '195', '951', '255', '145', '730', '187']
['481', '732', '454', '909', '688', '709', '810', '807', '217', '352', '102', '124', '662', '884', '242']
['667', '672', '953', '253', '635', '2', '763', '620', '517', '482', '386', '689', '107', '425', '73']
['65', '721', '371', '329', '854', '524', '930', '143', '299', '914', '645', '616', '252', '267', '432']
['669', '634', '611', '473', '489', '879', '813', '922', '260', '364', '414', '289', '939', '938', '485']
['844', '108', '106', '925', '638', '615', '239', '336', '587', '415', '578', '192', '967', '944', '378']
['493', '876', '354', '178', '866', '22', '910', '725', '774', '126', '338', '907', '885', '64', '423']
['902', '66', '502', '156', '507', '796', '228', '174', '542', '786', '931', '972', '277', '949', '726']
['716', '943', '247', '462', '997', '741', '470', '369', '95', '655', '584', '862', '552', '893', '532']
['911', '567', '434', '494', '225', '700', '820', '927', '38', '588', '521', '590', '886', '456', '363']
['343', '248', '167', '203', '983', '928', '843', '58', '110', '891', '991', '984', '144', '798', '857']
['743', '821', '413', '400', '412', '312', '45', '92', '8', '722', '105', '258', '177', '790', '389']
['519', '77', '895', '88', '142', '696', '562', '603', '654', '906', '403', '273', '864', '809', '597']
['752', '882', '673', '32', '515', '464', '148', '501', '606', '362', '302', '874', '90', '330', '408']
['541', '269', '751', '315', '283', '905', '116', '630', '307', '803', '529', '593', '286', '825', '457']
['293', '717', '537', '926', '755', '69', '704', '877', '140', '670', '265', '659', '424', '288', '649']
['863', '234', '19', '657', '777', '632', '691', '42', '651', '811', '534', '795', '873', '210', '555']
['729', '227', '396', '437', '82', '685', '899', '971', '571', '779', '601', '546', '468', '97', '826']
['683', '85', '461', '800', '520', '990', '581', '284', '131', '438', '426', '151', '671', '549', '125']
['802', '525', '705', '53', '68', '975', '421', '465', '3', '453', '762', '318', '653', '836', '747']
['316', '109', '892', '134', '324', '675', '585', '351', '946', '661', '742', '72', '232', '734', '322']
['773', '63', '576', '101', '445', '605', '55', '566', '449', '772', '427', '608', '123', '945', '395']
['220', '159', '827', '340', '837', '158', '985', '281', '119', '196', '697', '833', '712', '194', '998']
['14', '960', '875', '665', '385', '10', '475', '219', '756', '342', '599', '791', '276', '304', '103']
['451', '141', '580', '778', '184', '89', '467', '639', '703', '428', '197', '54', '331', '476', '190']
['966', '306', '792', '757', '570', '160', '407', '62', '804', '46', '745', '591', '621', '548', '133']
['39', '644', '51', '582', '528', '479', '120', '765', '76', '636', '982', '522', '297', '223', '647']
['257', '868', '399', '516', '4', '59', '261', '382', '359', '35', '958', '332', '834', '969', '254']
['753', '392', '113', '568', '824', '74', '912', '887', '579', '291', '262', '401', '814', '98', '754']
['447', '699', '230', '794', '313', '978', '48', '349', '486', '858', '976', '91', '535', '979', '682']
['274', '900', '940', '168', '531', '60', '154', '275', '888', '21', '724', '746', '420', '374', '919']
['509', '360', '727', '676', '829', '450', '674', '213', '594', '963', '646', '993', '706', '171', '808']
['728', '81', '209', '358', '708', '163', '538', '337', '172', '574', '224', '980', '550', '455', '221']
['869', '707', '34', '204', '387', '759', '463', '170', '491', '506', '652', '933', '256', '782', '404']
['381', '44', '240', '736', '205', '191', '350', '152', '161', '298', '883', '650', '692', '849', '598']
['781', '936', '604', '766', '681', '86', '357', '130', '612', '678', '180', '137', '490', '15', '344']
['992', '610', '353', '233', '169', '295', '950', '496', '818', '641', '409', '458', '698', '819', '694']
['1', '622', '238', '96', '305', '934', '918', '25', '31', '398', '280', '99', '805', '959', '710']
['560', '236', '245', '83', '499', '443', '18', '417', '627', '554', '527', '422', '841', '806', '16']
['596', '890', '477', '36', '497', '856', '937', '624', '656', '846', '731', '558', '377', '282', '474']
['122', '416', '115', '860', '114', '79', '249', '333', '572', '251', '139', '175', '589', '957', '183']
['495', '947', '418', '162', '47', '556', '49', '740', '394', '749', '94', '871', '504', '592', '469']
['314', '244', '684', '200', '823', '617', '308', '166', '845', '956', '924', '206', '325', '383', '411']
['595', '80', '75', '510', '513', '816', '738', '199', '828', '67', '365', '889', '642', '750', '764']
['780', '211', '368', '50', '147', '626', '410', '71', '625', '492', '668', '514', '202', '356', '181']
['104', '838', '300', '361', '78', '285', '452', '872', '832', '637', '784', '996', '498', '955', '962']
['29', '390', '278', '870', '859', '335', '128', '323', '429', '614', '855', '660', '715', '56', '842']
['714', '543', '720', '182', '466', '483', '373', '40', '628', '942', '776', '908', '817', '250', '193']
['375', '559', '146', '235', '112', '41', '748', '347', '13', '769', '0', '850', '471', '695', '135']
['129', '986', '376', '687', '839', '442', '719', '397', '961', '994', '317', '539', '789', '913', '121']
['216', '785', '878', '835', '406', '577', '812', '27', '6', '132', '575', '801', '737', '512', '941']
['666', '87', '898', '157', '533', '266', '822', '214', '948', '23', '379', '176', '393', '243', '264']
['744', '974', '609', '526', '303', '547', '367', '793', '865', '797', '965', '775', '923', '989', '629']
['701', '861', '929', '436', '294', '327', '964', '536', '448', '677', '186', '439', '207', '565', '852']
['440', '771', '271', '179', '830', '189', '563', '904', '602', '600', '679', '292', '326', '787', '33']
['20', '61', '444', '402', '693', '198', '241', '702', '435', '932', '149', '201', '355', '723', '664']
['770', '272', '760', '690', '472', '388', '523', '903', '935', '296', '783', '24', '733', '419', '405']
['309', '268', '319', '530', '441', '648', '631', '111', '847', '185', '237', '761', '799', '540', '503']
['970', '150', '370', '173', '117', '977', '658', '12', '987', '643', '618', '328', '954', '478', '553']
['9', '564', '915', '500', '345', '851', '155', '916', '127', '713', '433']
['508', '551', '310', '229']
['897', '511', '52']
['484', '153', '430']
['968', '613']
['680']
['28']
['607']
['952']
['853']
['459']
['301']
['758']
['718']
['84']
['920']
['37']
['894']
['212']
['26']
['544']
['138']
['5']
['7']
['768']
['136']
['218']
['311']
['222']
['384']
['231']
['831']
['321']
['840']
['995']
['686']
['287']
