['Christiane', 'Ashly', 'Celie', 'Brinna', 'Brigida', 'Aggy', 'Caryl', 'Beulah', 'Bettina', 'Brandy']
['Chere', 'Allison', 'Cecil', 'Anastassia', 'Penny', 'Carlita', 'Audie', 'Babette', 'Carrissa', 'Averil']
['Bertha', 'Anitra', 'Christy', 'Annetta', 'Anette', 'David', 'Adey', 'Berthe', 'Alis', 'Caresse']
['Andra', 'Charleen', 'Calli', 'Caryn', 'Adela', 'Carine', 'Aloysia', 'Amalita', 'Caterina', 'Arabella']
['Britni', 'Ardith', 'Avis', 'Allyn', 'Brandais', 'Agata', 'Alane', 'Bambi', 'Aurilia', 'Bonita']
['Anjanette', 'Carolyn', 'Alice', 'Addy', 'Cherlyn', 'Ann', 'Cherri', 'Carly', 'Antonia', 'Abigale']
['Agnes', 'Angelique', 'Camel', 'Bobbee', 'Antoinette', 'Bathsheba', 'Ardella', 'Alexina', 'Abbi', 'Andie']
['Amabelle', 'Chelsey', 'Bibby', 'Anthia', 'Adrienne', 'Arlen', 'Aryn', 'Bobby', 'Alidia', 'Britta']
['Charlot', 'Bettine', 'Alene', 'Benedicta', 'Bernardina', 'Annelise', 'Brina', 'Brit', 'Carline', 'Carley']
['Brittany', 'Adrian', 'Cati', 'Ailey', 'Alysa', 'Anselma', 'Cassondra', 'Carlin', 'Bernadette', 'Binnie']
['Arlyne', 'Arliene', 'Agatha', 'Anne', 'Carma', 'Blythe', 'Brenda', 'Carroll', 'Belicia', 'Allegra']
['Alexandra', 'Cariotta', 'Candra', 'Charlotte', 'Camella', 'Ashlen', 'Bryn', 'Cathee', 'Bili', 'Adrea']
['Amargo', 'Betteann', 'Cathe', 'Ana', 'Bari', 'Aurelea', 'Cherilyn', 'Bonnie', 'Blancha', 'Allsun']
['Alayne', 'Annabal', 'Cherida', 'Aila', 'Carmel', 'Annamaria', 'Bekki', 'Anderea', 'Annaliese', 'Catie']
['Alexia', 'Angy', 'Catriona', 'Charlene', 'Alvina', 'Bobbette', 'Ange', 'Cammi', 'Cathy', 'Cherye']
['Casie', 'Abagael', 'Cody', 'Annette', 'Chrysler', 'Amy', 'Brittni', 'Alica', 'Adi', 'Briney']
['Berta', 'Babb', 'Amberly', 'Bella', 'Alvera', 'Berrie', 'Carry', 'Blondell', 'Adora', 'Blakeley']
['Cecilia', 'Brittney', 'Bernadene', 'Carlen', 'Charmane', 'Andreana', 'Betteanne', 'Anthe', 'Audrey', 'Carmelle']
['Abigael', 'Agace', 'Catha', 'Camila', 'Celestina', 'Adoree', 'Bettye', 'Carla', 'Abigail', 'Alyda']
['Arlinda', 'Cherin', 'Benoite', 'Christean', 'Celestine', 'Babs', 'Bee', 'Andee', 'Carlotta', 'Britt']
['Callie', 'Cher', 'Cassie', 'Brynne', 'Charla', 'Amii', 'Alex', 'Ceciley', 'Benetta', 'Carlene']
['Camellia', 'Alicia', 'Cassandra', 'Caitrin', 'Auberta', 'Caroline', 'Amaleta', 'Bobine', 'Cassandry', 'Anastasie']
['Britney', 'Bernadine', 'Ardenia', 'Bette', 'Amalle', 'Abbie', 'Aile', 'Bethany', 'Arluene', 'Chloris']
['Ami', 'Ardyce', 'Ashley', 'Adeline', 'Benita', 'Carlynne', 'Bibbye', 'Calypso', 'Amara', 'Alix']
['Adah', 'Cathie', 'Ali', 'Casi', 'Ava', 'Candi', 'Cammie', 'Carina', 'Audra', 'Adelice']
['Carlye', 'Atlanta', 'Antonie', 'Aloise', 'Carmella', 'Annalise', 'Betty', 'Aimee', 'Charmain', 'Ailsun']
['Alikee', 'Alie', 'Breanne', 'Analiese', 'Christiana', 'Bernita', 'Andy', 'Amity', 'Carmina', 'Ania']
['Carleen', 'Andria', 'Angelia', 'Ashlan', 'Alaine', 'Alta', 'Aubrie', 'Angie', 'Aliza', 'Belvia']
['Bernetta', 'Anica', 'Cecelia', 'Brear', 'Mary', 'Betta', 'Beret', 'Catlin', 'Agneta', 'Alameda']
['Alika', 'Christin', 'Annis', 'Abbey', 'Cate', 'Beth', 'Billye', 'Cele', 'Chris', 'Blanche']
['Ame', 'Amitie', 'Birgitta', 'Aprilette', 'Annabella', 'Bev', 'Chandal', 'Alejandra', 'Alecia', 'Alexis']
['Cammy', 'Arlena', 'Ashlee', 'Catlaina', 'Barbabra', 'Bambie', 'Bess', 'Bride', 'Cathleen', 'Amelita']
['Blakelee', 'Aggie', 'Carolee', 'Amabel', 'Albertine', 'Ardys', 'Carolina', 'Adella', 'Andree', 'Carin']
['Agretha', 'Addi', 'Ardis', 'Ashlie', 'Cathrin', 'Allina', 'Carilyn', 'Annie', 'Chrissie', 'Augustine']
['Benny', 'Amandie', 'Bernardine', 'Ardisj', 'Amandi', 'Ayn', 'Berny', 'Caritta', 'Ashli', 'Ashla']
['Aeriela', 'Atlante', 'Adelaida', 'Alanah', 'Caressa', 'Cheslie', 'Adrianna', 'Arly', 'Christine', 'Celia']
['Angelica', 'Adel', 'Bryana', 'Ashia', 'Bree', 'Aridatha', 'Amelia', 'Biddy', 'Chelsy', 'Bobbi']
['Ardyth', 'Annadiane', 'Babara', 'Brenna', 'Alyss', 'Blake', 'Anny', 'Chad', 'Barbi', 'Anett']
['Belle', 'Ainsley', 'Bobette', 'Ambur', 'Billi', 'Bethena', 'Annalee', 'Cathryn', 'Aurore', 'Audre']
['Carlynn', 'Bea', 'Bebe', 'Ailina', 'Alida', 'Charmion', 'Camile', 'Carlina', 'Beryl', 'Aurelie']
['Christye', 'Bobbye', 'Celine', 'Adelheid', 'Aeriell', 'Bridget', 'Arlina', 'Avrit', 'Beverlee', 'Carmita']
['Ailis', 'Benedikta', 'Batsheva', 'Betsey', 'Aura', 'Audrie', 'Alma', 'Christian', 'Alanna', 'Barbe']
['Adriane', 'Celinka', 'Alverta', 'Brande', 'Brook', 'Jean', 'Bridie', 'Amalea', 'Cesya', 'Arda']
['Adina', 'Annora', 'Chloette', 'Beckie', 'Ardelia', 'Brandie', 'Carmela', 'Anatola', 'Austin', 'Charlotta']
['Alexa', 'Bobbie', 'Beverley', 'Britte', 'Arlie', 'Camala', 'Angil', 'Caye', 'Alissa', 'Birdie']
['Barbara', 'Annamarie', 'Cacilia', 'Candide', 'Barry', 'Carolan', 'Bill', 'Billie', 'Alisa', 'Charlena']
['Christina', 'Anetta', 'Ashleigh', 'Bellanca', 'Blithe', 'Ainslee', 'Bert', 'Cara', 'Beatrisa', 'Aline']
['Andromache', 'Brinn', 'Carole', 'Brigid', 'Bren', 'Caty', 'Beverly', 'Bonny', 'Allyson', 'Cherianne']
['Blondy', 'Bennie', 'Almira', 'Binny', 'Caitlin', 'Brunhilde', 'Arielle', 'Arabelle', 'Alberta', 'Aurel']
['Cathyleen', 'Arleyne', 'Anthiathia', 'Anni', 'Andi', 'Aigneis', 'Carri', 'Brier', 'Alyce']
['Brittne']
