['567', '34', '36', '528', '32', '527', '178', '41', '531', '184', '37', '566', '31', '558', '534', '535', '177', '181', '179', '183', '33', '559', '39', '560', '182', '533', '530', '563', '562', '38', '561', '40', '35', '564', '536', '180', '176', '529', '565', '532']
['164', '159', '699', '700', '656', '651', '696', '774', '702', '654', '652', '772', '703', '650', '698', '657', '771', '773', '766', '156', '162', '701', '158', '165', '157', '765', '704', '160', '658', '648', '769', '768', '770', '655', '767', '161', '697', '163', '653', '649']
['220', '216', '234', '582', '580', '525', '233', '227', '215', '585', '526', '586', '219', '517', '226', '232', '587', '231', '224', '523', '519', '230', '225', '583', '524', '520', '217', '581', '579', '522', '584', '218', '521', '578', '222', '228', '223', '518', '229', '221']
['274', '101', '269', '96', '507', '513', '272', '515', '358', '357', '275', '95', '270', '94', '514', '99', '508', '102', '97', '356', '271', '267', '276', '511', '103', '509', '98', '353', '354', '516', '268', '510', '266', '351', '100', '350', '352', '273', '355', '512']
['553', '493', '497', '557', '489', '554', '568', '556', '573', '570', '148', '574', '572', '491', '153', '151', '492', '551', '576', '569', '550', '495', '494', '150', '577', '488', '496', '147', '547', '154', '571', '490', '152', '552', '155', '149', '549', '548', '575', '555']
['451', '447', '418', '443', '417', '452', '142', '143', '441', '448', '140', '446', '137', '449', '438', '419', '144', '423', '141', '146', '456', '422', '450', '454', '442', '445', '439', '138', '421', '426', '145', '136', '453', '139', '420', '424', '444', '425', '440', '455']
['644', '687', '55', '53', '467', '59', '475', '60', '693', '691', '694', '58', '643', '471', '52', '645', '646', '54', '695', '474', '476', '689', '640', '477', '692', '473', '57', '688', '638', '470', '641', '690', '472', '468', '642', '639', '647', '56', '469', '61']
['81', '681', '80', '335', '82', '259', '75', '337', '261', '333', '74', '255', '76', '685', '678', '686', '258', '265', '338', '262', '332', '263', '331', '330', '682', '683', '257', '684', '77', '78', '329', '79', '334', '260', '336', '680', '679', '256', '73', '264']
['672', '204', '635', '50', '627', '47', '632', '48', '49', '199', '637', '203', '675', '631', '636', '201', '674', '196', '202', '745', '51', '629', '197', '671', '669', '634', '633', '44', '676', '673', '200', '42', '630', '628', '45', '670', '677', '46', '198', '43']
['293', '14', '610', '20', '279', '283', '19', '18', '294', '12', '296', '613', '277', '291', '285', '281', '292', '286', '288', '282', '16', '15', '290', '278', '287', '609', '295', '611', '614', '617', '612', '615', '13', '616', '280', '289', '17', '284', '799']
['743', '360', '134', '705', '708', '709', '740', '742', '131', '365', '706', '362', '363', '132', '710', '135', '127', '713', '129', '744', '707', '711', '361', '128', '736', '130', '738', '741', '126', '739', '737', '367', '359', '366', '364', '712', '133', '125']
['66', '65', '620', '69', '624', '68', '71', '626', '62', '394', '67', '398', '625', '70', '64', '401', '404', '395', '392', '63', '622', '399', '390', '391', '396', '623', '406', '397', '400', '619', '72', '618', '393', '403', '402', '621', '389', '405']
['253', '796', '797', '793', '594', '590', '795', '791', '591', '593', '589', '252', '787', '790', '254', '504', '798', '788', '785', '794', '502', '499', '792', '595', '786', '500', '501', '588', '506', '789', '505', '498', '592', '503']
['314', '752', '753', '309', '315', '751', '246', '748', '307', '249', '749', '746', '251', '250', '597', '598', '316', '596', '313', '248', '247', '308', '317', '312', '310', '311', '750', '747']
['321', '319', '324', '322', '327', '320', '325', '328', '318', '326', '323']
['717', '714', '720', '716', '719', '715', '718', '722', '724', '723', '721']
['244', '238', '236', '245', '235', '240', '239', '241', '237', '243', '242']
['1', '2', '4', '10', '11', '9', '7', '6', '3', '8', '5']
['375', '376', '368', '371', '370', '373', '369', '372', '377', '374', '378']
['189', '191', '195', '188', '186', '185', '192', '194', '187', '193', '190']
['755', '763', '759', '757', '756', '760', '758', '754', '761', '762', '764']
['109', '104', '108', '106', '113', '112', '114', '110', '111', '105', '107']
['434', '437', '429', '436', '431', '435', '427', '428', '433', '430', '432']
['85', '87', '86', '83', '89', '93', '84', '88', '92', '91', '90']
['729', '727', '735', '732', '725', '731', '730', '726', '734', '733', '728']
['339', '343', '340', '346', '341', '349', '347', '345', '342', '344', '348']
['604', '605', '600', '603', '602', '606', '607', '599', '601', '608']
['543', '537', '541', '538', '544', '545', '542', '539', '546', '540']
['667', '663', '666', '665', '660', '661', '659', '668', '662', '664']
['781', '780', '778', '777', '775', '779', '776', '783', '784', '782']
['122', '115', '120', '116', '117', '118', '119', '123', '124', '121']
['416', '413', '410', '412', '407', '414', '415', '409', '411', '408']
['301', '306', '300', '305', '303', '299', '302', '298', '297', '304']
['381', '380', '387', '385', '382', '388', '386', '379', '384', '383']
['28', '30', '22', '25', '27', '23', '21', '24', '26', '29']
['169', '168', '167', '173', '172', '174', '166', '170', '175', '171']
['459', '466', '460', '464', '458', '463', '465', '461', '462', '457']
['487', '481', '483', '479', '486', '482', '484', '485', '478', '480']
['211', '208', '205', '213', '214', '206', '207', '212', '209', '210']
['0']
