['604', '699', '227', '233', '32', '357', '656', '542', '219', '805', '276', '817', '849', '634', '684', '859', '483', '533', '165', '789', '815', '282', '355', '737', '376', '838', '725', '189', '674', '172', '37', '730', '270', '384', '671', '332', '474', '852', '569', '559', '869', '1', '844', '473', '823', '561', '638', '807', '739', '366', '697', '784', '456', '826', '743', '663', '644', '705', '80', '554', '82', '249', '394', '803', '232', '8', '587', '415', '202', '608', '885', '589', '514', '208', '225', '351', '239', '618', '218', '801', '689', '639', '389', '555', '378', '315', '464', '797', '854', '441', '775', '143', '114', '654', '779', '62', '897', '574', '338', '124', '650', '127', '304', '340', '763', '319', '162', '665', '812', '855', '858', '818', '280', '851', '192', '198', '43', '61', '827', '525', '417', '452', '214', '539', '250', '640', '129', '244', '392', '785', '434', '368', '445', '295', '406', '100', '677', '139', '761', '163', '792', '836', '553', '728', '729', '582', '69', '203', '41', '59', '74', '448', '12', '241', '776', '791', '51', '107', '151', '900', '278', '354', '861', '516', '370', '736', '454', '865', '160', '768', '359', '72', '607', '176', '186', '688', '411', '753', '667', '108', '55', '538', '832', '709', '174', '49', '369', '307', '558', '465', '846', '409', '193', '423', '39', '813', '350', '312', '345', '653', '264', '339', '751', '895', '527', '675', '800', '337', '356', '70', '814', '825', '764', '141', '714', '673', '266', '92', '453', '726', '831', '498', '512', '96', '624', '599', '745', '377', '187', '29', '583', '577', '347', '166', '619', '641', '435', '891', '439', '468', '374', '518', '133', '56', '381', '86', '898', '528', '294', '303', '774', '438', '840', '432', '633', '488', '9', '400', '154', '320', '506', '680', '722', '284', '149', '592', '321', '694', '451', '437', '358', '213', '342', '646', '135', '205', '353', '290', '399', '460', '704', '828', '877', '206', '862', '298', '578', '458', '440', '125', '221', '293', '164', '841', '48', '777', '545', '586', '594', '491', '296', '237', '523', '713', '766', '494', '112', '57', '741', '658', '547', '758', '311', '647', '323', '884', '493', '620', '866', '113', '513', '71', '382', '740', '261', '31', '333', '58', '652', '645', '495', '459', '128', '899', '130', '612', '35', '659', '426', '155', '548', '848', '216', '204', '829', '793', '431', '132', '404', '243', '695', '794', '361', '248', '530', '407', '217', '7', '760', '767', '119', '222', '73', '447', '576', '236', '309', '134', '4', '627', '75', '700', '95', '76', '703', '795', '893', '477', '509', '863', '609', '146', '396', '89', '870', '738', '373', '470', '520', '603', '444', '348', '433', '109', '274', '635', '272', '11', '515', '696', '698', '790', '596', '502', '343', '257', '268', '442', '385', '42', '571', '521', '490', '289', '185', '783', '171', '478', '781', '537', '413', '443', '305', '872', '140', '471', '833', '175', '629', '286', '64', '476', '857', '560', '544', '564', '562', '786', '845', '628', '579', '152', '310', '328', '223', '363', '212', '575', '34', '28', '507', '856', '346', '259', '566', '302', '772', '262', '839', '462', '5', '890', '622', '711', '287', '301', '412', '38', '40', '472', '403', '712', '424', '662', '532', '375', '892', '580', '716', '796', '570', '137', '181', '733', '285', '550', '104', '821', '78', '158', '173', '522', '336', '806', '344', '430', '159', '626', '335', '436', '526', '749', '631', '388', '449', '591', '209', '401', '97', '254', '894', '93', '759', '816', '563', '273', '229', '782', '253', '820', '53', '573', '517', '131', '188', '427', '91', '90', '886', '54', '485', '297', '598', '882', '230', '182', '466', '835', '429', '147', '500', '260', '584', '428', '505', '455', '747', '649', '541', '693', '531', '651', '142', '226', '602', '362', '706', '111', '179', '281', '144', '597', '457', '316', '63', '666', '313', '605', '830', '138', '655', '679', '161', '546', '752', '65', '36', '178', '467', '88', '255', '0', '94', '99', '809', '177', '395', '519', '727', '44', '499', '422', '867', '765', '308', '615', '552', '228', '326', '723', '808', '717', '81', '50', '568', '47', '585', '762', '889', '461', '224', '331', '33', '408', '744', '367', '630', '770', '256', '484', '799', '98', '503', '169', '279', '246', '685', '116', '148', '3', '668', '251', '197', '492', '419', '896', '798', '657', '318', '242', '773', '683', '238', '676', '156', '778', '719', '421', '145', '724', '364', '819', '469', '380', '211', '497', '481', '199', '708', '184', '731', '888', '636', '686', '265', '52', '102', '123', '183', '692', '511', '122', '701', '235', '371', '901', '606', '231', '252', '121', '853', '681', '610', '245', '167', '68', '632', '349', '637', '535', '625', '710', '103', '416', '868', '715', '79', '317', '661', '482', '393', '621', '405', '314', '101', '567', '672', '687', '418', '837', '215', '748', '824', '117', '691', '572', '534', '864', '258', '508', '196', '194', '288', '682', '780', '85', '669', '168', '247', '623', '157', '617', '486', '536', '769', '463', '136', '670', '504', '425', '721', '220', '269', '306', '283', '479', '327', '275', '105', '322', '860', '707', '87', '391', '2', '614', '195', '588', '887', '529', '46', '593', '834', '883', '207', '802', '822', '475', '446', '643', '590', '372', '292', '263', '551', '267', '487', '271', '611', '83', '387', '496', '648', '126', '501', '414', '847', '565', '754', '66', '881', '557', '735', '410', '732', '556', '742', '170', '67', '365', '746', '804', '734', '613', '291', '277', '383', '601', '664', '771', '115', '755', '77', '329', '397', '757', '191', '45', '850', '379', '325', '549', '873', '234', '106', '341', '489', '324', '10', '84', '678', '702', '398', '386', '110', '153', '543', '788', '595', '200', '524', '334', '718', '756', '352', '616', '6', '811', '201', '402', '190']
['20', '24', '19', '18', '22', '16', '25', '27', '13', '23', '21', '17', '15', '26', '14']
['360', '390', '300', '450', '510', '420', '330', '540', '480']
['150', '120', '180', '210', '240']
['690', '750', '720', '660']
['879', '878', '880']
['875', '874', '876']
['911', '910']
['918', '919']
['928', '929']
['843', '842']
['906', '907']
['905', '904']
['60', '30']
['909', '908']
['913', '912']
['902', '903']
['926', '927']
['924', '925']
['916', '917']
['922', '923']
['914', '915']
['921']
['299']
['581']
['871']
['810']
['118']
['787']
['642']
['600']
['920']
