['375', '65', '253', '18', '479', '471', '202', '322', '181', '683', '368', '522', '584', '218', '139', '426', '26', '293', '541', '545', '448', '654', '572', '438', '70', '243', '551', '559', '257', '623']
['451', '537', '699', '233', '580', '227', '80', '357', '116', '197', '629', '276', '297', '416', '166', '27', '180', '579', '221', '109', '436', '636', '123', '508', '401', '665', '488', '266', '149', '121']
['604', '245', '246', '4', '305', '82', '525', '556', '214', '660', '261', '417', '95', '652', '105', '514', '193', '129', '208', '676', '520', '310', '672', '11', '143', '23', '157', '501', '273', '176']
['169', '75', '656', '382', '637', '327', '333', '58', '558', '118', '427', '613', '3', '99', '419', '476', '44', '364', '133', '20', '106', '507', '585', '183', '254', '543', '658', '256', '662', '98']
['32', '413', '213', '49', '174', '131', '232', '668', '251', '342', '535', '625', '599', '477', '104', '422', '564', '373', '239', '435', '260', '618', '381', '631', '474', '502', '494', '680', '697', '592']
['667', '360', '681', '108', '620', '437', '167', '323', '349', '255', '170', '8', '377', '608', '15', '485', '318', '135', '29', '657', '156', '659', '696', '388', '534', '258', '287', '280', '171', '411']
['610', '36', '663', '557', '306', '443', '113', '240', '467', '283', '269', '120', '76', '188', '94', '587', '177', '54', '392', '353', '634', '155', '553', '380', '259', '51', '666', '289', '456', '321']
['236', '96', '68', '542', '539', '275', '137', '409', '90', '285', '383', '103', '598', '495', '39', '87', '399', '396', '212', '405', '216', '50', '346', '594', '695', '14', '673', '472', '414', '647']
['134', '627', '452', '538', '219', '249', '148', '601', '277', '492', '286', '250', '205', '640', '244', '238', '230', '445', '79', '191', '325', '34', '303', '62', '24', '93', '38', '13', '186', '425']
['220', '447', '493', '410', '554', '55', '573', '31', '140', '0', '175', '64', '550', '290', '182', '2', '406', '533', '351', '562', '615', '603', '145', '497', '531', '691', '487', '650', '247', '126']
['513', '624', '685', '88', '91', '291', '589', '423', '115', '609', '684', '499', '128', '577', '614', '460', '25', '661', '326', '555', '687', '481', '22', '241', '669', '595', '387', '607', '403', '504']
['309', '632', '71', '365', '646', '664', '509', '434', '78', '89', '158', '483', '544', '430', '234', '582', '300', '527', '272', '114', '292', '179', '235', '248', '530', '561', '571', '366', '565', '498']
['66', '279', '242', '459', '146', '77', '429', '450', '165', '100', '470', '421', '619', '336', '440', '56', '575', '348', '81', '159', '315', '296', '671', '316', '611', '516', '9', '229', '192', '61']
['358', '210', '147', '466', '581', '649', '314', '274', '567', '433', '86', '568', '84', '675', '526', '37', '586', '226', '449', '111', '643', '153', '132', '262', '384', '692', '319', '648', '484', '402']
['53', '570', '369', '67', '645', '329', '308', '195', '600', '317', '206', '482', '379', '677', '393', '529', '578', '207', '518', '101', '164', '376', '48', '142', '294', '150', '42', '690', '222', '43']
['644', '178', '307', '517', '465', '628', '152', '298', '552', '505', '549', '653', '363', '455', '548', '693', '398', '446', '332', '267', '141', '354', '633', '301', '370', '168', '617', '547', '506', '679']
['415', '130', '588', '378', '211', '418', '47', '215', '203', '41', '678', '74', '566', '386', '265', '151', '224', '461', '263', '194', '271', '5', '569', '288', '408', '304', '16', '268', '454', '490']
['187', '560', '225', '311', '374', '444', '489', '528', '335', '341', '337', '172', '117', '12', '431', '602', '491', '686', '196', '591', '356', '124', '330', '596', '63', '622', '385', '217', '7', '201']
['394', '391', '295', '510', '173', '347', '35', '439', '593', '125', '469', '480', '204', '635', '59', '574', '372', '338', '462', '33', '597', '457', '122', '473', '605', '57', '160', '6', '453', '420']
['583', '612', '350', '428', '282', '339', '28', '69', '324', '464', '523', '127', '511', '278', '162', '313', '30', '200', '112', '371', '361', '154', '40', '463', '92', '606', '670', '198', '532', '540']
['519', '397', '312', '163', '355', '344', '10', '60', '441', '270', '362', '590', '237', '110', '302', '231', '107', '97', '281', '85', '343', '340', '486', '536', '72', '136', '185', '546', '424', '73']
['19', '184', '199', '189', '626', '674', '515', '389', '651', '299', '475', '102', '698', '395', '576', '682', '367', '400', '334', '138', '500', '352', '616', '46', '689', '223', '252', '688', '264', '503']
['478', '209', '144', '432', '1', '642', '390', '442', '496', '468', '563', '407', '412', '45', '320', '641', '359', '345', '17', '119', '521', '161', '228', '284', '639', '190']
['21', '512', '83']
['655', '52', '694']
['524', '328']
['638', '630']
['458', '404']
['621']
['331']
