['220', '96', '4', '219', '0', '175', '434', '218', '223', '505', '689', '221', '189', '153', '508', '151', '194', '698', '692', '5', '97', '432', '1', '235', '93', '217', '690', '92', '506', '6', '697', '222', '504', '688', '503']
['716', '620', '685', '709', '710', '683', '707', '684', '719', '715', '615', '619', '11140', '618', '11139', '11142', '621', '717', '687', '708', '693', '678', '691', '686', '706', '11136', '695', '714', '711', '617', '718', '679', '680', '712', '694']
['667', '663', '537', '75', '660', '382', '3', '668', '535', '277', '1114', '383', '657', '664', '11138', '661', '659', '379', '380', '672', '341', '531', '337', '534', '70', '650', '669', '666', '340', '658', '11137', '536', '670', '662', '532']
['269', '275', '140', '31', '188', '427', '629', '485', '187', '29', '182', '146', '2', '429', '145', '428', '426', '274', '34', '635', '272', '143', '631', '270', '265', '487', '267', '144', '271', '141', '30', '488', '266', '630', '186']
['253', '305', '413', '255', '342', '409', '291', '290', '295', '422', '345', '435', '11117', '344', '430', '293', '346', '303', '11127', '302', '292', '11118', '288', '254', '304', '408', '420', '301', '343', '11124', '412', '403', '411', '11123', '11128']
['18', '55', '53', '88', '49', '8', '15', '54', '11113', '1111', '87', '89', '11121', '46', '20', '86', '50', '19', '47', '84', '10', '11', '12', '52', '51', '14', '16', '85', '1113', '42', '9', '13', '7', '17', '43']
['525', '11133', '557', '554', '558', '11141', '587', '589', '560', '583', '564', '562', '581', '588', '11134', '584', '529', '552', '593', '553', '555', '582', '528', '527', '585', '526', '586', '572', '591', '559', '530', '563', '524', '565', '592']
['134', '167', '1117', '95', '1118', '131', '137', '91', '285', '135', '129', '156', '128', '158', '165', '130', '166', '139', '163', '155', '133', '159', '164', '132', '127', '287', '162', '157', '154', '160', '126', '138', '136', '161', '284']
['233', '236', '245', '246', '240', '227', '283', '32', '249', '232', '11111', '251', '286', '250', '242', '244', '238', '416', '230', '225', '239', '228', '282', '234', '418', '226', '241', '237', '224', '243', '247', '248', '229', '231', '11112']
['169', '178', '1119', '174', '170', '202', '197', '177', '181', '205', '423', '208', '173', '180', '421', '206', '207', '204', '199', '184', '203', '172', '196', '179', '209', '183', '168', '200', '11110', '176', '185', '201', '171', '198', '425']
['451', '447', '437', '443', '452', '632', '465', '90', '11114', '634', '445', '450', '466', '460', '439', '458', '444', '11125', '440', '433', '11143', '464', '142', '441', '448', '446', '449', '438', '461', '462', '682', '457', '454', '456', '11126']
['681', '580', '410', '538', '467', '556', '542', '517', '539', '369', '94', '550', '459', '519', '509', '544', '520', '522', '549', '518', '548', '11132', '381', '376', '541', '545', '11131', '523', '551', '371', '547', '561', '521', '546', '540']
['493', '497', '481', '489', '478', '300', '479', '507', '48', '475', '436', '696', '431', '491', '590', '613', '492', '476', '713', '477', '495', '11129', '494', '499', '665', '500', '501', '463', '490', '616', '11130', '273', '498', '264', '480']
['11119', '339', '424', '358', '357', '349', '11120', '338', '356', '353', '543', '354', '502', '633', '44', '83', '533', '496', '351', '347', '350', '45', '359', '352', '336', '453', '289', '393', '355', '252', '125', '455', '348']
['596', '604', '595', '605', '442', '602', '603', '594', '606', '600', '607', '601', '599', '11135', '597', '598']
['122', '104', '101', '1116', '120', '102', '100', '119', '1115', '99', '123', '124', '121', '98', '103']
['392', '11122', '390', '391', '387', '385', '394', '388', '386', '384', '395', '389', '378']
['314', '316', '321', '315', '319', '313', '317', '320', '312', '322', '318', '323']
['28', '22', '1112', '25', '27', '23', '21', '24', '26', '33']
['622', '623', '624', '627', '626', '628', '625']
['57', '59', '60', '62', '58', '56', '61']
['638', '637', '641', '636', '642', '639', '640']
['216', '211', '215', '213', '214', '210', '212']
['66', '63', '65', '69', '68', '67', '64']
['473', '470', '472', '471', '468', '474', '469']
['516', '513', '510', '515', '514', '511', '512']
['699', '701', '705', '700', '704', '702', '703']
['109', '108', '106', '110', '111', '105', '107']
['115', '113', '112', '114', '116', '117', '118']
['577', '573', '574', '579', '578', '576', '575']
['644', '648', '643', '646', '645', '647', '649']
['36', '39', '41', '37', '38', '40', '35']
['259', '261', '260', '258', '262', '263']
['610', '609', '611', '614', '612', '608']
['656', '651', '654', '652', '655', '653']
['306', '309', '308', '307', '310', '311']
['360', '361', '365', '362', '364', '363']
['81', '77', '78', '80', '82', '79']
['567', '568', '570', '566', '571', '569']
['329', '324', '327', '325', '328', '326']
['335', '333', '334', '332', '331', '330']
['676', '673', '675', '674', '677', '671']
['399', '396', '397', '400', '398', '401']
['148', '149', '152', '150', '147']
['406', '404', '402', '407', '405']
['192', '191', '195', '193', '190']
['281', '278', '280', '276', '279']
['76', '72', '71', '74', '73']
['375', '374', '372', '373', '377']
['296', '297', '299', '298', '294']
['256', '257', '11115', '11116', '268']
['417', '419', '414', '415']
['368', '366', '367', '370']
['484', '486', '483']
['482']
