['HEH', 'YPK', 'ROV', 'OVW', 'NYK', 'GTT', 'KVA', 'QTL', 'PTS', 'VAK', 'KVV', 'ZOD', 'TWR', 'FFC', 'SCT', 'GEJ', 'SIF', 'HQD', 'VTK', 'IJY', 'FES', 'PYS', 'KAC', 'VJJ', 'NXE', 'VDX', 'BPX', 'ATA', 'UWW', 'KJZ']
['HPS', 'AMX', 'NPZ', 'MHD', 'GXR', 'ANU', 'OLN', 'FKE', 'WTU', 'DHI', 'TJK', 'QAL', 'DBU', 'QTN', 'HBR', 'QPF', 'CRU', 'UYC', 'XXQ', 'DKW', 'KHH', 'GYT', 'MFE', 'YKJ', 'FDG', 'UXA', 'MRA', 'YZG', 'MXX', 'OXG']
['KPH', 'BHQ', 'QXJ', 'JXG', 'NCO', 'FCO', 'CVW', 'NVU', 'YZY', 'MUN', 'CUE', 'HYB', 'QVZ', 'BOO', 'DZC', 'LOB', 'LCQ', 'DSH', 'EDW', 'BVZ', 'KTI', 'ZQL', 'RVW', 'ELS', 'LWQ', 'ZGA', 'HIC', 'BQS', 'NVJ', 'TRW']
['WED', 'IDK', 'EHR', 'TGM', 'ATL', 'TXE', 'LRA', 'BML', 'XJH', 'PNL', 'LOV', 'DGN', 'KEF', 'EYQ', 'TZY', 'IXZ', 'QSF', 'KMB', 'TID', 'CPB', 'DLA', 'ICW', 'OAB', 'KRQ', 'XIP', 'LHE', 'POE', 'KMM', 'REW', 'OTS']
['SOV', 'MIT', 'VGG', 'GJL', 'YJK', 'MUA', 'CGB', 'LRD', 'GCG', 'EBF', 'ANZ', 'KZR', 'AVW', 'PUK', 'GUD', 'CAJ', 'QIT', 'JAF', 'QKB', 'FTH', 'OOM', 'TKK', 'WKW', 'XLN', 'OKK', 'AAJ', 'NAU', 'LTB', 'FIV', 'PBN']
['WXT', 'PGB', 'YNK', 'HWG', 'DLT', 'MWF', 'SXV', 'TTC', 'OCM', 'JFC', 'ODG', 'CGN', 'DAA', 'LAL', 'IKV', 'SSQ', 'TBB', 'MOM', 'HXZ', 'BPP', 'UWF', 'XBM', 'KQX', 'CAM', 'IOA', 'HWA', 'HYZ', 'CJX', 'NPC', 'DJD']
['PDK', 'DLY', 'UON', 'WZE', 'GUV', 'AZR', 'VYL', 'NSO', 'GPR', 'MIP', 'YQI', 'ZKF', 'MEU', 'XYV', 'SDG', 'UNU', 'IAO', 'VMJ', 'JSH', 'NNP', 'GJV', 'NLK', 'OTQ', 'IZD', 'WGE', 'IWT', 'EAH', 'TPR', 'LDB', 'COH']
['YFE', 'SOU', 'HZO', 'XAN', 'NDE', 'IOT', 'SLC', 'FWC', 'PSL', 'RTR', 'LYC', 'LZC', 'QZW', 'ANX', 'GQN', 'ITG', 'HXA', 'MQC', 'ATB', 'VYR', 'FNT', 'DXV', 'PAE', 'VYF', 'PJS', 'OZB', 'ESM', 'UCC', 'BME', 'AOV']
['DLP', 'CSW', 'BTJ', 'OUM', 'YRG', 'RGG', 'WLN', 'DZX', 'IKQ', 'SWJ', 'WQO', 'SLN', 'DBI', 'GWA', 'JTO', 'USH', 'WRL', 'PCS', 'OIG', 'AON', 'WUC', 'WCJ', 'XDB', 'OIN', 'GMV', 'FTZ', 'BVA', 'WNV', 'AGI', 'ZUT']
['GKN', 'ZFP', 'MYR', 'EXV', 'YAY', 'GBS', 'SVO', 'XMC', 'NWU', 'SHV', 'WEV', 'RQQ', 'ADN', 'SDN', 'JVQ', 'TIA', 'SMW', 'DOA', 'GSP', 'XHQ', 'OVD', 'TLX', 'OIH', 'ERM', 'ZNX', 'TGH', 'YWU', 'EQW', 'GNV', 'DER']
['VLU', 'MRS', 'EOL', 'MET', 'VDC', 'PEC', 'WOC', 'EJZ', 'UKA', 'TMW', 'PZP', 'BCD', 'NHU', 'NFZ', 'EPX', 'MIO', 'BTR', 'VPF', 'GIL', 'ICX', 'QTB', 'WDU', 'VTG', 'HMB', 'SYH', 'HDH', 'OEF', 'GGE', 'CGK', 'EAT']
['DLO', 'KGM', 'IOM', 'PUR', 'GIA', 'TIO', 'JZT', 'OZO', 'VCD', 'WUO', 'OFU', 'KMQ', 'QXV', 'RBH', 'YGV', 'QEA', 'HKP', 'KUG', 'STX', 'KXK', 'WHQ', 'SWX', 'UEU', 'GAW', 'BFX', 'UMR', 'DFV', 'GML', 'GXC', 'RET']
['UTO', 'VVU', 'UEH', 'GTV', 'ZFD', 'SBC', 'ILK', 'IAP', 'TUP', 'WRS', 'FAM', 'TWQ', 'AZT', 'HUO', 'SJD', 'LHC', 'IFN', 'VKQ', 'WTN', 'TPK', 'SGJ', 'RKH', 'IPI', 'FQK', 'HUJ', 'CVP', 'DCW', 'YNN', 'RAF', 'DRY']
['ULL', 'HAE', 'MBK', 'QGM', 'SEX', 'ITP', 'MMO', 'ZJY', 'QNM', 'RWI', 'PCP', 'AWY', 'UGR', 'FPP', 'EYM', 'HOW', 'EFF', 'TYO', 'ITY', 'CBT', 'NBO', 'IWE', 'HHE', 'GZB', 'WMM', 'XOB', 'XPH', 'ATO', 'HOK', 'QBK']
['MQY', 'VID', 'CFX', 'YVJ', 'VYO', 'YDB', 'IQX', 'BOQ', 'UGS', 'OWI', 'JZD', 'WKZ', 'OTF', 'QDT', 'EGA', 'WJF', 'YRF', 'ZHH', 'GNK', 'CEP', 'YZX', 'JCN', 'HPX', 'STY', 'NDS', 'HBS', 'IPZ', 'GXN', 'SAH', 'SYF']
['CQG', 'EES', 'YUY', 'GKI', 'HGR', 'CCN', 'JPX', 'DDZ', 'DXT', 'TEJ', 'EUL', 'CCV', 'SGF', 'HJX', 'MSE', 'HUS', 'RTD', 'HKI', 'VJE', 'VOL', 'UUV', 'LWS', 'RAA', 'YZR', 'XYY', 'IXQ', 'TRN', 'CSV', 'XDT', 'HKF']
['JLY', 'YTT', 'JXJ', 'WWB', 'HWR', 'SPS', 'KBC', 'YTW', 'NBH', 'ASK', 'FBH', 'ILN', 'LIP', 'SHN', 'PAB', 'SBB', 'PUM', 'KXP', 'KUV', 'IBB', 'MES', 'UAO', 'UWB', 'LCI', 'VOY', 'MDJ', 'VXC', 'DYY', 'SDJ', 'ILY']
['BCZ', 'AMO', 'DFX', 'WCM', 'SVM', 'SDA', 'BFW', 'RCL', 'ENK', 'UUC', 'VBK', 'TRY', 'PJU', 'UST', 'RDK', 'RZG', 'QUN', 'KBU', 'CNA', 'RXZ', 'ZJO', 'GMC', 'QPG', 'EBB', 'KMZ', 'RPD', 'YCY', 'SID', 'BWX', 'JPJ']
['ITE', 'UGC', 'QZE', 'NTQ', 'QBC', 'AQD', 'MPK', 'PFE', 'SDB', 'BDN', 'NKQ', 'SFY', 'MRP', 'KXW', 'LJQ', 'KPT', 'QZU', 'WZU', 'VPM', 'WAD', 'MIH', 'MQT', 'KIA', 'DFE', 'SDI', 'EYJ', 'FVN', 'VYN', 'MTX', 'KLD']
['HMK', 'OLK', 'XZX', 'QSN', 'FPF', 'TMG', 'SQB', 'SBM', 'HLJ', 'SBW', 'ZJP', 'JIP', 'DSQ', 'FQW', 'VQD', 'MQL', 'JUO', 'GMS', 'PPW', 'MTC', 'MZW', 'YBA', 'WJG', 'KQP', 'TII', 'XTE', 'ZCT', 'LXU', 'BET', 'IIY']
['VUK', 'AKA', 'GXL', 'BWO', 'ABN', 'KAU', 'GBN', 'ISR', 'IGA', 'CMU', 'NAH', 'KFF', 'XVL', 'EYR', 'BUI', 'ZTQ', 'KHE', 'VRT', 'ZWO', 'WAV', 'TDD', 'URP', 'ZGG', 'OFA', 'GTN', 'VLB', 'OZU', 'MAS', 'BFJ', 'SDV']
['HBJ', 'FUP', 'AHE', 'SXM', 'BVY', 'JPI', 'OMX', 'UFB', 'ATZ', 'SWM', 'IXY', 'MOL', 'NIE', 'SFC', 'BKI', 'NTP', 'BEU', 'DCQ', 'ZSA', 'PII', 'GSG', 'RYI', 'KUO', 'RUY', 'WBM', 'URH', 'HDA', 'ANM', 'KMF', 'FGV']
['YUA', 'GMI', 'XPS', 'VAS', 'HUW', 'TYW', 'YQC', 'BZS', 'LND', 'QSC', 'GQD', 'UTJ', 'QWJ', 'FOR', 'RYB', 'DYX', 'GTL', 'LUM', 'LTV', 'ZVT', 'QIP', 'KTZ', 'LUN', 'YPQ', 'OFD', 'ZCY', 'BZF', 'FJY', 'TFQ', 'DBJ']
['XWK', 'LZE', 'DQM', 'HUP', 'ZXM', 'HPL', 'XMY', 'NRJ', 'MWP', 'OYQ', 'MHL', 'RXF', 'RAO', 'BLF', 'JYC', 'PSP', 'KOR', 'RNO', 'JLD', 'OBX', 'VLZ', 'DZF', 'YGB', 'ATC', 'VIN', 'RSG', 'UEA', 'XZC', 'JVH', 'DAQ']
['VOT', 'DZY', 'YVA', 'UZC', 'YMM', 'GMP', 'ZZD', 'ASQ', 'MKX', 'VHZ', 'QTY', 'VMC', 'IZZ', 'DWC', 'QZX', 'IKZ', 'PQL', 'HOD', 'UWA', 'QYS', 'KIK', 'LGC', 'DMK', 'ZEW', 'LYE', 'FCT', 'KKF', 'AWX', 'VUO', 'TOH']
['MCF', 'MVM', 'BNV', 'IET', 'RPU', 'NAE', 'HBU', 'BQE', 'FOU', 'MBN', 'UKU', 'LBW', 'DEW', 'VJD', 'HVH', 'BCL', 'VZW', 'HTW', 'CNE', 'KZY', 'NIL', 'UJM', 'SKP', 'DAU', 'FNA', 'TNN', 'UYU', 'POR', 'ZUQ', 'DAI']
['GZN', 'VMA', 'EWF', 'FQL', 'BVK', 'QBY', 'NEI', 'YBM', 'FNZ', 'OSB', 'XFG', 'HNY', 'NFC', 'CZR', 'UIG', 'NJG', 'FDH', 'HRX', 'DQG', 'XKH', 'PVK', 'CDH', 'KNQ', 'SGP', 'TUN', 'BQL', 'DZW', 'FEL', 'SET', 'PBM']
['NQF', 'QNR', 'IYH', 'WGF', 'EUE', 'BKM', 'IKD', 'VVA', 'GIT', 'RUQ', 'VTT', 'KDZ', 'NMM', 'NSD', 'AFQ', 'XCP', 'IRD', 'BYS', 'LDS', 'DOE', 'USR', 'VOC', 'IUW', 'FPX', 'IVB', 'GYQ', 'FWT', 'IZV', 'YAK', 'ASB']
['MMG', 'GNS', 'IAK', 'GUG', 'ZKP', 'CHQ', 'WZZ', 'ZMN', 'EQJ', 'YXQ', 'ULZ', 'KPU', 'POT', 'RVE', 'SSH', 'OLU', 'CPP', 'HPQ', 'IGS', 'QLE', 'MMT', 'ELO', 'EEW', 'LFY', 'ODT', 'UBM', 'VQN', 'FER', 'KSI', 'TWD']
['HGI', 'BAH', 'VZT', 'JSR', 'LER', 'SLE', 'MJT', 'HSL', 'XZP', 'UGM', 'KXE', 'JWA', 'KDF', 'WRA', 'UBB', 'ZXK', 'OSS', 'YAN', 'SEI', 'NYA', 'VFA', 'OED', 'KJM', 'XUN', 'PEE', 'HSW', 'TKH', 'HAI', 'VZE', 'NZL']
