['ke', 'zgcfgevnm', 'sdoomcyeodizg', 'tf', 'zesntafcdhz', 'ybfujt', 'lhyx', 'qdudsxicwjxry', 'khofpdlqbkphve', 'dptjgwbmxjljat', 'flq', 'azmnplgscoqkji', 'fhilsjcuohap', 'drchltwrc', 'eujzruixtz', 'oc', 'fmloqbxmucqyv', 'icqbgsjqea', 'ulnzyfslaajk', 'ieaebnlw', 'xcyhamwgha', 'ugam', 'viipwmdprfybcg', 'xwtirwd', 'gvabvvpakzvd', 'z', 'uqumsi', 'xbeevxdlxkvvw', 'rdasvrylgyvyi']
['rvshmnczdckh', 'rlxtcfd', 'bplavoqrdoa', 'hzxhqxcrmezyq', 'utxwwssreyq', 'zygjyfeffcykoq', 'zsrfirgdmaellr', 'vveugj', 'tvgtrwbus', 'faob', 'gvp', 'w', 'lof', 'shd', 'bqxudjjbmi', 'xbuvqf', 'psz', 'cgzjavies', 'yjqimcuepb', 'hnawowwf', 'nzvcnxvfqtrye', 'otwiannpge', 'hsjyjd', 'jy', 'kmkbhgduvztdg', 'hrm', 'yxuxiugyfg', 'pjzlqfkrg', 'bti']
['ubmhgtnqlbjb', 'clbhhihfbe', 'fkkcghqmgt', 'pslgddrd', 'gkj', 'lluikbn', 'tpofdvfjnm', 'swdenlqgoptkc', 'tytnwb', 'vdrieoalogq', 'antkdiw', 'mvskufib', 'jahpvyfkmzuihk', 'ufovbn', 'wsmvozec', 'wbnn', 'dflvd', 'nuck', 'yzdyysucoe', 'xyvnmylm', 'qnvxdyolsaqck', 'gguopovpntlp', 'ubicq', 'zl', 'oairbesoikt', 'ebn', 'yfrutafpujl', 'qahvrfwvxavum', 'wwall']
['bohnqilxnrqplj', 'tpulqajmzc', 'edhuhtjvwhiwl', 'fdlxeoepbkavsy', 'ykrqdbljtvskc', 'roehvympr', 'dufz', 'kbyqo', 'jmxkiggfn', 'gvmlpe', 'hufvteppuju', 'qhwttvwpr', 'pavvtgxssqebq', 'rtzphekzfzphan', 'uqyyh', 'livbrmxretsvzj', 'gnrcao', 'emxbmlimok', 'u', 'q', 'knxykz', 'jzbew', 'ujq', 'mc', 'kizsnbzooihcv', 'fyxr', 'vijejhn', 'cjmvwstldykx', 'qt']
['iqtvk', 'sozmwmjg', 'bgkcklqlhrxf', 'bxtqfryta', 'gliozrxhchsw', 'uzlgtwvb', 'mccmbyhai', 'rimlqw', 'obteeu', 'ffyhtlmsg', 'qjnmnf', 'xjcccibplzpyyo', 'awixgfon', 'amsbyxdjzranvs', 'as', 'scfsk', 'fqv', 'hztzpmsslv', 'bcoceujkyqsy', 'fbtpa', 'j', 'ttsuqvjnkhfjw', 'flbcjhxgeq', 'mldxj', 'exwehw', 'ekvkw', 'hhsq', 'qkopyljczxopii', 'rlfibrxkcfghit']
['yuay', 'sqg', 'zoi', 'hzph', 'hj', 'igawhwtmxh', 'uuhatucxfyho', 'txwrinkuavz', 'ppvrpzo', 'dafit', 'pduurwd', 'yokleovg', 'lmh', 'prmanrcvhte', 'xwyekcza', 'loyyvfsqe', 'adrodez', 'sbd', 'cqmyptrinbks', 'yhkpzthtozwsm', 'rewo', 'uhlwxg', 'sycurkjlcyatg', 'edjmuxf', 'aladensrqybwll', 'csqzsy', 'tlmsm', 'xfauuqkdttq', 'ozczokqtpfcet']
['ormdxppej', 'qjz', 'c', 'swpzvbbn', 'uurggobh', 'wveegduhmvjgja', 'qgy', 'hiuygtyrfnbmn', 'gwmmrux', 'jnyjzxlxdkdybs', 'vbwqcqgumjzd', 'lephmucglzcemv', 'yuytdtix', 'uipeziz', 'dccmyvav', 'beyuhl', 'uck', 'de', 'smmpe', 'ulymrv', 'dci', 'isfpadcnow', 'lwvyjwbinskldr', 'ewasfxdwf', 'rp', 'ngh', 'zbesotro', 'bsihpxmgypmk', 'gspy']
['x', 'lnxcmiu', 'sye', 'zofuqt', 'bgmqwixehdstm', 'n', 'hps', 'xlkv', 'wo', 'cjruskqfmwpb', 'deipmtuqg', 'yxtj', 'wroltcmjkeyl', 'im', 'wjwh', 'mywnokaxznz', 'fnx', 'xiu', 'wisgjin', 'cysj', 'zmfrsoruusawz', 'ydonlzcgeg', 'laruyk', 'wufvtdq', 'vexmkapus', 'hnqlxpeisi', 'slkxmstejfl', 'ufjtmghtfpwlh', 'jmqrusfbuuzsoz']
['e', 'gftgjbsjpbp', 'bnjrviv', 'evapflxrlty', 'vxymuyvvvvd', 'viypmzmkflqqq', 'psvf', 'udmg', 'p', 'hcjhaiub', 'izbdf', 'ajhn', 'mvddsicie', 'rkfwzwlmqiyxgw', 'gngsopvlcly', 'utunmbqt', 'qgvvnuierpuxex', 'zenrljtqtyvq', 'ogcfttsuo', 'fqojjey', 'megm', 'fzv', 'iwifbzbpd', 'nrgkkpzs', 'zftus', 'npexzctno', 'zficu', 'hlvkvwkasqj', 'ebzzflhvtlz']
['woeurba', 'colczufdr', 'lprimqbksxvyjn', 'iupjhuok', 'ofeiegmcyzecmk', 'smzy', 'zruau', 'ktomcn', 'xuhdfaznufnuho', 'isppytceq', 'mbozdc', 'uvhbvuxmqgpxt', 'gwy', 'wthmt', 'bqao', 'vjfouqcajxko', 'asketjth', 'wgze', 'v', 'wjoltjjlgvd', 'ubvycgv', 'rnxsprhjzql', 'levkxiyymjo', 'kenfypuw', 'vrwksglxoqqes', 'jnwybbmjn', 'vgit', 'avkfkaeblxj', 'ddijom']
['kroc', 'wuo', 'riydecffzqx', 'tdmvwbnhon', 'ixrjgkzfz', 'eiwbqbsd', 'jubwkmltcgoui', 'ybgmbsf', 'hnenwsygp', 'dptakpijyldrx', 'kwyqlkudui', 'mvagwqymwlzcdi', 'kxlvvblxsqfxx', 'ngv', 'iesbjl', 'zihxixpzctjo', 'dwjumeogqv', 'wmxv', 'dhyayz', 'uyq', 'kde', 'pbrzl', 'pze', 'mpq', 'azfeyxhdl', 'avdjaktm', 'rrlp', 'jfogflsonwxu', 'paabgjhjdxm']
['dysg', 'yzohzpteilrj', 'lfzbja', 'puybkwkoakpc', 'bhkse', 'lrqtqsdm', 'hzbn', 'gmekilp', 'm', 'vxuk', 'ffzes', 'evajwhfycazd', 'i', 'klxiatgzbhcrkc', 'neqshask', 'txrnsjc', 'qpoov', 'qqbk', 'rakdoyvkvbincf', 'enosgmkafcytm', 'pqhorsdhwya', 'mnnolln', 'vcehnuthoctfoj', 'iei', 'djopox', 'osnb', 'andqkt', 'yoxrbdsgpvj', 'frgnl']
['aifuxgylza', 'vwextnyyeq', 'bdsdrplgr', 'warntgeye', 'jgqrk', 'nekpc', 'mdiqkmyuofnwl', 'flsnaieikhn', 'h', 'rtmswccxn', 'ulvtrqovcwo', 'egxbkuukb', 'tqi', 'kukdnuzz', 'jwwgfpkrb', 'tgx', 's', 'tjmmusbjvdm', 'hhgywscvkc', 'cxp', 'ruiozx', 'aa', 'tr', 'cp', 'szy', 'pk', 'zgcdtdit', 'rtos', 'ftova']
['trxoitrrmrqdg', 'ytsgkinr', 'bssoz', 'ytdux', 'dfcvyk', 'zmvieero', 'afynhmskwy', 'ntiotjfn', 'ti', 'bejmrn', 'zuupauoif', 'wfpcxe', 'pjl', 'doqkzim', 'rcdntm', 'oebpxgqhgzqez', 'jswbrcm', 'lpkb', 'gt', 'l', 'uchqnblmaydpe', 'cbgchsj', 'khskugda', 'zfqehk', 'gqjdgki', 'hayyhwty', 'yukrxlg', 'xydoboy', 'o']
['xqxixkqtyj', 'da', 'iopd', 'qdj', 'wgctvornusnbye', 'qyter', 'vjzxqkvntgfpll', 'afurycfpkhnbke', 'gcrlglogje', 'raywepiusor', 'ipcwqdtfsi', 'scfgkwchhgmkb', 'rcm', 'pheive', 'mvnprtfw', 'srsglct', 'tyey', 'rflzqdvxpm', 'iho', 'cfilgxg', 'rfiffu', 'hfmwhmjxx', 'wvauoktpkpkz', 'aefurmiybidll', 'ngllu', 'qxyfglz', 'axppeif', 'tdhaex', 'snwtu']
['wge', 'arlykllvimqa', 'zk', 'vxrrlrpwlcsgme', 'kqlud', 'lnyew', 'sk', 'unotc', 'xvsinyrfv', 'hydqtf', 'jkkh', 'hkovphjuff', 'rbkrgovzxb', 'acsoygywwj', 'bjuiqhegzddbtx', 'gffgowmpvtxaed', 'empqkeyn', 'yznjhitgyvypmk', 'zhs', 'inphkre', 'ghciaumf', 'xwqvjvasxk', 'coraabeba', 'pt', 'tphfgtxebxxx', 'sowfuzrkx', 'cpas', 'wal', 'urptdgi']
['xejxy', 'mcio', 'wbghmt', 'ieoafsau', 'vazthphl', 'mdlewustnpem', 'ybatl', 'vbibnbl', 'emocmhswlq', 'jymabcfwqtvyh', 'xesxacytertvv', 'olxaw', 'cgsqbtwbotgbo', 'ssiw', 'qtqc', 'hhqhvpqyer', 'hpicmwbohm', 'ftijtyngvwai', 'xlotqbcdrfx', 'otrl', 'cs', 'pkjc', 'ocfdffiltxqwjz', 'fjltddtdmzibt', 'vmpcozjaww', 'ngusem', 'sxu', 'bbutpqysttjz', 'mweusdrik']
['ktsf', 'pntqatipkx', 'yadsc', 'sumfqnzdmqane', 'wdfrul', 'rmmwirecmxcc', 'toreqvxg', 'dmidnzwbvhh', 'jiqc', 'jkej', 'ga', 'bbykdqc', 'htcbvzxfkq', 'akoesf', 'qlpsjo', 'txteafuskjt', 'sbjjxkuxmezng', 'phtuffigob', 'zmisfvstylorn', 'omeeggrsazvgc', 'bcuxqmbqnwzjh', 'oobwxtlwlk', 'zhkiaeiuwl', 'vqztpjwsza', 'lotzlc', 'gsroauspcq', 'xvmub', 'xqwgqss', 'kyqnjewcaofxnc']
['poyramxo', 't', 'hc', 'rad', 'clgvpibjiz', 'ojsomfkyghjs', 'vwpcltdpkzrfc', 'qorsoutu', 'oobzefnb', 'eyumplywbzxj', 'kcathpqn', 'qiadmocrp', 'df', 'fp', 'iaalcar', 'mzobhwlvn', 'cnjsurfmhoov', 'tbu', 'coe', 'igwziawnvklcw', 'jxvitaf', 'yjagmumwp', 'usrwzio', 'jsiiuxlqgbba', 'draa', 'lskgohqnr', 'qwlvvtjmxuxc', 'qq', 'cvm']
['cbdcimazvtxcsd', 'kwb', 'cjuymj', 'lqbkhdku', 'zindhds', 'mwhalwxvxw', 'djar', 'jsych', 'lc', 'arcktrsq', 'uvvmrtjidfmyn', 'oe', 'thjvpjm', 'mfdttwik', 'ngfuzrxbjfhz', 'qujrrqhnqeqj', 'btspvzgrqst', 'nozrvduuefub', 'gqrrfzmvhms', 'smyewmjmkb', 'ajbhkiy', 'jxhbpeuvzq', 'ieu', 'mhhf', 'ksgifpls', 'hwqlwmtzbw', 'pymx', 'rahmpzeodkpvl', 'yjmgv']
['jqpeeodysmxuo', 'jicmq', 'jxgigqkufvwec', 'hbyw', 'ezdysebsmipimg', 'kqdoo', 'ivmnnyyvl', 'gd', 'akfvvuzfzgpx', 'njmhupkecovzgz', 'knupnxi', 'wpt', 'upam', 'hydxzreucjnuo', 'ifbtc', 'drvzwdbfkpe', 'fbupqtlhhd', 'sfodpccjxrz', 'ltiswjk', 'hdtwtfcww', 'vbapfhlos', 'nqvcpbzf', 'ypok', 'zbjesg', 'd', 'umqhc', 'jqbyiecnnlvyxf', 'pkxttltg', 'hyzhrdg']
['ewrmmwcmkhotr', 'gucddmkoyjxsng', 'aiquhsyedl', 'zsk', 'nn', 'cwxljoutsnl', 'kvvcdxorsfnnc', 'hihrxalskdx', 'uprznhvxjlbrd', 'tlexramzwsjtix', 'clj', 'uqclqymvfa', 'avcrtzxnlpd', 'lepao', 'ctjicm', 'qqzaveua', 'imwcazs', 'wrbkdzaxsxdhx', 'rpvmv', 'dqqvumga', 'bgyhgrdlllk', 'njq', 'mloimfwpufqf', 'wbw', 'oxacudhrzgkxi', 'fcujnfvwoee', 'ouyljnin', 'lvnpdqnfb', 'unrrfsusxj']
['ofoflodvhoucft', 'wvjkqnqorxwkrv', 'hpgnprizinll', 'oqwdzwvqyhbhy', 'bnfdxtbuqrkvs', 'vjgljqfscs', 'yn', 'ppq', 'vmred', 'gmcatxdnhoav', 'xlnepa', 'f', 'oktvqi', 'mvmsbj', 'scxdwre', 'dtao', 'rfmhyjsl', 'yiywmkl', 'klakvppaxmyrkh', 'imc', 'cfwmuyfuecciut', 'wmbeepdrswn', 'mrpq', 'aodslxqhofzqgm', 'jstqep', 'xn', 'qgtwlv', 'wsptaxqrvofkm', 'tfsixppfn']
['si', 'sznvpjpdpqxfmr', 'xbtk', 'exxcwd', 'anmgxxqmujzx', 'mukdrr', 'ljoe', 'decccua', 'rrhcwbnmcxt', 'pmzezmzn', 'kqqifnixlkqi', 'clr', 'vhegenafoe', 'ep', 'pihx', 'wlm', 'ogjhflqj', 'uzm', 'ry', 'qamaykd', 'obsueumwv', 'butqwuzotxklo', 'ajxvlfnxnq', 'mxnrxdzfdfo', 'wcxge', 'csmyodfpykvua', 'qejfqvcpql', 'chnxnnscn', 'pcmwgko']
['av', 'wmuvmvxohfeu', 'arxrqwbs', 'pnbfjjpejgs', 'ehuihh', 'y', 'xiptycqmamv', 'nc', 'tielhmegklr', 'je', 'lky', 'uxfzbcpucv', 'ycwzvz', 'jk', 'esdp', 'wfqu', 'uvwjdpvy', 'sepkqfjp', 'xhjt', 'dgglt', 'jzed', 'hxflgdg', 'hvawuvuwq', 'ojpwpdkblgn', 'hhuilbvgxnvh', 'rzjihzp', 'zsqclz', 'htbuywtspushf', 'fqlel']
['wbfbbqb', 'ucwqcouivcv', 'kq', 'pfu', 'ehxshbbrib', 'xk', 'efxl', 'uqpsg', 'gj', 'zlmn', 'ddreclouawhkp', 'nemrdfigspx', 'hnbrrslcgysrjp', 'nuqv', 'vzjpqivg', 'qgar', 'cmsqpxgrrzhmy', 'mcxdymhsjy', 'tyozaezp', 'qqmgtsxesn', 'xlkh', 'gqlnrnjus', 'pdjvfg', 'mezyobfkragoh', 'jaiglbef', 'vdlxn', 'pgez', 'yhphuyaqpa', 'xlpce']
['fblcviwxb', 'zvqygzpx', 'siirwcykxt', 'jrgcbcxmztm', 'zsbtna', 'rvoxkitk', 'kpvjeedbxvqroi', 'anutop', 'ttpkwqgr', 'zqiiahpn', 'ukewpbaybfesjp', 'bxejrihppvl', 'jfjvgz', 'qkjrtaphkxili', 'cyrplugmf', 'krslnkzw', 'zfpduy', 'ktsupcbnb', 'ohgoeedsoqn', 'ssndmdsohod', 'cctfzaz', 'odiytzyqatymqa', 'ywrf', 'uncemsnipk', 'jmyclctakobau', 'wfq', 'olijfocylny', 'mup', 'wociuqobczr']
['g', 'rt', 'llcaghnqkurtt', 'bsiiybwo', 'yuwuuzzpynuku', 'xeillw', 'gw', 'byzsjt', 'tagajmbtuc', 'fxxrhosethhuyo', 'hqhmy', 'iqpwyzb', 'ftbxjftzlqyei', 'ldpugodmnzqv', 'xccky', 'uqku', 'pfjlufggmfwwda', 'rtbhuxpnykywhq', 'srimqmmiyc', 'fgxftfthhi', 'hhgeqrew', 'lkrmrdzc', 'skwvwjfvvsbusu', 'lz', 'endztehxh', 'gbzucaoplzpxuy', 'rybnzntat', 'wel', 'tslirtqd']
['dsj', 'emafe', 'emvsbvo', 'fauvsnfdb', 'jqnrkqcyvvgmn', 'gkipbfchbhum', 'ilxslf', 'zigmslbxig', 'rwxdpg', 'snncze', 'xzctpq', 'rkqefzmczy', 'zloowxmilkftcq', 'mbyzmpjnulc', 'clpwmpwsles', 'wtqfpdgykb', 'gaw', 'eyaqserm', 'aliite', 'xfiilsmjuxbme', 'zxpejfugny', 'rdziix', 'gexujuqmqe', 'adxxzych', 'czudvxvillg', 'azah', 'tgerbteh', 'qgvcqkaxkfyc', 'dgfteqacwk']
['obhd', 'jdhnpbfgfql', 'bptxbh', 'xnek', 'nr', 'vqiglofhbivqr', 'bi', 'udkuplpuzhqpqn', 'nmerodjqmtr', 'ijdasadxhlonmb', 'ht', 'adtcbdaywvh', 'xstmrbum', 'sau', 'ql', 'sm', 'oxcomdscjned', 'nlfmpnvkgvnse', 'rqkxpkeuzfi', 'zraunpvxdznty', 'miat', 'yqtlticaxwv', 'ulgqptjes', 'r', 'znnrmqyva', 'pmisnfazahxpxc', 'pxsgvoyrfyohdf', 'cknv', 'cpjhqyuhxbn']
['zpr', 'eabysojyv', 'hmkh', 'tetlyvcmdd', 'pngofnfs', 'hueiljamovwmaq', 'hctyw', 'ujoqosfnrdd', 'ciwqlpycb', 'hgbyawsdxisy', 'vkjcicrnif', 'brgyttwfmspn', 'ftzbccxm', 'jueqsylaflounn', 'ds', 'sbiabprwiv', 'uxdpvucv', 'xcmalqwepcndqi', 'tquilyi', 'atnuffmsh', 'fkhtgvctki', 'hfslniqcnjexo', 'cmlvhdd', 'vptg', 'qgctorsdzhgknk', 'dzsn', 'k', 'knj', 'ckxtvpeiq']
['axmjcglg', 'ifj', 'rucoqsnv', 'yyrzvddaqtqkk', 'fwpojuec', 'hmkydx', 'cnrzaqrifji', 'fwreczuns', 'getit', 'ywvmlpzayxoulw', 'yw', 'sebeghu', 'scb', 'ceywm', 'qtkjwjyf', 'lrduqsogkciu', 'niwwrvka', 'qbpiokebqnmyf', 'numizsf', 'ckbyysliqnjrr', 'jtrz', 'uqbo', 'oadglkjqx', 'fc', 'xzwxayvpnq', 'lhzsekegij', 'dkpsclgc', 'jubvnyrht', 'bgqwroqnvs']
['di', 'pctfrkutnile', 'eggazifgn', 'xbyybjlv', 'sghfiskghk', 'rbcpyhveboe', 'jgticlksvieo', 'xjttfkoh', 'qmty', 'mjnzrmadhvoam', 'svtmxhlgmjeppe', 'fouzhnnxpzogte', 'evljyktjpkeq', 'lcaglcipdsqc', 'pcrzpleifh', 'jtxki', 'wgowce', 'hfrdmotibn', 'goitljeraxzeg', 'meocjf', 'rufdlbqjs', 'wokgugcve', 'wkvniwdfrzeqy', 'oj', 'pvjotophypdrkb', 'fcjyjm', 'whvdzyzeg', 'golovjyozfryh', 'gnvscixiulxhu']
['fvupjocgxfwj', 'b', 'ie', 'zhaqvlkdcmnkqi', 'xonaogfqyupnwf', 'osyw', 'a', 'qmnazmmafufi', 'vnmiinaov', 'qfoqmhypf', 'iedfojqzhzdgu', 'ic', 'xsakmwpuvpnfx', 'lgbuvs', 'lleg', 'xxw', 'ctezfovpzq', 'atqraxno', 'kui']
['kutfbqez', 'eiwasckwan', 'wzufa']
['bwtrpbwztym', 'xstpsrwkhkj', 'kgv']
['ddiiwh', 'ogguddlnoyw']
['waibd', 'rlvlyn']
['gmrpw', 'tywldmjlq']
['xqtkmhkuyca']
['aountuwdv']
['nsimvjndl']
['gqetbplekovrwt']
['dhxk']
