['208', '96', '660', '749', '506', '809', '919', '405']
['477', '974', '778', '130', '737', '369', '721', '33']
['744', '36', '77', '612', '400', '407', '438', '161']
['330', '580', '950', '594', '139', '344', '425', '962']
['735', '199', '172', '739', '908', '426', '267']
['663', '557', '751', '577', '951', '45', '819']
['141', '387', '829', '651', '803', '818', '710']
['245', '623', '510', '897', '223', '231', '433']
['305', '84', '42', '261', '195', '350', '151']
['694', '843', '774', '999', '653', '682', '423']
['596', '493', '50', '191', '471', '197', '550']
['246', '410', '41', '872', '501', '296', '646']
['335', '382', '888', '982', '534', '591', '193']
['683', '81', '447', '531', '140', '914', '589']
['376', '315', '777', '563', '280', '237']
['442', '388', '801', '889', '944', '389']
['355', '678', '521', '871', '957', '264']
['743', '681', '169', '441', '352', '163']
['611', '940', '810', '603', '776', '932']
['936', '238', '533', '793', '607', '277']
['83', '148', '724', '356', '64', '73']
['381', '927', '734', '795', '783', '262']
['634', '340', '464', '38', '993', '839']
['113', '479', '655', '325', '24', '26']
['794', '59', '270', '336', '984', '144']
['917', '630', '638', '7', '770', '860']
['841', '600', '23', '922', '291', '457']
['314', '620', '349', '17', '428', '282']
['875', '303', '470', '686', '492', '149']
['121', '708', '214', '588', '995', '790']
['76', '234', '616', '276', '661']
['93', '118', '691', '718', '111']
['274', '15', '942', '775', '702']
['192', '353', '187', '740', '676']
['175', '921', '213', '44', '18']
['244', '850', '25', '716', '49']
['10', '173', '354', '368', '733']
['567', '714', '544', '761', '697']
['689', '345', '695', '58', '86']
['228', '869', '339', '29', '587']
['628', '654', '366', '988', '39']
['22', '28', '639', '910', '46']
['673', '766', '60', '965', '221']
['978', '626', '258', '898', '842']
['241', '390', '701', '662', '555']
['316', '782', '156', '731', '322']
['688', '401', '560', '541', '202']
['505', '203', '137', '548', '763']
['459', '318', '668', '162', '452']
['771', '757', '868', '180', '432']
['51', '629', '416', '937', '89']
['40', '397', '979', '966', '575']
['216', '559', '72', '904', '657']
['954', '359', '150', '532', '272']
['582', '308', '968', '473', '880']
['313', '198', '647', '727', '108']
['730', '530', '767', '916', '445']
['627', '821', '551', '271', '225']
['664', '736', '991', '722', '248']
['398', '840', '183', '377', '358']
['468', '35', '805', '331', '986']
['807', '789', '861', '990', '90']
['357', '996', '617', '467']
['136', '680', '143', '520']
['53', '726', '650', '287']
['78', '235', '205', '859']
['593', '844', '434', '585']
['938', '817', '677', '732']
['992', '698', '973', '334']
['939', '362', '696', '103']
['527', '784', '497', '486']
['877', '935', '266', '491']
['446', '254', '528', '247']
['320', '1', '402', '832']
['450', '825', '288', '218']
['404', '590', '970', '455']
['255', '827', '188', '229']
['712', '391', '91', '480']
['69', '189', '54', '185']
['47', '236', '511', '637']
['461', '66', '720', '346']
['820', '124', '947', '862']
['380', '444', '174', '498']
['636', '85', '955', '845']
['300', '930', '9', '371']
['301', '94', '133', '168']
['802', '915', '233', '285']
['488', '811', '598', '605']
['719', '259', '669', '289']
['417', '854', '43', '32']
['286', '613', '787', '754']
['816', '115', '853', '210']
['949', '631', '87', '684']
['451', '822', '728', '431']
['458', '126', '604', '212']
['31', '302', '798', '539']
['332', '159', '482', '443']
['75', '384', '14', '217']
['959', '263', '427', '570']
['886', '969', '414', '929']
['981', '114', '321', '134']
['574', '523', '278', '923']
['779', '823', '924', '578']
['170', '849', '926', '395']
['833', '945', '333', '370']
['177', '0', '583', '893']
['207', '419', '135', '494']
['909', '27', '489', '808']
['131', '487', '418', '619']
['642', '545', '983', '912']
['826', '347', '242', '420']
['329', '610', '633', '958']
['508', '372', '61', '88']
['260', '601', '106', '987']
['157', '834', '6', '265']
['513', '750', '670', '516']
['460', '641', '154', '360']
['644', '648', '536']
['292', '717', '249']
['792', '309', '408']
['894', '812', '74']
['55', '34', '931']
['797', '483', '828']
['164', '547', '415']
['758', '167', '953']
['883', '572', '998']
['424', '243', '361']
['963', '440', '99']
['95', '524', '856']
['383', '448', '831']
['327', '517', '791']
['220', '658', '283']
['215', '209', '876']
['475', '338', '507']
['110', '878', '348']
['895', '226', '595']
['994', '476', '640']
['956', '933', '176']
['622', '393', '240']
['851', '179', '674']
['323', '365', '37']
['773', '474', '772']
['890', '5', '971']
['711', '529', '128']
['3', '561', '328']
['918', '456', '222']
['82', '436', '870']
['104', '967', '692']
['158', '903', '649']
['690', '379', '239']
['934', '624', '892']
['48', '928', '535']
['538', '363', '421']
['902', '211', '666']
['152', '306', '837']
['989', '485', '549']
['194', '21', '755']
['671', '824', '279']
['715', '906', '976']
['780', '672', '972']
['11', '504', '319']
['112', '540', '413']
['863', '364', '866']
['554', '830', '4']
['652', '864', '298']
['518', '250', '80']
['835', '495', '941']
['116', '584', '762']
['281', '186', '997']
['406', '699', '295']
['123', '100', '857']
['469', '542', '553']
['519', '512', '964']
['760', '704', '785']
['581', '568', '747']
['65', '435', '503']
['310', '178', '311']
['399', '56', '409']
['858', '509', '219']
['20', '738', '153']
['838', '269', '552']
['920', '19', '635']
['565', '814', '430']
['685', '602', '608']
['579', '621', '12']
['422', '564', '378']
['465', '297', '562']
['57', '230', '891']
['975', '948', '8']
['462', '705', '977']
['411', '478', '597']
['768', '385', '742']
['885', '765', '961']
['484', '429', '725']
['911', '500', '846']
['102', '290']
['227', '105']
['256', '373']
['16', '566']
['145', '403']
['472', '796']
['496', '514']
['125', '813']
['502', '294']
['899', '745']
['558', '985']
['675', '62']
['905', '101']
['900', '879']
['392', '171']
['437', '756']
['980', '884']
['848', '723']
['855', '132']
['107', '592']
['67', '146']
['960', '13']
['526', '196']
['769', '97']
['337', '907']
['275', '867']
['852', '160']
['284', '537']
['571', '342']
['454', '901']
['800', '522']
['142', '615']
['752', '764']
['224', '367']
['887', '466']
['729', '799']
['576', '201']
['375', '52']
['667', '253']
['700', '71']
['573', '865']
['753', '317']
['679', '881']
['166', '804']
['632', '943']
['68', '30']
['556', '138']
['312', '307']
['165', '394']
['806', '449']
['625', '453']
['645', '569']
['251', '499']
['847', '746']
['952', '614']
['181', '490']
['543', '896']
['79', '439']
['481', '925']
['129', '326']
['374', '707']
['293', '815']
['687', '412']
['706', '268']
['515', '586']
['155', '748']
['606', '299']
['63', '643']
['788', '873']
['257', '396']
['252', '882']
['618', '182']
['946', '665']
['546', '190']
['659', '304']
['70']
['341']
['874']
['709']
['119']
['109']
['200']
['204']
['781']
['122']
['324']
['525']
['786']
['120']
['232']
['127']
['656']
['2']
['343']
['463']
['351']
['703']
['599']
['741']
['147']
['117']
['184']
['693']
['386']
['609']
['759']
['92']
['206']
['273']
['913']
['98']
['836']
['713']
