['699', '227', '413', '357', '542', '140', '3', '668', '471', '745', '377', '959', '952', '629', '318', '955', '276', '210', '857', '798', '773', '419', '657', '966', '576', '156', '577', '619', '976', '724', '815', '938', '374', '363', '469', '962', '381', '212', '380', '346', '507', '199', '528', '259', '948', '856', '303', '731', '686', '21', '52', '265', '262', '332', '384', '671', '511', '692', '840', '569', '122', '633', '287', '150', '371', '301', '154', '38', '472', '532', '321', '451', '360', '892', '580', '437', '80', '213', '843', '570', '514', '415', '535', '202', '885', '710', '104', '290', '416', '353', '868', '661', '317', '27', '206', '801', '689', '458', '969', '430', '378', '293', '101', '164', '567', '315', '626', '777', '854', '143', '990', '654', '906', '388', '574', '864', '591', '196', '534', '24', '23', '871', '779', '304', '682', '941', '944', '780', '766', '763', '665', '157', '759', '934', '623', '769', '693', '651', '909', '903', '696', '98']
['936', '537', '96', '32', '950', '656', '116', '928', '660', '805', '833', '175', '896', '187', '817', '476', '684', '859', '719', '483', '544', '166', '180', '845', '628', '145', '579', '786', '152', '789', '439', '282', '355', '518', '26', '819', '56', '376', '838', '947', '481', '28', '898', '189', '172', '474', '5', '852', '432', '390', '711', '901', '488', '823', '807', '40', '320', '784', '712', '662', '284', '424', '663', '705', '245', '796', '82', '68', '249', '971', '803', '922', '733', '285', '103', '821', '208', '978', '460', '173', '877', '522', '957', '621', '159', '418', '929', '19', '837', '215', '114', '824', '691', '586', '775', '117', '572', '908', '880', '194', '124', '523', '894', '926', '943', '168', '112', '816', '93', '247', '812', '924', '658', '670', '280', '229', '782', '425', '61', '306', '866', '740', '327', '810', '539', '131', '58', '427', '91', '322', '54', '485', '250', '945', '495', '875', '707', '182', '30', '33', '420', '478']
['169', '246', '624', '148', '197', '15', '64', '29', '242', '238', '634', '974', '560', '778', '533', '946', '564', '421', '641', '435', '468', '575', '211', '988', '725', '22', '708', '294', '566', '888', '636', '302', '438', '462', '183', '890', '1', '869', '953', '701', '561', '400', '638', '722', '680', '403', '456', '252', '592', '826', '694', '743', '610', '644', '358', '918', '554', '637', '232', '8', '589', '399', '925', '225', '78', '510', '715', '351', '239', '981', '218', '862', '393', '298', '806', '344', '440', '405', '687', '841', '526', '594', '631', '491', '449', '897', '258', '508', '650', '127', '330', '288', '85', '162', '57', '617', '547', '855', '463', '504', '721', '540', '323', '43', '911', '827', '253', '525', '113', '820', '120', '71', '652', '645', '886', '876', '392', '244', '459', '785', '434', '295', '466', '882', '588', '260', '939', '659', '428', '529', '792', '834', '883', '505', '155', '987', '455', '848', '729', '728', '553', '630']
['604', '269', '18', '417', '479', '573', '214', '261', '382', '517', '954', '31', '118', '188', '90', '860', '598', '129', '87', '429', '445', '835', '899', '612', '100', '195', '500', '887', '874', '958', '677', '46', '761', '139', '426', '921', '593', '836', '747', '992', '216', '970', '582', '884', '541', '184', '829', '531', '142', '59', '956', '475', '602', '431', '74', '372', '643', '590', '964', '241', '446', '102', '362', '111', '179', '404', '597', '361', '235', '530', '606', '506', '414', '222', '989', '881', '732', '75', '632', '467', '307', '369', '170', '914', '646', '99', '734', '608', '625', '177', '804', '205', '664', '828', '726', '482', '325', '578', '326', '549', '873', '808', '433', '221', '635', '106', '341', '47', '905', '585', '60', '800', '299', '296', '386', '401', '97', '984', '254', '713', '787', '825', '669', '878', '340', '494', '200', '319', '563', '486', '536', '858', '690', '965', '136', '311', '192', '642', '198', '647', '968', '503']
['233', '783', '297', '640', '649', '243', '271', '457', '316', '666', '313', '605', '248', '454', '927', '768', '655', '176', '907', '231', '565', '688', '411', '754', '932', '960', '66', '36', '134', '108', '627', '538', '556', '832', '985', '846', '255', '95', '465', '94', '703', '795', '809', '291', '395', '193', '423', '477', '509', '519', '727', '115', '396', '146', '870', '422', '757', '25', '520', '470', '600', '850', '379', '552', '991', '723', '653', '949', '264', '348', '274', '717', '234', '300', '940', '50', '568', '324', '11', '961', '337', '879', '993', '237', '461', '698', '814', '790', '408', '141', '543', '673', '268', '442', '524', '367', '915', '571', '289', '185', '201', '256', '484', '171', '498', '799', '512']
['220', '752', '257', '236', '178', '397', '219', '217', '558', '92', '607', '521', '409', '223', '764']
['151', '149', '153', '603', '147']
['851', '847', '849', '853']
['447', '444', '441', '443']
['109', '107', '110', '105']
['551', '548', '550', '546']
['165', '167', '161', '163']
['272', '266', '267', '270']
['81', '83', '79', '77']
['931', '935', '933', '937']
['314', '308', '310', '312']
['622', '616', '618', '620']
['741', '738', '737', '735']
['718', '714', '720', '716']
['672', '675', '674', '678']
['35', '41', '39', '37']
['84', '88', '86', '89']
['275', '278', '277', '273']
['770', '776', '772', '774']
['614', '609', '611', '613']
['365', '364', '368', '370']
['385', '391', '389', '387']
['410', '406', '407', '412']
['55', '53', '51', '49']
['224', '228', '230', '226']
['0', '6', '2', '4']
['753', '749', '755', '751']
['135', '137', '133', '138']
['581', '583', '584', '587']
['7', '10', '9', '13']
['760', '758', '762', '756']
['356', '352', '354', '350']
['685', '683', '681', '679']
['339', '342', '336', '338']
['14', '20', '16', '17']
['335', '331', '329', '333']
['797', '794', '793', '791']
['69', '67', '63', '65']
['979', '975', '977', '973']
['209', '203', '204', '207']
['130', '132', '126', '128']
['123', '119', '121', '125']
['596', '595', '601', '599']
['492', '496', '490', '493']
['45', '42', '44', '48']
['450', '452', '453', '448']
['349', '345', '343', '347']
['889', '893', '891', '895']
['501', '502', '497', '499']
['700', '704', '706', '702']
['744', '748', '746', '742']
['76', '70', '72', '73']
['910', '913', '916', '912']
['986', '982', '980', '983']
['923', '917', '920', '919']
['863', '865', '861']
['781']
['305']
['872']
['822']
['480']
['292']
['557']
['286']
['695']
['709']
['487']
['818']
['562']
['515']
['328']
['34']
['900']
['730']
['839']
['309']
['559']
['842']
['844']
['639']
['516']
['473']
['186']
['739']
['951']
['667']
['366']
['697']
['830']
['736']
['375']
['771']
['394']
['160']
['942']
['963']
['648']
['181']
['902']
['359']
['12']
['750']
['158']
['767']
['489']
['930']
['436']
['555']
['545']
['464']
['190']
['62']
['615']
['527']
['972']
['765']
['191']
['279']
['967']
['831']
['813']
['373']
['283']
['904']
['251']
['263']
['398']
['281']
['383']
['676']
['402']
['802']
['144']
['240']
['811']
['334']
['513']
['788']
['174']
['867']
