['729', '81', '36', '216', '162', '108', '2', '4', '324', '9', '27', '486', '648', '12', '3', '864', '972', '243', '144', '432']
['192', '960', '604', '24', '96', '32', '288', '128', '256', '768', '906', '6', '302', '453', '8', '151', '384', '64', '576', '480']
['752', '141', '376', '20', '640', '940', '235', '705', '47', '10', '564', '160', '846', '470', '320', '188', '94', '282', '5', '423']
['672', '56', '497', '568', '112', '71', '142', '213', '994', '448', '7', '284', '224', '426', '896', '710', '355', '639', '852', '14']
['936', '234', '39', '156', '104', '208', '416', '780', '624', '390', '351', '832', '117', '195', '13', '702', '312', '130', '468', '26']
['890', '33', '396', '178', '89', '445', '623', '11', '792', '198', '594', '534', '891', '801', '356', '712', '297', '979', '267', '99']
['430', '129', '86', '860', '473', '516', '387', '215', '946', '301', '172', '22', '774', '602', '645', '258', '903', '344', '688', '43']
['902', '451', '164', '287', '861', '246', '820', '82', '41', '656', '738', '410', '615', '369', '574', '328', '123', '492', '984', '205']
['244', '122', '610', '135', '732', '305', '488', '854', '915', '810', '405', '976', '366', '45', '427', '270', '15', '549', '183', '61']
['900', '300', '150', '225', '75', '450', '675', '50', '25', '100', '30', '600', '200', '800', '400', '40', '500', '1000', '750', '250']
['290', '580', '87', '870', '725', '116', '464', '696', '174', '928', '261', '812', '145', '435', '58', '232', '522', '783', '29', '348']
['455', '65', '63', '182', '567', '910', '189', '975', '520', '260', '364', '52', '325', '91', '273', '21', '650', '819', '728', '546']
['236', '354', '295', '413', '944', '708', '59', '531', '16', '704', '88', '44', '118', '472', '590', '352', '176', '177', '885', '826']
['459', '238', '34', '51', '204', '340', '306', '816', '272', '68', '544', '612', '918', '170', '136', '680', '153', '952', '476', '408']
['714', '85', '663', '595', '357', '510', '765', '748', '561', '255', '935', '119', '850', '17', '833', '102', '374', '425', '187', '221']
['220', '495', '66', '330', '264', '825', '528', '55', '968', '165', '660', '990', '110', '880', '484', '726', '440', '121', '363', '242']
['115', '230', '368', '966', '184', '460', '736', '69', '483', '138', '828', '690', '345', '23', '920', '92', '414', '552', '276', '575']
['992', '744', '620', '279', '248', '93', '124', '496', '837', '62', '31', '372', '558', '465', '186', '310', '403', '155', '806', '930']
['380', '684', '19', '285', '57', '950', '114', '570', '912', '855', '76', '760', '95', '342', '152', '608', '228', '456', '304', '190']
['848', '477', '159', '360', '720', '106', '371', '18', '53', '530', '180', '742', '636', '265', '795', '90', '954', '424', '318', '212']
['392', '560', '882', '245', '28', '147', '735', '49', '294', '441', '70', '588', '35', '140', '490', '280', '196', '784', '980', '98']
['666', '444', '925', '370', '74', '37', '407', '148', '888', '296', '333', '111', '999', '740', '185', '222', '518', '814', '592', '555']
['875', '525', '315', '168', '700', '840', '42', '84', '630', '350', '756', '252', '336', '105', '420', '175', '504', '945', '210', '378']
['399', '988', '494', '247', '418', '665', '266', '627', '644', '741', '38', '322', '874', '161', '46', '209', '836', '532', '798', '133']
['134', '898', '268', '335', '777', '259', '536', '603', '67', '718', '449', '670', '359', '804', '201', '938', '871', '402', '737', '469']
['781', '621', '343', '146', '674', '337', '219', '730', '803', '365', '949', '438', '584', '686', '207', '292', '511', '73', '657', '876']
['171', '462', '77', '866', '513', '693', '385', '479', '308', '924', '154', '539', '770', '616', '847', '958', '132', '805', '231', '433']
['316', '553', '869', '353', '711', '802', '391', '158', '632', '948', '79', '782', '275', '706', '237', '550', '401', '474', '790', '395']
['913', '83', '361', '461', '830', '166', '249', '431', '581', '367', '922', '722', '862', '415', '734', '664', '332', '996', '498', '747']
['970', '582', '794', '934', '397', '467', '485', '349', '491', '388', '776', '679', '914', '982', '291', '194', '97', '698', '873', '457']
['766', '557', '856', '442', '629', '797', '214', '817', '661', '749', '963', '428', '535', '599', '107', '642', '383', '884', '321', '601']
['773', '683', '953', '309', '859', '577', '515', '583', '719', '824', '533', '412', '927', '619', '641', '206', '618', '721', '103', '857']
['109', '911', '947', '827', '611', '763', '937', '436', '872', '545', '327', '517', '731', '654', '981', '218', '613', '967', '853', '919']
['101', '707', '997', '733', '899', '909', '303', '606', '887', '659', '677', '202', '761', '529', '505', '404', '551', '883', '941', '808']
['671', '339', '541', '839', '113', '829', '452', '678', '226', '904', '475', '793', '779', '643', '791', '931', '593', '565', '647', '649']
['743', '559', '863', '278', '701', '667', '881', '437', '417', '556', '617', '709', '637', '571', '139', '569', '834', '695', '973', '503']
['274', '509', '821', '727', '755', '929', '589', '685', '822', '757', '971', '811', '137', '587', '703', '809', '959', '411', '548', '893']
['381', '851', '841', '635', '889', '751', '527', '585', '961', '691', '977', '775', '631', '72', '923', '762', '508', '989', '127', '254']
['799', '673', '901', '429', '78', '943', '715', '605', '823', '143', '983', '563', '858', '769', '572', '547', '523', '286', '787', '713']
['917', '524', '786', '126', '739', '877', '131', '655', '767', '521', '393', '607', '262', '697', '991', '653', '512', '689', '907']
['240', '48', '80', '120', '60', '54', '540']
['314', '785', '157', '628', '942', '471']
['489', '978', '652', '815', '163', '326']
['596', '894', '447', '298', '745', '149']
['573', '191', '955', '382', '764']
['895', '179', '537', '716', '358']
['519', '173', '865', '692', '346']
['965', '386', '772', '193', '579']
['197', '788', '985', '394', '591']
['845', '676', '169', '338', '507']
['905', '181', '543', '362', '724']
['835', '167', '668', '501', '334']
['398', '995', '597', '199', '796']
['211', '844', '633', '422']
['454', '681', '227', '908']
['458', '916', '687', '229']
['223', '446', '892', '669']
['651', '868', '434', '217']
['932', '699', '233', '466']
['241', '482', '723', '964']
['717', '956', '239', '478']
['759', '506', '253']
['271', '542', '813']
['753', '502', '251']
['849', '566', '283']
['634', '317', '951']
['281', '562', '843']
['622', '933', '311']
['263', '526', '789']
['626', '939', '313']
['375', '625', '125']
['538', '269', '807']
['897', '598', '299']
['331', '993', '662']
['614', '307', '921']
['406', '203', '609']
['329', '658', '987']
['771', '257', '514']
['554', '831', '277']
['957', '638', '319']
['969', '646', '323']
['867', '289', '578']
['293', '879', '586']
['886', '443']
['682', '341']
['986', '493']
['754', '377']
['818', '409']
['998', '499']
['838', '419']
['463', '926']
['487', '974']
['389', '778']
['347', '694']
['421', '842']
['878', '439']
['373', '746']
['758', '379']
['962']
['481']
