['Kaya', 'Celina', 'Cecelia', 'Shyann', 'Kasandra', 'Alysa', 'Willow', 'Lia', 'Greta', 'Kayli']
['Mayra', 'Angelique', 'Tianna', 'Kaila', 'Tania', 'Alyson', 'Jayden', 'Joy', 'Sasha', 'Brisa']
['Natasha', 'Cecilia', 'Makenna', 'Kassandra', 'Madeleine', 'Mercedes', 'Dominique', 'Nadia', 'Tessa', 'Kiana']
['Dana', 'Kira', 'Aliyah', 'Shania', 'Carolyn', 'Shayla', 'Lisa', 'Annie', 'Reagan', 'Josephine']
['Micah', 'Kayley', 'Madilyn', 'Jadyn', 'Katarina', 'Lyndsey', 'Ericka', 'Hana', 'Calista', 'Judith']
['Brandi', 'Tatyana', 'Kasey', 'Allie', 'Tamara', 'Theresa', 'Litzy', 'Krista', 'Tia', 'Susan']
['Alexa', 'Claire', 'Mikayla', 'Mariah', 'Kathryn', 'Leah', 'Faith', 'Bailey', 'Amy', 'Madeline']
['Lilian', 'Janessa', 'Celine', 'Melinda', 'Jalyn', 'Jenifer', 'Karly', 'Rebeca', 'Valentina', 'Sally']
['Kennedi', 'Chaya', 'Elissa', 'Jeanette', 'Nyah', 'Presley', 'Mattie', 'Maeve', 'Kaylah', 'Nya']
['Devin', 'Miracle', 'Elisa', 'Julianne', 'Leilani', 'Perla', 'Eden', 'Aileen', 'Lorena', 'Brooklynn']
['Jacquelyn', 'Cassie', 'Ivy', 'Linda', 'Virginia', 'Helen', 'Kaitlynn', 'Lizbeth', 'Lacey', 'Gina']
['Delaney', 'Cameron', 'Abby', 'Kathleen', 'Jordyn', 'Maggie', 'Kylee', 'Makenzie', 'Claudia', 'Amaya']
['London', 'Kiarra', 'Ryann', 'Sarina', 'Shaylee', 'Shakira', 'Juanita', 'Kacey', 'Cali', 'Dariana']
['Montana', 'Reyna', 'Savanah', 'Kaylyn', 'Kailyn', 'Abbie', 'Anya', 'Itzel', 'Nicolette', 'Cayla']
['Juliana', 'Joanna', 'Genesis', 'Alison', 'Fatima', 'Raven', 'Rachael', 'Jazmin', 'Katrina', 'Guadalupe']
['Christy', 'Katharine', 'Joyce', 'Karlie', 'Stella', 'Skyla', 'Salma', 'Lexus', 'Juliette', 'Delilah']
['Hillary', 'Yazmin', 'Reese', 'Mireya', 'Ayla', 'Darby', 'Darian', 'Maranda', 'Parker', 'Aryanna']
['Angelica', 'Karen', 'Ana', 'Hayley', 'Britney', 'Lydia', 'Brittney', 'Michaela', 'Hope', 'Chelsea']
['Mary', 'Sierra', 'Brooke', 'Danielle', 'Katelyn', 'Andrea', 'Gabrielle', 'Jordan', 'Nicole', 'Amber']
['Brooklyn', 'Avery', 'Valerie', 'Ashlyn', 'Alondra', 'Naomi', 'Kaitlin', 'Ava', 'Daniela', 'Diamond']
['Madisyn', 'Jaclyn', 'Kaylin', 'Rhiannon', 'Taryn', 'Tyra', 'Colleen', 'Felicity', 'Ellen', 'Maddison']
['Adrian', 'Madison', 'Sky', 'Luisa', 'Ashley', 'Marlen', 'Mandy', 'Jena', 'Emily', 'Melisa']
['Corinne', 'Sydni', 'Laurel', 'Destiney', 'Halie', 'Maritza', 'Lena', 'Leticia', 'Aimee', 'Maia']
['Nikki', 'Shayna', 'Fernanda', 'Aspen', 'Amya', 'Elaine', 'Ryan', 'Carina', 'Christian', 'Kyleigh']
['Citlalli', 'Jacklyn', 'Jesse', 'Selina', 'Arlene', 'Adeline', 'Liana', 'Lyric', 'Alize', 'Giovanna']
['Lily', 'Heather', 'Lillian', 'Gabriela', 'Jillian', 'Adriana', 'Erika', 'Angel', 'Madelyn', 'Jade']
['Destinee', 'Bryanna', 'Deja', 'Denise', 'Katlyn', 'Emilee', 'Georgia', 'Esther', 'Josie', 'Rosa']
['Jaime', 'Zoie', 'Carli', 'Stephany', 'Savana', 'Kristine', 'Carol', 'Anita', 'Violet', 'Dorothy']
['Ivana', 'Monserrat', 'Lisette', 'Reina', 'Kalyn', 'Baby', 'Keara', 'Randi', 'Ingrid', 'Dianna']
['Estefania', 'Daisha', 'Dejah', 'Alycia', 'Anjali', 'Nyasia', 'Emmalee', 'Jakayla', 'Brionna', 'Lilliana']
['Janiya', 'Aria', 'Marlee', 'Roxanne', 'Emerald', 'Keira', 'Odalys', 'Cydney', 'Destany', 'Abigale']
['Megan', 'Hailey', 'Anna', 'Julia', 'Morgan', 'Grace', 'Jennifer', 'Sydney', 'Kayla', 'Rachel']
['Talia', 'Madalyn', 'Kaylee', 'Kierra', 'Mikaela', 'Harley', 'Eliza', 'Kaylie', 'Jaden', 'Tiara']
['Mara', 'Brynn', 'Jaelyn', 'Keely', 'Desirae', 'Karlee', 'Mckenzie', 'Alisa', 'Antonia', 'Jewel']
['Serenity', 'Karissa', 'Jane', 'Lilly', 'Bailee', 'Kali', 'Alayna', 'Ayanna', 'Lesley', 'Sheridan']
['Trisha', 'Elsa', 'Aracely', 'Dawn', 'Alysha', 'Joana', 'Alessandra', 'Taya', 'Deasia', 'Norma']
['Annabel', 'Scarlett', 'Belen', 'Saige', 'Jana', 'Amiya', 'Shaina', 'Aja', 'Aliza', 'Joanne']
['Clare', 'Breana', 'Madelynn', 'Sydnee', 'Eliana', 'Eve', 'Kelli', 'Arielle', 'Melina', 'Macy']
['Casandra', 'Shea', 'Aniyah', 'Harmony', 'Susana', 'Aliya', 'Jacey', 'Alena', 'Abigayle', 'Candice']
['Lila', 'Aubree', 'Bella', 'Amani', 'Armani', 'Desiree', 'Anissa', 'Mariela', 'Maura', 'Kaylynn']
['Macey', 'Marlene', 'Tayler', 'Kenya', 'Amari', 'Genevieve', 'Marilyn', 'Sonia', 'Piper', 'Abbigail']
['Alyssa', 'Taylor', 'Lauren', 'Olivia', 'Paula', 'Abigail', 'Emma', 'Samantha', 'Elizabeth', 'Sarah']
['Ruth', 'Cristina', 'Jaida', 'Ashleigh', 'Teresa', 'Heaven', 'Raquel', 'Krystal', 'Baylee', 'Kamryn']
['Marisa', 'Justine', 'Johanna', 'Chelsey', 'Anne', 'Regan', 'Paris', 'Kristin', 'Cora', 'Janae']
['Alicia', 'Kenzie', 'Sheila', 'Marley', 'Caitlyn', 'Estrella', 'Kaley', 'Shawna', 'Meaghan', 'Jocelyn']
['Jaycee', 'Joselyn', 'Carson', 'Kathy', 'Shirley', 'Margarita', 'Myah', 'Kellie', 'Lara', 'Sandy']
['Iris', 'Tanya', 'Kaleigh', 'Jayla', 'Layla', 'Tyler', 'Frances', 'Zoey', 'Destini', 'Carley']
['Lindsey', 'Iyana', 'Cassandra', 'Katlynn', 'Mckayla', 'Diana', 'Kylie', 'Katie', 'Rayna', 'Cheyenne']
['Carlee', 'Rosemary', 'Giselle', 'Kacie', 'Thalia', 'Casey', 'Karli', 'Nathalie', 'Aaliyah', 'Eileen']
['Zaria', 'Tatiana', 'Emilie', 'Felicia', 'Skye', 'Alexus', 'Paulina', 'Meghan', 'Larissa', 'Yesenia']
['Laney', 'Loren', 'Ayana', 'Kendall', 'Devyn', 'Kara', 'Nataly', 'Lizette', 'Sofia', 'Mckenna']
['Cynthia', 'Alexia', 'Sophie', 'Rylie', 'Daphne', 'Kianna', 'Karina', 'Haleigh', 'Angelina', 'Payton']
['Hadley', 'Martina', 'Stacy', 'Robin', 'Dulce', 'Aleah', 'Nayeli', 'Ally', 'Katerina', 'Rosalinda']
['Laura', 'Yasmin', 'Briana', 'Jada', 'Tatum', 'Angela', 'Autumn', 'Tamia', 'Breanna', 'Hailie']
['Ashtyn', 'Raina', 'Cassidy', 'Delia', 'Ariana', 'Melanie', 'Margaret', 'Audrey', 'Maya', 'Alexis']
['Sienna', 'Callie', 'Addison', 'Juliet', 'Tori', 'Emilia', 'Anika', 'Celia', 'Leanna', 'Logan']
['Nina', 'Kate', 'Karla', 'Tatianna', 'Aubrey', 'Silvia', 'Lauryn', 'Asia', 'Christine', 'Isabela']
['Yessenia', 'Breanne', 'Sabrina', 'Amina', 'Rhianna', 'Jayde', 'Kelsey', 'Jailyn', 'Alexandria', 'Mia']
['Hunter', 'Unique', 'Stefanie', 'Melody', 'Alisha', 'Viviana', 'Patience', 'Hazel', 'Cielo', 'Samara']
['Elena', 'Kyla', 'Cierra', 'Katelynn', 'Carmen', 'Nancy', 'Vivian', 'Jaqueline', 'Patricia', 'Daisy']
['Kailee', 'Gianna', 'Rachelle', 'Nora', 'Gracie', 'Jazmine', 'Sadie', 'Malia', 'Allyson', 'Tara']
['Chyna', 'Regina', 'Tierra', 'Diane', 'Tracy', 'Cristal', 'Luz', 'America', 'Jessica', 'Esperanza']
['Maiya', 'Tiffany', 'Kaylan', 'Keeley', 'Jill', 'Kenia', 'Kenna', 'Gabriella', 'Erica', 'Hannah']
['Liliana', 'Raegan', 'Deanna', 'Imani', 'Yvette', 'Rose', 'Katelin', 'Hallie', 'Kailey', 'Micaela']
['Lucy', 'Kennedy', 'Veronica', 'Tabitha', 'Wendy', 'Isabelle', 'Paola', 'Gillian', 'Clarissa', 'Marianna']
['Elise', 'Anastasia', 'Ashlee', 'Alaina', 'Alana', 'Brenna', 'Nia', 'Julianna', 'Kassidy', 'Michelle']
['Esmeralda', 'Holly', 'Selena', 'Jasmin', 'Kendra', 'Haven', 'Dayana', 'Kallie', 'Quinn', 'Julie']
['Kari', 'Deborah', 'Nichole', 'Kristen', 'Yolanda', 'Sage', 'Lucia', 'Noelia', 'Ann', 'Macie']
['Elisabeth', 'Marisol', 'Lesly', 'Yadira', 'India', 'Alexandrea', 'Gwendolyn', 'Ashlynn', 'Jackeline', 'Cara']
['Julissa', 'Eleanor', 'Hailee', 'Miriam', 'Gisselle', 'Marie', 'Martha', 'Cheyanne', 'Ciara', 'Alissa']
['Celeste', 'Sydnie', 'Stacey', 'Chandler', 'Whitney', 'Bridget', 'Beatriz', 'Camille', 'Carolina', 'Priscilla']
['Allison', 'Rebecca', 'Sophia', 'Jenny', 'Renee', 'Mackenzie', 'Stephanie', 'Amanda', 'Mariana', 'Gloria']
['Brianne', 'Robyn', 'Hayden', 'Kourtney', 'Bria', 'Helena', 'Lizeth', 'Mariam', 'Leila', 'Devon']
['Candace', 'Erin', 'Noemi', 'Aylin', 'Caroline', 'Jacqueline', 'Araceli', 'Jenna', 'Sara', 'Courtney']
['Elaina', 'Carrie', 'Christiana', 'Carlie', 'Angie', 'Aiyana', 'Alanna', 'Amara', 'Sylvia', 'Janet']
['Elyse', 'Chanel', 'Cortney', 'Kaci', 'Gia', 'Darlene', 'Fabiola', 'Annalise', 'Iliana', 'Ansley']
['Ebony', 'Daija', 'Toni', 'Ciera', 'Lourdes', 'Lexie', 'Katy', 'Tess', 'Justice', 'Isis']
['Precious', 'Annika', 'Victoria', 'Brianna', 'Brook', 'Destiny', 'Kiera', 'Lexi', 'Kiersten', 'Kelsie']
['Madyson', 'Maryam', 'Shaniya', 'Ali', 'Daniella', 'Alex', 'Bonnie', 'Jazmyne', 'Irene', 'Janelle']
['Zoe', 'Catherine', 'Cindy', 'Sidney', 'Marissa', 'Sandra', 'Haylee', 'Ruby', 'Ella', 'Damaris']
['Misty', 'Kaia', 'Phoebe', 'Jayda', 'Halle', 'Paloma', 'Summer', 'Joelle', 'Magdalena', 'Anaya']
['Sonya', 'Michele', 'Nadine', 'Mallory', 'Serena', 'Savanna', 'Adrianna', 'Kelsi', 'Amelia', 'April']
['Clara', 'Mollie', 'Marina', 'Essence', 'Reilly', 'Aniya', 'Meagan', 'Tiana', 'Kayleigh', 'Ashton']
['Haylie', 'Blanca', 'Asha', 'Melissa', 'Chantel', 'Kinsey', 'Caleigh', 'Elyssa', 'Rita', 'Laila']
['Natalie', 'Annamarie', 'Breonna', 'Antoinette', 'Kori', 'Kirstin', 'Isabella', 'Neha', 'Bethany', 'Kaitlyn']
['Christina', 'Shelby', 'Paige', 'Trinity', 'Leann', 'Caitlin', 'Makayla', 'Yasmeen', 'Laisha', 'Arely']
['Karley', 'Brittany', 'Vanessa', 'Kristy', 'Yvonne', 'Kimberly', 'Ryleigh', 'Amira', 'Shannon', 'Dasia']
['Ashly', 'Fiona', 'Alina', 'Charity', 'Emely', 'Sharon', 'Annabelle', 'Pamela', 'Alice', 'Yasmine']
['Barbara', 'Aurora', 'Rebekah', 'Bianca', 'Chasity', 'Mya', 'Monica', 'Alma', 'Alejandra', 'Carly']
['Ariel', 'Gretchen', 'Kelly', 'Janice', 'Kaelyn', 'Camryn', 'Lindsay', 'Maribel', 'Madisen', 'Jaiden']
['Alexandra', 'Maria', 'Adrienne', 'Savannah', 'Rocio', 'Monique', 'Gabriel', 'Athena', 'Christa', 'Shyanne']
['Caitlynn', 'Hanna', 'Lillie', 'Catalina', 'Brenda', 'Berenice', 'Maci', 'Jolie', 'Peyton', 'Carissa']
['Alexys', 'Leslie', 'Teagan', 'Reanna', 'Marian', 'Alia', 'Molly', 'Abril', 'Yamilet', 'Lori']
['Izabella', 'Nikita', 'Dakota', 'Jamie', 'Bridgette', 'Jasmyn', 'Allyssa', 'Rylee', 'Drew', 'Evelyn']
['Jazmyn', 'Eva', 'Sarai', 'Donna', 'Skylar', 'Charlotte', 'Graciela', 'Meredith', 'Kiara', 'Edith']
['Francesca', 'Noelle', 'Jessie', 'Kameron', 'Carla', 'Dayna', 'Ellie', 'Anahi', 'Katia', 'Brandy']
['Brielle', 'Crystal', 'Katherine', 'Kirsten', 'Chloe', 'Maegan', 'Skyler', 'Riley', 'Arianna', 'Jaquelin']
['Aisha', 'Heidi', 'Tina', 'Valeria', 'Jaylin', 'Natalia', 'Annette', 'Kristina', 'Abagail', 'Miranda']
['Lea', 'Isabel', 'Abbey', 'Kyra', 'Alivia', 'Camila', 'Haley', 'Bryana', 'Beatrice', 'Jazlyn']
['Kaela', 'Moriah', 'Simone', 'Jasmine', 'Eryn', 'Kiley', 'Blair', 'Princess', 'Dallas', 'Myra']
