['743', '604', '36', '735', '732', '246', '245', '96', '32', '742', '148', '95', '31', '394', '342', '94', '734', '613', '733', '576', '395', '244', '39', '146', '396', '225', '147', '614', '577', '460', '339', '341', '461', '224', '343', '340', '605', '247', '736', '149']
['447', '644', '269', '4', '627', '624', '120', '796', '49', '261', '542', '305', '140', '58', '188', '645', '646', '3', '795', '625', '629', '187', '459', '773', '720', '295', '2', '719', '544', '628', '626', '48', '47', '294', '543', '721', '268', '630', '722', '647']
['752', '667', '360', '537', '681', '557', '610', '358', '513', '357', '538', '556', '80', '539', '369', '255', '558', '652', '668', '587', '514', '181', '589', '297', '476', '477', '560', '707', '785', '182', '78', '368', '79', '588', '753', '559', '561', '359', '504', '754']
['781', '220', '685', '71', '249', '219', '275', '251', '377', '535', '277', '427', '285', '286', '276', '250', '683', '755', '684', '483', '429', '145', '482', '379', '152', '529', '789', '428', '439', '378', '221', '293', '531', '143', '151', '144', '780', '150', '530', '536']
['309', '306', '443', '113', '88', '307', '327', '197', '798', '242', '87', '445', '757', '308', '195', '761', '328', '310', '207', '444', '455', '687', '199', '114', '797', '651', '686', '196', '194', '243', '97', '650', '442', '200', '759', '454', '760', '758', '770', '198']
['699', '493', '227', '716', '66', '65', '700', '479', '68', '637', '67', '746', '703', '90', '91', '492', '64', '745', '15', '205', '509', '519', '510', '520', '440', '717', '693', '59', '60', '441', '226', '62', '702', '698', '432', '63', '701', '478', '694', '61']
['236', '233', '525', '108', '660', '232', '137', '29', '238', '634', '434', '612', '786', '347', '435', '659', '505', '593', '163', '737', '728', '433', '109', '729', '234', '575', '528', '28', '527', '526', '388', '111', '237', '110', '591', '162', '611', '235', '712', '592']
['663', '178', '413', '75', '167', '53', '55', '116', '382', '174', '76', '177', '175', '54', '383', '664', '771', '115', '676', '208', '77', '165', '173', '715', '166', '27', '260', '677', '381', '380', '675', '674', '74', '772', '713', '714', '673', '72', '176', '73']
['417', '656', '573', '131', '105', '415', '608', '419', '550', '657', '103', '129', '104', '353', '416', '609', '128', '130', '298', '426', '792', '355', '549', '653', '548', '389', '418', '489', '106', '793', '12', '654', '354', '794', '13', '769', '655', '607', '783', '782']
['375', '169', '632', '517', '170', '465', '471', '99', '202', '599', '598', '156', '466', '158', '100', '374', '155', '518', '159', '376', '497', '204', '69', '515', '203', '464', '475', '748', '398', '631', '749', '70', '474', '473', '516', '157', '160', '367', '472', '229']
['451', '279', '554', '82', '452', '349', '709', '291', '210', '495', '351', '350', '212', '555', '274', '81', '314', '211', '86', '34', '315', '507', '708', '272', '84', '491', '270', '386', '508', '292', '209', '107', '271', '85', '633', '83', '30', '494', '273', '506']
['321', '134', '18', '333', '118', '322', '485', '318', '135', '193', '44', '499', '125', '20', '635', '725', '19', '324', '142', '117', '636', '123', '332', '124', '487', '127', '16', '331', '141', '122', '248', '488', '319', '486', '126', '320', '17', '192', '121', '323']
['283', '467', '740', '710', '392', '391', '191', '470', '312', '345', '522', '393', '139', '468', '282', '344', '469', '747', '346', '189', '281', '523', '744', '784', '622', '390', '711', '313', '623', '524', '138', '741', '739', '352', '119', '280', '521', '311', '284', '190']
['705', '240', '422', '564', '562', '421', '239', '738', '317', '348', '567', '300', '568', '41', '259', '696', '337', '566', '299', '241', '296', '590', '706', '258', '338', '179', '695', '14', '569', '316', '669', '666', '665', '42', '563', '658', '697', '420', '565', '43']
['620', '410', '213', '214', '0', '409', '640', '615', '619', '641', '618', '621', '56', '216', '184', '215', '545', '303', '594', '574', '643', '302', '791', '262', '263', '183', '304', '597', '790', '596', '330', '408', '1', '642', '595', '57', '617', '217', '616', '231']
['580', '437', '290', '583', '450', '581', '579', '584', '578', '133', '264', '101', '582', '50', '22', '10', '436', '585', '11', '586', '448', '23', '21', '438', '265', '52', '132', '51', '102', '24', '449', '787', '267', '288', '788', '287', '387', '266', '136', '289']
['253', '424', '8', '727', '425', '533', '765', '373', '35', '724', '458', '723', '672', '372', '153', '534', '762', '671', '5', '254', '764', '457', '766', '763', '371', '370', '456', '9', '154', '7', '40', '767', '6', '768', '414', '670', '606', '726', '252', '532']
['399', '778', '406', '336', '639', '750', '405', '480', '649', '541', '481', '751', '335', '777', '172', '37', '775', '774', '730', '779', '731', '776', '384', '401', '404', '462', '93', '385', '638', '407', '334', '400', '463', '92', '648', '38', '403', '171', '402', '540']
['691', '484', '446', '756', '356', '511', '692', '689', '33', '799', '98', '682', '257', '230', '278', '301', '168', '89', '397', '496', '688', '25', '112', '329', '704', '690', '180', '206', '490', '453', '186', '185', '201', '256', '161', '218', '498', '26', '512']
['361', '365', '362', '366', '364', '363']
['603', '600', '601', '718', '602']
['680', '679', '678', '547', '546']
['571', '572', '223', '222', '570']
['501', '164', '500', '502', '503']
['45', '326', '325', '46']
['228', '411', '412']
['431', '430', '423']
['551', '553', '552']
['661']
['662']
