['451', '667', '66', '360', '644', '743', '178', '753', '820', '479', '556', '307', '327', '810', '8', '342', '746', '177', '625', '998', '419', '664', '876', '244', '683', '115', '882', '966', '2', '225', '460', '329', '821', '910', '738', '312', '379', '939', '921', '938', '903', '751', '586', '153', '889', '825', '235', '768', '98', '973']
['604', '96', '246', '305', '950', '843', '922', '599', '276', '576', '849', '875', '391', '368', '533', '946', '130', '544', '917', '195', '813', '406', '612', '789', '761', '310', '549', '717', '687', '418', '929', '626', '189', '527', '651', '824', '226', '172', '52', '384', '487', '764', '343', '711', '943', '301', '794', '387', '954', '171']
['681', '108', '283', '700', '554', '410', '975', '928', '660', '214', '76', '95', '232', '809', '959', '952', '383', '860', '250', '945', '598', '863', '416', '634', '230', '609', '147', '583', '867', '191', '139', '829', '464', '602', '702', '449', '590', '401', '984', '331', '304', '692', '871', '953', '861', '595', '266', '126', '607', '17']
['699', '134', '627', '513', '570', '539', '942', '365', '99', '415', '197', '175', '955', '434', '499', '899', '765', '308', '25', '562', '145', '887', '364', '328', '223', '737', '747', '274', '635', '22', '10', '143', '912', '730', '906', '21', '776', '362', '302', '438', '999', '643', '132', '292', '141', '766', '486', '972', '256', '252']
['663', '827', '233', '75', '261', '275', '64', '187', '395', '476', '193', '353', '974', '238', '755', '450', '397', '79', '27', '619', '689', '967', '380', '211', '101', '50', '528', '315', '272', '203', '114', '446', '706', '338', '209', '144', '33', '878', '494', '268', '248', '496', '823', '638', '334', '818', '289', '222', '484', '721']
['375', '610', '493', '227', '620', '437', '796', '309', '632', '88', '517', '369', '67', '94', '710', '629', '550', '771', '509', '720', '156', '676', '577', '351', '801', '117', '293', '947', '481', '856', '204', '69', '948', '475', '961', '964', '294', '303', '448', '299', '74', '993', '864', '762', '243', '30', '200', '13', '472', '352']
['735', '866', '742', '803', '668', '105', '202', '535', '492', '733', '589', '640', '773', '868', '466', '614', '661', '581', '435', '677', '958', '578', '46', '931', '56', '567', '20', '497', '106', '905', '84', '748', '441', '793', '631', '296', '196', '591', '263', '313', '763', '605', '983', '320', '722', '192', '784', '913', '121', '932']
['892', '580', '306', '525', '49', '985', '740', '832', '118', '645', '587', '734', '277', '459', '290', '445', '180', '874', '163', '229', '729', '184', '48', '436', '526', '691', '696', '777', '636', '491', '398', '262', '51', '330', '271', '596', '316', '673', '168', '361', '563', '154', '658', '739', '217', '273', '670', '420', '231', '73']
['65', '937', '167', '542', '914', '409', '745', '886', '485', '707', '44', '870', '422', '166', '45', '336', '529', '505', '378', '159', '376', '988', '940', '19', '841', '822', '678', '854', '775', '654', '572', '372', '111', '258', '110', '923', '123', '124', '267', '787', '840', '780', '669', '788', '865', '7', '521', '161', '185', '503']
['169', '18', '358', '382', '411', '0', '558', '805', '514', '91', '560', '87', '603', '641', '152', '325', '792', '883', '440', '969', '873', '728', '433', '355', '81', '649', '47', '11', '259', '60', '574', '102', '107', '523', '408', '85', '278', '714', '516', '247', '83', '9', '367', '690', '359', '403', '642', '532', '323', '43']
['279', '357', '394', '103', '210', '495', '519', '182', '684', '128', '715', '704', '350', '904', '976', '579', '206', '726', '593', '458', '455', '672', '234', '990', '774', '888', '686', '908', '97', '695', '790', '569', '986', '900', '666', '894', '853', '150', '93', '157', '924', '547', '927', '760', '280', '712', '980', '995', '540', '61']
['447', '32', '538', '219', '963', '795', '318', '896', '798', '146', '396', '564', '520', '500', '218', '815', '298', '723', '819', '363', '221', '962', '164', '970', '86', '582', '489', '895', '515', '800', '879', '880', '671', '224', '332', '597', '941', '565', '951', '718', '571', '767', '915', '176', '697', '546', '456', '979', '425', '512']
['911', '781', '537', '936', '647', '997', '624', '656', '872', '148', '613', '601', '291', '285', '477', '498', '727', '78', '522', '584', '659', '688', '750', '836', '553', '314', '346', '341', '335', '215', '478', '531', '241', '24', '511', '288', '901', '319', '530', '617', '756', '501', '119', '72', '811', '414', '311', '989', '504', '884']
['960', '36', '236', '716', '113', '685', '120', '249', '170', '3', '251', '322', '205', '857', '423', '242', '483', '859', '719', '429', '347', '345', '482', '724', '834', '381', '34', '28', '725', '568', '708', '37', '62', '594', '897', '356', '944', '744', '122', '354', '162', '112', '816', '138', '758', '6', '186', '201', '402', '694']
['705', '4', '174', '637', '971', '982', '129', '104', '399', '925', '89', '835', '600', '933', '618', '428', '207', '806', '125', '405', '348', '59', '797', '749', '388', '265', '791', '650', '127', '474', '713', '457', '890', '698', '543', '257', '633', '611', '502', '442', '42', '855', '412', '858', '616', '680', '907', '831', '592', '968']
['752', '253', '116', '140', '471', '833', '15', '29', '778', '165', '845', '239', '470', '628', '615', '421', '891', '862', '439', '374', '518', '133', '469', '575', '216', '838', '898', '199', '674', '142', '566', '23', '270', '839', '551', '852', '183', '462', '432', '5', '559', '1', '390', '701', '622', '844', '623', '648', '536', '424']
['245', '269', '240', '918', '53', '573', '333', '31', '58', '188', '652', '427', '465', '90', '286', '297', '392', '208', '785', '295', '373', '100', '35', '426', '468', '326', '930', '916', '808', '344', '389', '430', '731', '508', '14', '287', '473', '371', '488', '454', '736', '830', '741', '561', '400', '38', '770', '506', '136', '149']
['881', '55', '82', '467', '213', '349', '709', '137', '646', '703', '804', '608', '885', '54', '893', '135', '902', '39', '77', '510', '173', '757', '155', '996', '548', '480', '848', '842', '300', '541', '507', '693', '41', '956', '909', '431', '779', '151', '179', '404', '926', '869', '63', '370', '160', '407', '630', '935', '679', '453']
['220', '662', '783', '994', '317', '828', '877', '981', '850', '190', '393', '552', '228', '957', '621', '653', '264', '339', '837', '675', '585', '337', '977', '386', '237', '461', '814', '254', '682', '665', '934', '759', '385', '524', '769', '92', '965', '490', '847', '655', '920', '851', '949', '782', '198', '799', '754', '919']
['557', '57', '324', '71', '534', '181']
['417', '812', '846', '194', '987', '555']
['109', '321', '772', '377', '413']
['158', '991', '260', '366', '443']
['70', '68', '444', '817', '12']
['463', '606', '131', '340', '212']
['992', '26', '786', '978', '807']
['282', '732', '284', '657', '452']
['588', '639', '281', '545', '802']
['40', '16', '255', '80']
['826']
