['121', '122', '422', '22', '272', '371', '172', '421', '571', '572', '72', '522', '472', '21', '322', '222', '471', '271', '321', '221']
['477', '376', '576', '227', '177', '527', '526', '226', '276', '27', '76', '327', '127', '176', '377', '426', '277', '326', '26', '476']
['129', '580', '230', '30', '80', '429', '530', '130', '329', '279', '180', '79', '479', '280', '379', '529', '330', '29', '430', '480']
['14', '63', '164', '313', '413', '513', '113', '464', '213', '564', '114', '214', '13', '463', '364', '514', '263', '163', '363', '264']
['211', '162', '361', '461', '11', '562', '62', '12', '312', '412', '261', '411', '111', '561', '161', '262', '462', '512', '212', '61']
['293', '244', '493', '543', '193', '44', '444', '443', '93', '494', '294', '143', '344', '594', '94', '393', '593', '243', '144', '43']
['257', '156', '306', '557', '356', '157', '406', '357', '556', '57', '307', '7', '206', '6', '506', '256', '107', '456', '56', '457']
['234', '34', '233', '434', '134', '184', '583', '84', '533', '483', '283', '484', '333', '334', '284', '584', '384', '83', '33', '433']
['375', '525', '424', '225', '75', '324', '25', '475', '74', '374', '275', '474', '224', '174', '175', '24', '124', '425', '125', '575']
['98', '399', '499', '199', '48', '49', '349', '249', '299', '448', '198', '148', '449', '99', '599', '498', '549', '548', '598', '348']
['537', '36', '287', '236', '437', '387', '86', '436', '337', '37', '486', '536', '137', '336', '237', '587', '136', '186', '487', '187']
['104', '354', '305', '55', '4', '454', '154', '255', '405', '254', '404', '105', '155', '304', '505', '355', '504', '5', '455', '555']
['109', '559', '509', '159', '459', '309', '360', '560', '460', '10', '259', '510', '9', '160', '60', '359', '260', '310', '409', '209']
['220', '519', '20', '169', '19', '370', '69', '120', '520', '470', '570', '219', '170', '270', '119', '569', '420', '70', '419', '469']
['451', '1', '101', '51', '301', '300', '50', '450', '200', '351', '400', '501', '0', '500', '250', '251', '201', '151', '401', '550']
['339', '238', '39', '489', '189', '538', '88', '138', '239', '539', '38', '588', '188', '388', '289', '139', '439', '338', '589', '389']
['381', '332', '582', '182', '481', '32', '82', '531', '281', '432', '431', '31', '581', '131', '232', '482', '181', '231', '331', '282']
['552', '353', '253', '2', '402', '452', '53', '203', '403', '352', '3', '152', '302', '202', '52', '102', '153', '252', '103', '503']
['396', '596', '447', '146', '246', '147', '47', '247', '397', '496', '346', '547', '347', '446', '196', '46', '197', '97', '297', '597']
['567', '368', '168', '18', '417', '167', '467', '68', '268', '117', '317', '217', '517', '67', '118', '418', '17', '318', '518', '267']
['141', '290', '541', '391', '340', '341', '240', '41', '191', '441', '241', '40', '140', '590', '91', '591', '291', '440', '540', '190']
['380', '216', '115', '315', '466', '112', '515', '215', '165', '382', '394', '365', '465', '372', '265', '415', '325', '15', '565', '16']
['392', '192', '65', '87', '442', '128', '89', '577', '142', '205', '542', '126', '158', '92', '342', '292', '492', '54', '592', '242']
['81', '85', '497', '106', '285', '335', '385', '59', '585', '311', '303', '367', '35', '435', '491', '362', '185', '535', '485', '135']
['502', '343', '473', '235', '595', '173', '573', '223', '373', '407', '42', '320', '23', '273', '534', '123', '523', '511', '323', '423']
['208', '108', '358', '308', '563', '58', '8', '558', '258', '579', '149', '508', '458', '551', '73', '408']
['278', '28', '178', '528', '78', '428', '578', '328', '228', '478', '378']
['495', '245', '295', '445', '545', '195', '45', '145', '345', '95', '395']
['316', '416', '66', '516', '266', '116', '166', '566', '366']
['286', '386', '586']
['390', '490', '90']
['274', '574', '524']
['369', '269', '319']
['296', '96', '546']
['410', '110', '210']
['171', '71', '521']
['314', '64', '414']
['383', '133', '183']
['568', '468', '218']
['398', '298', '248']
['488', '438', '288']
['350', '100', '150']
['554', '204']
['427', '77']
['194', '544']
['207', '507']
['532', '132']
['453', '553']
['229']
['179']
