['OHDZ', 'HIDSH', 'RMP', 'MBO', 'DEFB', 'MYPZSE', 'JFPTF', 'AYXAC', 'ST', 'TPFC', 'GUSM', 'WVEMBG', 'ZZCMBG', 'EMQD', 'PCAG']
['EFT', 'CDV', 'HM', 'SMIRZ', 'ZVWIGT', 'MEZVS', 'DKC', 'UFMNWB', 'QREUG', 'FSM', 'YGVXCR', 'DM', 'GVFC', 'DT', 'HNPX']
['KEJ', 'BTJV', 'WCALR', 'V', 'RUTMF', 'CVNLM', 'X', 'TRJ', 'FC', 'AAZKDE', 'EXE', 'E', 'KFVRBD', 'OFHA', 'ZDKDHY']
['WJDR', 'TDT', 'QLZ', 'EL', 'SJDFDP', 'WVQ', 'MXBVCY', 'GMO', 'XVIWH', 'TINNN', 'AJ', 'VPGZJO', 'QZTMV', 'VNPT', 'HXUL']
['EV', 'BCLG', 'DKX', 'GDPC', 'UP', 'BJ', 'PD', 'DZR', 'QDB', 'TBEQ', 'CRBE', 'MKF', 'NNYU', 'OB', 'O']
['NQAC', 'W', 'CKYAWJ', 'VJR', 'CTGL', 'UWHOPP', 'DDUKO', 'VHIY', 'DZP', 'BLOKFF', 'KDH', 'SBHVUO', 'WQWBQ', 'IH', 'FB']
['QHO', 'GRXI', 'KJTB', 'MPPDAX', 'OA', 'NQ', 'MOH', 'SHCKZ', 'ATAU', 'LO', 'FCH', 'YDH', 'HSU', 'ZDWUDN', 'ULPW']
['RKAMR', 'KWKJX', 'BDICG', 'KL', 'BEZW', 'AOLAX', 'TD', 'DU', 'EYNMW', 'XDF', 'WS', 'A', 'ZL', 'QV', 'IPE']
['LZKJ', 'MNZY', 'XNBWEA', 'JW', 'XQ', 'NBTNXT', 'RWCHAF', 'CNOC', 'MURSB', 'VYNS', 'XAXTZP', 'LIHCRY', 'AJRKR', 'HMEAT', 'ERAP']
['PODI', 'FQII', 'QKFKPY', 'JALH', 'EEO', 'NVM', 'JS', 'QQ', 'WT', 'LXM', 'DIGJ', 'JITAE', 'WSQU', 'VEW', 'MXOVAA']
['RF', 'MK', 'AV', 'CTLR', 'ZBC', 'MIHSET', 'AFHY', 'FCN', 'XDFYNF', 'JD', 'CRAMW', 'PTYEFH', 'QIDDC', 'F', 'HLPIZ']
['TPRJ', 'JVVDT', 'VH', 'OV', 'JKC', 'PJS', 'SZF', 'IA', 'MLIFD', 'IWQ', 'AJC', 'FLESMK', 'DKI', 'RIU', 'OTIA']
['LH', 'VOP', 'NYAVP', 'LQYYG', 'FSTSU', 'IM', 'K', 'QEP', 'GPMB', 'VFJKMK', 'MN', 'XCPN', 'RBLO', 'CLG', 'FCWKK']
['PK', 'ICUXOW', 'UFHV', 'UAJOX', 'NQJUT', 'RLS', 'XSV', 'JVN', 'BORKE', 'QYGM', 'ZGFEU', 'PGTGW', 'QX', 'FEEIF', 'KMCY']
['FZVER', 'DYKA', 'ALJ', 'SKGAW', 'ZQ', 'XOKO', 'JHQXV', 'MTNV', 'OJLH', 'CKOO', 'WBBL', 'GAH', 'ZRXM', 'BDIDDO', 'HSWC']
['YHEOEP', 'JXNF', 'LK', 'AOTR', 'ERELJJ', 'LZTQ', 'CA', 'RTUH', 'WI', 'LVYEPG', 'KP', 'WNFWJ', 'GTETE', 'LFBKWG', 'YYXQPD']
['FQ', 'NNQPC', 'JEF', 'OJQR', 'ATKT', 'UKG', 'URWYI', 'ILGXAY', 'SYR', 'SW', 'JBA', 'FTVSYI', 'HNDFU', 'DPN', 'MPPY']
['PA', 'SMN', 'DQNA', 'GNJXZM', 'ESBBD', 'KGLX', 'HCDN', 'LMAD', 'KKUPUT', 'UFLGMK', 'ZIVJ', 'PZKMIY', 'NU', 'XMKVC', 'TKJ']
['ZCVW', 'HYUOM', 'CZWTSV', 'XR', 'EC', 'TRNWAE', 'FJMOCR', 'LXW', 'D', 'R', 'HGM', 'WRIRHZ', 'GXXJLE', 'PNMTS', 'LWSFT']
['YUBU', 'XAQK', 'IY', 'RSO', 'PPVLEY', 'BDL', 'XYC', 'ROD', 'LRGJ', 'SH', 'MKFH', 'GJG', 'BMW', 'FCW', 'IMMDN']
['HZQ', 'CFKSDN', 'WDKC', 'QDA', 'HFGUWD', 'QZDE', 'OJ', 'OKH', 'LHK', 'PLPJX', 'JC', 'BUYVB', 'UFQNFV', 'BG', 'TTPWLF']
['MM', 'KS', 'PB', 'YP', 'XRQVFG', 'LNTTE', 'KDS', 'ZD', 'MHLMD', 'IZ', 'JMIRVA', 'AOOX', 'MA', 'VUM', 'BHG']
['ZA', 'GKWDB', 'QWEEI', 'CWI', 'RHQTRA', 'NY', 'HBYUH', 'CITH', 'CVF', 'SWGOR', 'HEJ', 'XMMF', 'HSY', 'FH', 'OFD']
['XW', 'VXYYL', 'HRV', 'WX', 'OITV', 'HQYNX', 'OKCPU', 'OE', 'NMY', 'GNWAP', 'NTH', 'JJV', 'RDINYY', 'MQTP', 'UIRH']
['RA', 'XB', 'CXDWFJ', 'KXVNLD', 'YER', 'WAQUK', 'UGGRSF', 'IQYALQ', 'GBTCV', 'NPUTDO', 'LE', 'TQEPA', 'AI', 'XQQ', 'M']
['QCK', 'RHAL', 'POG', 'DVFGAY', 'XNLRP', 'CUU', 'NHEI', 'FVXRX', 'JTVA', 'WALJML', 'EOIEQ', 'PUQPLP', 'XJJEMP', 'KKVM', 'QRGJVT']
['INEQYV', 'OPUZ', 'TNO', 'UBG', 'CEN', 'MLEDX', 'VA', 'PEFUXT', 'PNDPR', 'IO', 'TNJNZI', 'ZNUMS', 'JMXZ', 'DI', 'DVBB']
['KPXECX', 'VK', 'SZFE', 'RZWBQ', 'GG', 'BKLUQD', 'ZP', 'RCWK', 'LHQ', 'KEK', 'LXDDV', 'GPWG', 'RWELAF', 'FO', 'WZVLIU']
['AWQ', 'BSE', 'MZPJ', 'NCIN', 'TE', 'YT', 'GZV', 'WKNO', 'PSCUQN', 'FOCO', 'VS', 'PDBQ', 'QFNZYJ', 'BF', 'HKCG']
['AWZMMA', 'XRNUJH', 'TTZDM', 'QWMUG', 'HGHXB', 'QUBT', 'VX', 'NOU', 'QQXOE', 'PCHZW', 'HGHPUD', 'NYNO', 'NQQ', 'AMED', 'ZLY']
['ICJDE', 'XYOVX', 'XNE', 'CPXCN', 'JNAGC', 'QMNE', 'QLZUVP', 'CE', 'NQI', 'CPNN', 'BICF', 'WRLAGX', 'XLP', 'ZZO', 'XC']
['FZQIS', 'MKNPM', 'YN', 'TKFJR', 'GB', 'XEYIK', 'MZILPS', 'HUJEHQ', 'CQW', 'FVCVM', 'WPDQ', 'UFQ', 'FLBKSA', 'HRYBTQ', 'UGO']
['CXLN', 'UXB', 'IAR', 'GD', 'HEWHYE', 'NODUO', 'EWIG', 'LP', 'ZTNOH', 'EVX', 'ZSKAOE', 'UEATF', 'WCXA', 'MG', 'FZOO']
['CBVM', 'KVF', 'MIE', 'UV', 'SIUEM', 'ZGYY', 'TTVR', 'QLL', 'FVEOMN', 'HD', 'ZHF', 'FN', 'OVHY', 'PKI', 'MMKT']
['ZGA', 'LMDB', 'IVAVSM', 'CKHO', 'SQV', 'KLXH', 'XHCNVH', 'RNIM', 'JKBPRG', 'ZUF', 'LXMKI', 'NCEVSG', 'QRI', 'FRRXC', 'IER']
['CBI', 'OEKEWW', 'TOAIW', 'CBM', 'DDA', 'MQR', 'HMWLSN', 'AHV', 'HETJG', 'PWCT', 'BDFHHB', 'JAQSYZ', 'DZMIAZ', 'GTRVNI', 'QT']
['JRW', 'LVJVBN', 'JNTSGE', 'CFQ', 'IKL', 'QPHW', 'ABMO', 'UAAFO', 'AKXN', 'LI', 'QF', 'VOPR', 'GZZ', 'KABWQD', 'JFE']
['MPHP', 'BKZKQI', 'QVMBU', 'ELCMCJ', 'ASVIRM', 'LGXG', 'XOQT', 'CZD', 'NEDR', 'AVF', 'VPFW', 'MDQR', 'DYYT', 'VNM', 'IBSPT']
['BZKQ', 'T', 'LUKE', 'PMDRY', 'CR', 'ZLQ', 'DMHKJ', 'ER', 'P', 'U', 'PIUU', 'N', 'XFV', 'MHJBHM', 'I']
['XUY', 'MCHFU', 'CNB', 'YQGH', 'AHEG', 'RJVOA', 'NJTTL', 'OQ', 'SHLGE', 'YHO', 'UBYO', 'HQ', 'RRYFB', 'EWYNI', 'KKUL']
['NAUX', 'TFJ', 'EUPZ', 'EIX', 'UHN', 'JFI', 'TZIH', 'QICRNV', 'KUUHYV', 'ORL', 'SVP', 'DJXQQ', 'DZW', 'IYO', 'MULG']
['DAC', 'KXJ', 'ZS', 'SPSM', 'BFHD', 'BBSCG', 'MFYA', 'IWLH', 'FS', 'YSEKHP', 'PUQKP', 'LIO', 'EGCCZ', 'BVRU', 'QBNQF']
['RYSJ', 'PF', 'CKURLE', 'BXF', 'JBM', 'RHNSE', 'KSCJXB', 'VOL', 'ZNII', 'RZ', 'LMPGA', 'XIS', 'NHJIA', 'FAXUT', 'KUDND']
['DZNGGC', 'RY', 'LVN', 'JXCGEA', 'SDHQOO', 'NUV', 'VCMPPU', 'UPPN', 'OFZMDV', 'GKT', 'IDWS', 'UCIREG', 'FAP', 'VPL', 'WQIFJ']
['HW', 'IWH', 'TOMX', 'YCNGLS', 'VXJA', 'DMJP', 'DEUZ', 'ZARFVS', 'UXZEDF', 'RNAZS', 'UFMJ', 'OURYH', 'RHVNLM', 'PWMVP', 'WKV']
['MF', 'ZGJOG', 'RADV', 'NLV', 'NRDYW', 'UW', 'EZZ', 'ICKR', 'XFQCI', 'HF', 'DVL', 'HTRKVL', 'WA', 'CT', 'AO']
['RBQF', 'AXNTN', 'TC', 'UESLBT', 'LKZT', 'ZSC', 'AIGG', 'EOQ', 'ME', 'KOXT', 'OBS', 'YZLB', 'YOIOT', 'NXRYEZ', 'VVEY']
['SZO', 'KQB', 'KPA', 'GO', 'PHVVKX', 'KI', 'IFRVB', 'JA', 'QKDPR', 'DQMGX', 'PKCSI', 'PXBVWP', 'GQIBEQ', 'GLQ', 'KLKP']
['RGFRV', 'TVXIJP', 'GLPFDA', 'KBNKCH', 'KXHCD', 'IBEEG', 'QMIC', 'OS', 'BS', 'LAMQM', 'QCY', 'RXFUJH', 'QPDEUN', 'HWH', 'IPXF']
['HII', 'S', 'CYLS', 'VP', 'YEXGF', 'MIKOWM', 'ALJGX', 'XNHKML', 'QSRGJZ', 'KCLG', 'LZ', 'MSY', 'JRTSXL', 'LXXMN', 'RROJ']
['XL', 'XIEKUP', 'DPAMFD', 'DXIM', 'BICTN', 'RFWFI', 'DO', 'WGA', 'MGQVC', 'EBKGGP', 'GPLHAJ', 'WEF', 'JKLZC', 'EXDJ', 'XHA']
['WISR', 'IUBB', 'DLOP', 'LNLI', 'PXTMN', 'LJSQVB', 'BFI', 'PHHGS', 'HULCO', 'L', 'GZ', 'CVPVRF', 'CTL', 'G', 'TAJ']
['FJH', 'DXC', 'RAUQ', 'PPQKM', 'LBEOZ', 'NWVC', 'DOKHQP', 'RGF', 'XQHYLY', 'FT', 'EUR', 'NCCM', 'BSB', 'TI', 'BCGPM']
['GCY', 'BTQWU', 'HL', 'FESKYH', 'EOGRE', 'BUNPYK', 'GGML', 'SUEY', 'OKZF', 'JJGZ', 'H', 'QCFSUQ', 'HCBC', 'XSPT', 'WJZU']
['VOGY', 'NTRWJU', 'WEFEWV', 'WFFDC', 'KVDQKA', 'ITZFQK', 'DBW', 'VZ', 'MDP', 'RJMGB', 'UK', 'GBPB', 'YTL', 'JMFXDQ', 'RNIWL']
['VVN', 'NKPG', 'JGYAV', 'Z', 'HUJ', 'SX', 'LZPU', 'QAZ', 'IBDD', 'BOBVEH', 'LKF', 'CDCD', 'NHQ', 'GLP', 'NCRT']
['VI', 'VQJV', 'MAUNXC', 'HECKTM', 'PT', 'CKB', 'VWT', 'DRW', 'TP', 'DJXGWY', 'HPV', 'JZ', 'AEZJPF', 'HMVYIB', 'HXUAA']
['RC', 'OFNJXS', 'JAJQTK', 'GKSLPF', 'AODSNC', 'HER', 'BY', 'WCQSF', 'AGOVWE', 'OQV', 'PXOAD', 'LQJKLH', 'OPKCPI', 'WQ', 'TWQKH']
['QYO', 'SBNMRS', 'TTXZDL', 'DUJCM', 'AIEJN', 'QI', 'CRE', 'KOBP', 'UVE', 'NFL', 'J', 'IZXY', 'QS', 'BE', 'XM']
['NJIWI', 'LGOO', 'MTW', 'ACE', 'AQGY', 'ARNUC', 'NIA', 'OMBK', 'LWEHAN', 'B', 'JYDE', 'BVI', 'JU', 'ICM', 'GUIET']
['DYZXC', 'LJLWU', 'BX', 'RBTT', 'WBEJA', 'ENJGYD', 'EEAJ', 'ZIGH', 'WFKJ', 'QC', 'ZWFX', 'GDUI', 'ULYZYS', 'VZDU', 'WFOM']
['GLI', 'GU', 'IRRZEF', 'DY', 'RFEVG', 'NQNU', 'XJA', 'EMOM', 'Q', 'UO', 'TZPSJ', 'RRSCI', 'WKW', 'DKAUX', 'UMU']
['CXD', 'ZIG', 'RAVJ', 'NRKXSF', 'XZ', 'EXOVOE', 'YMYLNP', 'JPZI', 'SADF', 'FOSFP', 'UTXY', 'RQXZE', 'TIZXQE']
['UJTRG']
['WHFW']
['NUZTJO']
['C']
['QJVMSO']
['HUR']
['BIYQCY']
['Y']
['SWYV']
['XAQJC']
['AEQBYO']
['HKLSE']
['SU']
['DIEGC']
['ABZOZ']
['VU']
['QNVTV']
