['EA', 'BCC', 'BHM', 'NA', 'BEA', 'JL', 'FZ', 'VB', 'RO', 'BER', 'G', 'BBK']
['XW', 'GL', 'W', 'BBC', 'NG', 'BLM', 'ME', 'BFE', 'HK', 'XS', 'BDM', 'BD']
['BEW', 'SM', 'PK', 'BE', 'IV', 'XF', 'BHF', 'QE', 'WZ', 'SB', 'BDA', 'BEE']
['RQ', 'KS', 'BBN', 'MW', 'SW', 'IJ', 'QL', 'EY', 'ML', 'FE', 'RG', 'RW']
['CK', 'PQ', 'BCY', 'FA', 'EW', 'XI', 'VS', 'HE', 'ND', 'VL', 'BAX', 'BFS']
['JH', 'BHE', 'BY', 'BLO', 'BFX', 'RR', 'SA', 'QI', 'UE', 'MT', 'DJ', 'HX']
['TV', 'LL', 'BJH', 'IK', 'QP', 'ZW', 'EQ', 'EM', 'XD', 'WQ', 'RI', 'F']
['BCS', 'EO', 'CY', 'BJO', 'GO', 'YT', 'BEL', 'BBB', 'KW', 'BBE', 'UO', 'FX']
['PF', 'BAH', 'BIW', 'BHX', 'PB', 'BFL', 'IN', 'BIL', 'CG', 'BHJ', 'BCG', 'OW']
['VN', 'CL', 'IG', 'BHH', 'BKN', 'TB', 'LS', 'DE', 'TW', 'BGA', 'ZO', 'BCJ']
['JN', 'WE', 'DW', 'IQ', 'DS', 'GX', 'BHS', 'ST', 'YF', 'BFY', 'BLN', 'ED']
['LH', 'LC', 'BKU', 'BJU', 'WN', 'XZ', 'BKW', 'GQ', 'JP', 'GR', 'BBW', 'TI']
['U', 'BDH', 'BU', 'BFH', 'BHN', 'UL', 'MS', 'MY', 'BCE', 'ZL', 'MG', 'HT']
['GI', 'BDF', 'BIA', 'GF', 'NC', 'JE', 'RK', 'BES', 'TE', 'BKK', 'BDB', 'OI']
['TR', 'BHO', 'UU', 'IW', 'BDZ', 'BCR', 'MB', 'SY', 'RB', 'QF', 'NJ', 'BAC']
['BCU', 'UI', 'BFO', 'XX', 'RC', 'BJI', 'BAQ', 'OA', 'OD', 'BKT', 'IZ', 'BIP']
['BIV', 'RE', 'KL', 'BK', 'MR', 'DN', 'BCX', 'ET', 'BAO', 'LE', 'QB', 'EJ']
['BGQ', 'BGH', 'VR', 'ZX', 'SN', 'MO', 'FS', 'D', 'BDS', 'BED', 'BDG', 'UT']
['BH', 'FL', 'QD', 'UY', 'ZK', 'XH', 'FP', 'BJP', 'BKD', 'LU', 'VT', 'NL']
['BJL', 'DK', 'BGM', 'DB', 'HH', 'SC', 'GK', 'BLL', 'BGT', 'MZ', 'BHG', 'BIS']
['FH', 'BCH', 'UV', 'BHC', 'BJN', 'UW', 'HB', 'LY', 'OQ', 'LP', 'EG', 'LF']
['DV', 'RT', 'HZ', 'BKY', 'BDV', 'SU', 'CE', 'UH', 'HN', 'UD', 'BCM', 'BFJ']
['XB', 'YP', 'BAK', 'KZ', 'IA', 'XG', 'BDU', 'FR', 'BFZ', 'BFG', 'XM', 'BGF']
['YM', 'VD', 'BLG', 'OT', 'BIQ', 'JM', 'GZ', 'JJ', 'R', 'NO', 'FK', 'DX']
['RH', 'BMC', 'EZ', 'BKZ', 'TQ', 'BBL', 'GY', 'FJ', 'IX', 'MN', 'BGK', 'BID']
['BLU', 'KU', 'UA', 'VY', 'ZH', 'BDR', 'SO', 'BAJ', 'BET', 'MI', 'DM', 'WY']
['BBA', 'XO', 'PU', 'LT', 'TC', 'BJS', 'YB', 'BHI', 'YY', 'BEF', 'FN', 'VM']
['BKB', 'VG', 'TY', 'LR', 'WW', 'BEZ', 'PY', 'TS', 'KO', 'BJB', 'BJC', 'BBR']
['QZ', 'BMF', 'TM', 'QC', 'EF', 'WD', 'BCD', 'RZ', 'BBF', 'OR', 'BKS', 'RF']
['BHL', 'CP', 'BAN', 'JK', 'GB', 'HV', 'BJJ', 'BCN', 'BBS', 'YI', 'BME', 'BAL']
['TJ', 'HW', 'BBI', 'OL', 'BJZ', 'MH', 'BIG', 'BIM', 'BDY', 'DU', 'OX', 'US']
['EC', 'EP', 'NY', 'VE', 'SR', 'OF', 'JA', 'BJF', 'IB', 'BCW', 'RU', 'WH']
['JQ', 'IF', 'ZE', 'BKC', 'LM', 'VV', 'ZJ', 'ZP', 'KY', 'WI', 'LJ', 'SF']
['VK', 'FQ', 'GN', 'BEJ', 'PH', 'C', 'BFI', 'GE', 'OP', 'FO', 'DI', 'BGD']
['BDT', 'MM', 'IR', 'SQ', 'BLD', 'BGU', 'FF', 'BIB', 'DT', 'RP', 'SD', 'GM']
['BAW', 'DH', 'KG', 'SG', 'XK', 'YJ', 'BAF', 'WR', 'TA', 'JI', 'BAP', 'QV']
['BFW', 'BEK', 'BHY', 'JW', 'UC', 'PM', 'PI', 'NM', 'LD', 'XE', 'BLT', 'BLY']
['BKH', 'XY', 'RL', 'NH', 'XU', 'NN', 'CV', 'BLH', 'IS', 'BBD', 'VQ', 'YG']
['BGI', 'BMA', 'PL', 'ZI', 'BKG', 'PE', 'HS', 'PT', 'ZB', 'TX', 'BFQ', 'BKL']
['CB', 'GA', 'BEV', 'KE', 'KR', 'QA', 'GU', 'BGG', 'BEG', 'BIH', 'YZ', 'BHA']
['EL', 'MD', 'WG', 'XL', 'VH', 'DL', 'NF', 'JO', 'UM', 'BFB', 'PJ', 'BIX']
['VW', 'XP', 'BDI', 'BLX', 'BAG', 'VX', 'ZD', 'HO', 'BJE', 'BZ', 'KP', 'PA']
['QR', 'SV', 'ZM', 'Y', 'KB', 'PR', 'E', 'ZZ', 'JG', 'YO', 'YK', 'BCP']
['BDK', 'SJ', 'BGV', 'TP', 'DO', 'BKO', 'BGB', 'GW', 'RN', 'BFP', 'BKX', 'WO']
['MK', 'BGO', 'OG', 'BBT', 'BA', 'HR', 'BGZ', 'WA', 'YC', 'XJ', 'CS', 'I']
['BDD', 'ZQ', 'EH', 'BCB', 'BKA', 'HA', 'TO', 'TD', 'BAB', 'BHU', 'QG', 'BMH']
['CZ', 'BJD', 'T', 'BHZ', 'BCF', 'VP', 'EU', 'BIY', 'JS', 'CH', 'BIU', 'BHD']
['NB', 'EV', 'LV', 'BDQ', 'LW', 'YR', 'WK', 'WT', 'LZ', 'OV', 'A', 'DQ']
['YV', 'YN', 'BIF', 'BAU', 'OS', 'VA', 'BLS', 'SI', 'ZU', 'XT', 'ZV', 'QO']
['UZ', 'WX', 'WJ', 'HL', 'BKE', 'PW', 'BL', 'NS', 'PX', 'CA', 'BBZ', 'BHK']
['MQ', 'BHR', 'HJ', 'BLR', 'QH', 'CN', 'BCT', 'FD', 'ZG', 'ZN', 'HQ', 'WB']
['BLK', 'OO', 'BEM', 'ZF', 'ES', 'BEU', 'DC', 'NK', 'HF', 'UK', 'CF', 'BFF']
['BGC', 'BDC', 'BT', 'SZ', 'BAE', 'BIR', 'IP', 'NR', 'VO', 'NT', 'FG', 'KT']
['BLZ', 'RD', 'KC', 'BDO', 'BKJ', 'GJ', 'RX', 'NW', 'WM', 'JD', 'BGJ', 'BEY']
['BO', 'BIZ', 'TK', 'KI', 'OU', 'L', 'OH', 'FV', 'BBJ', 'BBH', 'FI', 'BAS']
['BIN', 'RA', 'BIE', 'BJT', 'NU', 'BCA', 'YU', 'BR', 'JU', 'DF', 'FU', 'BBM']
['UG', 'BGE', 'MF', 'BP', 'KH', 'BJK', 'BS', 'BBP', 'J', 'CI', 'FM', 'BMD']
['ZS', 'MJ', 'GG', 'BJX', 'IO', 'BQ', 'GP', 'Q', 'BDP', 'YA', 'CJ', 'IH']
['DD', 'GC', 'BDL', 'BKI', 'FC', 'IE', 'LO', 'ER', 'BI', 'BCK', 'OY', 'JB']
['BIT', 'MC', 'BFC', 'EI', 'OM', 'HC', 'BJY', 'CQ', 'VC', 'JC', 'MX', 'BLE']
['CX', 'BKR', 'BHQ', 'BCQ', 'BBO', 'GD', 'KD', 'OJ', 'BAD', 'BF', 'BHW', 'OB']
['BGY', 'BLF', 'BHT', 'BX', 'B', 'GT', 'BGS', 'JV', 'BFU', 'BJW', 'BLA', 'JR']
['PP', 'CD', 'BW', 'BEC', 'BFM', 'BKM', 'LI', 'QU', 'WL', 'RV', 'PV', 'DR']
['BGN', 'YW', 'BFD', 'II', 'M', 'LQ', 'DG', 'OE', 'QJ', 'HU', 'EK', 'KX']
['WV', 'BAV', 'BBY', 'UQ', 'QN', 'BLP', 'SX', 'KV', 'HG', 'CT', 'RM', 'PN']
['BDX', 'CO', 'UR', 'UN', 'XA', 'IU', 'NQ', 'MV', 'DA', 'JT', 'RS', 'JX']
['ZA', 'BMI', 'BJA', 'BGP', 'LA', 'LK', 'PG', 'KK', 'EN', 'PS', 'BEN', 'YE']
['BN', 'XR', 'BMB', 'Z', 'PZ', 'BMJ', 'HD', 'BAY', 'IC', 'SE', 'GS', 'BLJ']
['HP', 'BAT', 'BJV', 'BFN', 'OZ', 'BCO', 'YQ', 'BMK', 'QX', 'QS', 'BG', 'KN']
['BJR', 'TF', 'BFR', 'BKP', 'LX', 'BC', 'CW', 'HI', 'QY', 'BIJ', 'BHV', 'BDN']
['BBQ', 'YL', 'BLW', 'CU', 'GH', 'BEI', 'PC', 'WC', 'QQ', 'TG', 'K', 'P']
['QW', 'S', 'SK', 'RJ', 'X', 'LG', 'CC', 'PD', 'BEX', 'JZ', 'BIK', 'EE']
['BEO', 'RY', 'SS', 'XQ', 'YX', 'NE', 'BGR', 'UX', 'BKQ', 'YH', 'VF', 'UJ']
['IY', 'BB', 'EB', 'BEH', 'ZC', 'WP', 'JY', 'BGX', 'BGW', 'BCI', 'PO', 'TH']
['BLQ', 'DP', 'BDW', 'QK', 'SH', 'NZ', 'BAI', 'BIO']
['UB']
['OC']
['BAR']
['MU']
['KM']
['QT']
['MA']
['FW']
['BML']
['BM']
['BFV']
['KA']
['DZ']
['ZT']
['XN']
['ZY']
['BKF']
['IM']
['ID']
['BMG']
['LB']
['ON']
['BLI']
['BBV']
['FB']
['N']
['ZR']
['YS']
['TT']
['XC']
['O']
['LN']
['DY']
['WU']
['VZ']
['BAM']
['TU']
['GV']
['TZ']
['BEQ']
['IL']
['BBU']
['TL']
['VU']
['BAZ']
['BJG']
['NX']
['KJ']
['BEB']
['BGL']
['OK']
['FT']
['H']
['YD']
['CM']
['BFT']
['BLB']
['UF']
['MP']
['UP']
['NV']
['BHB']
['BJ']
['EX']
['BDJ']
['JF']
['QM']
['TN']
['BFA']
['BKV']
['BDE']
['BHP']
['VJ']
['BBX']
['WS']
['V']
['KF']
['BII']
['IT']
['SL']
['HY']
['BAA']
['BEP']
['NI']
['BFK']
['BJM']
['BCL']
['BV']
['BBG']
['VI']
['HM']
['BIC']
['BCZ']
['BCV']
['BLC']
['SP']
['FY']
['BLV']
['KQ']
['CR']
['NP']
['XV']
['WF']
['BJQ']
