['175', '178', '189', '180', '188', '176', '186', '177', '179', '187']
['220', '211', '208', '209', '219', '222', '218', '223', '224', '221']
['293', '278', '295', '294', '299', '296', '298', '284', '286', '297']
['244', '234', '236', '245', '246', '247', '248', '249', '232', '243']
['290', '287', '279', '275', '280', '289', '277', '281', '276', '288']
['182', '184', '195', '196', '185', '197', '181', '194', '183', '193']
['104', '101', '113', '112', '114', '100', '111', '105', '102', '103']
['159', '164', '169', '168', '173', '172', '174', '170', '161', '171']
['156', '162', '150', '157', '158', '165', '160', '152', '155', '163']
['459', '473', '461', '470', '472', '471', '453', '468', '474', '469']
['20', '19', '18', '22', '11', '9', '23', '21', '24', '14']
['314', '300', '301', '313', '305', '303', '312', '302', '311', '304']
['306', '309', '319', '308', '307', '320', '310', '322', '318', '321']
['274', '253', '272', '261', '255', '270', '251', '254', '252', '250']
['238', '230', '227', '225', '240', '226', '239', '237', '229', '228']
['109', '122', '108', '120', '118', '119', '123', '107', '124', '121']
['86', '77', '80', '75', '78', '79', '76', '95', '99', '97']
['146', '134', '147', '143', '148', '145', '136', '137', '149', '144']
['1', '2', '4', '13', '12', '0', '3', '6', '15', '5']
['447', '434', '445', '443', '436', '448', '446', '449', '428', '444']
['437', '432', '431', '435', '438', '439', '440', '425', '430', '433']
['128', '130', '138', '126', '131', '127', '132', '135', '125', '133']
['462', '456', '460', '450', '464', '463', '465', '458', '455', '457']
['477', '495', '497', '499', '479', '475', '486', '478', '476', '480']
['36', '39', '30', '28', '25', '37', '27', '38', '26', '29']
['493', '481', '494', '483', '488', '496', '482', '484', '485', '487']
['34', '44', '32', '48', '47', '49', '45', '46', '33', '43']
['81', '85', '87', '83', '89', '84', '82', '88', '94', '90']
['69', '57', '68', '71', '59', '74', '72', '70', '73', '61']
['63', '64', '65', '50', '55', '53', '62', '52', '51', '54']
['257', '269', '259', '260', '258', '265', '256', '263', '262', '264']
['204', '200', '215', '203', '213', '214', '202', '201', '212', '205']
['420', '424', '422', '400', '411', '403', '401', '402', '404', '405']
['353', '354', '361', '351', '350', '352', '362', '364', '355', '363']
['368', '370', '371', '358', '357', '373', '369', '359', '372', '374']
['339', '343', '346', '349', '347', '334', '345', '336', '344', '348']
['340', '329', '337', '327', '325', '328', '338', '331', '326', '330']
['418', '413', '410', '406', '407', '421', '414', '409', '419', '408']
['375', '380', '376', '387', '388', '379', '386', '377', '389', '378']
['381', '396', '385', '397', '382', '394', '393', '384', '383', '395']
['35', '416', '442', '92', '415', '466', '417', '266', '166', '412']
['140', '141', '17', '139', '498', '356', '292', '142', '267', '217']
['491', '490', '489', '492', '16', '242', '423']
['282', '285', '283']
['151', '153', '154']
['7', '10', '8']
['451', '452', '454']
['426', '427', '429']
['335', '332', '333']
['231', '233', '235']
['93', '98', '96']
['116', '115', '117']
['40', '42', '41']
['365', '366', '367']
['58', '60', '56']
['316', '317', '315']
['392', '390', '391']
['192', '191', '190']
['207', '206', '210']
['273', '271', '268']
['398', '399']
['198', '199']
['323']
['360']
['66']
['216']
['167']
['467']
['31']
['67']
['342']
['91']
['291']
['106']
['341']
['441']
['241']
['110']
['129']
['324']
