['750C4E', 'C8B2D1', '2D574D', 'D6290D', 'FBC777', '75FD35', 'E32AD7', 'FC18D5', '59BAFE', '4DF4B9', 'A3A90E', 'D0C3F4', 'B392EB', '882A47', 'A9310F', '23F925', '8C1B87', '4E3749', 'E5227F', 'EC1B76']
['DA15B6', 'CDF4D0', 'CD4EE2', '190A16', 'FCB0B1', '00FE8E', 'C164EF', 'FF1F95', '09649D', '91E2DB', '6F08B8', 'E6554B', '3AA1D0', '7DA6ED', 'BE007C', '32FB9A', '096240', 'E5FA4C', '546905', 'FFEF97']
['F7F468', '651634', '3F3650', 'A034B6', '3B31CD', 'B158EC', '1E6481', '26014C', '63E927', '650124', 'CA62FE', 'FB8C79', 'DBC960', 'B81B38', '593EDD', 'BACB6C', '280EB5', 'F6E8F5', '9A0C55', 'F56B78']
['7FD9F3', 'E8F10C', '072F7C', '2355FE', '6C367E', '2AC4B2', '841AB6', '07FD3B', '2E07B1', 'FFBA75', '5CE483', 'CB5628', '107AE3', 'DDCFD0', '1884D1', 'FEB03E', 'B11AFD', 'ED8BA3', 'E89217', '2193BC']
['E487A0', '472DE0', '4553A6', '5CAA99', 'AFBC2C', '299301', 'B4A785', 'B55315', '38BE61', 'BB45E2', '10C212', 'DE6D3F', '4BC891', 'A02C94', '9BAA32', '8045AB', '77482F', 'F8FB71', '785097', '9BAD1B']
['9F6100', 'FCBA61', 'D42BCD', 'F96372', 'F1B6B4', 'E1607C', '3AC41C', '1DA671', '223FE2', 'BDE56F', '1CAAA7', '6FAC22', '695D06', '75800D', '0D4721', '98C570', '446164', '4DFAA5', 'CC66E7', '78C53F']
['F9D4F2', '2FBBAD', 'EB6336', 'F6EB9C', '36C7CB', '428AF7', 'CBB276', '474359', '72155E', '67A219', '3A4A63', '38B1BF', 'D8ADAB', 'B90594', '79982A', '190D3E', 'B94E1C', '5D51EE', '3C94CF', '3B8280']
['E23DD5', '4BEAA8', '64AB96', '06BCBD', 'EF9229', 'FAD62F', 'CB9E0F', '60E348', '876381', 'CFBFCE', '167BF9', '213FEF', 'EF8B29', 'EA9838', '87521E', '642B0E', 'C68031', 'D8AF89', '3E9EC5', '8CE750']
['E07033', '64143A', '7BEE85', '5DB6A7', '880529', '383C1E', 'C84BA1', 'CBDD58', '4B9B0B', 'AEAE5D', '4B6D90', 'EB535E', 'F16F4A', '24905F', '709407', '8BC31C', '8CAEAC', '11D5A0', '8F5D3D', '9CFE0D']
['70591F', '307E13', '667724', '572039', '20CFE1', '647775', 'DB4FC9', 'BB512B', '2C4E8D', '3E12A4', '19DF4F', '0A7716', '3807D7', '509D15', 'B5C9B5', '930D20', '0329C7', 'EF6AC9', '4A7BD4', '4AF14D']
['61B4D6', 'B401D1', 'F6A1FE', '07D298', '900207', '859141', 'EFE6D4', '294D61', '5832FE', 'E709FE', 'A1F0D5', '8303B2', '495BB3', '23133D', '2A12DA', '2EE5C3', 'FAC9A5', '06C085', '389A06', '52AB24']
['F29568', 'E4BD2F', '181309', '0CCD83', 'E5669F', '65F1F6', '51C133', '52F44D', '42E761', '54F422', '2B9A39', '02C6C3', '436BBD', '5CA11E', 'C6B0AC', '49FC67', '6EE783', '945560', '3B2F64', 'C16E96']
['BC9D07', 'ABAEBE', '9DE436', 'F87A8C', '8D18EB', 'D767A6', '539D6E', '0E0621', '1AAF3F', 'A439E5', '726911', 'DFDF35', '184840', 'D69006', 'AC005F', '319747', 'C77820', '5C7ADA', 'E17D1E', '2C8695']
['BC2DF6', '0AC38B', 'AF1E12', '38021A', '386499', '7D23B1', '6369EA', '21BDB9', '8AB8D0', '8B4C02', '824C3B', '64CB67', '866153', '3DD364', '682195', '9DA776', 'C95370', '498D35', 'BE1052', 'A9060D']
['DFD9A5', '37CB3D', 'F6FD02', '8B823D', '2ECB91', '8B3632', '6722C1', 'D0A0C2', '9A3DF4', 'D8B4B3', '80C664', 'E5E763', '29B795', 'BBD65F', '98417C', '019523', 'C974B1', 'E75414', '55CCC8', '5EA24C']
['36B749', 'BC7104', '198719', '6E736A', 'FB1695', '79FD51', '580B97', '93679A', '804C51', '99767B', 'DE8EFA', '74A63D', '89D1DA', '08EAAB', '69C438', '5E0297', '3ED06E', 'D46B33', 'A0A341', '19CD8A']
['6D1D20', '0E9CE4', '93350D', 'B0FDB7', '190714', 'C1FAC4', '6C4504', 'CD7A0B', '4D0388', 'AEAFB7', 'B012D7', '47F582', 'D668C6', '0F884F', 'A947FC', 'FE82CE', 'BFDE09', 'FB93D8', '0A10DD', '50B2FA']
['ECFA70', '3273D8', 'C91A6D', '76859D', '9A7B01', 'BB54FA', '64FD9D', 'EFBDD9', '112A5D', '479F56', '8466F4', '6954BC', 'DE7A88', 'BD8A02', '115A9F', '0D6B75', 'B25ED9', '824DEE', '1EF878', '5F9367']
['C06879', '3ABBB3', 'D148BB', '756883', '5B7555', '0D415E', 'E1B1C7', '655495', 'D87BC7', 'D0F91A', '3B4E98', 'DAF215', '3667E1', 'ABD913', '331C15', 'F589C7', '872FB4', 'FA77A1', '42BBE4', '2CFCAD']
['97EF79', '04F658', '595697', 'F6F022', '6D1C54', '27C736', '2D0A40', 'B16767', '4F7C41', 'F09B9E', '267E07', 'ED8DEE', '6C743B', 'F49FF6', '01C721', '13EC64', '664C7D', 'CEA21A', '3658E6', '8E715B']
['2E1A70', '12BCED', '9668A1', 'A2F670', '57E8F8', '550D13', '19DF3C', '519BB1', 'D3A127', 'FEFBEB', '5BCA8F', 'D7C29A', '0511AF', '0DAAED', '050F79', '5D2F55', 'A18DE2', '9AB89E', 'E9C0DB', '56F6B3']
['4C8691', 'D3F62D', '350AEE', 'E2112B', 'F3BDC6', '9894EC', '3B32B8', '5FDD46', '9E2E77', '365F29', '00FFD9', '7795A9', 'FB6D61', 'C2171A', '76A32A', 'E1E1DA', '622A24', '593ABC', '1C562E', '4B7813']
['86F423', '656CAF', 'AB0091', 'B796A4', '5305DC', 'C9809F', '7D1D9A', 'C27F13', '1B3BB2', '9FEC07', '18D38F', '43085A', '1EDBBC', 'F7897D', 'B6828A', '0459DD', 'C70FDA', 'ACD80A', '45579C', 'DCC2EE']
['DFE830', '7DA204', 'EEF437', '4ABFDE', '9C42F7', 'A52469', 'EABD10', 'DF1B1B', '16251E', '48CF34', 'A0FA13', '1992E4', 'E72455', '9FF47C', '22BF50', 'E1416D', '25D4A2', '601545', 'A80B9C', 'C47FBD']
['07940E', '92F171', 'C9485B', '011BD7', '73837C', '05392F', 'ABE0D2', '6AFA75', '35FFC6', '953987', 'F2E3D0', '326962', 'F9A562', 'B2393E', '5B51BE', '363BA8', 'FEB106', 'F6C508', '0551E4', '5CE804']
['55901D', '480904', 'F13656', '46AC52', '969174', '2DB58E', '9DBA7C', 'D5F9E6', 'DC4B9C', 'AA7CF0', '429B45', '4B6074', '03C0BF', 'B7CCD0', '198C93', '7D6ABE', '94CDAA', '37ED7B', '506DA8', '0372B7']
['531609', '0B3657', 'B30209', '33FD6F', '521A90', 'F6D914', '2C7824', '534678', '20A3C4', '874D87', '2B8168', '8FB884', 'BBFBC3', '5399B6', '97FEFE', '178D9C', '4BA3B6', '54FD50', 'F3B7E8', '668BD6']
['8EF45E', 'D4FAA1', '23A208', '8C0368', '16C01C', '3FE84E', '6FBEA0', 'BFCF1E', '174C31', '5F9BF4', '7312E1', 'A951B8', '46A2DE', 'F37473', '60E2A5', 'BDD506', 'A3D059', 'CFDA87', 'D6CFD3', 'ED55AB']
['5AE3A2', '32FA85', '7BB154', 'E23534', '696CC9', '29B5D2', '81F252', '26C52E', '704C3B', '3C594A', '72B8D2', '8EB062', '38A1EF', '6D7BC4', '504599', 'D01DF2', '8BF6EB', 'D783D0', '1745CF', '2CA3D9']
['232EA3', '4CA6E4', 'BD7603', '01AF84', '63F8CA', '3C4F97', '9AC33C', '4791F8', '245AE0', 'B5EAFE', '731D43', 'B84363', '0B4E3F', '1771FB', '108A86', 'AA8871', 'D5C0D6', '2F50D4', '8540DA', '08581B']
['FDD1F9', '45FDF9', 'ABB7E1', '0E766F', 'DCE6D7', 'D9008A', 'D99D73', '900972', '23DE40', 'D3D709', '5FD5FD', '2546CB', '97D16E', '816A65', '71E849', 'ACAF5B', '40A265', 'C68A63', '4F3EB0', '0BFA62']
['D68800', '77A111', '1ACEA4', '54F50F', '50AF7A', '63F31C', 'E054B5', '9536C0', '1A550D', '12B065', '8FAADE', 'BC5257', 'A37D21', '161A8B', '63B3F9', 'A206B6', '34E68B', '22C96E', '58B63E', '66A26C']
['217474', '2C9762', 'F9E41E', '2A4678', '64CAE8', 'BA4A32', '11256D', '8D59DD', '9C1F1E', '236007', '5DDCD0', 'CAE9BF', '5B24C2', '4D6A27', '2B4454', 'DA58DF', '110CAE', '01DEB5', '318630', 'D27589']
['CF05B3', 'FCE536', '589067', '679AC9', 'C1CF9D', '518983', '8EC4A5', 'C2FEAF', '3145DC', 'AED2F4', 'A15669', '26357C', '6C77A5', 'C2F201', '8B1878', 'C5983E', '531ABE', '9AACC7', 'B01EFE', '2478BE']
['1DEC7F', '5BA9F5', '9C4BD0', '242129', '0D4B21', '8C7D2C', '51C926', '06006E', 'C767C4', 'FF5526', '03900B', 'D31616', 'CFFA39', 'FB89A6', 'B626AD', '4A610E', 'CBE1F1', 'C9D985', '27526A', '8129A2']
['357F5C', 'D8CD3A', 'C78E8E', '0F2085', '742536', '5DB845', 'A75FAD', 'EF2536', 'AFACEA', '5B3D43', '16E221', '6AC517', 'A6D718', '9930E3', '266181', '5CEBC7', '0C1FD2', '634699', '8D2F56', 'A6A244']
['15E761', '4F8B74', '707A9A', 'D1F58A', '79B660', '9CF26F', '675D0E', 'E47E78', '7AD05F', 'FB0008', '3E63CD', '1D2B1D', 'BA2412', 'A65150', 'B1FF31', '25543F', '9E88CA', '6DC908', 'E16AC8', '46B4C1']
['8F4B2A', '92DC45', 'CC92A0', '916CFB', '41182D', 'D00A38', 'AD4751', 'C78D01', '85F08F', '601EB2', '22C20B', '75B5C7', 'A8F831', '3AD5AF', 'B93AFC', '814496', '1C498A', 'ACD48B', '88B4FB', '40F15B']
['21D4EF', 'C6663A', '563DB6', '0BB826', '1050A1', '4F5A07', 'B4D19E', 'E35C77', '8F3267', 'B926DC', '10AA93', 'D06E65', '1EDF33', '757A98', '88C404', '5044AF', '41C73D', '35A3DD', 'E21A9D', '828A27']
['B3ADBE', 'B8C245', 'A7D95D', '6F6150', 'E4F6D3', '9725D2', '4DB13D', '8BB297', 'AD30B1', '8FF82D', '96E01C', 'D28790', '25C12B', '8E5A74', 'A33032', '69E65E', 'C41C13', '5865B9', '39950D', '4E7A07']
['87148B', '0726F7', '140BFF', 'BDE1BC', '0E9C0C', '302AA5', 'B41BDE', 'CBC0EC', '820C55', 'D8E8AC', '03FB7D', '6F7774', 'F2E2E2', '4446DE', '1F7298', 'EF9F5B', '3ADA19', '2FA5B3', 'B0579B', '8C214F']
['C62B50', 'F18AC9', '1EF2C0', '1A38DA', 'CCCB2C', '98EDDE', '082B08', '7774E0', '78C00D', '9353B5', '4524C5', '0EAC7E', '877921', '86909F', '047CF0', '7D01B0', 'D6B361', 'C75F0A', '97710D', '1F3A59']
['DCD046', 'D074AD', 'BDAE2B', '922412', '7E6F84', '662386', 'F7C362', 'D39BF3', 'CDE5BD', 'E32E1B', '58C2AC', 'B0C48A', 'C23084', '16BE2F', '166144', 'E2FDE6', '2B053C', '816FFB', '144C54', '931958']
['D212D8', '010A8E', '2A68D5', '465C65', '395EFD', 'A17316', 'D7BAF8', '72AEE2', '85F06F', '162D2B', 'B42617', 'AC2467', 'F0EF55', 'F90911', '3BB975', 'B2B759', '87B9A1', '74013D', '58AA7E', 'A366A3']
['7A7EFA', 'E0AB16', '3D0320', 'C539DA', 'B407F0', '8F6917', 'C2EA00', '1516C6', 'BCFA2A', '4B5052', 'DC366B', '197860', '265554', 'DD8183', '8073AA', 'E5B63F', '92EC92', '5363FB', '46CA45', '3B2B82']
['F3C1D1', '184086', 'D1C86D', '0DF355', 'DC1AA9', '261610', 'CC70D1', 'F91C0D', '9205E9', 'DEA774', '0C7BEA', '405722', '389EF7', 'FBD021', '15B633', '8CCB3C', '09960E', 'F84737', 'D82EE1', '018F88']
['3BEA3A', '00D12A', 'A6F922', '82B9D6', 'C58A5B', '98BB64', '741295', '051447', '296950', 'A991D3', '2EFA06', '49D6E2', '495837', 'CC99BE', 'D9126C', 'E83F3A', 'F43598', 'FAFDC0', 'D670D6', '3E7572']
['5B428C', '6EC7AE', 'D61775', 'D96F17', '050755', '085771', '8BCB1E', '642633', '805660', '703C81', '5627B9', 'EB1689', '40DBB5', '2A4865', '632E21', '45DD45', 'CD9F8E', 'ABA340', '0C32D9', '2B7BA7']
['590A13', '610C7F', '210F6B', '03EA37', '278048', 'DCF1DD', '4EC392', 'B0DDCF', '42D323', '506A32', '9C79D5', 'D07EC6', '25088D', 'D18846', '9B0CD1', '038EC0', '8D520C', 'AAF5FB', '8E9F36', '0250B9']
['849FA0', '24D77E', '46FB99', '861C1A', '1EEDD4', '1BF69F', 'E11E95', '398249', '680425', 'EE4272', '439661', 'D31AE4', 'BB1A0C', 'FD7848', '345303', 'F7F7C4', 'D24969', '204555', 'FD4C3F', '5DB63B']
