['THERESE', 'MIRANDA', 'ANGEL', 'MARSHALL', 'LANA', 'SHAUN', 'RACHAEL', 'STEFANIE', 'KENT', 'FRANCIS', 'PRESTON', 'ILA', 'DALLAS', 'JASPER', 'DORTHY', 'AIMEE', 'NEVA', 'SAMMIE', 'BENITO', 'SILVIA', 'ROSEMARIE', 'BRENDAN', 'DAPHNE', 'EDWARDO', 'EARNEST', 'RUDOLPH', 'ARMAND', 'GRADY', 'ELNORA', 'LORA', 'DELBERT', 'ROBYN', 'KENDRICK', 'AURELIO', 'BLAINE', 'STACY', 'MAURICIO', 'ROSS', 'TERRELL', 'MOLLY', 'WILEY', 'CORRINE', 'PHIL', 'DAMIEN', 'JESS', 'BENNIE', 'DEE', 'FRANKIE', 'CRISTINA', 'FREDA', 'VICENTE', 'KIM', 'ELVIRA', 'PETE', 'CAMERON', 'WILBUR', 'JERMAINE', 'LETHA', 'EMIL', 'CATHLEEN', 'HELENA', 'ELMA', 'GERARD', 'IVA', 'ANTON', 'EDUARDO', 'ELISABETH', 'CLIFF', 'JEAN', 'GENEVA', 'DALE', 'NANNIE', 'BENNY', 'MARTY', 'LOWELL', 'ANGELICA', 'SONYA', 'RONDA', 'JEANNINE', 'MIRIAM', 'HEATH', 'BRIDGETTE', 'TEDDY', 'IRWIN', 'LATONYA', 'DANTE', 'EULA', 'CARMELO', 'BELINDA', 'CRUZ', 'EVAN', 'JACQUES', 'STACIE', 'LUCILE', 'SERGIO', 'NOE', 'DELLA', 'LENORA', 'EBONY', 'LUKE', 'ERVIN', 'JAIME', 'BERT', 'JULIUS', 'CHELSEA', 'SEBASTIAN']
['YVETTE', 'KARIN', 'NOLA', 'WILFREDO', 'AL', 'ANTOINE', 'ROMEO', 'PATRICE', 'OWEN', 'GENEVIEVE', 'SELMA', 'CHERI', 'VERNA', 'BETTYE', 'TY', 'ADELINE', 'KIRSTEN', 'ROD', 'TRICIA', 'GARRY', 'MICHEL', 'JOHNATHAN', 'JOHNATHON', 'ED', 'BERNIE', 'LAUREL', 'KENDALL', 'SHAUNA', 'TAMI', 'JACQUELYN', 'JAN', 'JEWEL', 'KELLI', 'MABLE', 'JOLENE', 'CLEVELAND', 'SHERI', 'DEXTER', 'BERNADETTE', 'PENELOPE', 'MERCEDES', 'FLOSSIE', 'RODRIGO', 'WILLARD', 'MAXWELL', 'SETH', 'HUNTER', 'DUDLEY', 'ERMA', 'LELAND', 'BONITA', 'ADAN', 'HILARY', 'TAMMIE', 'DENIS', 'ELVA', 'MAY', 'CURT', 'BRYCE', 'LOURDES', 'BLAIR', 'SHERRI', 'ROGELIO', 'ALEXIS', 'CORA', 'HUGO', 'ELVIS', 'RENE', 'SON', 'HIRAM', 'PIERRE', 'JOHANNA', 'OLIVIA', 'MARIANNE', 'TOMAS', 'SHANA', 'DELIA', 'RAMIRO', 'AUDRA', 'LOYD', 'GAVIN', 'OLIVE', 'KATRINA', 'WINIFRED', 'SANTIAGO', 'ELLIS', 'ESTELLA', 'TRUMAN', 'DAMIAN', 'FABIAN', 'ADA', 'HARRISON', 'CHASE', 'MELISA', 'LORENA', 'LANE', 'SHELLY', 'BRIANNA', 'GRETCHEN', 'CECELIA', 'KRISTOPHER', 'DANA', 'MARGARITA', 'DANE', 'AUTUMN', 'CARROLL']
['ODELL', 'BRANDI', 'MAGGIE', 'JAMI', 'DERICK', 'JASMINE', 'LIONEL', 'TRISHA', 'SONIA', 'DARNELL', 'EMERY', 'SIMON', 'REBEKAH', 'LYNETTE', 'ALLYSON', 'JONATHON', 'WELDON', 'JACLYN', 'MARISA', 'CECILE', 'FAY', 'SILAS', 'FANNIE', 'CLAIRE', 'CLAIR', 'THADDEUS', 'SOPHIE', 'BERNARDO', 'INA', 'ALEXANDRA', 'PERCY', 'KENNY', 'LOTTIE', 'TYSON', 'CANDY', 'LIZZIE', 'SOFIA', 'SUSANNE', 'MYRNA', 'VAN', 'JARROD', 'ISAAC', 'KIMBERLEY', 'LUISA', 'ADOLPH', 'ANGELINE', 'JUNIOR', 'VIRGIE', 'MALCOLM', 'KRIS', 'KIRK', 'MARLON', 'OFELIA', 'ROSETTA', 'MILAGROS', 'ABRAHAM', 'GRACIELA', 'JEANNIE', 'OMAR', 'GUILLERMO', 'RANDI', 'TRACY', 'BARNEY', 'GAYLE', 'GERARDO', 'ESTELLE', 'ALEXANDRIA', 'VIOLET', 'LEIGH', 'BEAU', 'OLLIE', 'HARRIET', 'INEZ', 'RILEY', 'INGRID', 'HOMER', 'TRENTON', 'WILFRED', 'WOODROW', 'ISAIAH', 'ALONZO', 'ASHLEY', 'KERMIT', 'SHERMAN', 'NOAH', 'LEANNE', 'ALYSSA', 'JOSUE', 'FORREST', 'DINA', 'KELLIE', 'EDDY', 'LILLY', 'LYNNE', 'LEONA', 'GROVER', 'MONTY', 'LUCIA', 'MURRAY', 'DEWEY', 'ARTURO', 'FELIPE', 'NUMBERS', 'RICKIE', 'GEORGINA', 'DARIN']
['MOLLIE', 'ERROL', 'WILBERT', 'DONNY', 'HELENE', 'CLIFTON', 'MICAH', 'DENVER', 'RODOLFO', 'MAYNARD', 'KATHARINE', 'KRISTINE', 'SUSANA', 'DAISY', 'KRISTY', 'KELVIN', 'VINCE', 'QUINCY', 'JAKE', 'HUMBERTO', 'BART', 'SONNY', 'RIGOBERTO', 'GOLDIE', 'BRAIN', 'QUENTIN', 'SHELLEY', 'LELA', 'STAN', 'DESIREE', 'MARINA', 'AUGUST', 'ALISHA', 'CONRAD', 'STUART', 'POLLY', 'FERN', 'RACHELLE', 'ROCHELLE', 'SYLVESTER', 'JEANNETTE', 'ANGELINA', 'BEATRIZ', 'GREGG', 'MARCOS', 'MOSES', 'ABIGAIL', 'WILLA', 'ERWIN', 'MORGAN', 'CORNELIUS', 'SHANNON', 'JUANA', 'HARLEY', 'WM', 'MISTY', 'MARYANN', 'JUSTINE', 'MARGUERITE', 'CALEB', 'TRINA', 'MASON', 'DIEGO', 'ANTOINETTE', 'MAUDE', 'TRACIE', 'NIKKI', 'MEREDITH', 'GUADALUPE', 'ROBIN', 'GRACIE', 'RHODA', 'KRISTI', 'ANGELO', 'MERLE', 'FRANCINE', 'CESAR', 'RICKEY', 'TABITHA', 'NICHOLE', 'SALVADOR', 'TERRIE', 'NADINE', 'ADELE', 'ANGELIA', 'BETSY', 'ALPHONSO', 'IRA', 'WILFORD', 'IVY', 'BLANCHE', 'JEREMIAH', 'LETICIA', 'MARGRET', 'FLORA', 'GRETA', 'EMMETT', 'SHELBY', 'CLARK', 'BRIDGET', 'BOBBIE', 'IGNACIO', 'NICKOLAS', 'COURTNEY', 'LENORE', 'NICOLAS']
['HERIBERTO', 'LEANN', 'MONA', 'JAYSON', 'RUFUS', 'HUBERT', 'HORACE', 'PASQUALE', 'ROSALIE', 'BEULAH', 'MAYRA', 'GREGORIO', 'IRVIN', 'PATTY', 'ORLANDO', 'JARVIS', 'ELDON', 'SANDY', 'ESSIE', 'IMOGENE', 'WINFRED', 'CELESTE', 'SHELDON', 'GARLAND', 'DENNY', 'STACEY', 'DANIAL', 'ELWOOD', 'MARISSA', 'FELICIA', 'RAPHAEL', 'DIRK', 'HARRIETT', 'CARMELA', 'RUTHIE', 'GILBERTO', 'NETTIE', 'AVERY', 'SANTOS', 'ROCKY', 'ART', 'FIDEL', 'TAYLOR', 'FLETCHER', 'MARCELLA', 'TIA', 'MAE', 'JENNY', 'DOMINIC', 'ELISE', 'JIMMIE', 'HAL', 'BETTIE', 'BECKY', 'JOCELYN', 'LORAINE', 'GUSTAVO', 'ELLIOT', 'ISABEL', 'ELISA', 'LACEY', 'ROCCO', 'DIANNE', 'CONCEPCION', 'DELMAR', 'VANCE', 'SHEENA', 'MINERVA', 'CONSUELO', 'ROB', 'LUCINDA', 'ESTEBAN', 'LEE', 'ELIJAH', 'MURIEL', 'FRIEDA', 'CAITLIN', 'GERMAN', 'FAYE', 'CHRISTIE', 'JOEY', 'CARA', 'JANETTE', 'TASHA', 'MARCEL', 'FREDDIE', 'JOHNNIE', 'CHRISTA', 'ROXANNE', 'PAIGE', 'LUELLA', 'FRANCISCA', 'AILEEN', 'TOBY', 'MONTE', 'ETTA', 'DAVIS', 'JEANIE', 'ESTELA', 'ALISA', 'SAUL', 'ABEL', 'TOMMIE', 'STEPHAN', 'PABLO', 'TIMMY']
['LADONNA', 'EMANUEL', 'MADELINE', 'LARA', 'CLINT', 'DEMETRIUS', 'SHERRIE', 'OPAL', 'SABRINA', 'RUDY', 'CLARISSA', 'BUFORD', 'VERN', 'ROSALYN', 'JACKIE', 'AUBREY', 'KRISTIE', 'CHARITY', 'PETRA', 'RODGER', 'MELBA', 'JOANNA', 'NED', 'PERRY', 'CALLIE', 'ALBERTA', 'PAT', 'HALEY', 'SHERYL', 'GABRIELA', 'ERNESTO', 'LORIE', 'VALARIE', 'ISMAEL', 'REYNALDO', 'TERI', 'JANELLE', 'SPENCER', 'LATISHA', 'CARTER', 'MANUELA', 'FEDERICO', 'LATASHA', 'JANIS', 'JODIE', 'COLE', 'CLEMENT', 'NELDA', 'HENRIETTA', 'SUSIE', 'SERENA', 'MARLIN', 'ELSA', 'SHARI', 'JODI', 'SHANNA', 'WILL', 'DARWIN', 'JANA', 'DIANNA', 'TRENT', 'ALEJANDRO', 'BRITTNEY', 'CECILIA', 'COLBY', 'BOBBI', 'ELIZA', 'REBA', 'ROSARIO', 'MIA', 'RUSSEL', 'DOREEN', 'CHARLEY', 'ISABELLE', 'PATTI', 'ORVILLE', 'REX', 'HARLAN', 'RAQUEL', 'ADRIANA', 'OTTO', 'COLLIN', 'ALTON', 'JOSIE', 'BOYD', 'SCOTTY', 'WARD', 'MARCELINO', 'TONIA', 'TERRENCE', 'ARCHIE', 'BILLIE', 'KERRY', 'DYLAN', 'MOISES', 'CLAUDETTE', 'ELLIOTT', 'ZACHERY', 'HANS', 'JACKSON', 'LAVERNE', 'LILY', 'DONNIE', 'MONIQUE', 'LORNA', 'GONZALO']
['JERALD', 'NICK', 'LUZ', 'VITO', 'AURORA', 'SOCORRO', 'ULYSSES', 'GARRETT', 'STERLING', 'LEONEL', 'WILMER', 'BOOKER', 'SIDNEY', 'NESTOR', 'JAMAL', 'TREVOR', 'AVIS', 'PATRICA', 'WINNIE', 'DOMINGO', 'JULIAN', 'KELLEY', 'JANINE', 'LILA', 'JENIFER', 'WADE', 'VIRGIL', 'TONI', 'PAULETTE', 'LINDSEY', 'MARTINA', 'TRACEY', 'EMORY', 'REUBEN', 'BRYON', 'DEVIN', 'DARREL', 'GERRY', 'BARBRA', 'LESLEY', 'NORBERT', 'MILLARD', 'CHANDRA', 'SHARRON', 'SOPHIA', 'REGGIE', 'SALLIE', 'JOSEFINA', 'CLEO', 'FREDERIC', 'ABBY', 'PAM', 'BROCK', 'EMMANUEL', 'MARY', 'NATASHA', 'LIDIA', 'LEVI', 'WILLIS', 'ROSALIND', 'DONOVAN', 'KERI', 'LYLE', 'ADOLFO', 'BRUNO', 'MATT', 'JERI', 'MINDY', 'JOSH', 'CLAY', 'ALTA', 'CHUCK', 'ELI', 'VELMA', 'MARIBEL', 'JEFFERSON', 'DARLA', 'ERNESTINE', 'GRANT', 'MARCY', 'MARIANO', 'NOEL', 'ERICK', 'OLA', 'BERNADINE', 'BIANCA', 'EDMOND', 'BLANCA', 'CLARICE', 'BRET', 'MARION', 'KARI', 'LATOYA', 'IRIS', 'LYNDA', 'ALI', 'GABRIELLE', 'WHITNEY', 'OLGA', 'ISRAEL', 'KAYLA', 'CORNELIA', 'CARLO', 'ELBERT', 'ALVARO', 'EFFIE']
['ESTER', 'AMELIA', 'EMERSON', 'KELSEY', 'LUCAS', 'ANDRES', 'RODERICK', 'STEFAN', 'SCOT', 'MAGDALENA', 'CASSIE', 'LEONARDO', 'DOLLY', 'GINGER', 'CAROLINA', 'NELL', 'ETHAN', 'WILLIAMS', 'AVA', 'SONJA', 'DONNELL', 'ADDIE', 'BRANDY', 'KARLA', 'CASEY', 'DAMON']
['CEDRIC']
['GALEN']
['KURTIS']
['BURTON']
['MATILDA']
['VICKY']
['LOLA']
['MARISOL']
['AUSTIN']
['SHAWNA']
['VAUGHN']
['DREW']
['MAVIS']
['ALISON']
['ANDY']
['DONA']
['MAMIE']
['ROBBIE']
['DOYLE']
['IRVING']
['SYBIL']
['DELORIS']
['LAMAR']
['RANDOLPH']
['DEBORA']
['DOROTHEA']
['EMILIO']
['MICKEY']
['HARRIS']
['SAMMY']
['KATE']
['BASIL']
['GEOFFREY']
['ANTONIA']
['CARY']
['KENDRA']
['ROMAN']
['ELTON']
['CATALINA']
['MOHAMMAD']
['SALVATORE']
['RAE']
['STEWART']
['DARRIN']
['JEANINE']
['LUTHER']
['LOU']
['AIDA']
['MARCO']
['EFRAIN']
['BLAKE']
['DALTON']
['JANIE']
['JAYNE']
['ELVIN']
['AGUSTIN']
['CELIA']
['MILES']
['DOMINICK']
['CHRIS']
['JILLIAN']
['MORRIS']
['RORY']
['LUPE']
['FREDRICK']
['RENA']
['ORA']
['HANNAH']
['MARITZA']
['NEAL']
['XAVIER']
['RAMONA']
['EMILIA']
['KARA']
['ALLIE']
['ROOSEVELT']
['KEISHA']
['LORENZO']
['NORRIS']
['HOPE']
['SOLOMON']
['HATTIE']
['KRISTINA']
['DOUG']
['BETTE']
['CARMEN']
['ROYCE']
['ELENA']
['WENDELL']
['JOAN']
['TERRANCE']
['TERENCE']
['EUNICE']
['MYRON']
['GRAHAM']
['DION']
['BYRON']
['DOMINIQUE']
['DIXIE']
['LEILA']
['EUGENIA']
['DENA']
['ELOISE']
['FREDDY']
['LANDON']
['FAITH']
['MERLIN']
['TRACI']
['BRADY']
['LAURENCE']
['MARLA']
['ADELA']
['MERRILL']
['BENITA']
['JENNA']
['ISSAC']
['LOGAN']
['DARYL']
['OLIVER']
['MYRA']
['CHERIE']
['ANGIE']
['LINWOOD']
['BUDDY']
['MARYLOU']
['SUMMER']
['ODESSA']
['MARTA']
['URSULA']
['CANDICE']
['JODY']
['DEVON']
['CARLTON']
['EDMUND']
['AMOS']
['CAMILLE']
['ESPERANZA']
['WINSTON']
['QUINTON']
['BROOKE']
['SHAWN']
['KRYSTAL']
['KIRBY']
['ADRIENNE']
['ROSCOE']
['CORINNE']
['EARLINE']
['COLIN']
['SADIE']
['TAMIKA']
['LOREN']
['LYNN']
['KERRI']
['MONROE']
['SANFORD']
['ERICKA']
['GWEN']
['ROLANDO']
['JONI']
['ROSIE']
['MELODY']
['CANDACE']
['DEANA']
['JEFFRY']
['ELIAS']
['LOUIE']
['GALE']
['LINDSAY']
['BRANDEN']
['LEOLA']
['LEA']
['LAMONT']
['BRYANT']
['ERIKA']
['DARIUS']
['JOAQUIN']
['KRISTA']
['MANDY']
['OTIS']
['MARGO']
['DESMOND']
['MEGHAN']
['LORENE']
['SHELIA']
['WILSON']
['SONDRA']
['RANDAL']
['ENRIQUE']
['CAREY']
['DEWAYNE']
['ERNIE']
['THURMAN']
['SIMONE']
['NOLAN']
['BETHANY']
['HOLLIS']
['LULA']
['ISIDRO']
['BRADFORD']
['REED']
['COY']
['JEWELL']
['DICK']
['GUS']
['ALFONSO']
['CHRISTI']
['JOESPH']
['STACI']
['MACK']
['TABATHA']
['TRUDY']
['MEAGAN']
['RUSTY']
['MILLIE']
['GLENNA']
