['447', '360', '410', '357', '333', '465', '188', '202', '492', '64', '187', '476', '208', '396', '345', '440', '433', '339', '541', '22', '272', '337', '779', '262', '24', '511', '304', '596', '763', '319']
['493', '525', '358', '148', '295', '329', '166', '584', '659', '789', '639', '455', '19', '341', '585', '172', '775', '21', '332', '713', '162', '200', '157', '638', '367', '767', '280', '402', '411', '190']
['681', '537', '236', '705', '699', '32', '55', '305', '656', '382', '76', '170', '137', '645', '471', '377', '745', '175', '415', '15', '239', '500', '35', '482', '729', '362', '384', '9', '697', '712']
['667', '134', '437', '4', '18', '732', '283', '246', '68', '570', '558', '99', '197', '629', '419', '634', '778', '78', '165', '765', '350', '381', '314', '717', '464', '60', '179', '122', '266', '323']
['781', '644', '96', '443', '413', '167', '120', '49', '660', '219', '369', '587', '90', '210', '459', '115', '156', '379', '364', '552', '109', '101', '687', '196', '799', '516', '359', '201', '484', '592']
['604', '36', '627', '116', '632', '307', '249', '3', '427', '599', '286', '318', '276', '297', '242', '205', '509', '353', '609', '720', '450', '619', '628', '145', '581', '310', '144', '454', '662', '61']
['753', '375', '220', '233', '735', '580', '80', '620', '467', '214', '261', '740', '517', '342', '646', '277', '625', '733', '29', '664', '773', '39', '560', '434', '676', '641', '282', '568', '141', '532']
['451', '227', '279', '554', '637', '95', '0', '58', '668', '322', '395', '657', '771', '104', '244', '707', '422', '89', '510', '274', '436', '586', '749', '110', '33', '682', '666', '701', '407', '424']
['743', '108', '309', '113', '513', '573', '742', '365', '94', '652', '383', '785', '755', '684', '147', '583', '173', '544', '588', '505', '750', '26', '20', '97', '462', '622', '794', '496', '176', '252']
['663', '716', '71', '542', '394', '514', '613', '608', '550', '250', '495', '683', '466', '158', '406', '757', '704', '191', '786', '564', '661', '298', '300', '527', '189', '11', '296', '788', '453', '186']
['269', '75', '479', '556', '539', '275', '140', '251', '91', '601', '129', '399', '146', '225', '715', '351', '25', '180', '618', '480', '380', '346', '265', '209', '150', '248', '400', '758', '72', '425']
['752', '796', '685', '327', '54', '285', '519', '182', '87', '128', '460', '347', '470', '421', '603', '206', '435', '428', '155', '374', '545', '797', '591', '63', '340', '611', '168', '442', '617', '784']
['417', '131', '232', '598', '77', '614', '130', '308', '520', '724', '761', '139', '444', '481', '28', '528', '626', '10', '142', '226', '602', '594', '702', '23', '686', '52', '151', '85', '673', '320']
['65', '557', '700', '174', '255', '423', '392', '727', '738', '373', '195', '579', '439', '468', '163', '792', '549', '344', '389', '211', '635', '335', '84', '292', '263', '766', '370', '112', '387', '478']
['213', '118', '291', '477', '230', '499', '445', '221', '81', '159', '86', '324', '526', '748', '303', '62', '491', '388', '776', '111', '791', '107', '404', '487', '790', '287', '160', '648', '217', '769']
['245', '105', '710', '238', '317', '27', '578', '689', '228', '164', '376', '515', '475', '143', '793', '730', '654', '572', '631', '534', '224', '551', '787', '301', '313', '759', '126', '521', '726', '321']
['82', '538', '709', '31', '703', '734', '177', '485', '577', '533', '612', '615', '45', '312', '46', '229', '518', '553', '204', '47', '671', '698', '569', '235', '371', '623', '361', '42', '739', '311']
['610', '624', '798', '2', '562', '723', '264', '728', '555', '293', '582', '69', '777', '566', '431', '372', '590', '508', '461', '127', '543', '30', '736', '385', '561', '756', '506', '273', '512', '43']
['253', '178', '240', '8', '181', '135', '325', '737', '747', '567', '199', '114', '674', '37', '299', '398', '386', '70', '243', '267', '14', '457', '559', '1', '257', '605', '40', '722', '420', '121']
['66', '67', '576', '260', '336', '593', '458', '207', '430', '216', '106', '751', '507', '215', '489', '651', '706', '772', '132', '356', '51', '83', '473', '57', '741', '119', '192', '688', '73', '754']
['452', '589', '193', '290', '483', '719', '600', '497', '315', '48', '259', '675', '691', '696', '636', '401', '650', '474', '254', '16', '692', '669', '343', '665', '486', '472', '655', '256', '231', '647']
['746', '103', '79', '218', '653', '50', '241', '446', '330', '597', '432', '744', '502', '633', '278', '354', '268', '390', '488', '334', '760', '571', '13', '352', '616', '490', '289', '546', '770', '540']
['708', '203', '41', '117', '448', '438', '409', '183', '565', '98', '714', '711', '44', '494', '429', '397', '524', '412', '536', '718', '679', '152', '677', '529', '328', '782', '326', '721', '125', '469']
['672', '171', '34', '88', '349', '294', '363', '449', '338', '535', '795', '331', '271', '5', '780', '503', '563', '547', '366', '6', '670', '161', '185', '783', '522', '355', '504', '133', '56', '378']
['234', '169', '306', '184', '53', '694', '59', '731', '643', '258', '123', '102', '124', '695', '194', '764', '640', '416', '642', '391', '100', '630', '658', '501', '768', '92', '149', '198', '575', '405']
['418', '725', '531', '678', '441', '74', '774', '12', '574', '270', '302', '153', '237', '762', '348', '281', '316', '368', '247', '530', '138', '463', '690', '606', '136', '414', '393', '17', '223', '649']
['693', '426', '154', '38', '7', '607', '403', '222', '498', '621', '288', '212', '408']
['93', '680', '548', '595']
['456', '523']
['284']
