['667', '663', '644', '632', '660', '637', '646', '645', '668', '657', '664', '634', '661', '659', '689', '688', '635', '691', '631', '636', '643', '692', '666', '633', '665', '638', '648', '630', '658', '690', '662', '647']
['4', '55', '18', '32', '31', '0', '58', '3', '8', '15', '29', '2', '27', '35', '56', '34', '28', '59', '60', '62', '14', '5', '16', '33', '1', '30', '57', '13', '7', '6', '17', '61']
['817', '771', '773', '785', '757', '786', '813', '789', '815', '761', '774', '762', '772', '791', '814', '787', '764', '790', '788', '763', '816', '759', '812', '756', '760', '818', '770', '769', '811', '758', '783', '784']
['437', '413', '410', '382', '394', '409', '415', '383', '395', '392', '416', '396', '391', '406', '379', '393', '439', '440', '378', '381', '380', '405', '436', '386', '438', '384', '408', '385', '412', '407', '414', '411']
['911', '937', '942', '914', '886', '885', '896', '882', '910', '899', '917', '887', '939', '938', '883', '916', '940', '898', '895', '909', '912', '888', '897', '889', '944', '941', '890', '900', '943', '915', '913', '884']
['375', '323', '349', '333', '342', '377', '322', '318', '353', '329', '351', '347', '350', '317', '373', '345', '328', '374', '344', '348', '376', '346', '315', '332', '331', '330', '316', '343', '319', '320', '352', '321']
['65', '66', '96', '80', '120', '68', '71', '76', '67', '118', '94', '95', '91', '90', '64', '77', '78', '79', '125', '81', '69', '123', '70', '124', '97', '122', '63', '93', '92', '119', '121', '98']
['537', '538', '517', '539', '535', '509', '519', '560', '533', '510', '564', '562', '520', '522', '505', '518', '567', '507', '531', '566', '534', '508', '511', '559', '563', '561', '506', '521', '565', '504', '532', '512']
['447', '443', '479', '471', '476', '477', '459', '499', '445', '470', '500', '468', '458', '444', '455', '469', '475', '441', '448', '446', '449', '474', '457', '502', '473', '442', '454', '501', '472', '456', '478', '503']
['220', '245', '246', '249', '219', '251', '202', '197', '250', '193', '205', '244', '191', '195', '206', '218', '223', '207', '221', '216', '204', '189', '203', '196', '194', '248', '247', '217', '222', '192', '252', '190']
['309', '279', '253', '269', '283', '307', '255', '285', '286', '308', '312', '260', '310', '282', '314', '259', '270', '265', '258', '281', '267', '254', '288', '257', '287', '313', '268', '266', '280', '311', '256', '284']
['134', '140', '131', '188', '181', '187', '129', '156', '182', '128', '158', '130', '139', '155', '133', '159', '184', '142', '143', '153', '132', '127', '183', '144', '141', '157', '154', '126', '160', '186', '185', '161']
['580', '627', '624', '573', '570', '599', '601', '625', '629', '598', '583', '600', '628', '581', '603', '584', '575', '582', '626', '568', '585', '602', '594', '574', '572', '597', '569', '596', '622', '595', '623', '571']
['827', '881', '820', '832', '846', '833', '849', '857', '821', '835', '877', '850', '826', '834', '819', '836', '848', '837', '856', '822', '854', '824', '879', '880', '852', '825', '878', '823', '855', '847', '851', '853']
['753', '752', '699', '700', '709', '710', '727', '707', '720', '755', '724', '723', '728', '729', '751', '725', '708', '693', '696', '731', '730', '706', '698', '695', '701', '711', '754', '722', '697', '726', '721', '694']
['236', '233', '227', '240', '213', '214', '232', '210', '242', '238', '208', '230', '225', '239', '228', '229', '212', '211', '234', '199', '215', '226', '241', '237', '209', '224', '243', '235', '200', '201', '231', '198']
['417', '403', '427', '419', '423', '399', '434', '422', '429', '397', '421', '435', '428', '426', '389', '430', '433', '418', '431', '398', '388', '401', '404', '432', '390', '387', '400', '420', '424', '402', '425']
['360', '358', '357', '327', '369', '365', '368', '336', '364', '325', '355', '326', '363', '339', '341', '335', '324', '337', '372', '362', '338', '356', '354', '340', '361', '370', '371', '367', '334', '359', '366']
['681', '656', '685', '652', '640', '683', '676', '684', '641', '677', '639', '653', '649', '672', '687', '675', '651', '674', '678', '654', '686', '671', '650', '682', '669', '673', '679', '670', '680', '655', '642']
['108', '113', '75', '82', '88', '116', '105', '99', '103', '104', '115', '87', '89', '100', '109', '101', '86', '106', '84', '114', '117', '74', '111', '110', '102', '107', '85', '83', '112', '72', '73']
['781', '796', '810', '803', '805', '804', '809', '795', '798', '778', '765', '801', '792', '806', '808', '802', '777', '800', '797', '775', '793', '779', '776', '780', '766', '794', '807', '768', '767', '782', '799']
['169', '178', '167', '174', '148', '170', '137', '175', '177', '135', '146', '147', '165', '173', '180', '166', '145', '152', '163', '164', '172', '151', '179', '162', '150', '168', '138', '136', '176', '149', '171']
['36', '53', '49', '54', '39', '44', '25', '45', '46', '26', '20', '50', '19', '48', '47', '11', '22', '10', '41', '37', '12', '23', '21', '52', '51', '24', '42', '9', '38', '40', '43']
['936', '892', '918', '928', '922', '893', '902', '925', '904', '933', '891', '921', '931', '903', '930', '929', '905', '906', '923', '908', '919', '894', '926', '901', '934', '924', '927', '935', '920', '907', '932']
['451', '493', '452', '467', '465', '492', '485', '495', '483', '460', '450', '466', '482', '480', '497', '481', '489', '464', '491', '461', '462', '487', '494', '488', '496', '486', '463', '490', '453', '484', '498']
['743', '735', '732', '716', '705', '740', '742', '703', '734', '745', '746', '733', '719', '715', '704', '738', '750', '737', '747', '717', '748', '702', '749', '713', '744', '714', '736', '741', '739', '718', '712']
['525', '557', '554', '513', '556', '542', '558', '514', '550', '544', '529', '552', '549', '548', '553', '555', '541', '528', '527', '515', '526', '545', '523', '551', '543', '516', '530', '524', '547', '546', '540']
['866', '872', '843', '860', '876', '863', '875', '868', '870', '859', '867', '845', '828', '874', '862', '873', '842', '838', '841', '829', '864', '839', '871', '840', '869', '844', '861', '830', '865', '858', '831']
['610', '604', '620', '587', '613', '608', '589', '576', '609', '614', '577', '612', '615', '619', '588', '579', '618', '578', '593', '621', '586', '590', '591', '611', '605', '617', '606', '616', '607', '592']
['261', '275', '277', '276', '264', '274', '272', '303', '302', '262', '263', '304', '278', '301', '273']
['536']
['289']
['290']
['306']
['305']
['291']
['292']
['293']
['294']
['295']
['296']
['297']
['298']
['299']
['300']
['271']
