['493', '387', '47', '157', '685', '452', '160', '58', '250', '597']
['489', '736', '656', '548', '226', '718', '45', '331', '647', '321']
['380', '330', '925', '445', '738', '143', '828', '603', '326', '135']
['451', '141', '509', '315', '628', '574', '677', '883', '254', '457']
['559', '669', '872', '296', '137', '655', '724', '111', '695', '271']
['773', '526', '191', '421', '963', '880', '783', '485', '750', '348']
['236', '898', '417', '694', '166', '958', '46', '24', '621', '682']
['610', '164', '335', '82', '436', '547', '977', '386', '659', '842']
['283', '585', '813', '756', '772', '795', '801', '712', '383', '408']
['211', '343', '882', '106', '513', '410', '448', '258', '625', '790']
['208', '940', '732', '11', '9', '904', '500', '805', '192', '991']
['974', '346', '997', '93', '516', '120', '113', '527', '614', '731']
['785', '837', '78', '895', '715', '95', '388', '302', '703', '955']
['622', '644', '778', '260', '453', '8', '646', '263', '713', '221']
['437', '205', '317', '501', '359', '815', '587', '121', '5', '808']
['717', '204', '615', '758', '119', '237', '886', '996', '344', '474']
['274', '966', '87', '820', '117', '786', '686', '680', '552', '896']
['911', '464', '60', '793', '536', '490', '670', '461', '285', '419']
['848', '339', '875', '604', '900', '936', '961', '877', '643', '540']
['293', '899', '62', '807', '232', '616', '514', '201', '733', '819']
['727', '868', '716', '88', '602', '521', '833', '551', '987', '61']
['596', '743', '658', '431', '94', '932', '102', '97', '995', '378']
['947', '420', '354', '684', '174', '239', '350', '132', '177', '737']
['707', '225', '4', '823', '800', '824', '678', '404', '198', '764']
['216', '530', '822', '818', '631', '908', '185', '601', '549', '907']
['901', '147', '83', '167', '651', '612', '690', '328', '155', '29']
['108', '434', '620', '84', '27', '463', '579', '993', '409', '487']
['827', '533', '100', '412', '369', '310', '325', '51', '492', '836']
['20', '425', '10', '782', '37', '964', '938', '54', '297', '288']
['169', '400', '218', '291', '498', '931', '967', '721', '411', '692']
['667', '233', '240', '759', '213', '942', '273', '589', '318', '555']
['926', '368', '324', '41', '539', '518', '462', '957', '798', '210']
['781', '720', '528', '719', '385', '367', '742', '131', '438', '256']
['502', '287', '230', '32', '259', '188', '710', '913', '363', '553']
['780', '290', '623', '775', '219', '641', '491', '153', '1000', '871']
['611', '361', '544', '382', '281', '855', '607', '393', '207', '642']
['711', '701', '748', '638', '320', '588', '969', '99', '161', '852']
['104', '567', '182', '632', '337', '145', '874', '754', '920', '389']
['109', '358', '859', '148', '374', '352', '136', '804', '228', '853']
['753', '829', '319', '42', '142', '994', '446', '110', '697', '33']
['63', '390', '134', '309', '878', '978', '158', '176', '70', '243']
['744', '392', '771', '203', '170', '939', '613', '592', '944', '469']
['892', '635', '247', '983', '71', '946', '887', '921', '356', '264']
['752', '841', '340', '442', '918', '150', '114', '593', '284', '458']
['101', '360', '838', '499', '619', '241', '118', '175', '424', '187']
['543', '80', '59', '173', '449', '789', '959', '511', '73', '728']
['381', '180', '962', '154', '35', '933', '599', '546', '523', '480']
['863', '416', '28', '494', '357', '67', '606', '935', '817', '193']
['306', '483', '624', '349', '975', '927', '255', '989', '506', '332']
['257', '399', '279', '89', '538', '92', '850', '923', '784', '857']
['444', '542', '373', '217', '858', '981', '803', '384', '194', '478']
['714', '268', '563', '38', '965', '522', '897', '534', '139', '535']
['66', '605', '568', '675', '116', '172', '140', '379', '761', '608']
['577', '835', '488', '674', '749', '976', '298', '197', '662', '941']
['234', '541', '2', '422', '112', '545', '564', '74', '982', '455']
['295', '248', '165', '327', '570', '441', '21', '280', '196', '508']
['890', '34', '788', '557', '44', '866', '53', '515', '126', '949']
['699', '537', '245', '929', '740', '206', '954', '163', '825', '103']
['988', '930', '249', '334', '223', '629', '171', '190', '276', '876']
['81', '554', '333', '3', '679', '482', '152', '107', '650', '395']
['301', '156', '751', '843', '951', '888', '265', '505', '893', '657']
['792', '832', '76', '999', '105', '415', '90', '338', '282', '799']
['681', '396', '313', '351', '696', '138', '40', '906', '471', '503']
['481', '943', '856', '583', '406', '985', '407', '486', '428', '16']
['159', '663', '934', '450', '460', '950', '618', '550', '916', '945']
['816', '55', '68', '948', '524', '261', '702', '366', '706', '222']
['122', '238', '666', '224', '13', '864', '311', '179', '723', '849']
['821', '633', '735', '423', '915', '768', '745', '64', '56', '747']
['14', '459', '676', '443', '215', '573', '347', '275', '734', '304']
['580', '673', '300', '18', '510', '909', '49', '307', '17', '43']
['1', '576', '634', '115', '200', '971', '814', '787', '512', '212']
['244', '953', '418', '146', '507', '755', '454', '767', '365', '286']
['970', '802', '496', '214', '637', '990', '972', '578', '456', '791']
['278', '582', '705', '626', '272', '865', '72', '251', '91', '125']
['316', '869', '844', '227', '881', '96', '128', '777', '765', '6']
['495', '525', '253', '413', '22', '796', '308', '914', '123', '839']
['376', '609', '246', '937', '75', '303', '394', '922', '979', '884']
['860', '305', '69', '397', '830', '266', '956', '403', '851', '267']
['98', '729', '556', '928', '470', '770', '591', '885', '834', '873']
['683', '447', '86', '19', '341', '371', '693', '660', '517', '845']
['960', '36', '391', '910', '312', '572', '652', '645', '322', '689']
['129', '65', '870', '924', '760', '779', '668', '202', '277', '242']
['189', '79', '769', '654', '776', '762', '377', '439', '889', '355']
['477', '672', '375', '861', '794', '130', '270', '891', '229', '984']
['353', '763', '184', '50', '730', '594', '435', '565', '532', '826']
['902', '269', '168', '665', '691', '31', '558', '472', '426', '209']
['199', '479', '854', '25', '811', '372', '124', '252', '476', '405']
['595', '77', '531', '810', '362', '342', '529', '149', '903', '569']
['314', '162', '725', '48', '475', '630', '586', '427', '52', '468']
['992', '85', '370', '917', '797', '709', '581', '590', '980', '640']
['766', '235', '294', '561', '879', '299', '398', '664', '440', '919']
['178', '57', '867', '774', '7', '571', '862', '289', '806', '998']
['986', '894', '473', '345', '336', '262', '402', '688', '840', '183']
['465', '414', '30', '973', '133', '466', '144', '429', '648', '598']
['484', '722', '584', '186', '847', '671', '726', '639', '562', '433']
['741', '757', '617', '26', '323', '430', '520']
['700', '364', '575']
['467', '504', '127']
['636', '649', '600']
['220', '687']
['627', '329']
['181', '846']
['708', '432']
['653', '566']
['231', '12']
['698', '812']
['831', '739']
['661']
['151']
['292']
['952']
['15']
['968']
['195']
['746']
['809']
['519']
['560']
['39']
['497']
['905']
['912']
['23']
['401']
['704']
