['Gennie', 'Ivonne', 'Phebe', 'Linea', 'Sophia', 'Liv', 'Janith', 'Cordie', 'Bibi', 'Debera', 'Vanna', 'Cora', 'Mikaela', 'Mariejeanne', 'Louisette', 'Adele', 'Lindsay', 'Nani', 'Arabele', 'Sabra']
['Cariotta', 'Ricca', 'Morgan', 'Leonanie', 'Nyssa', 'Ysabel', 'Melody', 'Moyra', 'Aura', 'Vera', 'Francoise', 'Polly', 'Meghan', 'Roxana', 'Roseanne', 'Melisse', 'Katerine', 'Cinderella', 'Penni', 'Nydia']
['Arleta', 'Astra', 'Meg', 'Glori', 'Brandise', 'Josi', 'Deena', 'Sena', 'Judi', 'Shirl', 'Clarice', 'Zorine', 'Georgeanna', 'Lynnet', 'Isa', 'Hollyanne', 'Starla', 'Cherianne', 'Stephie', 'Nathalia']
['Lissi', 'Minne', 'Brana', 'Lanae', 'Jennilee', 'Cornie', 'Philis', 'Leandra', 'Vevay', 'Tomi', 'Iona', 'Gracia', 'Odelle', 'Tierney', 'Valery', 'Ginelle', 'Kinna', 'Gelya', 'Dolorita', 'Anabella']
['Bliss', 'Breanne', 'Delphine', 'Carmencita', 'Pris', 'Pat', 'Lacey', 'Del', 'Hildegaard', 'Adi', 'Dita', 'Iolanthe', 'Rebeka', 'Agathe', 'Noelle', 'Bibbie', 'Bridget', 'Merry', 'Theressa', 'Max']
['Sophie', 'Minta', 'Natividad', 'Annissa', 'Vivi', 'Jolynn', 'Leora', 'Debby', 'Gusta', 'Buffy', 'Kat', 'Lulita', 'Dredi', 'Jackqueline', 'Mattie', 'Marlena', 'Thomasin', 'Glynda', 'Austina', 'Issie']
['Andromache', 'Annabel', 'Elinor', 'Sella', 'Alison', 'Frayda', 'Aleta', 'Cassandra', 'Daffy', 'Veronike', 'Wynny', 'Cristal', 'Lotte', 'Dorothea', 'Audrye', 'Farica', 'Miran', 'Celesta', 'Esme', 'Mercy']
['Emmye', 'Wilhelmine', 'Brigitte', 'Bobbye', 'Deanna', 'Romola', 'Karlotta', 'Gayel', 'Margi', 'Alysa', 'Chery', 'Giana', 'Ki', 'Rosaleen', 'Marline', 'Adara', 'Wendy', 'Elnore', 'Tarra', 'Caye']
['Eleanora', 'Lonni', 'Helena', 'HelenElizabeth', 'Kip', 'Erina', 'Carena', 'Nichole', 'Marissa', 'Hilary', 'Merci', 'Peta', 'Trixy', 'Camila', 'Roz', 'Ertha', 'Almeta', 'Winnie', 'Christa', 'Wilona']
['Kattie', 'Kassia', 'Maurizia', 'Cathie', 'Bonnee', 'Phyllys', 'Bee', 'Doralyn', 'Marsha', 'Teddi', 'Sarajane', 'Kali', 'Eve', 'Ruthi', 'Marlyn', 'Emmie', 'Cherlyn', 'Nat', 'Eddi', 'Krissy']
['Jacquelyn', 'Benny', 'Avis', 'Ediva', 'Geneva', 'Joye', 'Theresina', 'Hedi', 'Analise', 'Beryl', 'Heida', 'Laryssa', 'Kathrine', 'Philippe', 'Maighdiln', 'Naoma', 'Channa', 'Vania', 'Alex', 'Maxie']
['Adore', 'Regina', 'Marcile', 'Lydia', 'Charmine', 'Doe', 'Aubine', 'Friederike', 'Gale', 'Donica', 'Leonore', 'Enid', 'Kenna', 'Alisun', 'Roxy', 'Noelani', 'Arlina', 'Shalne', 'Keelia', 'Nikoletta']
['Andra', 'Wilma', 'AnnaDiana', 'Blanca', 'Briana', 'Aggie', 'Jerrylee', 'Alida', 'Deane', 'Xenia', 'Quentin', 'Lian', 'Esmaria', 'Tanhya', 'Danita', 'Moina', 'Arabella', 'Dulciana', 'Indira', 'Cristie']
['Ralina', 'Cissy', 'Fredericka', 'Selena', 'Casi', 'Kandy', 'Celka', 'Joellen', 'Edith', 'Estella', 'Paloma', 'Vittoria', 'Bunnie', 'Debor', 'Elka', 'Tiertza', 'Alecia', 'Ilka', 'Cherice', 'Peggy']
['Angelica', 'Vernice', 'Daria', 'Domeniga', 'Ebony', 'Kamila', 'Bernie', 'Heddi', 'Una', 'Lela', 'Franny', 'Saloma', 'Konstance', 'Agneta', 'Cassey', 'Ericka', 'Deerdre', 'Glenn', 'Pru', 'Keely']
['Brittany', 'Giselle', 'Diannne', 'Karine', 'Mufi', 'Sybil', 'Susana', 'Hailee', 'Ursa', 'Terri', 'Patrizia', 'Nollie', 'Colette', 'Georgena', 'Jodee', 'Evangelina', 'Ellie', 'Colline', 'Adrea', 'Ema']
['Megan', 'Nicholle', 'Aggi', 'Mickie', 'Linnie', 'Gilli', 'Mirna', 'Alethea', 'Alvina', 'Jaynell', 'Giuditta', 'Charline', 'Mathilda', 'Celestina', 'Yasmeen', 'Estrella', 'Emera', 'Benedicta', 'Gladi', 'Biddie']
['Clara', 'Emili', 'Alie', 'Gayleen', 'Gertrudis', 'Debi', 'Bari', 'Page', 'Yvonne', 'Lurleen', 'Karlotte', 'Rorie', 'Gloria', 'Minnnie', 'Marcellina', 'Dianemarie', 'Eilis', 'Ninette', 'Grayce', 'Joycelin']
['DeeDee', 'Kass', 'Lenora', 'Arlinda', 'Emalee', 'Lorita', 'Latrina', 'Ginnifer', 'Carmel', 'Lianne', 'Galina', 'Quintilla', 'Jayme', 'Lorianne', 'Suzette', 'Johnna', 'Henrieta', 'Norrie', 'Hazel', 'Dode']
['Nanni', 'Gwendolen', 'Cortney', 'Tisha', 'Doroteya', 'Donni', 'Mara', 'Jobyna', 'Brittni', 'Eugine', 'Fina', 'Tiffi', 'Tabbatha', 'Lonnie', 'Raquel', 'Bettina', 'Becka', 'Kandace', 'Imogen', 'Chandal']
['Blakelee', 'Etheline', 'Goldarina', 'Jojo', 'Misty', 'Mary', 'Nelly', 'Lauralee', 'Melantha', 'Shannah', 'Vannie', 'Olivette', 'Carmen', 'Clementina', 'Kelila', 'Merilee', 'Aurelea', 'Chrissie', 'Clarabelle', 'Alexina']
['Steffie', 'Georgie', 'Eadie', 'Helaina', 'Farra', 'Norina', 'Sela', 'Ainslee', 'Beret', 'Katheryn', 'Caroline', 'Adriaens', 'Shaylynn', 'Shandie', 'Hermia', 'Simonne', 'Wally', 'Gerianna', 'Hinda', 'Kiersten']
['Tally', 'Dorey', 'Ara', 'Moira', 'Tabbi', 'Faydra', 'Ladonna', 'Klara', 'Brandie', 'Maribeth', 'Goldina', 'Lurette', 'Lorie', 'Alisa', 'Ardys', 'Krystyna', 'Nicoli', 'Biddy', 'Modestine', 'Jacenta']
['Maisie', 'Elisa', 'Bernice', 'Kerianne', 'Cecilia', 'Ardisj', 'Arlette', 'Phoebe', 'Elyn', 'Vida', 'Ines', 'Georgeta', 'Maria', 'Lynelle', 'Felicity', 'Yoko', 'Damita', 'Enriqueta', 'Milka', 'Vikky']
['Mirabella', 'Paolina', 'Modesta', 'Yvette', 'Jenny', 'Sharlene', 'Tasia', 'Sherrie', 'Georgia', 'Aprilette', 'Kerri', 'Linnea', 'Tonye', 'Leshia', 'Linette', 'Jaquelyn', 'Sal', 'Ann', 'Miguelita', 'Henriette']
['Rosemary', 'Rycca', 'Rici', 'Keriann', 'Ermina', 'Inesita', 'Winnifred', 'Tonie', 'Tessie', 'Willow', 'Elisabetta', 'Mitzi', 'Cherise', 'Reeta', 'Trenna', 'Mella', 'Latrena', 'Chelsy', 'Joni', 'Dominga']
['Elvira', 'Mada', 'Kalinda', 'Charin', 'Vyky', 'Jazmin', 'Livvyy', 'Eden', 'Greta', 'Roseanna', 'Lexie', 'Chrysa', 'Dru', 'Kaile', 'Kyle', 'Marna', 'Reta', 'Alessandra', 'De', 'Tracie']
['Ros', 'Sybilla', 'Chiquita', 'Rachelle', 'Leland', 'Leonie', 'Rosanna', 'Fifine', 'Charissa', 'Olenka', 'Mercie', 'Veronica', 'Kitti', 'Allianora', 'Wallie', 'Abagael', 'Marjie', 'Claudia', 'Rasia', 'Neely']
['Hephzibah', 'Evey', 'Serene', 'Celene', 'Natalee', 'Tilly', 'Kristy', 'Kasey', 'Leontyne', 'Dorrie', 'Trescha', 'Merrile', 'Julietta', 'Arlene', 'Adena', 'Marybelle', 'Rachel', 'Rivi', 'Andree', 'Marcelle']
['Freddy', 'Gilemette', 'Luce', 'Andria', 'Nora', 'Marleah', 'Venus', 'Caprice', 'Klarrisa', 'Abra', 'Elnora', 'Hatty', 'Lorianna', 'Agnella', 'Brietta', 'Camille', 'Consolata', 'Allix', 'Maegan', 'Caren']
['Melinde', 'Tiffany', 'Brooks', 'Ronda', 'Ramonda', 'Sianna', 'Berget', 'Penny', 'Ashil', 'Janetta', 'Lisbeth', 'Kessiah', 'Dody', 'Lucienne', 'Grissel', 'Oona', 'Luciana', 'Mariana', 'Jacqueline', 'Norene']
['Aili', 'Elaina', 'Cyndy', 'Cyb', 'Cindy', 'Blondelle', 'Shir', 'Arline', 'Janel', 'Clair', 'Danit', 'Eleonore', 'Kelsey', 'Arlen', 'Irene', 'Drusi', 'Bonnie', 'Anissa', 'Griselda', 'Aime']
['Cammy', 'Hestia', 'Zoe', 'Josefina', 'Roanne', 'Terza', 'Mirabelle', 'Madelene', 'Ranee', 'Malissa', 'Sissie', 'Analiese', 'Binni', 'Jolene', 'Constantine', 'Tobye', 'Fallon', 'Sally', 'Dyanne', 'Allene']
['Kerrill', 'Marlene', 'Nalani', 'Calida', 'Michaela', 'Janey', 'Dionne', 'Leonelle', 'Yolanthe', 'Natala', 'Shela', 'Randene', 'Tatum', 'Leigh', 'Winnah', 'Willie', 'Lise', 'Val', 'Abigale', 'Lori']
['Gratiana', 'Joeann', 'Rosamond', 'Gianna', 'Letisha', 'Denny', 'Phelia', 'Jonie', 'Laurene', 'Shelli', 'Rivkah', 'Bethena', 'Bambie', 'Margette', 'Dniren', 'Kora', 'Pierrette', 'Lesli', 'Thomasine', 'Wendeline']
['Danice', 'Dania', 'Lura', 'Gussi', 'Cecil', 'Lorry', 'Gabbie', 'Jorie', 'Caitrin', 'Evie', 'Donielle', 'Ollie', 'Tiphany', 'Anestassia', 'Dorie', 'Nada', 'Jess', 'Christine', 'Mia', 'Melisa']
['Poppy', 'Viki', 'Perl', 'Atlante', 'Milissent', 'Cristabel', 'Gabi', 'Dorise', 'Lola', 'Ninnetta', 'Evita', 'Sandye', 'Veda', 'Tiphanie', 'Rozalie', 'Norri', 'Nolana', 'Ethelind', 'Frankie', 'Dorice']
['Cati', 'Aleen', 'Masha', 'Adel', 'Petronille', 'Sibylla', 'Clari', 'Malia', 'Jacquetta', 'Caria', 'Liva', 'Lillis', 'Arly', 'Leila', 'Margaret', 'Sarita', 'Teodora', 'Cindelyn', 'Angil', 'Mandi']
['Shelby', 'Genevra', 'Daveta', 'Ddene', 'Leeanne', 'Matilda', 'Jerrine', 'Prudi', 'Adorne', 'Austin', 'Bethina', 'Fay', 'Perrine', 'Donna', 'Violante', 'Erinn', 'Ludovika', 'Fern', 'Lenka', 'Britte']
['Berta', 'Martita', 'Laverna', 'Fanchette', 'Willa', 'Muriel', 'Manon', 'Angelle', 'Mab', 'Kaela', 'Adrienne', 'Clary', 'Wendie', 'Harmonie', 'Mollee', 'Rosette', 'Torie', 'Sibyl', 'Christel', 'Selestina']
