['mmmmmmmmmmmmmmm', 'aaaa', 'aaaaaaaaa', 'aaaaaaaaaaaa', 'mmmmmmmmmmmmm', 'mmmmmmmmm', 'aaaaaaaaaaaaa', 'aaaaa', 'aaaaaaaaaaaaaaa', 'mmmmm', 'aaaaaaaaaaa', 'mmmm', 'aaa', 'aa', 'mmmmmmmmmm', 'mmmmmmmm', 'mmmmmmm', 'aaaaaaa', 'mm', 'm', 'a', 'mmmmmmmmmmm', 'aaaaaaaa', 'mmmmmmmmmmmmmmmm', 'mmmmmmmmmmmm', 'mmmmmmmmmmmmmm', 'aaaaaaaaaaaaaa', 'aaaaaaaaaaaaaaaa', 'aaaaaaaaaa', 'mmmmmm', 'aaaaaa']
['bbbbbbbbbb', 'bbbbbb', 'bbbbbbbbbbbbbb', 'bbbbbbbb', 'b', 'bbbbbbbbbbbbbbb', 'bbbbb', 'mmm', 'bbbb', 'bbbbbbbbbbb', 'bbbbbbb', 'bbbbbbbbbbbbbbbb', 'bbbbbbbbb', 'bbbbbbbbbbbb', 'bb', 'bbbbbbbbbbbbb', 'bbb']
['ppppppppppppp', 'ppppppppppp', 'pp', 'ppppppppp', 'pppppppp', 'ppp', 'pppppppppppp', 'pppppppppp', 'pppppp', 'ppppp', 'pppppppppppppp', 'p', 'pppppppppppppppp', 'ppppppp', 'ppppppppppppppp', 'pppp']
['ggg', 'ggggggggg', 'ggggggg', 'g', 'gggggggggggg', 'gggggg', 'gggggggggggggg', 'gggggggggg', 'gg', 'ggggggggggggggg', 'ggggggggggggg', 'gggg', 'ggggggggggg', 'ggggg', 'gggggggggggggggg', 'gggggggg']
['uuuuuuuuuuu', 'uuuuuuuuuuuuuuuu', 'uuuuuuu', 'uuuuuuuuu', 'uuu', 'u', 'uuuu', 'uuuuuuuuuuuuuuu', 'uuuuuuuuuuuuuu', 'uuuuuu', 'uuuuuuuuuuuu', 'uuuuu', 'uuuuuuuuuuuuu', 'uuuuuuuu', 'uuuuuuuuuu', 'uu']
['w', 'wwwwwwwwwww', 'wwwwwwwwwwwww', 'wwwwww', 'wwwww', 'www', 'wwwwwwwww', 'wwwwwwww', 'wwww', 'ww', 'wwwwwwwwwwwwwww', 'wwwwwwwwwwww', 'wwwwwwwwwwwwww', 'wwwwwwwwww', 'wwwwwwwwwwwwwwww', 'wwwwwww']
['kk', 'kkkkk', 'kkkkkkk', 'kkkkkkkk', 'kkkkkkkkk', 'kkkkkkkkkkkkk', 'kkk', 'kkkkkkkkkkkkkkk', 'kkkkkkkkkk', 'kkkkkkkkkkkk', 'k', 'kkkkkkkkkkkkkk', 'kkkkkk', 'kkkkkkkkkkkkkkkk', 'kkkk', 'kkkkkkkkkkk']
['YYYYYYYYYYYYYY', 'YYYYYYYYYYYYY', 'YYYYYYYY', 'YYYYYYYYYYY', 'Y', 'YY', 'YYYYYYYYYYYYYYYY', 'YYYY', 'YYYYYYYYY', 'YYYYYYYYYYYY', 'YYYYYYYYYY', 'YYYYYY', 'YYYYY', 'YYYYYYY', 'YYY', 'YYYYYYYYYYYYYYY']
['d', 'ddddddd', 'dddddddddddddddd', 'ddddd', 'ddddddddd', 'ddddddddddddd', 'dddddddd', 'dddd', 'dd', 'dddddddddddddd', 'ddd', 'dddddd', 'dddddddddddd', 'ddddddddddd', 'ddddddddddddddd', 'dddddddddd']
['WWWWWWWWWWWW', 'WWW', 'WWWW', 'W', 'WWWWWWW', 'WW', 'WWWWWWWWWWWWWW', 'WWWWWWWWWW', 'WWWWWWWWWWW', 'WWWWWW', 'WWWWWWWWW', 'WWWWWWWWWWWWWWWW', 'WWWWW', 'WWWWWWWW', 'WWWWWWWWWWWWWWW', 'WWWWWWWWWWWWW']
['SSSSSSSSSSSSSSS', 'S', 'SSSSSSSS', 'SSSS', 'SS', 'SSSSSS', 'SSSSSSS', 'SSSSSSSSSSSSS', 'SSSSSSSSS', 'SSSSSSSSSS', 'SSSSSSSSSSS', 'SSSSS', 'SSS', 'SSSSSSSSSSSSSS', 'SSSSSSSSSSSS', 'SSSSSSSSSSSSSSSS']
['rrrrrrr', 'rrrrrrrrrrrrrr', 'rrrrrr', 'rrrr', 'r', 'rrrrrrrrrrrrr', 'rrr', 'rrrrrrrrrrrrrrrr', 'rrrrr', 'rrrrrrrrr', 'rr', 'rrrrrrrrrrr', 'rrrrrrrrrr', 'rrrrrrrrrrrr', 'rrrrrrrrrrrrrrr', 'rrrrrrrr']
['IIIII', 'IIIIIIIIII', 'IIIIIIIIIIIIII', 'II', 'IIIIIII', 'IIIIIIIIIIIIIIII', 'IIIIIIIIIIIII', 'IIIIIIII', 'IIIIII', 'IIIIIIIIIIIIIII', 'III', 'IIIIIIIII', 'I', 'IIIIIIIIIIII', 'IIIIIIIIIII', 'IIII']
['ZZZZZZZZZZZZ', 'ZZZZZZZZZZZZZZZZ', 'ZZZZZZZZ', 'Z', 'ZZZZZZ', 'ZZZZZZZ', 'ZZZZZ', 'ZZZZ', 'ZZZ', 'ZZZZZZZZZZZ', 'ZZZZZZZZZZZZZZZ', 'ZZZZZZZZZ', 'ZZZZZZZZZZ', 'ZZZZZZZZZZZZZ', 'ZZZZZZZZZZZZZZ', 'ZZ']
['222222', '222222222', '2', '22', '2222222', '222222222222', '2222', '22222222222', '2222222222', '22222222', '2222222222222', '2222222222222222', '22222', '222', '22222222222222', '222222222222222']
['hhhhhhhhhh', 'hhhhhhhhhhhhhhh', 'hhhhhhhhhhh', 'hhhh', 'hh', 'hhhhhhhhhhhhhh', 'hhhhhhhh', 'h', 'hhhhhhh', 'hhhhhhhhh', 'hhhhhhhhhhhh', 'hhh', 'hhhhhhhhhhhhhhhh', 'hhhhh', 'hhhhhh', 'hhhhhhhhhhhhh']
['jjjjjjjjjjj', 'jj', 'jjjj', 'j', 'jjjjjjjjjjjjj', 'jjjjjjjjjj', 'jjjjjj', 'jjjjjjjj', 'jjjjjjjjj', 'jjjjjjjjjjjj', 'jjj', 'jjjjjjjjjjjjjjj', 'jjjjj', 'jjjjjjjjjjjjjjjj', 'jjjjjjjjjjjjjj', 'jjjjjjj']
['JJJJJJJJJJJJJJJJ', 'JJJJJJJJJ', 'JJJJJJJJ', 'JJJJJJJJJJJ', 'JJJJJJJJJJJJ', 'JJJJJJJJJJJJJ', 'JJJJJJ', 'JJJ', 'JJJJJJJ', 'JJJJJ', 'JJ', 'JJJJJJJJJJJJJJ', 'J', 'JJJJ', 'JJJJJJJJJJ', 'JJJJJJJJJJJJJJJ']
['eeeeeeee', 'eeeeeeeeeeee', 'eeeeeeeeeeeeeeee', 'eeeeee', 'e', 'eeeeeeeeeee', 'eeeeeeeeeeeeeee', 'eeeeeeeee', 'ee', 'eeeeeeeeeeeee', 'eeeee', 'eeee', 'eeeeeeeeee', 'eeeeeee', 'eee', 'eeeeeeeeeeeeee']
['x', 'xxxxxxxxxxxxxxxx', 'xxxxxxxxxxxxx', 'xx', 'xxx', 'xxxx', 'xxxxxxxx', 'xxxxxxxxxxxxxx', 'xxxxxxxxxxxxxxx', 'xxxxxxx', 'xxxxxxxxxxx', 'xxxxxxxxxxxx', 'xxxxxxxxx', 'xxxxxx', 'xxxxxxxxxx', 'xxxxx']
['LLLLLLLLLLLLLLLL', 'LL', 'LLLLLLLLLLL', 'LLLLLLLLLLLLLL', 'LLLLLLLLLLLLLLL', 'LLLLL', 'LLLLLLLLL', 'LLLLLLLLLL', 'LLLLLLL', 'LLLL', 'L', 'LLLLLLLLLLLL', 'LLLLLL', 'LLLLLLLLLLLLL', 'LLLLLLLL', 'LLL']
['DDDDDDDD', 'DD', 'DDDDDDDDDDD', 'DDDDDDDDDDDDDD', 'DDDDDDD', 'DDD', 'DDDDDDDDDDDDD', 'DDDDDDDDD', 'DDDDD', 'DDDDDDDDDDDDDDD', 'DDDD', 'DDDDDDDDDDDDDDDD', 'D', 'DDDDDD', 'DDDDDDDDDDDD', 'DDDDDDDDDD']
['44444444444444', '44444444', '444444444444444', '44', '4444444', '444444444444', '4', '444444', '4444444444', '444444444', '44444444444', '4444444444444', '4444', '444', '4444444444444444', '44444']
['XXXXXXXXXX', 'XXX', 'XX', 'XXXXXXXXXXXX', 'XXXXXXXXX', 'XXXXXXXXXXXXXX', 'XXXXXXXXXXXXX', 'X', 'XXXXXX', 'XXXXXXXX', 'XXXXX', 'XXXXXXX', 'XXXXXXXXXXXXXXX', 'XXXXXXXXXXX', 'XXXX', 'XXXXXXXXXXXXXXXX']
['1', '1111111111111', '1111111', '11111111111111', '1111', '11111111', '111111111111111', '11', '1111111111111111', '1111111111', '11111', '111', '111111111', '111111111111', '11111111111', '111111']
['HHHHHH', 'HHHHHHHHHHHHHH', 'HHHHHHHHHHHH', 'HHHHHHHHHHHHHHH', 'HHHHHHHHHHHHH', 'HHHHH', 'HH', 'HHHHHHHH', 'HHHH', 'H', 'HHHHHHHHHHH', 'HHHHHHHHH', 'HHHHHHHHHHHHHHHH', 'HHH', 'HHHHHHH', 'HHHHHHHHHH']
['MMMMMMMMMMM', 'MMM', 'MM', 'MMMMMMMMMMMMM', 'MMMMMMMMMMMM', 'MMMMMMMMMMMMMM', 'MMMMMMMMMM', 'MMMMMMMM', 'MMMMMMMMM', 'MMMMMM', 'MMMMMMM', 'MMMMMMMMMMMMMMMM', 'MMMMM', 'MMMM', 'MMMMMMMMMMMMMMM', 'M']
['ffffffffffffff', 'fffffffffffffff', 'ffff', 'ffffffffffff', 'fff', 'fffff', 'ffffffff', 'ff', 'ffffffffff', 'fffffffffffff', 'ffffffffffffffff', 'fffffffff', 'f', 'ffffff', 'fffffff', 'fffffffffff']
['KKKKKKKKKKKK', 'KKKKK', 'KKKKKKK', 'KKKKKKKKKKKKKKK', 'KKKKKK', 'KKKKKKKKKKKKKK', 'KK', 'KKKKKKKKKKKKKKKK', 'KKKKKKKKKKK', 'K', 'KKKK', 'KKKKKKKKKKKKK', 'KKK', 'KKKKKKKKKK', 'KKKKKKKK', 'KKKKKKKKK']
['zzzzzz', 'zzzzz', 'zzzzzzzz', 'z', 'zzzzzzzzzzz', 'zzzzzzzzzzzzzzzz', 'zzz', 'zzzzzzzzzzzz', 'zzzz', 'zzzzzzzzzzzzz', 'zzzzzzz', 'zzzzzzzzz', 'zzzzzzzzzzzzzz', 'zzzzzzzzzz', 'zzzzzzzzzzzzzzz', 'zz']
['77777777777777', '777777777777777', '7777777', '77', '7777777777777', '777777777', '777', '77777777', '77777', '7', '777777', '7777777777777777', '7777', '7777777777', '777777777777', '77777777777']
['VVVVVVVVVVVVVV', 'VVVVV', 'VVVVVVVV', 'VVVVVVVVVVVV', 'VVVVVVVVVVV', 'VV', 'VVV', 'V', 'VVVVVVVVVVVVVVVV', 'VVVVVVVVVV', 'VVVV', 'VVVVVVVVVVVVV', 'VVVVVV', 'VVVVVVVVVVVVVVV', 'VVVVVVV', 'VVVVVVVVV']
['sssssssss', 'sssss', 'sssssssssssssss', 'sssssssssssss', 'sssssssssss', 'ssss', 'sssssss', 'sss', 'ssssss', 's', 'ssssssssssssssss', 'ssssssssssssss', 'ss', 'ssssssss', 'ssssssssssss', 'ssssssssss']
['oooooooooooooooo', 'oo', 'ooo', 'ooooooooooooooo', 'oooooooooo', 'ooooooooooooo', 'ooooo', 'ooooooooooo', 'oooo', 'ooooooooo', 'oooooooooooooo', 'oooooo', 'ooooooo', 'oooooooooooo', 'oooooooo', 'o']
['RRRRRRRRRRRRRRRR', 'RRRRRRRRRRRR', 'RRRRRRRRRRRRRRR', 'RRRRRRRRRRR', 'RRRRRRRRR', 'RRRRRRRRRRRRR', 'RRR', 'RRRRRRRRRR', 'RRRRRRRR', 'RRRRRRRRRRRRRR', 'RRRRRR', 'RRRRRRR', 'R', 'RRRR', 'RR', 'RRRRR']
['FFFFFFFFFFFFFFFF', 'FFFFFFFFFF', 'FFFFFFFFFFFF', 'FFFFFFFF', 'FFF', 'FFFFFFF', 'FFFFFFFFFFFFF', 'FFFFFFFFF', 'FFFF', 'FFFFFFFFFFFFFFF', 'FFFFFF', 'FFFFF', 'FFFFFFFFFFFFFF', 'FF', 'F', 'FFFFFFFFFFF']
['nnnnnnnnnnnnnnnn', 'nnnnnnnnnnnnnn', 'nnnnnnnnnnn', 'nn', 'nnnnn', 'nnnnnnnnnnnnn', 'nnnnnnnnn', 'nnnnnnnnnnnn', 'nnn', 'n', 'nnnnnnnnnnnnnnn', 'nnnn', 'nnnnnnn', 'nnnnnnnn', 'nnnnnn', 'nnnnnnnnnn']
['TTTTTTTTTT', 'TTTT', 'T', 'TTTTTTTTTTT', 'TTTTTTT', 'TTTTTTTTTTTTTT', 'TTT', 'TTTTTT', 'TTTTTTTTTTTTT', 'TTTTTTTT', 'TT', 'TTTTTTTTTTTTTTT', 'TTTTT', 'TTTTTTTTTTTTTTTT', 'TTTTTTTTTTTT', 'TTTTTTTTT']
['ttt', 'ttttttt', 'tttt', 't', 'ttttttttttt', 'tttttttttttttttt', 'tttttttttt', 'tttttt', 'tt', 'tttttttt', 'ttttttttttttttt', 'tttttttttttt', 'ttttttttttttt', 'tttttttttttttt', 'ttttt', 'ttttttttt']
['lllllllllllllll', 'll', 'lllllll', 'llllll', 'lllllllllll', 'lllllllll', 'l', 'llllllll', 'llllllllll', 'lll', 'lllll', 'llllllllllllllll', 'llllllllllllll', 'lllllllllllll', 'llll', 'llllllllllll']
['EEEEEE', 'EEEEEEEEEEEEEE', 'EEEEEEEEEEEE', 'EEEEEEEEEEEEEEE', 'EEEEEEEEEEEEEEEE', 'EEEEEEEE', 'EEEEEEE', 'EEEEE', 'EEEE', 'EEEEEEEEEE', 'EEEEEEEEEEEEE', 'EEEEEEEEE', 'E', 'EE', 'EEE', 'EEEEEEEEEEE']
['PP', 'PPPPPPP', 'PPPPPPPPPPPPPP', 'PPPPPPPPPPPPPPP', 'PPPPPPPPPPPPPPPP', 'PPPPPPPP', 'PPPPPPPPPP', 'PPPPPPPPPPP', 'PPPPPP', 'PPPPPPPPPPPPP', 'PPPPPPPPP', 'P', 'PPPP', 'PPPPP', 'PPPPPPPPPPPP', 'PPP']
['BBBBBBBBBBBBBBBB', 'BBBBBBBBBB', 'BB', 'BBBBBBBBBBBBBB', 'BBBBBBBBBBBBB', 'B', 'BBB', 'BBBBBBBBB', 'BBBBBBBBBBBBBBB', 'BBBB', 'BBBBBBBBBBBB', 'BBBBB', 'BBBBBB', 'BBBBBBB', 'BBBBBBBBBBB', 'BBBBBBBB']
['vv', 'vvvv', 'v', 'vvvvvvvvvv', 'vvvvvvvvvvvvvvv', 'vvvvvvvv', 'vvvvvvvvvvvvvvvv', 'vvvvvvvvvvvv', 'vvvvvvvvvvv', 'vvvvvvv', 'vvvvvvvvvvvvvv', 'vvvvvvvvv', 'vvv', 'vvvvvvvvvvvvv', 'vvvvv', 'vvvvvv']
['66666666666666', '66', '666', '66666666', '66666666666', '666666666', '6666666666666', '6666', '666666666666', '6666666', '6', '66666', '6666666666666666', '666666666666666', '666666', '6666666666']
['cccccccccccccc', 'cccccccccc', 'cccccc', 'cccccccc', 'c', 'cc', 'ccccccccccccc', 'cccccccccccc', 'ccc', 'ccccccc', 'ccccccccccccccc', 'ccccccccc', 'ccccccccccc', 'cccccccccccccccc', 'cccc', 'ccccc']
['QQQQQQQQQQ', 'QQQQQQQQQQQ', 'QQQQQQQQQQQQ', 'QQQQQQQQQQQQQ', 'QQQQQQQQQQQQQQQQ', 'QQQQ', 'QQQQQQQQQ', 'QQQQQQQ', 'QQ', 'QQQQQQQQ', 'QQQQQQQQQQQQQQQ', 'Q', 'QQQQQQQQQQQQQQ', 'QQQQQ', 'QQQ', 'QQQQQQ']
['OOOOOOOOOOO', 'OO', 'OOOOOOOOOOOOOOOO', 'OOOOOOOOO', 'OOOOO', 'OOOO', 'OOOOOOOOOOOOO', 'OOOOOOOO', 'OOOOOOOOOOOOOOO', 'OOOOOOOOOO', 'OOOOOOOOOOOOOO', 'OOOOOOO', 'OOOOOO', 'OOOOOOOOOOOO', 'OOO', 'O']
['UU', 'UUUU', 'UUUUUUUUU', 'UUUUUUUU', 'UUUUUUUUUU', 'UUUUUUUUUUUU', 'UUUUUUUUUUUUUU', 'UUUUUUUUUUUUUUU', 'UUUUUUUUUUUUUUUU', 'UUUUUUU', 'UUUUUUUUUUUUU', 'UUUUUU', 'U', 'UUU', 'UUUUUUUUUUU', 'UUUUU']
['888888', '8888888', '88', '888888888888', '888888888888888', '8888888888888888', '88888', '888', '88888888888888', '8888888888888', '8', '8888', '888888888', '88888888888', '88888888', '8888888888']
['iiiiiiiiiiiiii', 'iiiiiiiiiiiiiii', 'iiii', 'iiiiiiiiiii', 'iiiiii', 'iiiiiiiiiiii', 'iiiiiiii', 'iiiiiiiii', 'iiiii', 'iiiiiiiiii', 'iiiiiiiiiiiiiiii', 'iiiiiii', 'i', 'ii', 'iiiiiiiiiiiii', 'iii']
['GGGGGG', 'GG', 'GGGGGGGGGGGGGGG', 'GGGGGGG', 'GGGGG', 'GGGGGGGGGGGGG', 'GGGGGGGGGGG', 'GGGGGGGGGGGGGG', 'GGGGGGGGGGGGGGGG', 'GGGGGGGGGGGG', 'GGGGGGGGGG', 'GGGGGGGG', 'GGGG', 'G', 'GGGGGGGGG', 'GGG']
['555', '555555555555555', '5555555555', '55555', '55', '55555555555555', '555555555555', '5555555555555', '5555555', '55555555', '5555555555555555', '55555555555', '555555', '555555555', '5', '5555']
['3333333', '3333333333333', '33333333333', '333333333', '33333333333333', '3333333333', '333333', '33333', '333', '33333333', '3', '333333333333333', '3333333333333333', '333333333333', '3333', '33']
['CCCCCCCCCCCCCC', 'CCCCCCCCCCC', 'CCCCCCC', 'CCCC', 'CC', 'CCCCCCCCCCCCCCC', 'C', 'CCCCCC', 'CCCCCCCCCC', 'CCCCCCCC', 'CCCCCCCCCCCC', 'CCC', 'CCCCCCCCC', 'CCCCCCCCCCCCC', 'CCCCCCCCCCCCCCCC', 'CCCCC']
['qqqqqqqqqqqqqq', 'qqqq', 'qqqqqqq', 'qqqqqqqqqqqq', 'qqqqqqqqqq', 'qqqqqqqqqqqqqqqq', 'qqqqq', 'qqqqqq', 'qqqqqqqqq', 'qqq', 'q', 'qqqqqqqqqqqqq', 'qqqqqqqq', 'qqqqqqqqqqqqqqq', 'qq', 'qqqqqqqqqqq']
['AAAAAAAAAA', 'AAAAAAAA', 'AAAAAAAAAAAAAA', 'AAAAAAAAAAAA', 'AAAAAAAAAAAAAAAA', 'AAAAAAAAAAA', 'AAAAAAAAA', 'AAAA', 'AA', 'AAA', 'AAAAAAA', 'AAAAA', 'A', 'AAAAAA', 'AAAAAAAAAAAAA', 'AAAAAAAAAAAAAAA']
['yyyyyyy', 'yyyyy', 'yyyyyyyyyyyyy', 'yyyyyyyyyy', 'yyyyyyyy', 'yyyyyyyyyyyyyyy', 'yyyyyyyyyyy', 'yyyyyyyyyyyyyyyy', 'yy', 'yyyyyyyyy', 'yyy', 'yyyy', 'yyyyyyyyyyyyyy', 'yyyyyyyyyyyy', 'yyyyyy', 'y']
['NNN', 'NNNNNNNNNNNN', 'NNNNNNN', 'NN', 'NNNNNNNNNN', 'NNNNNNNNNNNNNN', 'NNNNNN', 'NNNNNNNNNNNNNNN', 'NNNNNNNNNNN', 'NNNNNNNNN', 'NNNN', 'N', 'NNNNNNNNNNNNNNNN', 'NNNNN', 'NNNNNNNN']
['NNNNNNNNNNNNN']
