['Vania3', 'Vitalba2', 'Lucrezia7', 'Luna3', 'Ercole2', 'Sue3', 'Battista4', 'Max4', 'Diamante8', 'Umberto7', 'Alighieri1', 'Audenico4', 'Ciro9', 'Loredana4', 'Ortensia4', 'Luce6', 'Giacobbe5', 'Alighiero5', 'Bettino4', 'Lia3', 'Harry2', 'Rosolino9', 'Giordano8', 'Olo3', 'Amedeo8']
['Diamante4', 'Jole7', 'Violante6', 'Cassiopea3', 'Nicoletta7', 'Piccarda1', 'Guendalina8', 'Fabiano7', 'Vitalba5', 'Rufo5', 'Rosalba5', 'Sibilla4', 'Leonardo5', 'Kociss8', 'Silverio2', 'Pierfrancesco8', 'Monia1', 'Maruska1', 'Nestore4', 'Jacopo6', 'Mietta7', 'Audenico7', 'Max3', 'Timoteo3', 'Ingrid7']
['Gavino6', 'Lisa3', 'Assia7', 'Matteo8', 'Jacopo8', 'Michele5', 'Romolo3', 'Nadir0', 'Ippolito5', 'Giovanna5', 'Penelope5', 'Eliziario7', 'Ingrid9', 'Ubaldo2', 'Filomena9', 'Fiorentino2', 'Sarita6', 'Fulvio0', 'Ileana9', 'Miriana8', 'Edilio0', 'Amedeo3', 'Muzio8', 'Osvaldo6', 'Olimpia4']
['Gaetano9', 'Manuele6', 'Piererminio7', 'Giovanna8', 'Furio6', 'Mirko4', 'Bernardo2', 'Miriana6', 'Priamo6', 'Cirino7', 'Antimo8', 'Sandro7', 'Davis2', 'Audenico1', 'Boris2', 'Furio7', 'Shaira6', 'Lucrezia0', 'Lazzaro0', 'Moreno0', 'Alberto8', 'Concetta1', 'Isabel9', 'Renato0', 'Boris8']
['Fiorenzo7', 'Giulietta7', 'Naomi6', 'Maria6', 'Sabatino2', 'Walter8', 'Liborio5', 'Samira9', 'Lino1', 'Sesto4', 'Lisa1', 'Hector7', 'Tancredi3', 'Dimitri8', 'Costantino1', 'Noah8', 'Marvin8', 'Ulrico8', 'Baldassarre7', 'Helga1', 'Teseo0', 'Rita2', 'Giuliano2', 'Carmelo7', 'Brigitta1']
['Abramo4', 'Ciro8', 'Ariel1', 'Tosca6', 'Dimitri0', 'Neri1', 'Noemi1', 'Terzo6', 'Alighiero4', 'Oretta9', 'Arduino7', 'Enrica2', 'Pietro1', 'Laura3', 'Gianriccardo1', 'Elda9', 'Radio2', 'Cira3', 'Filomena8', 'Alighieri2', 'Cassiopea5', 'Isabel0', 'Vinicio4', 'Isabel6', 'Joey0']
['Liborio0', 'Cristyn0', 'Domiziano6', 'Bacchisio2', 'Albino9', 'Loredana6', 'Gerlando4', 'Odino6', 'Doriana8', 'Ruth2', 'Umberto8', 'Elio1', 'Rosolino1', 'Zelida1', 'Assia6', 'Alighieri9', 'Rosolino3', 'Loris8', 'Ciro5', 'Mercedes7', 'Kristel0', 'Joannes6', 'Bortolo0', 'Gelsomina5', 'Cleros0']
['Doriana2', 'Arturo3', 'Fiorentino9', 'Caligola8', 'Sandro0', 'Anselmo0', 'Nadir3', 'Maika0', 'Vienna6', 'Fiorentino5', 'Sirio7', 'Carmela2', 'Eusebio0', 'Mariano0', 'Morgana0', 'Laerte3', 'Nico3', 'Rocco6', 'Ileana6', 'Joshua5', 'Irene7', 'Piersilvio4', 'Sabatino8', 'Genziana8', 'Emidio4']
['Giacinta5', 'Mecren7', 'Benedetta5', 'Violante2', 'Kayla9', 'Maika5', 'Tristano7', 'Guido3', 'Demi6', 'Isabel4', 'Fatima0', 'Ettore5', 'Kayla1', 'Romolo7', 'Grazia0', 'Mecren0', 'Lorenzo3', 'Mercedes2', 'Mauro2', 'Kris8', 'Bortolo7', 'Gastone3', 'Bibiana7', 'Mauro4', 'Benedetta7']
['Ermes4', 'Aaron1', 'Ethan2', 'Mauro1', 'Bortolo1', 'Shaira5', 'Maika6', 'Timoteo1', 'Maggiore1', 'Aroldo6', 'Enzo8', 'Clodovea6', 'Noemi8', 'Celeste3', 'Bernardo3', 'Tazio5', 'Moreno8', 'Arturo1', 'Zaccaria7', 'Bettino0', 'Tommaso5', 'Ivano2', 'Nico7', 'Vitalba9', 'Ludovico8']
['Ermes0', 'Ingrid4', 'Edvige2', 'Arcibaldo1', 'Giacinto4', 'Rosolino4', 'Quasimodo8', 'Leone4', 'Giorgio7', 'Gianmarco4', 'Flavio2', 'Maristella5', 'Noemi5', 'Shaira8', 'Raniero1', 'Erminio6', 'Maristella0', 'Laura4', 'Joseph9', 'Damiana0', 'Adriano2', 'Ruth8', 'Irene2', 'Enzo3', 'Kai8']
['Gioacchino8', 'Edilio3', 'Nestore5', 'Mariapia6', 'Fernando5', 'Fulvio6', 'Joey2', 'Noah0', 'Arduino9', 'Renzo6', 'Lisa0', 'Lorenzo8', 'Nunzia4', 'Giacinta8', 'Ileana0', 'Diana7', 'Iacopo1', 'Umberto2', 'Romeo4', 'Quasimodo1', 'Ivano1', 'Pablo1', 'Rebecca6', 'Graziano4', 'Shaira0']
['Mirko2', 'Cleros2', 'Gregorio6', 'Audenico5', 'Loredana8', 'Marino1', 'Egisto2', 'Abramo3', 'Pablo7', 'Joannes8', 'Lauro6', 'Augusto3', 'Alighiero8', 'Rudy1', 'Priamo5', 'Antimo2', 'Amos5', 'Tazio2', 'Demis9', 'Gioacchino1', 'Matteo1', 'Mariapia4', 'Rosalino7', 'Mecren6', 'Karim7']
['Filomena3', 'Gioacchino3', 'Raniero4', 'Lia7', 'Kris3', 'Karim1', 'Jelena4', 'Elsa0', 'Olo2', 'Cira2', 'Jelena8', 'Trevis3', 'Lazzaro4', 'Sabatino6', 'Ione8', 'Teseo4', 'Osvaldo0', 'Olimpia1', 'Eufemia8', 'Marino4', 'Matteo5', 'Pacifico5', 'Tommaso9', 'Gianriccardo7', 'Cassiopea7']
['Samira0', 'Tazio4', 'Bernardo7', 'Giovanna3', 'Quarto0', 'Neri6', 'Demi9', 'Vitalba8', 'Ivonne8', 'Lucrezia8', 'Danthon7', 'Cecco8', 'Antonio3', 'Ivonne4', 'Danny6', 'Silverio3', 'Isira8', 'Silvano1', 'Marianita6', 'Marco7', 'Mariagiulia3', 'Arturo8', 'Demis6', 'Priamo2', 'Jarno1']
['Demis0', 'Eusebio8', 'Antonino4', 'Giorgio5', 'Nabil0', 'Marcella1', 'Nunzia0', 'Trevis0', 'Clodovea9', 'Noel3', 'Erminio5', 'Iacopo0', 'Marzio5', 'Michael6', 'Furio1', 'Danny5', 'Rocco0', 'Giancarlo9', 'Danthon6', 'Piererminio9', 'Sandro4', 'Isabel8', 'Jelena7', 'Sibilla3', 'Jole2']
['Samuel0', 'Carmela7', 'Elio6', 'Modesto2', 'Gianleonardo8', 'Carlo0', 'Loris3', 'Diamante2', 'Olo0', 'Eriberto3', 'Elda6', 'Diana4', 'Albino6', 'Matilde1', 'Raoul2', 'Jack4', 'Osvaldo1', 'Ruth0', 'Costantino2', 'Lauro5', 'Costanzo5', 'Samira3', 'Furio9', 'Sasha9', 'Pacifico1']
['Giulio9', 'Michele1', 'Brigitta5', 'Priamo9', 'Doriana1', 'Mecren2', 'Cira9', 'Caio4', 'Dante8', 'Mirco0', 'Piererminio3', 'Vera4', 'Davis0', 'Eusebio5', 'Cleopatra7', 'Sesto0', 'Teseo2', 'Donatella8', 'Michael0', 'Irene6', 'Maria4', 'Laerte8', 'Alessio4', 'Folco6', 'Lazzaro5']
['Fiorenzo4', 'Fernando7', 'Fiorenzo8', 'Alan3', 'Liborio8', 'Demi2', 'Mariagiulia5', 'Valdo5', 'Marieva0', 'Filomena1', 'Mirco7', 'Alighieri6', 'Fortunata8', 'Giacinta7', 'Marino0', 'Fatima7', 'Benedetta3', 'Tristano1', 'Noel5', 'Pericle4', 'Ferdinando2', 'Giordano1', 'Gavino8', 'Pericle9', 'Giobbe4']
['Gregorio0', 'Eliziario8', 'Gregorio8', 'Celeste2', 'Kris9', 'Davide7', 'Isira1', 'Lamberto0', 'Mirko1', 'Ivonne0', 'Pierfrancesco4', 'Secondo6', 'Oreste8', 'Odino2', 'Siro9', 'Claudia2', 'Fulvio7', 'Rita9', 'Luna8', 'Eriberto8', 'Azue2', 'Tristano4', 'Modesto1', 'Ruth9', 'Arcibaldo7']
['Rufo2', 'Joshua3', 'Edvige7', 'Marina7', 'Mauro8', 'Loretta3', 'Nestore7', 'Samuel4', 'Graziano2', 'Edipo6', 'Olo1', 'Lino5', 'Jarno9', 'Ercole1', 'Teseo5', 'Enrica3', 'Elsa1', 'Egisto6', 'Quasimodo7', 'Donatella4', 'Ettore9', 'Sabatino0', 'Maristella6', 'Jack2', 'Rudy6']
['Genziana2', 'Erminio9', 'Modesto6', 'Cassiopea6', 'Giordano0', 'Nayade8', 'Vinicio0', 'Ursula5', 'Enrica1', 'Orfeo5', 'Giancarlo8', 'Sandro1', 'Ferdinando0', 'Noel6', 'Rosaria1', 'Laerte6', 'Tolomeo5', 'Demian5', 'Ninfa1', 'Fulvio8', 'Lauro1', 'Dindo9', 'Harry9', 'Lino8', 'Ariel9']
['Graziano9', 'Guido5', 'Nabil9', 'Clea7', 'Alan5', 'Monia9', 'Jelena2', 'Terzo2', 'Giorgio2', 'Primo2', 'Renzo0', 'Dylan2', 'Costantino5', 'Ian3', 'Alighiero1', 'Silvano0', 'Ausonio9', 'Tommaso4', 'Antonino9', 'Lidia0', 'Rosolino8', 'Emilia4', 'Luce3', 'Pericle7', 'Samira5']
['Gianriccardo0', 'Gianleonardo3', 'Dimitri1', 'Lauro0', 'Evita0', 'Tazio0', 'Concetta7', 'Matteo7', 'Santo9', 'Battista6', 'Grazia6', 'Loris7', 'Hector1', 'Leonardo6', 'Karim3', 'Omar3', 'Ileana8', 'Antonio4', 'Mattia6', 'Adriano0', 'Erminia7', 'Oretta7', 'Gabriele3', 'Erminio2', 'Terzo0']
['Davide3', 'Tristano5', 'Flaviana4', 'Rocco2', 'Demian2', 'Rebecca2', 'Kai2', 'Fiorenzo5', 'Sue8', 'Sebastian6', 'Oreste7', 'Noel7', 'Antonio8', 'Cleopatra6', 'Marcella4', 'Sarita5', 'Evita2', 'Assia9', 'Olimpia9', 'Morgana9', 'Lino9', 'Quarto6', 'Harry0', 'Maruska9', 'Bortolo8']
['Laura6', 'Gelsomina3', 'Lorenzo4', 'Isabel5', 'Silverio7', 'Akira0', 'Carlo6', 'Fortunata3', 'Samira7', 'Marianita0', 'Joshua1', 'Mirco8', 'Rodolfo6', 'Joey7', 'Fiorentino0', 'Claudia4', 'Romeo6', 'Sabino4', 'Luigi7', 'Assia4', 'Demian8', 'Omar0', 'Patrizio2', 'Irene4', 'Amos3']
['Alan9', 'Nunzia9', 'Eustachio5', 'Nazzareno8', 'Costanzo6', 'Giacobbe9', 'Giobbe0', 'Jacopo7', 'Mercedes1', 'Mecren5', 'Artemide0', 'Manuele4', 'Oretta8', 'Osea0', 'Germano3', 'Odone4', 'Rocco5', 'Danuta6', 'Sebastian3', 'Gianmaria5', 'Concetta9', 'Tolomeo0', 'Demian6', 'Joseph6', 'Anastasio3']
['Rudy3', 'Ethan4', 'Siro7', 'Costanzo4', 'Noel9', 'Doriana5', 'Danny9', 'Maria7', 'Ubaldo1', 'Tancredi0', 'Nadir2', 'Bortolo3', 'Rufo9', 'Osvaldo2', 'Rosita1', 'Rosalino0', 'Timothy1', 'Flaviana2', 'Giordano7', 'Bibiana4', 'Giorgio1', 'Cleopatra4', 'Helga9', 'Renzo5', 'Oretta6']
['Ubaldo6', 'Secondo3', 'Ivano9', 'Trevis2', 'Artemide4', 'Egidio1', 'Tazio1', 'Gerlando6', 'Ermes5', 'Tolomeo2', 'Eustachio6', 'Raoul0', 'Mirko8', 'Danthon1', 'Carmelo4', 'Harry5', 'Nico9', 'Matteo9', 'Mercedes0', 'Flaviana9', 'Rudy7', 'Lamberto5', 'Marieva2', 'Cesidia4', 'Diana0']
['Vania2', 'Secondo0', 'Manuele3', 'Serse7', 'Ivonne3', 'Lamberto7', 'Brigitta0', 'Loredana3', 'Monia0', 'Antonino2', 'Carlo5', 'Thea2', 'Fatima1', 'Guido6', 'Lidia7', 'Giacinto1', 'Edipo9', 'Violante9', 'Ubaldo8', 'Artes9', 'Giuliano5', 'Kris0', 'Lino7', 'Giulietta8', 'Odone7']
['Tosca4', 'Nestore2', 'Isira7', 'Ortensia0', 'Isira0', 'Costantino4', 'Noemi4', 'Emilia2', 'Ian2', 'Joseph8', 'Sue0', 'Fiorenzo9', 'Samira2', 'Trevis7', 'Piererminio4', 'Tommaso8', 'Fatima3', 'Danuta9', 'Gastone1', 'Giovanna7', 'Evangelista5', 'Sibilla1', 'Santo5', 'Romeo0', 'Rosalino8']
['Sebastian1', 'Violante3', 'Primo3', 'Mauro5', 'Fabio1', 'Leonardo9', 'Olo4', 'Tancredi2', 'Terzo3', 'Ivonne6', 'Olimpia7', 'Rosaria5', 'Lucrezia2', 'Rosolino5', 'Giorgio0', 'Caio5', 'Yago0', 'Augusto0', 'Moreno5', 'Costanzo0', 'Piersilvio6', 'Fiorentino1', 'Quirino2', 'Nabil1', 'Piccarda2']
['Matilde9', 'Gaetano7', 'Aroldo0', 'Osvaldo3', 'Emilia6', 'Marvin4', 'Ubaldo0', 'Loris9', 'Nicoletta5', 'Patrizio1', 'Nathan4', 'Gianmarco9', 'Rosalino1', 'Giuliano7', 'Damiana5', 'Quasimodo5', 'Nazzareno0', 'Radames1', 'Noel1', 'Secondo7', 'Damiano3', 'Liborio7', 'Ulrico1', 'Patrizio6', 'Thea6']
['Nestore9', 'Rosita8', 'Gabriele7', 'Liborio6', 'Lucrezia5', 'Aroldo1', 'Kris1', 'Bacchisio1', 'Azue3', 'Kris5', 'Abramo6', 'Pablo6', 'Mercedes3', 'Arduino8', 'Eufemia2', 'Graziano0', 'Ivano4', 'Albino4', 'Jarno3', 'Kayla5', 'Nick8', 'Selvaggia5', 'Clea5', 'Lia8', 'Dylan1']
['Genziana0', 'Ciro1', 'Bacchisio5', 'Egidio7', 'Patrizio9', 'Primo1', 'Olo8', 'Arturo2', 'Neri3', 'Quarto8', 'Rebecca5', 'Thea7', 'Emidio3', 'Abramo8', 'Romolo5', 'Pericle1', 'Alighiero7', 'Piccarda4', 'Zaccaria3', 'Quasimodo3', 'Valdo2', 'Guido8', 'Ausonio5', 'Artes0', 'Ettore7']
['Lucia7', 'Noemi3', 'Adriano4', 'Odino9', 'Penelope3', 'Giacobbe1', 'Rosita4', 'Manfredi4', 'Germano9', 'Giacinta1', 'Marvin7', 'Timoteo7', 'Soriana4', 'Demis5', 'Alessandro8', 'Gianmaria3', 'Benedetta8', 'Pietro2', 'Ivonne9', 'Marco6', 'Ursula8', 'Bortolo9', 'Carmelo9', 'Emilia5', 'Karim4']
['Rosalino5', 'Damiano9', 'Tosca3', 'Carmela0', 'Osvaldo7', 'Jelena6', 'Giulietta0', 'Bettino5', 'Yago5', 'Amos1', 'Eufemia7', 'Ippolito6', 'Nabil5', 'Ethan0', 'Amos9', 'Flaviana3', 'Serse5', 'Genziana5', 'Pacifico2', 'Danny7', 'Isira2', 'Piererminio5', 'Gastone7', 'Ettore3', 'Aaron7']
['Kristel7', 'Gianleonardo2', 'Evita5', 'Ausonio7', 'Marvin6', 'Vinicio6', 'Arduino0', 'Jelena3', 'Sabino1', 'Edipo8', 'Jari8', 'Folco7', 'Luna2', 'Gaetano1', 'Odino5', 'Luigi4', 'Marianita1', 'Ludovico2', 'Aroldo5', 'Aroldo3', 'Genziana1', 'Umberto1', 'Cristyn3', 'Ariel6', 'Romeo3']
['Abramo9', 'Lisa8', 'Clodovea1', 'Sue4', 'Damiana7', 'Anastasio9', 'Moreno2', 'Max2', 'Naomi7', 'Harry3', 'Kai1', 'Olimpia0', 'Folco4', 'Cristyn4', 'Akira8', 'Demis2', 'Thea1', 'Lia1', 'Artemide8', 'Romeo2', 'Eusebio3', 'Giobbe2', 'Walter4', 'Joshua8', 'Lauro9']
['Muzio1', 'Nico6', 'Tristano8', 'Sesto2', 'Dylan0', 'Elga8', 'Tancredi4', 'Nabil4', 'Radames6', 'Caligola2', 'Gianantonio7', 'Manfredi2', 'Miriana4', 'Primo4', 'Vera8', 'Eriberto4', 'Mietta2', 'Lia4', 'Antimo3', 'Gaetano3', 'Violante4', 'Sue7', 'Furio2', 'Marino2', 'Augusto2']
