['Samuel', 'Kevin', 'Theodore', 'Aiden', 'Bentley', 'Edgar', 'Andres', 'Garrett', 'Javier', 'Tristan', 'Douglas', 'Julius', 'Otto', 'Connor', 'Ayden', 'King', 'Donovan', 'Jakob', 'Devon', 'Brooks', 'Fabian', 'Solomon', 'Omari', 'Nash', 'Dawson']
['Ty', 'Erick', 'Bryant', 'Mack', 'Bo', 'Jamari', 'Maximiliano', 'Legend', 'Chandler', 'Ivan', 'Sawyer', 'Tyson', 'Spencer', 'John', 'Phoenix', 'Marcelo', 'Jerry', 'Emerson', 'Nicholas', 'Dexter', 'Matteo', 'Nolan', 'Kyle', 'Cooper', 'Beckett']
['Leonel', 'Kaden', 'Darius', 'Justice', 'Jack', 'Cole', 'Jacob', 'Matthew', 'Roland', 'Gianni', 'Luke', 'Dillon', 'Gabriel', 'Kian', 'Orion', 'Austin', 'Trey', 'Jared', 'Pierce', 'Augustus', 'Landyn', 'Clayton', 'Dennis', 'Anthony', 'Ethan']
['Dylan', 'Maxwell', 'Zachariah', 'Jase', 'Preston', 'Kieran', 'Sage', 'Soren', 'Paxton', 'Kaiden', 'Jaxon', 'Isaiah', 'Abram', 'Mohammad', 'Ronin', 'Angelo', 'Timothy', 'Bruno', 'Myles', 'Fletcher', 'Stephen', 'Carter', 'Alonzo', 'Beckham', 'Jalen']
['Cristian', 'Cassius', 'Maverick', 'Josiah', 'Ronald', 'Beau', 'Odin', 'Jaden', 'Rodrigo', 'Jeremy', 'Dalton', 'Landen', 'Blake', 'Gerardo', 'Royal', 'Bryan', 'Daniel', 'Andy', 'Malik', 'Jaylen', 'Paul', 'Jorge', 'Waylon', 'Matthias', 'Tucker']
['Cade', 'Duke', 'Patrick', 'Lorenzo', 'Quentin', 'Kash', 'Camden', 'Arlo', 'Levi', 'Kellan', 'Quinton', 'Richard', 'Lucas', 'Silas', 'Hugo', 'Adam', 'Isaias', 'Davis', 'Brady', 'Nikolai', 'Miles', 'Luca', 'Kyrie', 'Skyler', 'Judah']
['Finnley', 'Miguel', 'Johan', 'Walker', 'Enzo', 'Cullen', 'Leland', 'Conner', 'Oliver', 'Sebastian', 'Ares', 'Nikolas', 'Daxton', 'Allen', 'Forrest', 'Luis', 'Axton', 'Jonah', 'Emmett', 'Dallas', 'Wilder', 'Brody', 'Zayne', 'Caden', 'Owen']
['Donald', 'Jaxton', 'Conor', 'Gunnar', 'Kane', 'Ronan', 'Drew', 'Titus', 'Trenton', 'Emmitt', 'Elian', 'Dakota', 'Milan', 'Jeffrey', 'Christopher', 'Kameron', 'Issac', 'Ahmad', 'Warren', 'Francis', 'Jax', 'Alex', 'George', 'River', 'Asa']
['Kamari', 'Alberto', 'Luka', 'Harrison', 'Jason', 'Frederick', 'Khalil', 'Evan', 'Juan', 'Charlie', 'Calvin', 'Gregory', 'Nico', 'Uriah', 'Marcus', 'Karter', 'Nehemiah', 'Curtis', 'Edison', 'Mekhi', 'Jayceon', 'Johnathan', 'Keegan', 'Simon', 'Cayden']
['Holden', 'Julien', 'Kylan', 'Wesley', 'Trevor', 'Ahmed', 'Damien', 'Aarav', 'Roger', 'Hector', 'Tyler', 'Jensen', 'Elliott', 'Micah', 'Moises', 'Major', 'Louis', 'Chance', 'Parker', 'Jonathan', 'Roy', 'Santiago', 'Alvin', 'Benjamin', 'Arjun']
['Conrad', 'Giovanni', 'Santino', 'Asher', 'Jameson', 'Jonas', 'Damian', 'Felix', 'Abel', 'Declan', 'Izaiah', 'Grady', 'Jake', 'Colton', 'Harvey', 'Alejandro', 'Muhammad', 'Arthur', 'Edward', 'Joseph', 'Scott', 'Julio', 'Jasper', 'Amari', 'Leonidas']
['Stetson', 'Rylan', 'Omar', 'Marvin', 'Jaime', 'Thomas', 'Memphis', 'Jay', 'Derrick', 'Henry', 'Cash', 'Ezequiel', 'Archer', 'Nathaniel', 'Kai', 'Cannon', 'Maddox', 'Rowan', 'Atlas', 'Corbin', 'Emilio', 'Adan', 'Leonardo', 'Bruce', 'Pablo']
['Vincent', 'Ibrahim', 'Ryder', 'Sterling', 'Avery', 'Raiden', 'Adriel', 'Angel', 'Wade', 'Eli', 'Jayce', 'Alijah', 'Dustin', 'Emmanuel', 'Hezekiah', 'Kayson', 'Crosby', 'Jace', 'Rhett', 'Ryan', 'Mario', 'Logan', 'Cody', 'Ruben', 'Brock']
['Nicolas', 'Nathan', 'Caiden', 'Cason', 'Ariel', 'Raphael', 'Jayden', 'Bryce', 'Ace', 'David', 'Lennox', 'Rhys', 'Cayson', 'Colt', 'Franklin', 'Reece', 'Ashton', 'Ayaan', 'Dominick', 'Bennett', 'Philip', 'Jamison', 'Joshua', 'Ryker', 'Alec']
['Gideon', 'William', 'Oakley', 'Axel', 'Eduardo', 'Jeremiah', 'Kolton', 'Enrique', 'Justin', 'Lane', 'Cruz', 'Zane', 'Ian', 'Erik', 'Shawn', 'Dante', 'Liaam', 'Benson', 'Leonard', 'Ryland', 'Ismael', 'Tate', 'Frank', 'Caleb', 'Brennan']
['Michael', 'Rex', 'Kendrick', 'Walter', 'Esteban', 'Porter', 'Shane', 'Noah', 'Hudson', 'Jude', 'Carl', 'Eric', 'Abraham', 'Tanner', 'Hunter', 'Brian', 'Zayn', 'Phillip', 'Aden', 'Kade', 'Elias', 'Mathew', 'Robert', 'Barrett', 'Theo']
['Adonis', 'Alden', 'Kobe', 'Moses', 'Alexander', 'Raymond', 'Francisco', 'Diego', 'Brendan', 'Nixon', 'Raylan', 'Malakai', 'Marcos', 'Jose', 'Sincere', 'Dominic', 'Callum', 'Yusuf', 'Mark', 'Kingston', 'Raul', 'Rayan', 'Lawrence', 'Lance', 'Iker']
['Matias', 'Sam', 'Rory', 'Troy', 'Niko', 'Oscar', 'Cesar', 'Neil', 'Landon', 'Jackson', 'Antonio', 'Jesus', 'Rowen', 'Mohammed', 'Christian', 'Gage', 'Messiah', 'Alessandro', 'Samson', 'Zander', 'Charles', 'Arturo', 'Lewis', 'Peyton', 'Callen']
['Rocco', 'Lucian', 'Mohamed', 'Albert', 'Sullivan', 'Kyler', 'Kyree', 'Marco', 'Dax', 'Colin', 'Braylen', 'Royce', 'Deacon', 'Gary', 'Adrian', 'Aidan', 'Jaiden', 'Braxton', 'Hank', 'Tatum', 'Armani', 'Jordan', 'Max', 'Kamden', 'Brayden']
['Ellis', 'Desmond', 'Knox', 'Jasiah', 'Remington', 'Kashton', 'Everett', 'Edwin', 'Lawson', 'Carson', 'Wyatt', 'Josue', 'Carlos', 'Grant', 'Casey', 'Bodhi', 'Greyson', 'Mathias', 'Bryson', 'Kayden', 'Brantley', 'Clark', 'Elliot', 'Jaxson', 'Moshe']
['Noel', 'Zayden', 'Maximilian', 'Armando', 'Russell', 'Brandon', 'Princeton', 'Sean', 'James', 'Kyson', 'Korbin', 'Luciano', 'Larry', 'Lukas', 'Chris', 'Braylon', 'Griffin', 'Prince', 'Romeo', 'Ricardo', 'Finnegan', 'Brycen', 'Atticus', 'Joaquin', 'Rafael']
['Zion', 'Seth', 'Emanuel', 'Saul', 'Malachi', 'Jett', 'Case', 'Ezekiel', 'Bowen', 'Isaac', 'Dorian', 'Weston', 'Alan', 'Remy', 'Reed', 'Finley', 'Andre', 'Victor', 'Johnny', 'Hendrix', 'Winston', 'Ezra', 'Killian', 'Mauricio', 'Aaron']
['Cohen', 'Nasir', 'Wilson', 'Gael', 'Amir', 'Titan', 'Jayson', 'Manuel', 'Nelson', 'Tobias', 'Karson', 'Briggs', 'Hamza', 'Kellen', 'Finn', 'Keith', 'Graham', 'Leo', 'Kaleb', 'Hayden', 'Ari', 'Dean', 'Eden', 'Xavier', 'Pedro']
['Roberto', 'Jesse', 'Keaton', 'Travis', 'Gavin', 'Xander', 'Joel', 'Milo', 'Mateo', 'Gustavo', 'Steven', 'August', 'Hayes', 'Jimmy', 'Kaison', 'Maximus', 'Quinn', 'Drake', 'Corey', 'Danny', 'Lincoln', 'Malcolm', 'Mason', 'Sergio', 'Darren']
['Bradley', 'Taylor', 'Ali', 'Riley', 'Roman', 'Devin', 'Cameron', 'Anderson', 'Leon', 'Reid', 'Peter', 'Zachary', 'Kasen', 'Kason', 'Chase', 'Israel', 'Derek', 'Kenneth', 'Fernando', 'Quincy', 'Uriel', 'Damon', 'Lionel', 'Apollo', 'Emiliano']
['Zeke', 'Gunner', 'Marshall', 'Martin', 'Braden', 'Makai', 'Collin', 'Cyrus', 'Colby', 'Julian', 'Alfredo', 'Thiago', 'Andrew', 'Elijah', 'Tony', 'Zaiden', 'Zain', 'Easton', 'Alexis', 'Grayson']
