['451', '236', '246', '479', '656', '570', '342', '322', '285', '187', '29', '208', '2', '165', '510', '347', '325', '444', '549', '363', '159', '86', '189', '678', '74', '702', '241', '654', '643', '237', '97', '698', '408', '559', '313', '268', '630', '463', '655', '136', '642']
['525', '542', '219', '327', '369', '668', '514', '415', '277', '181', '589', '683', '676', '295', '308', '195', '482', '584', '223', '458', '125', '555', '348', '101', '567', '708', '626', '272', '84', '62', '21', '70', '432', '63', '287', '83', '42', '658', '412', '7', '647']
['663', '699', '580', '169', '4', '305', '538', '556', '662', '67', '558', '599', '395', '290', '422', '421', '619', '581', '260', '310', '389', '672', '164', '541', '346', '199', '674', '586', '262', '671', '123', '16', '122', '160', '561', '472', '273', '607', '190', '532', '503']
['681', '108', '55', '685', '261', '517', '137', '99', '15', '286', '89', '397', '704', '612', '379', '505', '480', '433', '300', '481', '50', '527', '10', '114', '172', '294', '566', '196', '107', '127', '257', '340', '235', '319', '488', '126', '571', '72', '17', '284', '694']
['96', '417', '632', '349', '587', '377', '629', '419', '135', '576', '634', '147', '173', '79', '312', '641', '428', '282', '155', '621', '553', '582', '687', '142', '117', '431', '12', '523', '404', '304', '502', '633', '370', '93', '442', '524', '38', '119', '521', '280', '484']
['375', '604', '705', '279', '18', '554', '255', '646', '535', '297', '550', '392', '230', '156', '158', '351', '500', '618', '468', '326', '575', '221', '109', '378', '381', '497', '507', '143', '574', '270', '386', '384', '194', '401', '292', '1', '494', '200', '222', '425', '323']
['360', '321', '306', '410', '53', '627', '573', '31', '131', '94', '276', '193', '459', '434', '628', '364', '218', '593', '133', '430', '418', '568', '41', '362', '153', '52', '102', '356', '51', '650', '267', '622', '673', '595', '30', '57', '371', '638', '506', '161', '540']
['220', '667', '66', '36', '644', '253', '620', '557', '493', '65', '357', '245', '95', '170', '703', '182', '44', '544', '564', '373', '180', '152', '440', '26', '380', '274', '28', '528', '48', '675', '11', '296', '597', '343', '112', '680', '192', '424', '198', '592', '43']
['447', '233', '309', '283', '443', '513', '120', '113', '75', '637', '539', '140', '197', '250', '423', '416', '39', '27', '355', '639', '212', '216', '376', '526', '696', '636', '388', '209', '611', '168', '385', '617', '138', '407', '400', '320', '670', '414', '289', '201', '456']
['269', '240', '32', '624', '82', '382', '394', '660', '58', '471', '608', '291', '175', '210', '598', '509', '238', '684', '77', '128', '225', '350', '603', '35', '374', '56', '211', '20', '324', '60', '303', '23', '590', '132', '271', '183', '682', '141', '516', '361', '496']
['537', '437', '413', '700', '452', '214', '174', '49', '148', '275', '0', '3', '8', '409', '625', '664', '640', '104', '353', '519', '560', '483', '460', '659', '336', '439', '264', '314', '81', '489', '478', '69', '446', '332', '288', '390', '278', '387', '547', '690', '402']
['610', '227', '134', '80', '467', '68', '71', '307', '213', '118', '645', '105', '103', '242', '477', '205', '129', '707', '87', '368', '609', '115', '577', '495', '130', '466', '445', '100', '470', '45', '206', '426', '578', '19', '438', '596', '669', '352', '366', '171', '121']
['249', '76', '365', '465', '251', '202', '601', '492', '485', '252', '54', '504', '399', '583', '562', '317', '600', '579', '393', '34', '106', '341', '531', '651', '475', '226', '631', '491', '398', '534', '591', '258', '24', '695', '511', '5', '33', '354', '563', '501', '498']
['178', '358', '652', '232', '91', '90', '64', '318', '383', '476', '657', '78', '429', '450', '329', '614', '520', '328', '207', '344', '339', '47', '693', '436', '203', '691', '37', '110', '706', '224', '462', '551', '543', '301', '247', '157', '648', '40', '176', '403', '61']
['333', '427', '613', '98', '391', '396', '533', '239', '615', '145', '345', '228', '163', '204', '335', '464', '449', '686', '265', '338', '302', '508', '179', '281', '124', '144', '243', '474', '457', '666', '701', '665', '454', '334', '606', '679', '490', '6', '229', '231', '73']
['552', '234', '635', '215', '515', '585', '59', '259', '545', '448', '441', '602', '594', '372', '111', '151', '461', '263', '331', '487', '14', '692', '254', '244', '85', '162', '146', '473', '150', '406', '191', '25', '166', '661', '588', '435', '185', '46', '298', '688', '512']
['499', '248', '22', '530', '266', '9', '367', '486', '154', '217', '359', '572', '92', '616', '529', '697', '256', '149', '518', '330', '455']
['88', '522', '411', '469', '649']
['546', '677', '186', '420']
['653', '315', '299']
['623', '139']
['689', '405']
['293', '569']
['337', '184']
['316', '453']
['605']
['116']
['167']
['565']
['188']
['177']
['548']
['13']
['536']
['311']
