['Malayasia', 'Avary', 'Amyiah', 'Everlyn', 'Mylz', 'Brecklyn', 'Thaine', 'Aleeha', 'Raia', 'Djuan', 'Zvi', 'Cate', 'Alexander', 'Ellary', 'Andriana', 'Camoren', 'Dayja', 'Anieya', 'Cristofher', 'Kiahra', 'Jadine', 'Eyad', 'Balie', 'Chanda', 'Kamdon', 'Rohil', 'Harpreet', 'Kristie', 'Olya', 'Sinead', 'Sahib', 'Torah', 'Keelie', 'Crystin', 'Rosey', 'Aalayah', 'Takeria', 'Pranjal', 'Kaitlynne', 'Edden', 'Itzy', 'Aneyah', 'Juwon', 'Sadeel', 'Yancey', 'Gamya', 'Shadrach', 'Keyshia', 'Sharleen', 'Mabry', 'Raegen', 'Larri', 'Lania', 'Keiasia', 'Zyshaun', 'Ronisha', 'Mert', 'Dariona']
['Jnya', 'Jeliyah', 'Mcrae', 'Janis', 'William', 'Fitzgerald', 'Grabiela', 'Zackry', 'Trung', 'Amirrah', 'Khailee', 'Bentley', 'Lazavion', 'Brinklee', 'Yerick', 'Jaiona', 'Makaylla', 'Roderick', 'Shephard', 'Ameerah', 'Paityn', 'Alayasia', 'Jorrin', 'Emontae', 'Damiyon', 'Kaydynce', 'Beauty', 'Danyal', 'Nouvelle', 'Malaijah', 'Aseel', 'Nitzia', 'Ciarah', 'Kaija', 'Orry', 'Ryllie', 'Stavros', 'Rhiannon', 'Rayniyah', 'Kaser', 'Vatsal', 'Galina', 'Khyla', 'Jakobie', 'Donoven', 'Havanna', 'Danette', 'Nikiyah', 'Jayen', 'Yoceline', 'Haji', 'Ernestine', 'Antionette', 'Jonpaul', 'Jeralyn', 'Trever', 'Addalina', 'Amador']
['Skylee', 'Evany', 'Evy', 'Lucca', 'Keynia', 'Kiristen', 'Erandy', 'Kaleem', 'Treveon', 'Govani', 'Jaeliah', 'Vyncent', 'Marx', 'Labrandon', 'Kellianne', 'Yahir', 'Kayan', 'Irene', 'Yackelin', 'Cort', 'Surafel', 'Richie', 'Gayathri', 'Westley', 'Lloyd', 'Eliseo', 'Makaylynn', 'Kmya', 'Estella', 'Cobe', 'Joey', 'Farrell', 'Raiyan', 'Matison', 'Jazzmyne', 'Arianna', 'Mychael', 'Grady', 'Mikko', 'Breia', 'Dereonna', 'Shahir', 'Deontray', 'Abshir', 'Alexandr', 'Chazity', 'Lizet', 'Daffne', 'Jaysiah', 'Holdan', 'Viera', 'Aroldo', 'Kwaku', 'Cailen', 'Tashaun', 'Oluwanifemi', 'Winifred', 'Brock']
['Kosta', 'Adylin', 'Ladainian', 'Melyssa', 'Shamal', 'Khaleed', 'Mitch', 'Jasan', 'Dontrae', 'Karlette', 'Karaleigh', 'Naja', 'Nerik', 'Minal', 'Emalynn', 'Jemima', 'Eugenia', 'Tyreonna', 'Dalli', 'Travelle', 'Niera', 'Kenton', 'Shirlee', 'Gracelynne', 'Reily', 'Ivett', 'Falisha', 'Karas', 'Myha', 'Nakaiya', 'Zaniyha', 'Jamy', 'Adarion', 'Shannelle', 'Siosiua', 'Nicolet', 'Jadelyn', 'Keandra', 'Damariah', 'Naidelyn', 'Shivani', 'Deavon', 'July', 'Mathews', 'Cale', 'Savaughn', 'Ward', 'Nikholas', 'Zaheem', 'Colter', 'Bellamy', 'Julliana', 'Edwen', 'Joriel', 'Madelyne', 'Adalyn', 'Anahi', 'Fabyan']
['Latravia', 'Taleen', 'Xoe', 'Kayshia', 'Jordin', 'Yasmyn', 'Envee', 'Brelan', 'Gwyneth', 'Morghan', 'Herlinda', 'Gaylon', 'Tavarian', 'Shamaree', 'Teniya', 'Emah', 'Jaxon', 'Bence', 'Ashar', 'Kedus', 'Serjio', 'Takeru', 'Rokas', 'Kirby', 'Jadah', 'Taleia', 'Tayden', 'Lisseth', 'Eris', 'Rayann', 'Isai', 'Liliahna', 'Thayer', 'Alija', 'Allegra', 'Kadean', 'Angelene', 'Briajah', 'Talaya', 'Hopelynn', 'Cardyn', 'Akif', 'Treniyah', 'Dionysios', 'Simi', 'Sylar', 'Elvis', 'Reganne', 'Duwayne', 'Dallin', 'Allizzon', 'Jalesa', 'Jakaila', 'Georgianna', 'Jamauria', 'Waled', 'Nishi', 'Keelin']
['Icker', 'Vedant', 'Arnela', 'Eirik', 'Aaniah', 'Ariannah', 'Azaryah', 'Carine', 'Jali', 'Keyashia', 'Rigo', 'Orlin', 'Marayna', 'Kahleah', 'Javen', 'Steven', 'Lazare', 'Jerzy', 'Markese', 'Kirollos', 'Zariea', 'Srihita', 'Yaitza', 'Diar', 'Anoush', 'Youcef', 'Valente', 'Afia', 'Sumayya', 'Jermaya', 'Aundra', 'Navy', 'Demontrell', 'Rich', 'Rye', 'Jezrael', 'Librado', 'Narciso', 'Maddix', 'Devynn', 'Dexter', 'Takuma', 'Jaqui', 'Breezie', 'Damaria', 'Khanh', 'Zalea', 'Niang', 'Giulian', 'Akiyah', 'Brynna', 'Koleigh', 'Trelon', 'Avinash', 'Kadidia', 'Jaidin', 'Slaton', 'Constantino']
['Guinness', 'Katherin', 'Caoimhe', 'Reeve', 'Xena', 'Makayden', 'Salome', 'Sissy', 'Yitzel', 'Takyra', 'Leondra', 'Albert', 'Ahilyn', 'Sunshine', 'Jesper', 'Mckayla', 'Renato', 'Amanee', 'Jordian', 'Gadge', 'Kenniya', 'Hellen', 'Kenderick', 'Sharell', 'Bania', 'Korianna', 'Katalina', 'Amilya', 'Aulelei', 'Lean', 'Vivika', 'Maika', 'Abdulhadi', 'Yaniyah', 'Aleyah', 'Julieanne', 'Kiyani', 'Casyn', 'Izai', 'Brien', 'Madalynn', 'Kaleya', 'Kyrra', 'Monzerath', 'Kaylla', 'Brady', 'Kaytlin', 'Demitrus', 'Jafari', 'Shyla', 'Alexas', 'Francella', 'Raoul', 'Evon', 'Vandon', 'Anjani', 'Keyri', 'Kasim']
['Amayia', 'Haiden', 'Everson', 'Emilie', 'Duke', 'Shya', 'Pratham', 'Dilraj', 'Rochel', 'Zanden', 'Rayson', 'Haileigh', 'Xela', 'Jeovanny', 'Zyanya', 'Nerissa', 'Niara', 'Issabelle', 'Jaiyon', 'Argel', 'Gabby', 'Hailyn', 'Zaliyah', 'Nived', 'Jacob', 'Ejay', 'Tamirra', 'Suhail', 'Adalai', 'Lark', 'Zackaria', 'Grisham', 'Nazario', 'Jt', 'Idaly', 'Senay', 'Llayla', 'Kotaro', 'Atreus', 'Yengkong', 'Jahir', 'Torrie', 'Paytn', 'Lavon', 'Milia', 'Rheana', 'Traymon', 'Yoseline', 'Shatoya', 'Shakiya', 'Umar', 'Eamon', 'Guadalupe', 'Feliciana', 'Tatyiana', 'Dalyn', 'Shandra', 'Shakia']
['Trent', 'Demarques', 'Fadi', 'Tamyrah', 'Tilynn', 'Zakyrah', 'Emoree', 'Sai', 'Michaelle', 'Austynn', 'Trasean', 'Andalasia', 'Samah', 'Tommaso', 'Derron', 'Miu', 'Jacque', 'Madelin', 'Semir', 'Job', 'Maelie', 'Eljin', 'Ankita', 'Anselm', 'Skyi', 'Anaysha', 'Yoanna', 'Laylene', 'Thaddaeus', 'Tanzania', 'Maelin', 'Malaki', 'Mazee', 'Pavlos', 'Coryn', 'Waneta', 'Raziya', 'Sariya', 'Abrea', 'Shaley', 'Samajae', 'Kiylee', 'Ambreal', 'Lam', 'Kashawna', 'Cian', 'Artavis', 'Rafi', 'Jorge', 'Zinnia', 'Timofey', 'Analaura', 'Josaiah', 'Luay', 'Lilyanna', 'Albin', 'Ascher', 'Thaleia']
['Jamara', 'Zaria', 'Loghan', 'Kaeden', 'Andia', 'Sequoia', 'Syria', 'Zohair', 'Marquasia', 'Brogan', 'Haila', 'Perl', 'Alianne', 'Havilah', 'Shemia', 'Alexei', 'Micael', 'Kailie', 'Jahmad', 'Zayvien', 'Gad', 'Makalee', 'Elainah', 'Ondrej', 'Manasvi', 'Chrissie', 'Renata', 'Davell', 'Tyrese', 'Beny', 'Drue', 'Osias', 'Brookley', 'Olivya', 'Lyndee', 'Joeangel', 'Tais', 'Wilbur', 'Maile', 'Cyarra', 'Arali', 'Akeya', 'Damieon', 'Fatouma', 'Lovelee', 'Mellony', 'Paxten', 'Taray', 'Ilan', 'Dorianna', 'Addalee', 'Ivin', 'Anfernee', 'Malaya', 'Ingrid', 'Bodyn', 'Malak', 'Kambrea']
['Jakiah', 'Zamirra', 'Johnson', 'Filipe', 'Matea', 'Julea', 'Anju', 'Jaci', 'Eliot', 'Edwinn', 'Xzavion', 'Aleise', 'Haidon', 'Annalicia', 'Peniel', 'Kla', 'Markevion', 'Kamal', 'Kadija', 'Jeancarlo', 'Gabrianna', 'Basya', 'Gustabo', 'Siddhant', 'Rane', 'Eileen', 'Lehua', 'Mavis', 'Enmanuel', 'Temia', 'Avriel', 'Gabryel', 'Mishael', 'Dreson', 'Winter', 'Xzavian', 'Rosali', 'Whitney', 'Nella', 'Quincey', 'Genavive', 'Mckell', 'Kristlyn', 'Georgie', 'Zaniyla', 'Bayle', 'Cayde', 'Sivad', 'Klair', 'Asheton', 'Dolores', 'Ferdinand', 'Ceana', 'Sunday', 'Rogelio', 'Eryanna', 'Aideliz', 'Samba']
['Renay', 'Iian', 'Takera', 'Kenniah', 'Thea', 'Hena', 'Elanah', 'Leela', 'Cytlali', 'Kalyn', 'Karli', 'Elizabethmarie', 'Chanie', 'Trang', 'Zila', 'Javant', 'Ahmyah', 'Breylen', 'Miabella', 'Anevay', 'Octaviana', 'Akia', 'Essence', 'Brit', 'Gabryelle', 'Izellah', 'Nkechi', 'Brayten', 'Abdalrahman', 'Adriauna', 'Avigail', 'Tanyiah', 'Anaili', 'Kavan', 'Kaimana', 'Nathaniel', 'Mykenzie', 'Kijuan', 'Kore', 'Lya', 'Elliet', 'Fatema', 'Tyner', 'Ender', 'Calaya', 'Shavon', 'Siddhanth', 'Evana', 'Azera', 'Kawon', 'Santhosh', 'Anoushka', 'Ithan', 'Jaquavis', 'Hrishi', 'Amunique', 'Talisha', 'Janeen']
['Giacomo', 'Jamarrius', 'Tejaswini', 'Abbagail', 'Trason', 'Alayza', 'Madox', 'Brighid', 'Shay', 'Analleli', 'Mally', 'Bellagrace', 'Nazire', 'Tamila', 'Mainor', 'Jazzlene', 'Amara', 'Jakavion', 'Jasmina', 'Shanya', 'Harshil', 'Dontavis', 'Jahvion', 'Eirene', 'Karimah', 'Eziah', 'Nayomie', 'Khyana', 'Khadijatou', 'Azriel', 'Rionna', 'Cato', 'Disa', 'Aditri', 'Andin', 'Ninah', 'Krystie', 'Abrham', 'Cierrah', 'Mishal', 'Surabhi', 'Markavious', 'Nilaja', 'Genise', 'Ranvir', 'Atalie', 'Tyasiah', 'Illyana', 'Ihsaan', 'Stanly', 'Carriana', 'Beryl', 'Stiven', 'Ahmarie', 'Shanay', 'Rossie', 'Ilma', 'Azhia']
['Shlomo', 'Jassiel', 'Ermina', 'Horace', 'Mikye', 'Tullia', 'Jackelynn', 'Rolondo', 'Josearmando', 'Brando', 'Keighan', 'Poetri', 'Jesua', 'Nasean', 'Raylie', 'Vida', 'Brieann', 'Rut', 'Rogers', 'Kieth', 'Kaison', 'Jarek', 'Jacaden', 'Laiyah', 'Severin', 'Sommer', 'Lajaya', 'Skilar', 'Tuesday', 'Esli', 'Daritza', 'Coben', 'Jabaree', 'Jonthan', 'Teniola', 'Durham', 'Oktober', 'Daphnee', 'Faybian', 'Nishka', 'Damarea', 'Katurah', 'Kiani', 'Johathan', 'Loren', 'Christy', 'Jasmen', 'Tabatha', 'Geovonni', 'Dshawn', 'Cyrus', 'Janaiyah', 'Ayvree', 'Hudsen', 'Kaeliegh', 'Saidi', 'Legacy', 'Janelli']
['Hasnain', 'Olajuwon', 'Sylah', 'Chanze', 'Cobi', 'Jamorian', 'Zanay', 'Svanik', 'Kellsie', 'Nazere', 'Kyrillos', 'Bhavesh', 'Yashvi', 'Javin', 'Khamar', 'Aasiya', 'Holland', 'Shannen', 'Raiya', 'Vinicio', 'Willamina', 'Haidy', 'Jachob', 'Wolf', 'Karsten', 'Gerard', 'Yendy', 'Vivian', 'Raylon', 'Antoin', 'Beatrice', 'Zarif', 'Socorro', 'Sinay', 'Kip', 'Zalmen', 'Abagale', 'Chava', 'Tadeja', 'Eber', 'Chau', 'Davarius', 'Eulogio', 'Audrina', 'Sima', 'Oluwadara', 'Taaliyah', 'Lyliana', 'Kipp', 'Danyah', 'Zyquez', 'Danali', 'Abygael', 'Tahj', 'Hadeel', 'Diangelo', 'Willi', 'Shani']
['Tearsa', 'Zaaire', 'Ion', 'Prudence', 'Genae', 'Cinthya', 'Tlaloc', 'Nakyla', 'Navin', 'Jeffry', 'Caeley', 'Ingram', 'Caly', 'Giovann', 'Kahliya', 'Kiersten', 'Orren', 'Darlyne', 'Nardos', 'Eviana', 'Carlia', 'Dalia', 'Tyland', 'Yulianna', 'Joanna', 'Nathanyal', 'Tamaya', 'Ellana', 'Sevon', 'Karilynn', 'Tytus', 'Atiya', 'Maryori', 'Bryleigh', 'Katalyna', 'Ziva', 'Johanne', 'Jailen', 'Mahum', 'Emrey', 'Felicia', 'Brecken', 'Ilai', 'Ariston', 'Jamella', 'Shevy', 'Jewelian', 'Leiby', 'Lynett', 'Brittney', 'Alicyn', 'Ike', 'Giona', 'Jaslin', 'Aquil', 'Teddy', 'Katilyn', 'Katianna']
['Quinley', 'Dearies', 'Kirk', 'Heylee', 'Aerin', 'Ulyssa', 'Aayanah', 'Hagan', 'Avel', 'Lynette', 'Moustapha', 'Latricia', 'Ilani', 'Tameia', 'Yoali', 'Raiden', 'Guiliana', 'Hazelyn', 'Jerry', 'Izaiyah', 'Gabe', 'Liesel', 'Mirtha', 'Gwynne', 'Thristan', 'Chananya', 'Journe', 'Marques', 'Tierney', 'Jeramy', 'Keno', 'Jenniyah']
['Quavon']
['Jontavious']
['Mehmet']
['Herbert']
['Aeris']
['Brinton']
['Juanmiguel']
['Mishti']
['Kaiea']
['Saxon']
['Jocilynn']
['Keimari']
['Viola']
['Makhayla']
['Tarron']
['Garren']
['Jazmaine']
['Rheagan']
['Kieron']
['Sidnei']
['Rayleen']
['Allycia']
['Timber']
['Urias']
['Zahirah']
['Aubrieanna']
['Dayn']
['Pranita']
['Znya']
['Andy']
['Mikea']
['Emily']
['Dreanna']
['Brynne']
['Benson']
['Norelle']
['Cherish']
['Natsuki']
['Blaike']
['Elsa']
