['Harrietta', 'Lexine', 'Amitie', 'Aeriell', 'Kathi', 'Morissa', 'Grissel', 'Mireille', 'Freda', 'Carline', 'Carlin', 'Wren', 'Walliw', 'Amil', 'Gilemette', 'Nessie', 'Julissa', 'Geri', 'Johanna', 'Rafa', 'Phelia', 'Barbe', 'Clovis', 'Polly', 'Belle', 'Cecelia', 'Pietra', 'Carina', 'Evangeline', 'Trenna']
['Eveleen', 'Rubie', 'Virginie', 'Quintana', 'Dee', 'Karola', 'Jesse', 'Kacie', 'Bari', 'Ethelyn', 'Kial', 'Arabela', 'Luci', 'Tish', 'Jacquelin', 'Maye', 'Leslie', 'Sonya', 'Charlot', 'Ranee', 'Glyn', 'Noemi', 'Lily', 'Valli', 'Charmian', 'Marleen', 'Chloette', 'Maggy', 'Ingrid', 'Gene']
['Rene', 'Jobina', 'Dorotea', 'Kristien', 'Nissie', 'Shelly', 'Kathrine', 'Lula', 'Amalea', 'Barbaraanne', 'Giorgia', 'Shannen', 'Raye', 'Shannon', 'Damita', 'Cassi', 'Rebekah', 'Brandi', 'Adelina', 'Maryann', 'Faydra', 'Kristel', 'Melantha', 'Dara', 'Rochette', 'Marty', 'Chloris', 'Brear', 'Nerita', 'Enrichetta']
['Fawnia', 'Kattie', 'Ronnie', 'Lianna', 'Ardis', 'Kassandra', 'Brandais', 'Evie', 'Corrine', 'Brook', 'Genna', 'Ada', 'Melly', 'Lorri', 'Edie', 'Pierrette', 'Wally', 'Katerine', 'Shanie', 'Gianina', 'Lyndel', 'Eadie', 'Zia', 'Olimpia', 'Valentia', 'Karena', 'Rhea', 'Windy', 'Chelsae', 'Wynne']
['Dolley', 'Rosella', 'Merrielle', 'Julina', 'Dorie', 'Mariele', 'Carlota', 'Zea', 'Lonni', 'Faun', 'Leodora', 'Lezlie', 'Silvana', 'Dorris', 'Georgianne', 'Jackelyn', 'Deni', 'Kaila', 'Verna', 'Diahann', 'Juliann', 'Raeann', 'Hedy', 'Ramona', 'Carlee', 'Shantee', 'Perle', 'Blinny', 'Carin', 'Emelyne']
['Eleen', 'Gilberta', 'Oralle', 'Nat', 'Gwen', 'Dode', 'Anastasie', 'Vickie', 'Jorry', 'Shirlee', 'Leeann', 'Chanda', 'Kayla', 'Cymbre', 'Jerrie', 'Yoko', 'Erinn', 'Valeria', 'Augustine', 'Benoite', 'Nita', 'Fredericka', 'Helli', 'Beverlie', 'Simona', 'Connie', 'Cortney', 'Catlaina', 'Alane', 'Jeannie']
['Zaria', 'Constantina', 'Lorry', 'Mellisa', 'Amelie', 'Correy', 'Ines', 'Della', 'Coretta', 'Emmalynn', 'Herta', 'Wenda', 'Melinda', 'Eloise', 'Ronalda', 'Tamma', 'Addie', 'Korrie', 'Liliane', 'Maribel', 'Josey', 'Karlee', 'Eilis', 'Ann', 'Dallas', 'Sadella', 'Bea', 'Jess', 'Dorothea', 'Amelita']
['Dulcine', 'Lura', 'Jayne', 'Mandie', 'Cindelyn', 'Henrieta', 'Jenine', 'Coraline', 'Marcie', 'Rebe', 'Ree', 'Elenore', 'Kirsteni', 'Adelice', 'Gipsy', 'Tami', 'Fred', 'Ollie', 'Deborah', 'Willabella', 'Charlean', 'Alena', 'Ileane', 'Janette', 'Karla', 'Celestia', 'Vere', 'Sherill', 'Starlin', 'Billie']
['Olympe', 'Marquita', 'Marieann', 'Irma', 'Edith', 'Lillis', 'Kaycee', 'Marketa', 'Yovonnda', 'Leanna', 'Reeba', 'Evvie', 'Neala', 'Lenore', 'Arabella', 'Marlene', 'Paolina', 'Evania', 'Elicia', 'Leola', 'Arly', 'Melina', 'Jacquetta', 'Daisi', 'Tova', 'Farrah', 'Gaynor', 'Roxane', 'Candace', 'Rebeca']
['Rodi', 'Dalila', 'Yolanda', 'Kelley', 'Chastity', 'Opaline', 'Morganica', 'Mirabel', 'Letti', 'Nickie', 'Korney', 'Daune', 'Rosaline', 'Francyne', 'Ciel', 'Jeanne', 'Krista', 'Babette', 'Harmonie', 'Audrye', 'Wynnie', 'Gussy', 'Brana', 'Holly', 'Tasia', 'Gaby', 'Maitilde', 'Brooke', 'Livy', 'Nessa']
['Adria', 'Crissie', 'Dorthy', 'Rachelle', 'Danica', 'Yetty', 'Charity', 'Kristy', 'Wendeline', 'Freddy', 'Reba', 'Mil', 'Terrye', 'Clarey', 'Josselyn', 'Rica', 'Othilia', 'Ludovika', 'Candy', 'Adda', 'Emmeline', 'Arleyne', 'Ester', 'Bianca', 'Kippy', 'Ladonna', 'Corrie', 'Minetta', 'Pam', 'Carly']
['Josefa', 'Kriste', 'Timothea', 'Erika', 'Melody', 'Meade', 'Briny', 'Jena', 'Angelina', 'Lark', 'Carlye', 'Ardith', 'Adore', 'Noami', 'Sascha', 'Florence', 'Lorilee', 'Tracey', 'Cassie', 'Karita', 'Debi', 'Merilee', 'Marta', 'Alex', 'Charmane', 'Brunhilde', 'Crissy', 'Agnesse', 'Milicent', 'Kissiah']
['Alexa', 'Lilly', 'Danyette', 'Daniella', 'Karna', 'Carree', 'Dale', 'Karilynn', 'Lynda', 'Lenka', 'Willow', 'Rona', 'Corene', 'Meta', 'Nance', 'Jilly', 'Catie', 'Gilli', 'Eleanor', 'Georgiana', 'Bella', 'Illa', 'Honey', 'Anestassia', 'Dacey', 'Susi', 'Sheryl', 'Mireielle', 'Melany', 'Gertie']
['Mabelle', 'Dorise', 'Madella', 'Elysee', 'Arabelle', 'Margarette', 'Jaquenetta', 'Ofella', 'Koressa', 'Kandy', 'Enid', 'Karalynn', 'Rosene', 'Joni', 'Cecily', 'Grazia', 'Gwenore', 'Bamby', 'Cam', 'Drusie', 'Beverie', 'Averil', 'Gleda', 'Carroll', 'Melisa', 'Vonny', 'Christi', 'Leonore', 'Dagmar', 'Ronnica']
['Josefina', 'Herminia', 'Dora', 'Linea', 'Susette', 'Maurita', 'Thea', 'Lorrayne', 'Tatiania', 'Ayn', 'Hesther', 'Stacee', 'Vallie', 'Marcelle', 'Wilona', 'Janaye', 'Eveline', 'Elie', 'Erina', 'Tate', 'Dorrie', 'Emilee', 'Jayme', 'Fifi', 'Andreana', 'Sherrie', 'Noell', 'Jorrie', 'MarieJeanne', 'Joycelin']
['Melessa', 'Agnese', 'Feodora', 'Katey', 'Katerina', 'Tricia', 'Frances', 'Mabel', 'Joby', 'Karil', 'Samara', 'Deeann', 'Priscella', 'Harrie', 'Ede', 'Marci', 'Harmony', 'Katrine', 'Sandi', 'Chiarra', 'Elisabetta', 'Candida', 'Bibi', 'Aurelia', 'Kerry', 'Ceciley', 'Miquela', 'Garnet', 'Allegra', 'Bernelle']
['Angele', 'Frederica', 'Xylina', 'Chryste', 'Jammie', 'Frankie', 'Goldia', 'Paula', 'Elsy', 'Krysta', 'Angelia', 'Cal', 'Audry', 'Twila', 'Terri', 'Bel', 'Perrine', 'Jessy', 'Ruthanne', 'Genovera', 'Marabel', 'Zarla', 'Rosaleen', 'Vittoria', 'Lesley', 'Elsinore', 'Robena', 'Fionna', 'Alecia', 'Denyse']
['Aeriela', 'Joletta', 'Hetti', 'Zitella', 'Carrie', 'Aubree', 'Mommy', 'Abra', 'Elna', 'Wallie', 'Tiffany', 'Kate', 'Bernie', 'Zuzana', 'Jeri', 'Sarina', 'Mirna', 'Sybil', 'Trish', 'Kathleen', 'Giana', 'Courtnay', 'Gracia', 'Portia', 'Raquel', 'Elspeth', 'Malia', 'Rosalynd', 'Carolin', 'Anabella']
['Nikki', 'Moreen', 'Livvie', 'Nichol', 'Ilse', 'Ortensia', 'Roselle', 'Dorine', 'Sena', 'Sharl', 'Evelyn', 'May', 'Lilllie', 'Elene', 'Darci', 'Chelsea', 'Morna', 'Ranna', 'Bernetta', 'Randie', 'Jeniffer', 'Elisa', 'Florie', 'Glenda', 'Veronika', 'Simone', 'Pegeen', 'Codi', 'Carolina', 'Ashien']
['Sara', 'Karrie', 'Beatrix', 'Ophelie', 'Dolores', 'Odessa', 'Bernadina', 'Marsha', 'Michaeline', 'Corrina', 'Desiree', 'Olivie', 'Marlena', 'Alexi', 'Shellie', 'Wanda', 'Cacilie', 'Andi']
['JoAnn', 'Keeley', 'Jania']
['Abbie', 'Rheba', 'Shayne']
['Moselle', 'Hilliary', 'Bee']
['Minda', 'Carmita']
['Viva']
