['604', '699', '227', '32', '357', '656', '542', '219', '660', '952', '817', '849', '210', '684', '483', '533', '165', '789', '815', '282', '737', '376', '838', '725', '189', '674', '172', '37', '270', '384', '332', '474', '569', '559', '150', '473', '823', '561', '739', '366', '697', '784', '456', '826', '743', '80', '918', '554', '394', '249', '803', '963', '201', '587', '514', '608', '415', '202', '589', '885', '8', '208', '225', '351', '994', '239', '801', '689', '930', '389', '378', '555', '315', '114', '797', '464', '143', '441', '775', '854', '779', '574', '880', '338', '124', '127', '304', '941', '162', '763', '319', '340', '665', '924', '855', '858', '935', '818', '280', '192', '851', '198', '43', '61', '827', '525', '417', '452', '214', '539', '250', '129', '392', '244', '785', '434', '368', '445', '295', '406', '677', '139', '761', '792', '163', '916', '836', '728', '553', '992', '729', '582', '203', '448', '12', '776', '791', '151', '51', '107', '900', '278', '354', '861', '516', '370', '454', '736', '865', '160', '927', '359', '768', '72', '607', '176', '688', '411', '753', '960', '108', '49', '985', '307', '174', '369', '832', '465', '558', '846', '409', '193', '423', '39', '25', '350', '312', '345', '903', '264', '339', '300', '940', '751', '527', '895', '675', '923', '356', '70', '825', '764', '141', '673', '453', '420', '726', '980', '995', '512', '96', '928', '599', '377', '745', '959', '187', '29', '974', '450', '583', '577', '166', '347', '435', '976', '891', '439', '468', '374', '938', '518', '133', '56', '381', '988', '528', '898', '948', '303', '294', '774', '21', '438', '840', '432', '390', '488', '9', '154', '400', '320', '506', '680', '722', '149', '592', '321', '694', '451', '437', '358', '213', '982', '342', '135', '205', '353', '460', '978', '828', '206', '298', '578', '458', '440', '125', '293', '164', '929', '19', '48', '777', '545', '586', '990', '594', '296', '999', '906', '908', '237', '523', '984', '713', '926', '766', '934', '112', '57', '741', '547', '658', '758', '965', '884', '968', '323', '493', '113', '513', '71', '382', '740', '261', '31', '333', '58', '945', '459', '128', '130', '899', '612', '35', '874', '155', '548', '987', '848', '216', '204', '829', '909', '431', '793', '132', '404', '695', '16', '794', '361', '248', '530', '407', '217', '760', '119', '767', '979', '73', '932', '447', '236', '134', '309', '4', '700', '75', '95', '703', '795', '477', '509', '863', '609', '146', '396', '870', '89', '917', '738', '520', '373', '470', '603', '991', '444', '967', '433', '274', '348', '515', '272', '11', '696', '879', '993', '698', '790', '596', '257', '343', '442', '385', '42', '571', '521', '289', '185', '783', '949', '171', '478', '973', '919', '781', '537', '443', '413', '305', '872', '140', '471', '833', '175', '955', '476', '857', '560', '966', '946', '544', '564', '786', '845', '579', '933', '152', '310', '328', '223', '363', '575', '212', '34', '28', '507', '856', '346', '259', '566', '302', '772', '262', '462', '839', '5', '890', '301', '287', '953', '412', '38', '40', '951', '472', '403', '424', '532', '375', '892', '580', '716', '796', '971', '942', '137', '181', '733', '550', '902', '104', '158', '27', '981', '522', '336', '344', '969', '430', '159', '335', '436', '526', '977', '749', '23', '449', '388', '591', '24', '401', '209', '254', '894', '759', '563', '690', '273', '229', '782', '911', '253', '820', '53', '573', '517', '131', '427', '886', '54', '485', '297', '598', '182', '147', '429', '466', '835', '500', '260', '584', '428', '505', '455', '747', '693', '531', '142', '602', '362', '111', '179', '144', '597', '457', '316', '232', '30', '605', '313', '830', '138', '679', '161', '546', '907', '752', '65', '36', '178', '467', '975', '0', '94', '99', '809', '177', '395', '519', '727', '720', '499', '910', '867', '765', '308', '600', '552', '228', '723', '326', '750', '808', '50', '47', '568', '585', '912', '461', '889', '331', '33', '14', '408', '744', '367', '770', '256', '484', '799', '98', '503', '936', '169', '279', '685', '116', '148', '3', '15', '492', '419', '998', '798', '576', '318', '896', '683', '156', '676', '778', '421', '145', '364', '724', '819', '469', '962', '380', '211', '481', '199', '184', '731', '888', '686', '52', '123', '102', '511', '692', '183', '122', '701', '901', '371', '235', '13', '606', '989', '252', '121', '610', '681', '360', '997', '167', '843', '922', '535', '103', '416', '925', '510', '317', '482', '393', '405', '314', '101', '567', '687', '418', '837', '215', '748', '691', '117', '572', '196', '258', '864', '508', '194', '871', '330', '288', '682', '944', '780', '669', '247', '157', '536', '769', '463', '136', '920', '425', '721', '540', '220', '306', '937', '283', '479', '120', '327', '275', '118', '105', '322', '860', '875', '87', '391', '2', '614', '195', '588', '887', '939', '529', '921', '46', '593', '207', '883', '480', '842', '802', '970', '956', '475', '822', '446', '372', '590', '292', '551', '271', '267', '487', '611', '83', '387', '496', '126', '501', '414', '847', '565', '735', '732', '557', '410', '881', '556', '742', '170', '365', '914', '67', '746', '613', '601', '734', '804', '291', '383', '277', '771', '115', '755', '329', '397', '757', '191', '45', '581', '850', '379', '325', '931', '549', '873', '106', '341', '905', '324', '10', '84', '678', '60', '702', '299', '398', '153', '386', '110', '787', '986', '543', '788', '878', '595', '200', '983', '524', '756', '334', '352', '972', '913', '402', '190']
['644', '866', '637', '652', '646', '645', '640', '876', '634', '868', '859', '641', '877', '862', '639', '653', '649', '635', '651', '654', '636', '643', '650', '869', '638', '648', '655', '642', '647', '853']
['717', '947', '707', '711', '705', '943', '714', '950', '719', '704', '715', '708', '709', '718', '710', '706', '958', '954', '712', '957']
['622', '633', '620', '626', '627', '632', '624', '617', '623', '615', '619', '628', '631', '630', '616', '618', '625', '629', '621']
['1', '85', '20', '86', '81', '18', '93', '82', '88', '79', '100', '7', '92', '6', '17', '91', '90', '97']
['672', '663', '666', '667', '661', '668', '670', '659', '671', '662', '657', '664']
['66', '63', '77', '78', '55', '69', '59', '68', '74', '62', '76', '64']
['821', '816', '824', '813', '812', '807', '810', '811', '805', '806', '814']
['234', '238', '233', '245', '246', '240', '241', '231', '243', '242']
['495', '502', '497', '494', '489', '486', '491', '490', '498', '504']
['269', '268', '266', '255', '251', '265', '263']
['230', '226', '218', '222', '224', '221']
['290', '286', '285', '284', '281', '276']
['22', '41', '562', '26', '44']
['844', '834', '831', '852', '841']
['893', '897', '882', '904']
['173', '180', '168']
['541', '534']
['349']
['186']
['422']
['964']
['754']
['109']
['773']
['800']
['399']
['730']
['996']
['915']
['570']
['311']
['762']
['961']
['426']
['197']
['188']
['355']
['337']
['538']
