['743', '911', '604', '610', '918', '928', '942', '613', '608', '599', '589', '598', '902', '609', '925', '422', '614', '612', '615', '600', '603', '588', '904', '618', '593', '930', '903', '948', '602', '594', '590', '923', '591', '908', '597', '944', '941', '596', '611', '605', '934', '617', '927', '935', '616', '607', '920', '949', '592', '919']
['417', '275', '0', '131', '8', '703', '427', '886', '885', '896', '276', '875', '208', '882', '434', '719', '874', '364', '439', '282', '430', '81', '898', '895', '272', '879', '964', '888', '897', '864', '791', '523', '271', '5', '840', '692', '316', '1', '894', '711', '673', '343', '861', '878', '563', '40', '273', '280', '186', '73']
['960', '580', '573', '975', '570', '985', '971', '558', '952', '959', '998', '955', '560', '966', '577', '978', '981', '584', '991', '967', '575', '962', '567', '582', '970', '568', '585', '956', '586', '566', '977', '574', '999', '993', '984', '569', '559', '986', '953', '561', '951', '571', '965', '980', '954', '989', '565', '979', '968', '973']
['447', '827', '735', '732', '167', '120', '740', '742', '843', '745', '734', '733', '849', '727', '720', '859', '738', '845', '828', '724', '750', '737', '125', '723', '747', '109', '339', '717', '838', '848', '725', '829', '748', '854', '731', '730', '111', '123', '852', '744', '112', '385', '736', '855', '739', '718', '722', '726', '721', '826']
['936', '96', '937', '4', '656', '922', '94', '668', '914', '945', '657', '495', '77', '910', '917', '562', '661', '619', '933', '939', '921', '931', '938', '916', '101', '947', '940', '929', '905', '909', '912', '906', '671', '401', '926', '900', '901', '943', '93', '235', '57', '924', '915', '92', '679', '907', '913', '662', '532', '932']
['699', '705', '716', '700', '685', '709', '148', '291', '710', '773', '707', '156', '684', '147', '158', '165', '704', '715', '152', '689', '155', '708', '693', '696', '691', '702', '431', '779', '686', '153', '706', '772', '776', '151', '698', '695', '713', '714', '701', '162', '150', '157', '759', '154', '160', '690', '767', '697', '149', '688']
['537', '493', '233', '245', '246', '236', '240', '557', '538', '556', '542', '539', '232', '471', '251', '535', '492', '550', '477', '238', '230', '483', '544', '529', '552', '549', '548', '553', '555', '234', '541', '528', '531', '241', '534', '243', '551', '487', '543', '494', '247', '496', '547', '486', '536', '490', '229', '231', '478', '546']
['644', '279', '627', '624', '632', '637', '188', '646', '197', '625', '629', '187', '860', '205', '193', '640', '509', '634', '191', '195', '628', '641', '505', '639', '621', '649', '635', '199', '626', '189', '856', '636', '631', '643', '196', '194', '650', '622', '633', '200', '623', '630', '648', '638', '126', '201', '284', '642', '198', '647']
['752', '525', '513', '479', '517', '645', '514', '277', '519', '499', '510', '520', '786', '813', '500', '522', '482', '789', '831', '801', '163', '808', '376', '837', '527', '515', '114', '203', '475', '62', '23', '302', '237', '508', '511', '502', '516', '823', '524', '501', '858', '472', '506', '521', '811', '498', '851', '504', '512', '503']
['36', '796', '18', '68', '327', '660', '810', '803', '369', '805', '804', '809', '383', '419', '798', '423', '129', '821', '2', '317', '206', '659', '379', '426', '819', '363', '480', '378', '381', '802', '20', '380', '797', '800', '793', '372', '384', '331', '814', '790', '788', '666', '370', '319', '807', '818', '334', '320', '424', '323']
['220', '360', '358', '55', '357', '349', '219', '459', '353', '755', '391', '399', '445', '466', '396', '351', '25', '350', '345', '761', '355', '444', '26', '455', '389', '346', '341', '10', '464', '337', '448', '449', '338', '356', '24', '462', '404', '390', '354', '340', '442', '248', '454', '9', '400', '7', '359', '352', '456', '402']
['892', '269', '309', '305', '950', '866', '872', '881', '620', '261', '307', '178', '255', '95', '137', '395', '863', '295', '128', '867', '899', '308', '312', '887', '260', '862', '139', '883', '957', '133', '264', '300', '259', '12', '262', '292', '263', '871', '267', '179', '890', '257', '301', '266', '865', '6', '176', '311', '252', '884']
['375', '667', '663', '681', '65', '253', '108', '437', '134', '66', '75', '71', '249', '67', '365', '652', '105', '415', '377', '135', '250', '210', '664', '683', '416', '39', '676', '677', '440', '653', '433', '672', '69', '436', '675', '678', '651', '674', '654', '386', '438', '682', '669', '63', '42', '138', '658', '655', '670', '425']
['753', '781', '53', '467', '213', '49', '846', '394', '31', '58', '409', '90', '54', '29', '857', '785', '778', '89', '450', '757', '27', '218', '468', '207', '223', '469', '221', '274', '216', '841', '28', '50', '215', '777', '59', '60', '226', '774', '775', '52', '51', '780', '763', '30', '770', '768', '760', '453', '782', '61']
['306', '997', '32', '832', '76', '963', '99', '795', '601', '297', '104', '974', '44', '765', '994', '100', '35', '145', '976', '958', '298', '792', '969', '293', '992', '729', '988', '106', '961', '294', '303', '990', '299', '822', '74', '296', '102', '107', '97', '787', '304', '799', '825', '313', '595', '983', '741', '847', '972', '995']
['451', '712', '443', '80', '452', '333', '587', '833', '817', '392', '460', '406', '835', '79', '239', '850', '579', '393', '374', '834', '458', '836', '56', '842', '728', '34', '204', '751', '687', '335', '824', '398', '446', '461', '332', '839', '33', '457', '766', '844', '371', '830', '407', '756', '769', '403', '784', '853', '754', '190']
['554', '382', '982', '3', '465', '342', '746', '202', '15', '485', '285', '576', '771', '368', '429', '329', '533', '583', '946', '564', '373', '336', '328', '428', '326', '211', '497', '418', '315', '19', '22', '324', '48', '545', '441', '362', '21', '474', '16', '14', '387', '488', '530', '463', '366', '136', '17', '420', '256', '321']
['169', '174', '411', '170', '175', '177', '181', '783', '182', '225', '173', '166', '180', '421', '435', '815', '578', '996', '518', '987', '212', '184', '11', '172', '749', '388', '224', '183', '330', '764', '408', '432', '168', '665', '816', '812', '367', '412', '13', '72', '606', '680', '185', '161', '192', '484', '171', '540', '694']
['98', '869', '870', '889', '130', '877', '581', '572', '762', '891', '310', '880', '893', '873', '103', '876']
['85', '87', '86', '83', '78', '82', '88', '84', '91']
['122', '115', '116', '117', '118', '119', '124', '121']
['47', '41', '37', '38', '45', '46', '43']
['481', '489', '473', '470', '491', '476']
['410', '397', '405', '414', '413']
['140', '142', '143', '141', '132']
['290', '278', '270', '289', '281']
['244', '228', '227', '242']
['258', '265', '254', '268']
['286', '287', '288', '283']
['314', '318', '325', '322']
['344', '347', '361', '348']
['758', '526', '868', '507']
['820', '806', '794']
['164', '159', '146']
['70', '64']
['110', '113']
['222', '214']
['209', '217']
['144']
['127']
