['AMQ', 'AQH', 'BKB', 'BAU', 'BDW', 'AMX', 'AKO', 'BBC', 'BOW', 'AHN', 'ARL', 'AIB', 'BGJ', 'ACA', 'BCL', 'AUO', 'AMW', 'BCB', 'AHY', 'BLS', 'AAW', 'AQT', 'ABO', 'ALE', 'ARS']
['AOS', 'AOT', 'APV', 'AGN', 'AMI', 'AWT', 'BEY', 'AUU', 'BGH', 'ARF', 'AKE', 'ALO', 'ABM', 'AOB', 'BBV', 'AIE', 'BBR', 'BOU', 'APJ', 'AIH', 'AKW', 'AEU', 'AYO', 'ABU', 'ACM']
['AYQ', 'BOI', 'BFN', 'AGA', 'BFU', 'BNM', 'ATI', 'AKU', 'AUS', 'AEJ', 'BDG', 'BIX', 'BKU', 'BBF', 'BHJ', 'AFQ', 'ACW', 'ACE', 'AVG', 'AXB', 'AHM', 'AHC', 'BGX', 'ATR', 'AWX']
['BMU', 'AFD', 'ANO', 'AES', 'ASJ', 'APM', 'BIN', 'BDD', 'AJN', 'AFI', 'BJA', 'AWY', 'BAI', 'BAA', 'BIJ', 'AWR', 'BKO', 'AKI', 'AFO', 'BGN', 'BIV', 'AAS', 'AMT', 'ALU', 'AGI']
['APB', 'BFD', 'BAV', 'BLU', 'AYU', 'BMA', 'BGY', 'AFV', 'BKW', 'ARX', 'ANU', 'ATN', 'BDO', 'AUF', 'AYR', 'AQG', 'BFB', 'ALF', 'AJM', 'BHO', 'ABA', 'ARG', 'AMP', 'ALR', 'ANF']
['AND', 'AKJ', 'AWG', 'BEN', 'BHA', 'BEB', 'BDQ', 'BNF', 'AUA', 'BED', 'ABI', 'AWB', 'BDK', 'ACO', 'ATH', 'AUB', 'BJI', 'BKJ', 'BII', 'BAE', 'AKX', 'BCG', 'AIW', 'BOK', 'AFM']
['AWC', 'ATQ', 'AUG', 'BMP', 'AML', 'AGP', 'BGI', 'ARA', 'AQA', 'AFX', 'AME', 'BEO', 'ARJ', 'AYN', 'ACL', 'AKM', 'BBP', 'BFY', 'AGE', 'BIY', 'ARD', 'BOL', 'AQL', 'AYE', 'ADQ']
['BEW', 'BKR', 'BGC', 'AKN', 'ACB', 'AHE', 'AUK', 'BJE', 'BBH', 'BGT', 'BBQ', 'ABL', 'BLG', 'ABH', 'AUR', 'AXJ', 'ALJ', 'BNG', 'AFH', 'BDH', 'BJD', 'ATC', 'ACF', 'AAI', 'BKF']
['ALS', 'ANY', 'BIA', 'AXK', 'BOC', 'ALW', 'AEH', 'AAC', 'BNK', 'AAU', 'AHF', 'BLV', 'BLR', 'AKP', 'ABV', 'AGD', 'AWM', 'AED', 'ATE', 'BJB', 'AFP', 'AXS', 'BDB', 'AEQ', 'ALN']
['BDC', 'ALP', 'AOR', 'BOF', 'BML', 'BMQ', 'ATT', 'AOX', 'AGG', 'AEE', 'BBJ', 'BCF', 'BHE', 'BGG', 'ACC', 'ANG', 'AMN', 'ACG', 'AXY', 'AKL', 'AOO', 'AFW', 'ANM', 'BDM', 'AGM']
['AHA', 'BCT', 'APN', 'BOV', 'BGV', 'AHX', 'AJC', 'AIN', 'AYA', 'ASR', 'AAP', 'BKN', 'BGA', 'BLC', 'AMR', 'ADT', 'BHV', 'AEO', 'BCP', 'AYJ', 'BBO', 'AUX', 'ATO', 'BOH', 'AMC']
['BGM', 'AMS', 'APH', 'BLE', 'BMF', 'AAK', 'ASI', 'BAB', 'BLM', 'ADE', 'BIO', 'AOJ', 'AYH', 'BAT', 'AHW', 'BKI', 'ADB', 'ASL', 'APT', 'BOS', 'APR', 'BFC', 'AHS', 'BGK', 'BIG']
['BNB', 'BCV', 'AHD', 'BMJ', 'BAJ', 'AKG', 'ARR', 'AYK', 'AUV', 'BNR', 'BOJ', 'BHF', 'BFG', 'AAO', 'AEP', 'BAH', 'AKD', 'AAG', 'AVF', 'ACX', 'BIP', 'BBA', 'AGC', 'BEJ', 'AIU']
['AYV', 'BIF', 'ATD', 'BLW', 'BFA', 'AIC', 'AJH', 'AJY', 'AEG', 'AEY', 'BFO', 'BMI', 'ABT', 'BBG', 'BLB', 'AIO', 'ANL', 'AMD', 'AST', 'AOC', 'AWJ', 'ARW', 'AHV', 'BDA', 'AOV']
['BCU', 'AJP', 'BJT', 'AOP', 'ANK', 'AYC', 'AEV', 'AHH', 'AMF', 'AIX', 'AAQ', 'AVX', 'AQO', 'AWO', 'BHR', 'ADO', 'BFM', 'AJO', 'BLY', 'ADH', 'ABW', 'BFI', 'AUC', 'BAC', 'BMN']
['BDF', 'BMS', 'BJQ', 'AKQ', 'BDR', 'AXG', 'AJK', 'BAD', 'AUE', 'ASQ', 'AXH', 'AKR', 'BEF', 'BNI', 'ART', 'AXD', 'ABB', 'ACR', 'AWN', 'ARV', 'ASM', 'BBT', 'ARK', 'AMU', 'AYM']
['BMC', 'AVH', 'AOM', 'BFV', 'ARI', 'BFS', 'ALH', 'BHM', 'AMB', 'BKG', 'AOK', 'ARQ', 'APL', 'AMJ', 'ALL', 'BMX', 'ADU', 'AAE', 'BGB', 'AYP', 'BMH', 'AIL', 'ABX', 'AUN', 'AVY']
['AUJ', 'AVO', 'AMO', 'ALV', 'AQD', 'ABJ', 'BGQ', 'AUY', 'BOO', 'AXM', 'BEH', 'AIM', 'BNU', 'BBK', 'AVR', 'APO', 'AKH', 'BFE', 'BEG', 'AXQ', 'BDV', 'BEX', 'AQU', 'BBD', 'BIB']
['ASC', 'ALB', 'AQF', 'ALA', 'ACI', 'AWE', 'BHU', 'ATL', 'AWW', 'AJW', 'ANA', 'ANX', 'ACV', 'BOT', 'ADA', 'ASO', 'BLQ', 'ADF', 'AMM', 'AHR', 'BDS', 'AEF', 'AAR', 'BEL', 'BCX']
['BCS', 'BMY', 'BKV', 'AGX', 'AIQ', 'AEL', 'ABG', 'AEB', 'AIT', 'BCJ', 'AVW', 'AYG', 'AGR', 'ATK', 'BEQ', 'BOX', 'AVV', 'APD', 'AQK', 'BCH', 'BBY', 'BGR', 'AWS', 'AAA', 'BHK']
['BFR', 'ACT', 'ALC', 'AQE', 'ARU', 'ATP', 'AUL', 'AKA', 'ANC', 'BCK', 'BGL', 'BLJ', 'AMG', 'AOF', 'BNP', 'ATB', 'APS', 'BCO', 'BGE', 'AIG', 'ARH', 'BNH', 'BET', 'BMT', 'AAF']
['AUT', 'AFS', 'BEA', 'AGB', 'ALM', 'ATV', 'AWP', 'BLK', 'ALG', 'BFL', 'BFH', 'AQR', 'BIM', 'AYT', 'AWH', 'BCM', 'ADL', 'AWF', 'ASN', 'AAJ', 'AIP', 'BAK', 'AOI', 'BAY', 'BAS']
['ADW', 'BDT', 'BES', 'AJG', 'AAD', 'BNE', 'BKK', 'BCN', 'AXW', 'AMA', 'AYI', 'ACS', 'BEU', 'BJJ', 'ANQ', 'AKY', 'BGU', 'AFA', 'BGW', 'BLA', 'BOP', 'BAX', 'APW', 'ASD', 'BLI']
['BNO', 'AFN', 'AEK', 'AVD', 'BJF', 'AQP', 'AIR', 'BEM', 'BJM', 'AAN', 'ATJ', 'BHH', 'ASA', 'AFB', 'BDL', 'ADM', 'AOD', 'AWL', 'BLD', 'AAV', 'ALD', 'ADC', 'BHS', 'AHT', 'ASP']
['BIT', 'BNT', 'ADD', 'AMV', 'ANN', 'BHI', 'AYF', 'ANJ', 'ADY', 'AQI', 'AEC', 'AJX', 'AUD', 'APE', 'BEP', 'ACD', 'ALK', 'BAM', 'AHP', 'ADJ', 'BKD', 'BIW', 'ANW', 'AQB', 'AQX']
['AHQ', 'ACH', 'AXL', 'BNV', 'ATM', 'ARO', 'BBB', 'BMK', 'ARM', 'ATS', 'BKH', 'AYW', 'BKA', 'BMM', 'ARP', 'BGD', 'ANH', 'AAL', 'AEW', 'BIR', 'BGS', 'AHI', 'AVI', 'BIH', 'ASV']
['AVB', 'ACY', 'AHU', 'BGP', 'AMY', 'AYY', 'ANV', 'BFW', 'ADI', 'BOB', 'AGS', 'AVC', 'BON', 'AXO', 'AKT', 'AAY', 'AQS', 'ANE', 'AMK', 'AAH', 'BBN', 'AKC', 'BHP', 'ARN', 'AFU']
['AWD', 'AWQ', 'BHQ', 'BNX', 'BLO', 'AGJ', 'BHX', 'AHB', 'BBW', 'AJD', 'AFY', 'BAW', 'AJJ', 'BLP', 'ADN', 'BDU', 'BMO', 'AUP', 'AYD', 'ADR', 'ASY', 'AJT', 'ABC', 'APX', 'AXX']
['AAT', 'AIV', 'AGW', 'AYL', 'AQM', 'AEX', 'BEK', 'AQV', 'AKB', 'BBL', 'ATG', 'ABY', 'AIK', 'AVJ', 'BAO', 'BAL', 'AJQ', 'AOL', 'BLX', 'BAR', 'BLH', 'AET', 'BLN', 'AJL', 'AJS']
['BHC', 'BCQ', 'AGF', 'BFP', 'BHG', 'AVU', 'AOG', 'AEM', 'AEA', 'BCC', 'BEV', 'BHT', 'BCR', 'ASW', 'ASH', 'AFL', 'APF', 'BHD', 'AUH', 'BDY', 'BIE', 'ASS', 'ABD', 'AQJ', 'AXP']
['BMV', 'APC', 'BLL', 'AOQ', 'ASF', 'BNW', 'BNA', 'APQ', 'ALI', 'BDI', 'BJV', 'BMB', 'APK', 'AQW', 'AJV', 'ACN', 'BJK', 'AGK', 'BLT', 'AII', 'AKS', 'AFF', 'ASG', 'ACU', 'AID']
['AQN', 'AXR', 'AHK', 'BJR', 'AWA', 'AVM', 'ARC', 'AGU', 'BJP', 'AOU', 'AUM', 'AFJ', 'BJH', 'AJE', 'AWU', 'BJS', 'BKE', 'AAB', 'ABS', 'AYS', 'AFR', 'BIU', 'BOD', 'BMD', 'ABE']
['BHL', 'AHJ', 'BDX', 'BBX', 'BFK', 'ATX', 'BJX', 'AKF', 'AAM', 'AGT', 'BNS', 'ANT', 'AJR', 'AXC', 'AWI', 'ALX', 'ARB', 'BDE', 'ABP', 'BOQ', 'AHL', 'AXN', 'AFK', 'BME', 'BFJ']
['AFG', 'AVT', 'AIS', 'AHO', 'ASE', 'BCY', 'BNY', 'BOR', 'AQQ', 'AFT', 'BJY', 'AYX', 'AUW', 'AGV', 'AVK', 'API', 'ASK', 'BEI', 'ADX', 'BOY', 'AOA', 'BHB', 'BIC', 'BDP', 'BCE']
['BNC', 'BKT', 'ANB', 'BMR', 'BKM', 'AVL', 'BBE', 'BCW', 'ABN', 'AJA', 'BFT', 'ANI', 'ATF', 'BKP', 'AIJ', 'BAN', 'ABQ', 'AYB', 'BIL', 'AIF', 'ASU', 'ASX', 'BJN', 'ABF', 'APP']
['ALT', 'AXU', 'BAF', 'ADV', 'BJW', 'BDJ', 'AER', 'ACJ', 'AWV', 'BKL', 'BKC', 'ACQ', 'BGO', 'BJO', 'BFX', 'AGO', 'ARY', 'AIY', 'BNQ', 'ATA', 'AQC', 'BFQ', 'AWK', 'ABR', 'ASB']
['BLF', 'AJI', 'AKV', 'BIQ', 'BOM', 'AVN', 'AXV', 'BMW', 'AVA', 'AMH', 'AVS', 'AHG', 'ACP', 'AGY', 'BID', 'APG', 'AXE', 'ADS', 'AXA']
['AXF', 'AAX', 'APY', 'BAQ', 'AEN', 'ATU', 'BCD', 'AUQ', 'ADK', 'AQY', 'AEI']
['BNJ', 'BEC', 'BER', 'AOW', 'BJC', 'ATW', 'BIK', 'ARE', 'BHW', 'ADP', 'BDN']
['ANP', 'AGL', 'ALQ', 'BND', 'ADG', 'AOY', 'AFC', 'AON', 'APU', 'AIA', 'AXT']
['ANR', 'BJG', 'BCI', 'AXI', 'BOE', 'ALY', 'BBI', 'BKS', 'BHN', 'BGF']
['BJL', 'BJU', 'BMG', 'AGQ', 'BHY', 'AUI', 'BOA', 'BBU', 'BBM']
['AVP', 'ATY', 'BCA', 'AJU', 'AFE', 'AVQ', 'BKQ', 'AVE', 'BOG']
['BKY', 'ACK', 'AJF', 'BAG', 'ABK', 'AJB', 'BBS']
['BNL', 'AKK', 'BNN', 'BFF', 'AOH']
['ANS', 'APA']
['BKX', 'AOE']
['BEE', 'BAP']
['BIS']
['AGH']
