['66', '36', '96', '80', '18', '55', '88', '32', '4', '71', '76', '67', '58', '94', '3', '99', '91', '90', '59', '54', '29', '39', '87', '44', '77', '78', '2', '89', '79', '45', '35', '26', '56', '41', '81', '34', '86', '20', '28', '19', '47', '84', '10', '11', '60', '74', '22', '12', '37', '48', '73', '21', '23', '62', '70', '24', '5', '16', '14', '33', '85', '83', '57', '93', '42', '9', '38', '13', '40', '7', '69', '17', '98', '43', '61']
['375', '360', '358', '417', '357', '413', '410', '382', '394', '369', '365', '415', '409', '377', '383', '419', '395', '423', '392', '353', '416', '399', '396', '368', '422', '391', '406', '397', '351', '373', '421', '379', '364', '393', '374', '355', '363', '389', '405', '381', '378', '376', '380', '418', '398', '372', '388', '362', '386', '356', '384', '404', '401', '408', '420', '354', '390', '361', '387', '370', '385', '371', '367', '412', '400', '407', '359', '352', '366', '414', '403', '424', '402', '425', '411']
['451', '447', '493', '437', '443', '452', '467', '479', '465', '471', '427', '492', '485', '476', '477', '459', '495', '434', '499', '466', '483', '460', '429', '445', '450', '470', '500', '435', '482', '428', '439', '468', '426', '458', '440', '444', '430', '433', '469', '480', '455', '497', '481', '489', '436', '464', '475', '441', '448', '431', '491', '446', '449', '438', '461', '462', '487', '474', '432', '457', '494', '473', '488', '454', '496', '442', '486', '463', '472', '490', '453', '498', '484', '456', '478']
['220', '233', '245', '253', '269', '227', '236', '240', '246', '214', '261', '219', '249', '275', '255', '213', '201', '232', '251', '202', '250', '205', '210', '242', '244', '238', '208', '230', '225', '239', '206', '260', '218', '223', '228', '207', '264', '221', '212', '211', '234', '216', '274', '204', '215', '272', '259', '203', '226', '241', '270', '265', '237', '258', '262', '224', '209', '243', '271', '267', '254', '263', '257', '235', '268', '247', '248', '266', '217', '273', '222', '229', '256', '231', '252']
['306', '279', '305', '309', '323', '283', '349', '307', '327', '333', '342', '322', '291', '277', '286', '318', '276', '297', '285', '290', '295', '329', '308', '347', '317', '350', '312', '345', '336', '310', '298', '325', '328', '282', '344', '326', '348', '293', '339', '314', '300', '346', '341', '335', '315', '324', '337', '303', '294', '299', '296', '302', '338', '292', '332', '331', '330', '304', '288', '281', '316', '278', '301', '343', '313', '287', '340', '319', '334', '320', '280', '289', '311', '284', '321']
['169', '134', '108', '113', '167', '116', '120', '148', '140', '131', '137', '170', '177', '175', '197', '135', '193', '103', '129', '104', '182', '147', '158', '165', '128', '191', '166', '195', '180', '145', '152', '139', '155', '133', '125', '109', '101', '164', '159', '106', '199', '184', '189', '114', '143', '111', '153', '196', '132', '123', '179', '124', '151', '144', '110', '122', '141', '150', '112', '157', '200', '154', '126', '138', '119', '136', '176', '149', '185', '161', '186', '171', '198', '121', '190']
['525', '513', '517', '514', '509', '519', '510', '520', '522', '505', '518', '507', '515', '908', '508', '523', '511', '502', '516', '524', '501', '521', '506', '504', '995', '512', '503']
['557', '554', '573', '556', '570', '558', '560', '564', '562', '552', '575', '553', '555', '567', '568', '566', '574', '572', '551', '569', '559', '563', '561', '571', '565']
['580', '587', '599', '589', '576', '598', '583', '577', '600', '581', '588', '579', '584', '578', '593', '582', '585', '586', '594', '590', '591', '597', '596', '595', '592']
['65', '75', '82', '68', '53', '49', '31', '95', '8', '15', '64', '25', '100', '27', '46', '50', '52', '51', '97', '1', '63', '30', '92', '6', '72']
['537', '538', '542', '539', '535', '550', '533', '544', '529', '549', '548', '541', '528', '527', '531', '526', '545', '534', '543', '530', '547', '536', '546', '532', '540']
['610', '604', '620', '624', '613', '608', '625', '601', '609', '614', '612', '615', '619', '603', '618', '621', '602', '622', '611', '605', '623', '617', '606', '616', '607']
['178', '174', '118', '188', '105', '181', '187', '115', '156', '146', '173', '130', '163', '142', '172', '117', '102', '107', '194', '127', '183', '162', '168', '160', '192']
['672', '681', '683', '676', '684', '673', '675', '674', '678', '685', '679', '680', '677', '671', '682']
['717', '729', '727', '720', '716', '725', '719', '730', '718', '724', '722', '726', '723', '721', '728']
['802', '794', '796', '792', '797', '800', '793', '803', '805', '795', '791', '804', '801', '799', '798']
['771', '773', '766', '763', '765', '774', '775', '769', '768', '767', '770', '762', '761', '772', '764']
['781', '780', '788', '785', '778', '777', '786', '779', '776', '789', '783', '784', '782', '787', '790']
['634', '633', '635', '626', '627', '632', '630', '637', '638', '628', '636', '631', '629', '639', '640']
['699', '695', '687', '700', '693', '696', '691', '690', '686', '697', '689', '698', '688', '694', '692']
['644', '647', '651', '648', '641', '654', '652', '645', '655', '646', '643', '642', '650', '653', '649']
['667', '669', '666', '663', '665', '656', '660', '661', '658', '668', '659', '670', '662', '657', '664']
['743', '744', '735', '732', '736', '738', '741', '740', '739', '742', '731', '745', '734', '733', '737']
['808', '816', '820', '812', '817', '813', '807', '810', '818', '811', '815', '809', '806', '814', '819']
['825', '821', '827', '829', '835', '830', '823', '822', '832', '824', '828', '833', '834', '831', '826']
['753', '752', '755', '751', '759', '757', '748', '756', '760', '749', '758', '746', '750', '754', '747']
['848', '844', '838', '841', '837', '843', '846', '845', '850', '847', '839', '836', '849', '840', '842']
['712', '714', '707', '711', '701', '705', '708', '715', '704', '709', '702', '706', '703', '710', '713']
['926', '925', '929', '928', '924', '927', '922', '923', '921', '930']
['936', '940', '937', '934', '935', '933', '939', '931', '938', '932']
['911', '918', '917', '912', '915', '914', '920', '913', '916', '919']
['875', '878', '872', '879', '877', '874', '880', '871', '873', '876']
['970', '966', '961', '964', '965', '963', '967', '969', '968', '962']
['947', '943', '950', '944', '946', '948', '942', '949', '945', '941']
['986', '988', '983', '985', '990', '981', '982', '989', '984', '987']
['894', '900', '892', '898', '895', '899', '897', '891', '893', '896']
['856', '859', '854', '855', '852', '858', '851', '860', '853', '857']
['890', '882', '881', '888', '887', '883', '889', '885', '884']
['863', '868', '861', '870', '866', '867', '865', '864', '862']
['960', '959', '956', '951', '958', '954', '952', '957', '955']
['974', '975', '977', '971', '976', '972', '980', '979', '973']
['992', '996', '997', '994', '999', '1000', '991', '998']
['902', '901', '905', '910', '909', '907']
['903', '904']
['869']
['886']
['978']
['993']
['953']
['906']
