['Elvira', 'Noe', 'Alethia', 'Sharolyn', 'Evelin', 'Deena', 'Louella', 'Jimmie', 'Kymberly', 'Elvia', 'Jenae', 'Alberto', 'Savanna', 'Bonnie', 'Georgina', 'Garret', 'Marvin', 'Lorelei', 'Jade', 'Rima']
['Tiffani', 'Mariah', 'Jama', 'Darwin', 'Kendall', 'Olevia', 'Horace', 'Junior', 'Dora', 'Janetta', 'Clarice', 'Isabel', 'Clarinda', 'Jae', 'Zena', 'Vincenzo', 'Byron', 'Rachel', 'Eugene', 'Pinkie']
['Sheldon', 'Yevette', 'Saul', 'Deana', 'Tameika', 'Marci', 'Russell', 'Princess', 'Darnell', 'Marcie', 'Travis', 'Kristi', 'Dorene', 'Mariette', 'Elfrieda', 'Lucia', 'Clarence', 'Grant', 'Hershel', 'Fanny']
['Precious', 'Alexa', 'Refugio', 'Lashandra', 'Cortney', 'Madison', 'Akiko', 'Deon', 'Thea', 'Penelope', 'Linnie', 'Sharlene', 'Marquitta', 'Brandie', 'Whitney', 'Felix', 'Micheal', 'Claudie', 'Theressa', 'Millicent']
['Nicolas', 'Marcelo', 'Elizebeth', 'Zachariah', 'Chan', 'Helene', 'Wilford', 'Oneida', 'Roslyn', 'Hiroko', 'Myrtle', 'Eve', 'Lamonica', 'Ron', 'Dennis', 'Earnest', 'Sharell', 'Cassy', 'Loura', 'Darius']
['Ellis', 'Latricia', 'Judie', 'Elena', 'Leopoldo', 'Lucretia', 'Lucas', 'Heide', 'Ryann', 'Eduardo', 'Ara', 'Jacquelynn', 'Guadalupe', 'Carolynn', 'Jerrell', 'Clarissa', 'Kurtis', 'Toya', 'Jan', 'Ema']
['Stewart', 'Beverley', 'Majorie', 'Iris', 'Rosalie', 'Clifton', 'Telma', 'Dong', 'Tanesha', 'Mitzi', 'Xuan', 'Inga', 'Xavier', 'Tina', 'Cammie', 'Hilario', 'Carmon', 'Gerardo', 'Irene', 'Simon']
['Alicia', 'Marquis', 'Emmanuel', 'Stephani', 'Kristopher', 'Rolando', 'Valorie', 'Charisse', 'Honey', 'Elicia', 'Alvera', 'Eustolia', 'Joan', 'Robert', 'Dewayne', 'Marvis', 'Tracie', 'Raleigh', 'Raul', 'Jefferey']
['Ok', 'Hillary', 'Marlo', 'Rodrigo', 'Treena', 'Vernia', 'Adah', 'Oscar', 'Tressa', 'Charmaine', 'Irena', 'Tarah', 'Angeline', 'Marcella', 'Nicole', 'Chas', 'Joelle', 'Jeremy', 'Leila', 'Clinton']
['An', 'Vanita', 'Ardis', 'Bernadine', 'Gaynell', 'Georgiana', 'Vernita', 'Genevive', 'Jene', 'Elnora', 'Zoraida', 'Martha', 'Danita', 'Dusti', 'Martin', 'Lana', 'Sherwood', 'Kyung', 'Joanne', 'Kay']
['Dustin', 'Cassie', 'Jacinto', 'Yang', 'Antoine', 'Micha', 'Fairy', 'Jaclyn', 'Madlyn', 'Rick', 'Enoch', 'Mckenzie', 'Wendie', 'Deshawn', 'Nelda', 'Caryl', 'Delois', 'Idell', 'Hester', 'Chelsie']
['Bertha', 'Marilynn', 'Clara', 'Porter', 'Hayden', 'Michaela', 'Leilani', 'Riley', 'Gerard', 'Alvin', 'Verona', 'Wes', 'Hassan', 'Jami', 'Logan', 'Chang', 'Lauren', 'German', 'Nieves', 'Ella']
['Charleen', 'Hubert', 'Lila', 'Perry', 'Lois', 'Jacelyn', 'Brenton', 'Florencia', 'Carmine', 'Dorcas', 'Onie', 'Cherise', 'Dortha', 'Barb', 'Rhiannon', 'Jerri', 'Beulah', 'Carlyn', 'Azalee', 'Camilla']
['Oswaldo', 'Kelly', 'Sharan', 'Edmond', 'Jacque', 'Johnny', 'Florencio', 'Lizabeth', 'Lola', 'Renetta', 'Altagracia', 'Nadia', 'Nathalie', 'Jay', 'Hortense', 'Kris', 'Griselda', 'Sharilyn', 'Imogene', 'Pearlie']
['Holley', 'Genesis', 'Edda', 'Sabrina', 'August', 'Krystle', 'Jamila', 'Leota', 'Gus', 'Tomi', 'Chrissy', 'Salome', 'Esther', 'Mohamed', 'Lanora', 'Celia', 'Jeanetta', 'Juliette', 'Lyle', 'Dixie']
['Son', 'Earleen', 'Lilly', 'Winford', 'Cassidy', 'Karmen', 'Lela', 'Delmy', 'Jill', 'Arlene', 'Tamica', 'Lue', 'Era', 'Laticia', 'Opal', 'Lonnie', 'Charley', 'Alton', 'Frederica', 'Tyesha']
['Dione', 'Mallie', 'Natividad', 'Joeann', 'Meg', 'Catherine', 'Bea', 'Tory', 'Vita', 'Dean', 'Lisbeth', 'Miguel', 'Jaqueline', 'Erna', 'Teddy', 'Andreas', 'Tony', 'Kirstie', 'Candance', 'Samara']
['Elyse', 'Cherryl', 'Angelina', 'Nelly', 'Hilda', 'Brain', 'Temika', 'Tobi', 'Lala', 'Mack', 'Sheena', 'Kisha', 'Harris', 'Tricia', 'Randi', 'Karl', 'Iliana', 'Louetta', 'Sanda', 'Neal']
['Magdalene', 'Jeanette', 'Juliet', 'Pa', 'Stanford', 'Leonida', 'Dorthea', 'Susannah', 'Rodger', 'Omar', 'Alla', 'Milissa', 'Rheba', 'Alpha', 'Herlinda', 'Carline', 'Vada', 'Alec', 'Janell', 'Leonard']
['Laurence', 'Alphonso', 'Jarod', 'Jon', 'Liane', 'Willa', 'Dayna', 'Chase', 'Deloras', 'Clementine', 'Patrick', 'Imelda', 'Genie', 'Donna', 'Lynette', 'Wilburn', 'Dinah', 'Shellie', 'Courtney', 'Jodi']
['Christiane', 'Elliott', 'Tyisha', 'Shavon', 'Angella', 'Randall', 'Tammi', 'Clyde', 'Allena', 'Anabel', 'Marcos', 'Esperanza', 'Oma', 'Danial', 'Shaun', 'Ambrose', 'Hyun', 'Brendon', 'Deirdre', 'Elvie']
['Gilma', 'Elinor', 'Jackelyn', 'Ranee', 'Regine', 'Tawanna', 'Leah', 'Alyson', 'Alden', 'Theresa', 'Charla', 'Sandra', 'Isaura', 'Thuy', 'Dominque', 'Buddy', 'Phillip', 'Beatrice', 'Harland', 'Oleta']
['Tamala', 'Cristi', 'Murray', 'Houston', 'Tanisha', 'Selma', 'Taneka', 'Harvey', 'Mariano', 'Lyndon', 'Dion', 'Terry', 'Antonette', 'Kirstin', 'Neida', 'Jennie', 'Renea', 'Tai', 'Vernon', 'Frederic']
['Elsa', 'Karissa', 'Carmelita', 'Pasquale', 'Exie', 'Helena', 'Verna', 'Bailey', 'Alonzo', 'Virginia', 'Jorge', 'Maximo', 'Maurine', 'Catalina', 'Valeria', 'Kiara', 'Genoveva', 'Janiece', 'Jerica', 'Aleisha']
['Wilmer', 'Emanuel', 'Suzi', 'Monet', 'Yer', 'Vance', 'Janyce', 'Deja', 'Paul', 'Carmella', 'Latanya', 'Jaimie', 'Risa', 'Leandra', 'Bill', 'Anya', 'Vicente', 'Demetrice', 'Gilberto', 'Hye']
['Xochitl', 'Linda', 'Lisette', 'Ebony', 'Isidro', 'Tisha', 'Tasha', 'Ettie', 'Sang', 'Kristen', 'Kermit', 'Estella', 'Tim', 'Jannie', 'Luise', 'Leonor', 'Emelia', 'Sheron', 'Yanira', 'Janet']
['Gladys', 'Lorri', 'Cassi', 'Mariko', 'Corinna', 'Kristina', 'Tennille', 'Guillermina', 'Daren', 'Anh', 'Yuk', 'Marvel', 'Delena', 'Kylee', 'Karina', 'Diamond', 'Archie', 'Daisy', 'Gwen', 'Delta']
['Kamilah', 'Shayna', 'Roxanne', 'Janis', 'Sophia', 'Keshia', 'Sybil', 'Selena', 'Alesha', 'Vania', 'India', 'Clay', 'Hanna', 'Angela', 'Alfredo', 'Herman', 'Josie', 'Hilma', 'Ophelia', 'Bryan']
['Alexandra', 'Elaina', 'Providencia', 'Merrill', 'Naomi', 'Marion', 'Kathi', 'Kareem', 'Florinda', 'Audie', 'Jesus', 'Percy', 'June', 'Hui', 'Stanley', 'Sharla', 'Piper', 'Lyn', 'Alfred', 'Freddie']
['Pam', 'Rebbeca', 'Susan', 'Olimpia', 'Mauro', 'Easter', 'Daniel', 'Kurt', 'Gil', 'Gertie', 'Faye', 'Gregoria', 'Adrianna', 'Tabitha', 'Felicita', 'Nohemi', 'Ann', 'Rita', 'Lavon', 'Myrtice']
['Vonda', 'Karen', 'Damion', 'Heriberto', 'Justine', 'Roma', 'Aline', 'Toby', 'Dionne', 'Eufemia', 'Cleotilde', 'Rasheeda', 'Chester', 'Enola', 'Joline', 'Maybelle', 'Enriqueta', 'Camelia', 'Verla', 'Lavette']
['Rosalba', 'Annamarie', 'Heath', 'Dave', 'Vivien', 'Eloisa', 'Trena', 'Deedee', 'Lashay', 'Vena', 'Alex', 'Kim', 'Rosalee', 'Wallace', 'Theo', 'Aretha', 'Orval', 'Meagan', 'Lezlie', 'Jina']
['Annabel', 'Laraine', 'Eartha', 'Piedad', 'Kimbra', 'Kitty', 'Kasey', 'Susanna', 'Rachael', 'Prince', 'Ocie', 'Claretha', 'Tawny', 'Glenna', 'Randa', 'Song', 'Dewitt', 'Flavia', 'Aaron', 'Arcelia']
['Elisabeth', 'Dalia', 'Nina', 'Edgar', 'Meridith', 'Erlene', 'Christin', 'Almeta', 'Lon', 'Maria', 'Ofelia', 'Malka', 'Colette', 'Antonina', 'Lisa', 'Adolph', 'April', 'Spencer', 'Trey', 'Ute']
['Delmar', 'Jeniffer', 'Kate', 'Osvaldo', 'Loren', 'Louise', 'Michiko', 'Joye', 'Thalia', 'Charlene', 'Latoya', 'Elenora', 'Danilo', 'Leontine', 'Artie', 'Chance', 'Darrel', 'Darleen', 'Loan', 'In']
['Sonya', 'Neva', 'Val', 'Zada', 'Joya', 'Earline', 'Lynn', 'Sharmaine', 'Sunday', 'Tena', 'Lane', 'Daron', 'Elaine', 'Rudolf', 'Naida', 'Patricia', 'Eneida', 'Bridgett', 'Garland', 'Alita']
['Clarita', 'Marcellus', 'Leona', 'Glory', 'Felecia', 'Jamaal', 'Jeffrey', 'Carson', 'Marilee', 'Miriam', 'Alane', 'Roxane', 'Lula', 'Antionette', 'Kylie', 'Harriet', 'Vesta', 'Loria', 'Elijah', 'Dottie']
['Ila', 'Ezequiel', 'Agustin', 'Ressie', 'Soledad', 'Madie', 'Emilia', 'Irma', 'Elvin', 'Chun', 'David', 'Amada', 'Alysha', 'Sana', 'Kara', 'Danna', 'Tarsha', 'Coleman', 'Tamela', 'Mazie']
['Graham', 'Jennefer', 'Julia', 'Milagros', 'Glenda', 'Elodia', 'Carolee', 'Yu', 'Miranda', 'Hobert', 'Lennie', 'Fonda', 'Nickolas', 'Lillia', 'Debora', 'Jonell', 'Dexter', 'Dagmar', 'Edmundo', 'Birdie']
['Elisa', 'Lelah', 'Tamar', 'Amy', 'Tamisha', 'Mirtha', 'Damian', 'Jessenia', 'Michele', 'Norbert', 'Edythe', 'Noreen', 'Retta', 'Otha']
['Margart', 'Phylis', 'Odell', 'Shelton', 'Antoinette', 'Latia', 'Destiny']
['Branden', 'Sung', 'Dorathy', 'Adelaide', 'Maris', 'Van', 'Loma']
['Clement', 'Vanessa', 'Sherman', 'Maryanne', 'Hal', 'Pamila']
['Lasonya', 'Shonda', 'Caitlyn', 'Doyle', 'Reita']
['Gisela']
