['604', '610', '620', '613', '608', '601', '609', '614', '612', '615', '619', '603', '618', '602', '631', '611', '605', '617', '630', '606', '616', '607']
['699', '681', '705', '709', '703', '710', '683', '707', '704', '689', '687', '708', '693', '696', '702', '686', '706', '698', '692', '711', '680', '712']
['716', '732', '735', '734', '733', '727', '719', '715', '724', '723', '728', '717', '729', '725', '731', '730', '713', '714', '701', '736', '718', '726']
['227', '233', '236', '219', '232', '238', '230', '225', '239', '223', '228', '229', '221', '234', '226', '237', '224', '235', '200', '201', '222', '231']
['36', '32', '31', '0', '29', '39', '25', '27', '35', '26', '34', '28', '19', '22', '37', '23', '21', '24', '33', '1', '30', '38']
['644', '656', '652', '645', '646', '668', '657', '641', '659', '653', '649', '651', '654', '643', '650', '669', '658', '648', '655', '670', '642', '647']
['537', '554', '538', '542', '539', '558', '535', '550', '533', '522', '555', '545', '534', '523', '551', '559', '543', '524', '547', '536', '521', '540']
['960', '975', '971', '942', '959', '945', '974', '966', '978', '946', '958', '967', '970', '947', '961', '948', '964', '944', '941', '943', '949', '979']
['936', '937', '950', '928', '922', '952', '925', '933', '939', '921', '938', '957', '940', '929', '956', '923', '926', '953', '934', '924', '927', '935']
['911', '918', '914', '902', '910', '917', '904', '931', '916', '903', '930', '905', '909', '912', '906', '908', '932', '901', '915', '907', '913', '919']
['169', '148', '170', '156', '146', '147', '158', '145', '152', '155', '159', '142', '143', '153', '151', '144', '141', '150', '168', '157', '154', '149']
['178', '167', '174', '188', '177', '175', '187', '165', '173', '191', '166', '163', '164', '189', '172', '179', '162', '176', '161', '192', '171', '190']
['197', '181', '205', '210', '193', '208', '182', '195', '206', '207', '211', '204', '184', '199', '203', '196', '209', '194', '183', '186', '185', '198']
['108', '113', '82', '116', '118', '105', '103', '104', '115', '109', '101', '81', '106', '114', '117', '111', '110', '102', '107', '83', '112', '119']
['413', '417', '427', '409', '419', '423', '416', '429', '422', '406', '428', '426', '430', '431', '401', '404', '432', '400', '412', '407', '424', '425']
['309', '306', '305', '307', '318', '308', '317', '312', '310', '314', '315', '303', '299', '302', '281', '304', '316', '301', '313', '319', '280', '311']
['866', '872', '876', '863', '875', '868', '870', '867', '877', '874', '862', '891', '873', '879', '864', '880', '871', '890', '869', '878', '861', '865']
['479', '467', '465', '471', '476', '477', '466', '470', '468', '469', '464', '475', '441', '491', '461', '462', '474', '473', '463', '472', '490', '478']
['781', '810', '803', '805', '804', '809', '817', '813', '815', '801', '806', '819', '808', '802', '814', '816', '812', '807', '818', '811', '783', '782']
['827', '832', '833', '821', '835', '828', '850', '834', '836', '838', '837', '829', '822', '824', '839', '825', '840', '830', '823', '851', '831', '826']
['269', '279', '240', '261', '275', '277', '276', '264', '274', '272', '259', '241', '270', '265', '262', '263', '271', '267', '278', '268', '266', '273']
['573', '587', '589', '576', '560', '577', '583', '564', '588', '581', '579', '584', '567', '582', '585', '586', '572', '590', '591', '569', '561', '565']
['339', '335', '324', '323', '337', '327', '333', '338', '322', '332', '331', '330', '329', '351', '520', '350', '334', '336', '325', '328', '326', '321']
['50', '55', '53', '59', '48', '49', '47', '41', '58', '52', '51', '70', '54', '764', '44', '57', '42', '765', '45', '46', '56', '43']
['525', '528', '527', '513', '531', '526', '691', '508', '509', '519', '516', '530', '661', '501', '500', '690', '506', '529', '518', '532', '512', '503']
['451', '447', '437', '443', '436', '685', '140', '446', '438', '457', '459', '434', '684', '442', '450', '454', '421', '435', '439', '456', '440', '433']
['134', '131', '137', '132', '123', '124', '64', '135', '787', '127', '129', '122', '128', '130', '138', '126', '786', '136', '139', '121', '125', '133']
['220', '376', '245', '246', '253', '557', '556', '249', '255', '251', '258', '377', '243', '254', '250', '242', '244', '257', '247', '248', '256', '252']
['635', '626', '624', '627', '632', '452', '820', '637', '636', '625', '629', '955', '622', '634', '633', '623', '638', '628', '453', '954', '639', '621']
['293', '283', '120', '294', '382', '296', '291', '292', '286', '285', '383', '297', '288', '282', '290', '287', '295', '994', '289', '298', '284', '995']
['4', '18', '10', '11', '517', '12', '3', '8', '15', '485', '14', '16', '5', '2', '9', '563', '562', '13', '7', '6', '17', '484']
['892', '881', '898', '895', '985', '888', '897', '889', '885', '886', '893', '896', '984', '894', '495', '882', '494', '899', '100', '887', '883', '884']
['848', '86', '841', '856', '854', '843', '846', '365', '852', '849', '857', '844', '859', '845', '855', '858', '364', '847', '403', '402', '853', '842']
['380', '381', '796', '410', '675', '674', '797', '398', '384', '860', '504', '392', '399', '396', '387', '445', '385', '393', '505', '444', '411', '389']
['753', '752', '748', '740', '977', '793', '749', '745', '415', '640', '744', '771', '755', '354', '759', '741', '758', '770', '976', '414', '792', '355']
['775', '779', '574', '963', '772', '746', '575', '790', '773', '766', '778', '763', '962', '760', '769', '767', '761', '552', '549', '548', '553', '747']
['743', '66', '988', '346', '357', '349', '742', '394', '566', '67', '342', '356', '395', '353', '343', '340', '347', '359', '352', '989', '969', '968']
['493', '497', '489', '341', '515', '95', '94', '514', '492', '487', '664', '499', '483', '665', '370', '496', '757', '544', '486', '756', '482', '480']
['65', '69', '68', '71', '60', '74', '62', '777', '76', '448', '372', '449', '776', '594', '63', '77', '595', '79', '373', '972', '678', '973']
['375', '360', '75', '369', '362', '363', '695', '455', '368', '371', '180', '320', '72', '366', '379', '345', '260', '374', '344', '73', '694', '378']
['992', '358', '700', '88', '990', '987', '999', '993', '202', '998', '986', '983', '160', '600', '40', '981', '980', '420', '458', '996', '754', '405']
['667', '663', '20', '300', '418', '997', '507', '568', '660', '982', '671', '666', '676', '673', '78', '460', '397', '738', '965', '679', '677', '662']
['672', '96', '80', '84', '800', '774', '388', '386', '99', '597', '682', '85', '900', '87', '502', '89', '93', '488', '92', '546', '498', '98']
['762', '795', '791', '97', '799', '798', '408', '780', '788', '785', '794', '367', '951', '768', '789', '920', '697', '578', '784', '991', '688', '348']
['216', '215', '213', '214', '217', '218', '212']
['596', '580', '599', '593', '592', '598']
['720', '722', '737', '739']
['510', '511', '481']
['750', '721', '751']
['61', '91', '90']
['390', '391', '361']
['541', '570']
['571']
