['208', '209', '206', '201', '207', '210']
['159', '156', '157', '160', '152', '151']
['257', '259', '260', '251', '256', '252']
['477', '481', '482', '484', '485', '476']
['301', '306', '309', '308', '307', '310']
['283', '284', '277', '282', '285', '276']
['410', '406', '407', '409', '401', '402']
['335', '327', '334', '331', '332', '326']
['238', '236', '184', '237', '181', '98']
['234', '134', '235', '232', '132', '135']
['360', '357', '351', '359', '352', '356']
['434', '432', '435', '427', '426', '433']
['1', '2', '10', '9', '7', '6']
['57', '59', '60', '52', '51', '56']
['109', '101', '106', '110', '102', '107']
['381', '376', '385', '382', '377', '384']
['451', '459', '460', '452', '456', '457']
['36', '154', '37', '38', '153', '155']
['104', '34', '32', '27', '35', '26']
['86', '204', '87', '88', '203', '205']
['81', '85', '77', '82', '84', '76']
['182', '180', '176', '185', '177', '179']
['230', '150', '93', '75', '120', '229']
['58', '188', '186', '292', '70', '187']
['129', '131', '175', '130', '127', '126']
['227', '197', '228', '231', '226', '492']
['419', '21', '55', '53', '54', '318']
['67', '269', '123', '467', '243', '242']
['140', '141', '139', '483', '450', '24']
['241', '240', '267', '144', '239', '474']
['145', '66', '65', '468', '64', '347']
['164', '165', '133', '166', '469', '374']
['211', '393', '346', '22', '213', '212']
['270', '189', '191', '172', '190', '294']
['220', '170', '493', '465', '466', '464']
['417', '118', '18', '262', '263', '261']
['463', '461', '462', '71', '373', '333']
['31', '275', '398', '413', '411', '412']
['40', '39', '105', '322', '41', '317']
['365', '366', '364', '97', '297', '250']
['392', '244', '268', '15', '16', '14']
['495', '446', '116', '115', '368', '114']
['390', '391', '295', '147', '128', '389']
['314', '316', '315', '445', '358', '271']
['33', '63', '62', '100', '195', '61']
['439', '325', '442', '68', '440', '441']
['162', '161', '69', '163', '475', '74']
['339', '372', '340', '431', '341', '448']
['216', '302', '215', '281', '214', '183']
['122', '89', '91', '319', '168', '90']
['371', '473', '83', '12', '11', '13']
['375', '274', '362', '361', '496', '363']
['447', '178', '225', '488', '487', '486']
['119', '388', '386', '387', '349', '73']
['312', '400', '313', '311', '174', '249']
['369', '0', '8', '287', '286', '288']
['342', '265', '202', '266', '383', '264']
['336', '338', '103', '337', '395', '193']
['290', '399', '289', '19', '291', '423']
['137', '136', '146', '499', '422', '138']
['438', '173', '437', '158', '397', '436']
['416', '92', '414', '415', '25', '221']
['45', '293', '491', '490', '489', '350']
['20', '111', '300', '113', '112', '117']
['278', '280', '418', '279', '50', '348']
['305', '48', '272', '303', '304', '299']
['23', '222', '224', '324', '143', '219']
['296', '3', '449', '258', '4', '5']
['17', '30', '424', '28', '124', '29']
['403', '458', '344', '217', '404', '405']
['494', '328', '329', '247', '330', '370']
['472', '479', '42', '478', '425', '480']
['320', '353', '171', '354', '355', '125']
['380', '345', '273', '379', '218', '378']
['428', '420', '192', '149', '429', '430']
['72', '497', '47', '198', '121', '321']
['95', '408', '323', '248']
['254', '255', '253']
['454', '453', '455']
['78', '79', '80']
['196', '96']
['396', '421']
['223', '44']
['49', '199']
['194', '142']
['498', '245']
['167', '46']
['94', '394']
['444', '298']
['200', '108']
['99', '43']
['367']
['233']
['169']
['246']
['443']
['148']
['471']
['470']
['343']
