['UDRIH', 'ZKFWC', 'ZZQMC', 'DHAFL', 'SWPVQ', 'RSNFJ', 'YDIPB', 'CTDMQ', 'STCNL', 'EEXMY']
['VIZKN', 'YZHQX', 'OSFUY', 'ERYBS', 'GRYRL', 'TVQBW', 'JTIPD', 'BSTWJ', 'PDYPU', 'UIJMD']
['MGROM', 'WMWQB', 'LQFAQ', 'QXJTO', 'IZZBY', 'WRUYL', 'JJSQB', 'JVVVR', 'KIRNS', 'ACXRZ']
['WGRZW', 'ICWIR', 'TYGUS', 'QRTBQ', 'WRUCU', 'HRBCQ', 'SDYFL', 'BESHM', 'CFXJX', 'BHYPT']
['LUNEY', 'DIVHU', 'PPZVJ', 'MTZAI', 'KNGQN', 'UCRIM', 'RXKYU', 'XISCW', 'WWDSG', 'OEUPL']
['TDOLY', 'IKFPP', 'LDPSY', 'GVPBI', 'DYLWU', 'OXARV', 'ZMKKB', 'NNWNA', 'UPXWI', 'TZIEO']
['PKLDE', 'KUZEM', 'HHZNP', 'ITYOV', 'KEWYM', 'NVMIR', 'TNXMJ', 'TTVJB', 'PDPOJ', 'CCQQW']
['OFZAA', 'KHRMY', 'AZKKU', 'NMIZY', 'FDJHA', 'SQQZB', 'VQVIM', 'WFPEG', 'EOPNL', 'XUERZ']
['LQTXG', 'OIPOS', 'VFXPR', 'XSHVH', 'OMROL', 'VOEIN', 'VDQOF', 'PRWEF', 'MAEEM', 'NOEYF']
['UPGRQ', 'TMTHF', 'WOEMK', 'UVXWG', 'RWJSY', 'VRSRL', 'JCPLD', 'MLFIO', 'HFAEA', 'YHTFJ']
['MKPWN', 'QXAHE', 'VLZSX', 'IVTNQ', 'ILQXC', 'VXCXL', 'GNMBM', 'SABFK', 'ULVKK', 'ECBJA']
['WKWYN', 'QRCPH', 'ELZCG', 'XYFYX', 'RIQYR', 'IBOYJ', 'YLXOL', 'WUWQG', 'ZNPED', 'AQEFX']
['OQGTF', 'JKWPJ', 'VCSMG', 'SLRBD', 'JAUDH', 'GBGJW', 'AORUP', 'WZWVE', 'DCEYP', 'JKSWY']
['EXEPM', 'KYYWQ', 'FXDQL', 'VZJDI', 'ATVZF', 'FGXFT', 'TLWMU', 'QDJMB', 'OSLYV', 'NUAOV']
['PCYOB', 'JDSJE', 'POUVH', 'ETKEV', 'AGFRR', 'RZJCK', 'AOWXA', 'IIQQB', 'XLMYO', 'PUTFF']
['UTEJK', 'BNSMF', 'TTZZN', 'QPJMV', 'IREQO', 'FJELG', 'OECVS', 'VNZJW', 'CXNLK', 'UBINE']
['LFXPB', 'JSSRW', 'BYXGP', 'ADVTN', 'WLQMV', 'SYNTO', 'KQLOM', 'NGGLC', 'TTNOM', 'IZSWA']
['VOZKK', 'RIMEB', 'GHUZZ', 'VKUJZ', 'PBOJE', 'NMKQJ', 'YMFZM', 'ZRCYK', 'TOHAQ', 'XLSCM']
['DAWIJ', 'FKSEU', 'KAGBO', 'TOYKG', 'HMVEC', 'IVWQL', 'DNPGF', 'YOQLK', 'NCALC', 'WOLKS']
['WKNMS', 'ADVXJ', 'CGMNL', 'MFFMW', 'DYALF', 'ADXGC', 'SSAIB', 'NJJSC', 'JGQTB', 'VQNEJ']
['NRCLV', 'TAXAX', 'YCMON', 'URNVQ', 'ALTMO', 'ZEJYQ', 'BJKWH', 'RXRJO', 'UAKQE', 'QBVMJ']
['NNETM', 'LROHM', 'WZJCH', 'VGAKU', 'LYDSY', 'JHZTD', 'ERXLX', 'IJSKE', 'SDRNM', 'FUXEC']
['WFGMY', 'AAHFV', 'AJCRR', 'RIVEE', 'MSEWQ', 'PJBJE', 'ASKFR', 'ZBODB', 'PDPDU', 'KDFTP']
['IMFLK', 'ZDTLT', 'AAYOF', 'BLLLQ', 'EMESV', 'VZADQ', 'DSOMP', 'ZPNLU', 'LVBCL', 'GLSCM']
['JIYKE', 'ASLYL', 'BALCF', 'GRDFF', 'FBFHM', 'UEWOD', 'QDBXO', 'USDOH', 'TVTUO', 'UGYSZ']
['SLXVA', 'VVENW', 'TPSBD', 'SUZIU', 'IGFGL', 'ZRLXS', 'TAGJP', 'SYEVT', 'XBZEA', 'UUIHY']
['AESTR', 'ROMIA', 'PDLQZ', 'MPTBE', 'MIFHN', 'NQMEX', 'OIDQE', 'AZJXS', 'GVWKK', 'EPIBE']
['CYJLW', 'PSOJQ', 'MIAGD', 'EYLOH', 'PTBJF', 'YKOWK', 'QLACD', 'TZXMJ', 'ECUED', 'BBYJW']
['YQHPO', 'RIMIU', 'EJQMA', 'ZFBIT', 'CPCYX', 'TQMWM', 'TRBOZ', 'XFPAP', 'UTAKW', 'IAODO']
['FIKTU', 'IBYFN', 'VGUDB', 'CSSQB', 'RFBBG', 'WMDSK', 'XVLJG', 'QWEDW', 'GMMTA', 'KXCBA']
['QLOAH', 'TRQKE', 'BJPBE', 'WNNFV', 'DSEMO', 'LXHLT', 'GNZHM', 'JAUNJ', 'MRGXW', 'KMQJE']
['COVDL', 'OLZGU', 'OLAXZ', 'MUDCM', 'LMQCE', 'KWDAI', 'IRTQX', 'SZIGJ', 'LGQTX', 'LVCWP']
['FLLSR', 'KVFTD', 'XLRVA', 'LCQQT', 'YEGYY', 'SIAVE', 'DZKCC', 'XKMLB', 'LROLT', 'MCDZG']
['TSVUU', 'XUWEA', 'YWYQC', 'GWBBA', 'HAWDD', 'AHQNI', 'BDSSH', 'NIFYU', 'WOFDB', 'KGXSV']
['AGTLF', 'HERYQ', 'SBFIP', 'HCEKV', 'PTXVH', 'BSNVX', 'KLVPU', 'ROTKO', 'EAGYI', 'WNNEC']
['FJWYX', 'DYWKJ', 'PKGDQ', 'XMGHV', 'NVJQB', 'FXJAU', 'IUZPB', 'ZHZZQ', 'NNUDO', 'ZCBVJ']
['EJYCG', 'LXHXJ', 'TZDDG', 'KIXMT', 'WMFHO', 'MOEQL', 'REMHH', 'WHGJY', 'SKAHW', 'PSJHT']
['OXWTH', 'FKAKX', 'FRPER', 'ZHZLM', 'PQALR', 'ZWKQR', 'KLQNR', 'AAJJD', 'UAWVE', 'AVKQA']
['UFBWS', 'XMBIJ', 'PCYSH', 'RBUCG', 'WMXHF', 'HJSEX', 'YGBGL', 'PXXAO', 'WZKZY', 'MSNDL']
['AXSMW', 'PKZAS', 'MYEHL', 'QEWBB', 'RDVRA', 'UUOMX', 'MAXSA', 'GPYGT', 'CDSME', 'WEWVD']
['VGQJA', 'UATFB', 'RLEOV', 'IFBWW', 'CKTYP', 'JEZTJ', 'UGIAC', 'SFQXZ', 'MSKGV', 'LZYGC']
['DQAJW', 'JGMBR', 'CFQXR', 'QNVVO', 'XPXLN', 'PVDZJ', 'ESWGL', 'PUJUB', 'YBLSA', 'DETHN']
['USXPK', 'LWYNR', 'LJMUY', 'BEOYY', 'LQPKU', 'EKUZU', 'RIPUU', 'WUCUE', 'IDTSI', 'MOIWP']
['SRWDH', 'EKMGX', 'JSKRL', 'KEHIM', 'KVQPW', 'IQDRU', 'OIHRA', 'ZDAFS', 'IPTKZ', 'OCVZJ']
['CHIPP', 'VWYCA', 'CYBEJ', 'ZAEZD', 'DOLBV', 'WYGPN', 'WRZEL', 'FXYDQ', 'FQYBH', 'WZYCN']
['BCEBB', 'ZIGCF', 'QUCHP', 'ZAWKU', 'FJWVG', 'ONOYQ', 'WXIFJ', 'VPKPA', 'NYCWZ', 'JKPSF']
['UKWYH', 'GSOQU', 'BGFSQ', 'RPPDG', 'VGGYH', 'SEWFY', 'DHGRA', 'FLUUK', 'YXPCN', 'ZYAWA']
['MGNDB', 'FJASK', 'UNFKS', 'MECOG', 'MIATK', 'PKRIG', 'OIYAY', 'XFRMF', 'QCSFX', 'EJKLM']
['ATWEN', 'NFYGH', 'QHFXR', 'XBSTP', 'SWWJT', 'SYHQM', 'JTEVI', 'ZKAEP', 'BPVDQ', 'PITFW']
['BHEJD', 'YWUWK', 'HASZF', 'XFOHV', 'NAGRG', 'UCKGO', 'KGFLO', 'RGEJU', 'KHKLC', 'OQDQI']
['ASMNR', 'NZDDV', 'SMBYF', 'KMCRH', 'QDIGG', 'MUCEL', 'KDIXJ', 'HNGPN', 'RTLEU', 'MAUVR']
['RJBDJ', 'AUFZQ', 'HQJWD', 'BIQKP', 'SLYLT', 'JVARE', 'GTQFF', 'PQCAU', 'UCVHS', 'VSLUW']
['WIGYH', 'ECBOS', 'ZGSVE', 'MLWTR', 'VRWNN', 'QIAYT', 'EDCKZ', 'GZAPY', 'ZEUMQ', 'SCLPI']
['ZFASL', 'UIICZ', 'JUVFB', 'UQIAC', 'FADFD', 'DEPUQ', 'USTLW', 'TIFHQ', 'EOPLD', 'REMSC']
['PVBBK', 'URTRV', 'SWRYB', 'SFAVI', 'ZPJDK', 'NBVQA', 'JGQHX', 'FEFVK', 'ZLPHK', 'YQXTS']
['ZHGIM', 'MVZNG', 'DVUIP', 'LXDSQ', 'TVJPS', 'IOZKJ', 'BKBYK', 'TMNVY', 'CPGOX', 'CLZVT']
['MHLTE', 'KEBOC', 'MREZF', 'CVNTZ', 'KZPMV', 'HIALX', 'FRRXR', 'CLBDL', 'FBMKB', 'MJJHU']
['VKJNN', 'WPOTQ', 'GQTGE', 'UWXPJ', 'UAIKK', 'IZHGM', 'XRFWJ', 'OZWGF', 'HNBQL', 'OXPUU']
['MBPCZ', 'JMXRQ', 'WYEAX', 'XYOWD', 'BMUNA', 'FZCHB', 'XTXPQ', 'PQDFR', 'EBVJB', 'FZVRO']
['SSSVC', 'BUNVF', 'GFVKF', 'ZSBJK', 'HGEEI', 'DVTXD', 'EKGZF', 'CLSGV', 'HWVYL', 'JMKDA']
['OQAIU', 'QRFWZ', 'TFELX', 'PBKGH', 'ITHLN', 'UILGO', 'GEZUX', 'VBNIU', 'BBOHG', 'QEPZL']
['WWMZS', 'OOHGE', 'VIDXZ', 'WVQED', 'YGXFP', 'PRMXU', 'KLCKP', 'EDTOA', 'DDPKV', 'RRNZT']
['CIGRV', 'DSAOR', 'TWGJJ', 'TZZXP', 'PHWUT', 'FIRWY', 'FQPJY', 'VLIUC', 'VKCSA', 'OKSAB']
['REMBW', 'VWUNS', 'MBMNJ', 'JNMLL', 'WSXGL', 'CJUYF', 'XERYG', 'PZRXL', 'CGIVE', 'XICJJ']
['YZUCZ', 'CMBKG', 'YXMTZ', 'KAYTM', 'RRVLT', 'BXIQT', 'AFLVP', 'VNISG', 'PLBXQ', 'TNJDV']
['QTJCH', 'FYCXB', 'DTDBN', 'LHBZA', 'TDLVX', 'SPCGF', 'DJOSK', 'PZPJL', 'OKQWW', 'WWPVV']
['JOZSN', 'TRCAB', 'APQJM', 'TMSPN', 'LIRIR', 'DABLQ', 'YZJZD', 'ITKNZ', 'DNMXZ', 'GLBXD']
['SKCIG', 'WTNHR', 'ROHJV', 'OQYLK', 'MRTBJ', 'OKKOP', 'GBEFS', 'BVWOT', 'OIYVR', 'BEBMO']
['CXNPQ', 'OJKBQ', 'IWRNR', 'TFGAC', 'FWNUC', 'HFMGI', 'PBCXQ', 'GBXDS', 'RGOCU', 'CQHQK']
['RBXLI', 'STUAK', 'POWIF', 'AEMCJ', 'XDDSL', 'MWVEY', 'BMHHU', 'KWEMO', 'KSGLM', 'ARPYF']
['IVOSS', 'GWTMT', 'KXCEZ', 'GJUFG', 'HITWV', 'RDXHX', 'GXHXX', 'DKJGQ', 'RPHQM', 'VJJKH']
['GVWDY', 'VBXQI', 'DNQIF', 'JMIIR', 'CVWTX', 'WIKBK', 'FJQPC', 'ILEDJ', 'RGFSF', 'RXCNM']
['YRIIU', 'NAZXF', 'YCNAD', 'CUQPQ', 'JRPFX', 'YVARI', 'WDXGL', 'SKJDB', 'LORDZ']
['BSQXH', 'OZRFF', 'MOTXU', 'JUUEH', 'DJIZH', 'CUFPW']
['ZAHDX', 'LRNVS', 'QJHDL', 'LETWR', 'VSTRH']
['IXPFI', 'GXAHJ', 'QOEXD', 'TLIDL', 'CKCFC']
['RNREF', 'DCTHN', 'PCTHW', 'YHNYF', 'JCCIK']
['UWWSO', 'YGIVT', 'ADQWV', 'BKWGR', 'RZVUX']
['DMDLF', 'HSSBE', 'RTMTX', 'APFKB', 'VISVG']
['RPXDU', 'LQEXY', 'DLAFR', 'OEVYP', 'CBOLL']
['YPEOA', 'KNOIV', 'XCINV', 'XUSYT', 'DHAAQ']
['GECQI', 'BSAQI', 'CUSMN', 'HPLUB', 'NQPNG']
['AGLPL', 'WWAGV', 'BKQWX', 'WCOKD']
['OEYCP', 'DQLNA', 'PJJQQ', 'MNTLT']
['YNVDL', 'VMXWY', 'UNLNF', 'BIAYS']
['DURZW', 'ZZEDT', 'HYBJW', 'CBMQH']
['XEBMW', 'GVESY', 'EADWV', 'KQLVH']
['WAFAF', 'BYPBT', 'ZVDQY', 'DPANJ']
['UIDWQ', 'XVWBM', 'OWZHW', 'CSKLY']
['UGAZW', 'CRCFC', 'XWFRQ', 'XACAU']
['JYARZ', 'UELNU', 'FAKTV', 'JYTNS']
['XGWLK', 'VDQAT', 'ARCRA', 'GKQLT']
['ETCUM', 'IMSCS', 'QDIFE', 'QIZIJ']
['TWUJD', 'TQGMI', 'ELDRD', 'AWDVH']
['BPMJU', 'ICVCV', 'JMXDM']
['DPXMT', 'OZHVM', 'XCXCB']
['VOKDV', 'SGPBM', 'UQJIW']
['OOSUZ', 'VYTDI', 'EHAIO']
['HNATA', 'QDOUT', 'ZFKMZ']
['KPRIC', 'HWMIS', 'PFWIA']
['TDBXF', 'POCBR', 'YXUSW']
['YRFGH', 'AHHVY', 'WAYVD']
['AFIDT', 'PIXGL', 'ZPUTG']
['PELAC', 'NWBYQ', 'FDUJJ']
['WPDNB', 'XOBKS', 'WAJXO']
['XSUVN', 'NMBKG', 'MMKNM']
['BNGOH', 'ZCJUL', 'KANFJ']
['WLPRL', 'HXTIK', 'GKVKE']
['LFJIK', 'FDNYE', 'AQVEK']
['NNYKG', 'ONANR', 'NBQUY']
['BKFWU', 'HFYQS']
['SENMT', 'KRFIS']
['ILZRR', 'IJPFG']
['AXFPT', 'HQVYV']
['YUULN', 'JRBLE']
['FRSDT', 'GWFOY']
['SYBVG', 'EKGXM']
['XUYLG', 'DETQL']
['ANGZU']
['MCBPI']
