['AQH', 'AQF', 'AQE', 'AMV', 'AQD', 'AQN', 'AQP', 'AQM', 'AQV', 'AQA', 'AQI', 'AQR', 'AQO', 'AQS', 'AQQ', 'AQG', 'AQK', 'AQT', 'AQB', 'AQJ', 'AQZ', 'AQL', 'AQU', 'AQX', 'AQY', 'AQC']
['AOZ', 'AOS', 'AOT', 'AOP', 'AOM', 'AOR', 'AOE', 'AOQ', 'AOX', 'AOF', 'AOG', 'AOK', 'AOW', 'AOJ', 'AOU', 'AOD', 'AOB', 'AOY', 'AON', 'BCP', 'AOL', 'AOA', 'AOC', 'AOO', 'AOI', 'AOV']
['AWD', 'AWC', 'AWQ', 'AWZ', 'AWE', 'AGF', 'AWT', 'AWG', 'AWW', 'AWP', 'AWV', 'AWA', 'AWI', 'AWY', 'AWR', 'AWB', 'AWO', 'AWM', 'AWU', 'AWL', 'AWH', 'AWN', 'AWJ', 'AWS', 'AWX', 'AWK']
['AYV', 'AYU', 'AYQ', 'AYL', 'AYX', 'AYC', 'AYA', 'AYK', 'AYZ', 'AYF', 'AYB', 'AYR', 'AYI', 'AYH', 'AYG', 'AEP', 'AYN', 'AYW', 'AYT', 'AYP', 'AYD', 'AYS', 'AYJ', 'AYE', 'AYO', 'AYM']
['ANY', 'ANO', 'AND', 'ANK', 'ANS', 'ANC', 'ANT', 'ANU', 'ANV', 'ANZ', 'ANN', 'ANJ', 'ANA', 'ANX', 'ANP', 'ANQ', 'ANE', 'ANB', 'ANL', 'ANG', 'ANI', 'ADH', 'ANW', 'ANR', 'ANF', 'ANM']
['ALS', 'ALB', 'ALC', 'ALP', 'ALA', 'ALV', 'ALM', 'ALW', 'ALH', 'ALX', 'ALG', 'ALL', 'ALY', 'ALI', 'ALJ', 'ALO', 'ALT', 'ALK', 'ALQ', 'ALD', 'ALF', 'ALZ', 'ALN', 'BEL', 'ALR', 'ALU']
['AMQ', 'AMZ', 'AMI', 'AMX', 'AMS', 'AMO', 'BJX', 'AML', 'AMY', 'AMG', 'AMF', 'AMB', 'AME', 'AMJ', 'AMA', 'AMW', 'AMR', 'AMK', 'AMM', 'AMH', 'AMD', 'AMN', 'AMT', 'AMU', 'AMP', 'AMC']
['ADW', 'ADD', 'ADV', 'ADS', 'ADI', 'ADY', 'ADA', 'ADE', 'ADK', 'ADU', 'ADN', 'ADM', 'ADZ', 'ADB', 'ADO', 'ADF', 'ADT', 'ADG', 'ADJ', 'ADR', 'ADL', 'ADP', 'ADC', 'ADX', 'APX', 'ADQ']
['ACT', 'ACY', 'ACH', 'ACB', 'ACZ', 'ACI', 'ACJ', 'ACQ', 'ACV', 'ACA', 'ACW', 'ACS', 'ACE', 'ACO', 'ACL', 'ACD', 'AQW', 'ACN', 'ACR', 'ACX', 'ACP', 'ACG', 'ACK', 'ACF', 'ACU', 'ACM']
['ARU', 'ARX', 'ARR', 'ARI', 'ARA', 'ARO', 'ARL', 'ARQ', 'ARY', 'ARC', 'ARM', 'ARZ', 'ART', 'ARJ', 'ATY', 'ARP', 'ARV', 'ARB', 'ARH', 'ARK', 'ARD', 'ARG', 'ARW', 'ARS', 'ARN', 'ARE']
['BCU', 'BCS', 'BCV', 'BCZ', 'BCQ', 'BCY', 'BCT', 'BCW', 'BCK', 'BCN', 'BCJ', 'AYY', 'BCD', 'BCL', 'BCB', 'BCC', 'BCF', 'BCR', 'BCA', 'BCM', 'BCG', 'BCO', 'BCH', 'BCX', 'BCI', 'BCE']
['AZL', 'AZN', 'AZQ', 'AZE', 'AZR', 'AZD', 'AZS', 'AZH', 'AZF', 'AZP', 'AZX', 'AZB', 'AZA', 'AZG', 'AZZ', 'AZM', 'AZC', 'AZV', 'AZJ', 'AZU', 'AKD', 'AZT', 'AZW', 'AZO', 'AZI', 'AZK']
['BGC', 'BGY', 'BGP', 'BGM', 'BGZ', 'BGV', 'BGT', 'BGL', 'BGI', 'BGQ', 'BGH', 'BGO', 'BGJ', 'BGA', 'BGG', 'AJO', 'BGB', 'BGU', 'BGW', 'BGD', 'BGE', 'BGN', 'BGR', 'BGS', 'BGX', 'BGK']
['AFD', 'AFG', 'AFN', 'AFS', 'AFV', 'AIV', 'AFT', 'AFZ', 'AFI', 'AFX', 'AFK', 'AFQ', 'AFJ', 'AFY', 'AFB', 'AFL', 'AFA', 'AFE', 'AFP', 'AFC', 'AFH', 'AFO', 'AFM', 'AFR', 'AFW', 'AFU']
['AIZ', 'AIS', 'AIQ', 'AIR', 'AIN', 'AIT', 'AIJ', 'AIX', 'AIC', 'AIY', 'AIM', 'AIB', 'AIK', 'AIO', 'AIE', 'AIW', 'AIL', 'AWF', 'AIH', 'AIG', 'AII', 'AIP', 'AIF', 'AIU', 'AIA', 'AID']
['BLU', 'BLO', 'BLL', 'BLE', 'BLK', 'BLW', 'BLG', 'BLV', 'BLR', 'BLM', 'BLZ', 'BLF', 'BLQ', 'BLP', 'BLB', 'BLC', 'AZY', 'BLD', 'BLY', 'BLA', 'BLS', 'BLT', 'BLX', 'BLH', 'BLN', 'BLI']
['BDF', 'BDX', 'BDC', 'BDT', 'BDZ', 'BDR', 'BDW', 'BKW', 'BDJ', 'BDG', 'BDD', 'BDO', 'BDQ', 'BDK', 'BDI', 'BDL', 'BDS', 'BDU', 'BDB', 'BDY', 'BDH', 'BDV', 'BDE', 'BDP', 'BDM', 'BDA']
['AVB', 'AVH', 'AVO', 'AVD', 'AVU', 'BFS', 'AVP', 'AVW', 'AVM', 'AVX', 'AVR', 'AVC', 'AVG', 'AVT', 'AVN', 'AVA', 'AVL', 'AVJ', 'AVF', 'AVV', 'AVS', 'AVQ', 'AVE', 'AVI', 'AVY', 'AVZ']
['AHA', 'AHQ', 'AHU', 'AHE', 'AHO', 'AHD', 'AHN', 'AHX', 'AHH', 'AHK', 'AVK', 'AHF', 'AHB', 'AHJ', 'AHW', 'AHY', 'AHR', 'AHM', 'AHG', 'AHC', 'AHP', 'AHL', 'AHZ', 'AHT', 'AHI', 'AHV']
['AKN', 'AKQ', 'AKO', 'AKJ', 'AKF', 'AKA', 'AKG', 'AKU', 'AKB', 'AKR', 'AKP', 'AKE', 'AKV', 'AKM', 'AKT', 'AKH', 'AKY', 'AKX', 'AKZ', 'AKI', 'AKW', 'AKC', 'AKS', 'AKL', 'ALE', 'AKK']
['BAV', 'BAU', 'BAQ', 'BAJ', 'BAD', 'BAP', 'BAI', 'BAA', 'BAW', 'BAT', 'BAH', 'BAZ', 'BAE', 'BAF', 'BAM', 'BAO', 'BAL', 'BAX', 'BBM', 'BAN', 'BAK', 'BAR', 'BAG', 'BAY', 'BAC', 'BAS']
['AGN', 'AGX', 'AGW', 'AGA', 'AGB', 'AGV', 'AGJ', 'AGP', 'AGQ', 'AGG', 'AGS', 'AGU', 'AUO', 'AGD', 'AGL', 'AGR', 'AGT', 'AGE', 'AGK', 'AGC', 'AGH', 'AGO', 'AGZ', 'AGI', 'AGY', 'AGM']
['BKR', 'BKB', 'BKV', 'BKM', 'BKK', 'BKQ', 'BLJ', 'BKU', 'BKG', 'BKN', 'BKH', 'BKI', 'BKA', 'BKJ', 'BKE', 'BKZ', 'BKT', 'BKO', 'BKD', 'BKL', 'BKC', 'BKP', 'BKY', 'BKX', 'BKF', 'BKS']
['BJQ', 'BJT', 'BJE', 'BJF', 'BJY', 'BJR', 'BJL', 'BJM', 'BJA', 'BJO', 'BAB', 'BJC', 'BJP', 'BJN', 'BJH', 'BJV', 'BJI', 'BJS', 'BJJ', 'BJZ', 'BJB', 'BJG', 'BJK', 'BJW', 'BJD', 'BJU']
['AAM', 'AAD', 'AAZ', 'AAC', 'AAU', 'AAF', 'AAN', 'AAK', 'AAX', 'AAP', 'AAQ', 'AAO', 'ABY', 'AAE', 'AAY', 'AAB', 'AAH', 'AAG', 'AAV', 'AAW', 'AAL', 'AAJ', 'AAS', 'AAI', 'AAR', 'AAA']
['BEW', 'BES', 'BEA', 'BEN', 'BEY', 'BEB', 'BEM', 'BEK', 'BEI', 'BEH', 'BEC', 'BEF', 'BER', 'BED', 'BEO', 'BEP', 'BEV', 'BEU', 'BEQ', 'BEG', 'BEJ', 'BEZ', 'BEX', 'BET', 'BEE', 'BGF']
['BHL', 'BHQ', 'BHC', 'BHU', 'BHA', 'BHM', 'BHX', 'BHY', 'BHI', 'ARF', 'BHF', 'BHJ', 'BHH', 'BHW', 'BHR', 'BHZ', 'BHT', 'BHE', 'BHD', 'BHV', 'BHO', 'BHP', 'BHB', 'BHS', 'BHK', 'BHN']
['AUT', 'AUJ', 'AUZ', 'AUK', 'AUL', 'AUG', 'AUE', 'AUS', 'AUW', 'BIS', 'AUU', 'AUV', 'AUY', 'AUI', 'AUQ', 'AUF', 'AUD', 'AUA', 'AUM', 'AUR', 'AUB', 'AUH', 'AUP', 'AUX', 'AUN', 'AUC']
['BFD', 'BFR', 'BFN', 'BFU', 'BFP', 'BFV', 'BFW', 'BFA', 'BFL', 'BFH', 'BFG', 'BFZ', 'BFQ', 'BFO', 'BFK', 'BFM', 'BFY', 'BFE', 'BFB', 'BFT', 'BFF', 'BFC', 'BFX', 'BFI', 'AOH', 'BFJ']
['BIA', 'BIT', 'BIF', 'BIB', 'BIX', 'BHG', 'BIN', 'BIQ', 'BIL', 'BIO', 'BIM', 'BIJ', 'BII', 'BIP', 'BID', 'BIE', 'BIW', 'BIV', 'BIZ', 'BIY', 'BIC', 'BIR', 'BIU', 'BIG', 'BIH', 'BIK']
['BBC', 'BBH', 'BDN', 'BBQ', 'BBL', 'BBB', 'BBF', 'BBJ', 'BBW', 'BBK', 'BBX', 'BBG', 'BBV', 'BBP', 'BBE', 'BBR', 'BBI', 'BBA', 'BBY', 'BBN', 'BBT', 'BBO', 'BBD', 'BBZ', 'BBS', 'BBU']
['AEK', 'AES', 'AEH', 'AEL', 'AEJ', 'AEB', 'AER', 'AEV', 'AEX', 'AEE', 'AEN', 'AEC', 'AEA', 'AEM', 'AEI', 'AEY', 'AEG', 'AED', 'ACC', 'AEF', 'AEQ', 'AEO', 'AEU', 'AEW', 'AET', 'AEZ']
['ATX', 'ATP', 'ATL', 'ATM', 'ATQ', 'ATI', 'ATV', 'ATT', 'ATD', 'ATN', 'ATJ', 'ATZ', 'ATU', 'ATG', 'ATS', 'ATB', 'ATH', 'ATK', 'ATE', 'ANH', 'ATF', 'ATC', 'ATO', 'ATR', 'ATA', 'ATW']
['ASC', 'ASE', 'ASJ', 'ASQ', 'ASK', 'ASF', 'ASR', 'ASI', 'ASU', 'ASA', 'ASO', 'ASW', 'ASH', 'ASL', 'AXD', 'ASN', 'AST', 'ASM', 'ASS', 'ASY', 'ASD', 'ASX', 'ASV', 'ASP', 'ASB', 'ASZ']
['AXZ', 'AXK', 'AXL', 'AXG', 'AXR', 'AXI', 'AXW', 'AXH', 'AXC', 'AXM', 'AXN', 'AXA', 'AXJ', 'AXU', 'AXO', 'AXV', 'AXB', 'AXS', 'AXE', 'AXY', 'AXQ', 'AXF', 'AHS', 'AXP', 'AXX', 'AXT']
['APB', 'APA', 'APV', 'APY', 'APN', 'APC', 'APH', 'APM', 'APU', 'API', 'APZ', 'APL', 'APQ', 'APE', 'APG', 'APS', 'APO', 'APK', 'APF', 'APT', 'APD', 'APJ', 'APR', 'APW', 'ASG', 'APP']
['AJP', 'AJG', 'AJK', 'AJW', 'AJC', 'AJN', 'AJH', 'AJY', 'AJX', 'AJD', 'AJJ', 'AJE', 'AJV', 'AJA', 'AJB', 'AJM', 'AJR', 'AJQ', 'AJZ', 'AJI', 'AJF', 'AJT', 'AFF', 'AJU', 'AJL', 'AJS']
['ABT', 'ABM', 'ABZ', 'AAT', 'ABJ', 'ABB', 'ABG', 'ABN', 'ABS', 'ABL', 'ABQ', 'ABD', 'ABI', 'ABX', 'ABH', 'ABP', 'ABW', 'ABO', 'ABC', 'ABV', 'ABA', 'ABU', 'ABK', 'ABR', 'ABF', 'ABE']
