['Keisha', 'Carlo', 'Rebekah', 'Agustin', 'Toni', 'Robby', 'Gregory', 'Diana', 'Imelda', 'Madeline', 'Opal', 'Annie', 'Hilario', 'Gilbert', 'Lakeisha', 'Melanie', 'Lina', 'Alvaro', 'Jeannie', 'Paula']
['Elise', 'Brenton', 'Cecilia', 'Doris', 'Bridgette', 'Carmelo', 'Brandi', 'Jillian', 'Daniel', 'Fernando', 'Ginger', 'Dion', 'Omar', 'Mattie', 'Luz', 'Dorothy', 'Carly', 'Arthur', 'Marcel', 'Rosalinda']
['Claire', 'Denis', 'Lindsey', 'Lynnette', 'Franklin', 'Horace', 'Lucinda', 'Rosario', 'Alfonzo', 'Geraldo', 'Leon', 'Sol', 'Nadine', 'Vera', 'Robbie', 'Christopher', 'Chasity', 'Norma', 'Madge', 'Raymond']
['Shelia', 'Elisa', 'Clint', 'Marquita', 'Theodore', 'Florine', 'Cindy', 'Roosevelt', 'Terrance', 'Willard', 'Franklyn', 'Rey', 'Sheryl', 'Tom', 'Alonso', 'Joel', 'Mohammad', 'Ignacio', 'Grover', 'Sandy']
['Herminia', 'Sondra', 'Jared', 'Gaston', 'Kelly', 'Elsa', 'Virginia', 'Pauline', 'Howard', 'Prince', 'Jack', 'Monroe', 'Alta', 'Randell', 'Noelle', 'Michelle', 'Daisy', 'Benjamin', 'Armand', 'Boyd']
['Jacquelyn', 'Kitty', 'Tanisha', 'Brain', 'Felton', 'Elva', 'Jake', 'Muriel', 'Barry', 'Omer', 'Gavin', 'Ramona', 'Stuart', 'Isabelle', 'Curt', 'Thad', 'Harlan', 'Mari', 'Lidia', 'Tim']
['Efren', 'Fredrick', 'Lucas', 'Mollie', 'Stacey', 'Charlie', 'Basil', 'Bernadine', 'Mikel', 'Johanna', 'Kermit', 'Jules', 'Sasha', 'Earlene', 'Doreen', 'Reuben', 'Ernestine', 'Brenda', 'Patty', 'Jewell']
['Seth', 'Alana', 'Janette', 'Murray', 'Ronda', 'Mike', 'Jaclyn', 'Mack', 'Carmella', 'Jayson', 'Genaro', 'Cathryn', 'Owen', 'Werner', 'Hung', 'Lawrence', 'Dudley', 'Mohamed', 'Sebastian', 'Harland']
['Abby', 'Milagros', 'Reva', 'Willis', 'Clifford', 'Reginald', 'Eddy', 'Justin', 'Arden', 'Thomas', 'Mac', 'Guadalupe', 'Dale', 'Ben', 'Eliza', 'Caroline', 'Lawanda', 'Juan', 'Archie', 'Lora']
['Tiffany', 'Maxine', 'Seymour', 'Alison', 'Fritz', 'Cassandra', 'Holly', 'Addie', 'Russell', 'Herb', 'Kathie', 'Nannie', 'Rashad', 'Frances', 'Lourdes', 'Edgardo', 'Wilbur', 'Neal', 'Bryan', 'Chong']
['Dora', 'Bertie', 'Louis', 'Yvette', 'Lemuel', 'Kirsten', 'Ines', 'Duane', 'Timmy', 'Adolph', 'Jesus', 'Summer', 'Jody', 'Chang', 'Bert', 'Emma', 'Tara', 'Barrett', 'Tyree', 'Claudette']
['Josefina', 'Latasha', 'Fermin', 'Diane', 'Kent', 'Aubrey', 'Jenny', 'Mai', 'Silvia', 'Noble', 'Burton', 'Andy', 'Bud', 'Ofelia', 'Manuel', 'Romeo', 'Lesley', 'Bo', 'Kristy', 'Augustine']
['Joanna', 'Cameron', 'Tuan', 'Leona', 'Carrie', 'Bernie', 'Valerie', 'Buster', 'Roslyn', 'Eloy', 'Kelsey', 'Bradly', 'Josie', 'Otis', 'Mario', 'Rachelle', 'Orlando', 'Terrie', 'Terrell', 'Jerrold']
['Truman', 'Jacklyn', 'Isaiah', 'Clemente', 'Freeman', 'Theresa', 'Charlotte', 'Letitia', 'Colby', 'Isabel', 'Delores', 'Nona', 'Randy', 'George', 'Tina', 'Nadia', 'Kim', 'Michele', 'Oren', 'Ricky']
['Briana', 'Donny', 'Demetrius', 'Zachariah', 'Tommy', 'Alton', 'Caleb', 'Stella', 'Julian', 'Sharron', 'Annabelle', 'Frederic', 'Erasmo', 'Simone', 'Ernest', 'Cathy', 'Emmett', 'Earle', 'Leanna', 'Ellsworth']
['Ivy', 'Gustavo', 'Tami', 'Kennith', 'Ruthie', 'Twila', 'Stephen', 'Josiah', 'Sammie', 'Del', 'Neil', 'Leonard', 'Joan', 'Annmarie', 'Rob', 'Leila', 'Eugene', 'Garland', 'Brooks', 'Harrison']
['Leonel', 'Richie', 'Neva', 'Elmer', 'Valentin', 'Dan', 'Brent', 'Alyssa', 'Dorthy', 'Antwan', 'Collin', 'Quentin', 'Wm', 'Kristofer', 'Tod', 'Ann', 'Alec', 'Sergio', 'Dixie', 'Myra']
['Faustino', 'Conrad', 'Lucio', 'Rosalie', 'Winford', 'Adela', 'Joy', 'Scottie', 'Blaine', 'Sheena', 'Jeanine', 'Ashley', 'Toney', 'Donovan', 'Eldon', 'Josephine', 'Nanette', 'Marilyn', 'Stefan', 'Jefferey']
['Tanya', 'Lily', 'Consuelo', 'Guy', 'Brian', 'Melinda', 'Santos', 'Mark', 'Teresa', 'Lelia', 'Rueben', 'Delia', 'Bridget', 'Damon', 'Wilfredo', 'Carla', 'Polly', 'Derick', 'Lyle', 'Reinaldo']
['Dustin', 'Brittany', 'Francesca', 'Gladys', 'Titus', 'Janis', 'Robyn', 'Britney', 'Mauricio', 'Chung', 'Carmen', 'Blair', 'Cornelius', 'Mason', 'Dominique', 'Heidi', 'Claudine', 'Jim', 'Julius', 'Antonia']
['Keith', 'Edgar', 'Rosanna', 'Cecelia', 'Jane', 'Jeanie', 'Millard', 'Pansy', 'Leif', 'Mindy', 'Porfirio', 'Miranda', 'Beau', 'Kayla', 'Myron', 'Randi', 'Issac', 'Ella', 'Shannon', 'Tracie']
['Carlene', 'Marquis', 'Roy', 'Jenifer', 'Katharine', 'Rosie', 'Giuseppe', 'Lucille', 'Salvador', 'Althea', 'Don', 'Ricardo', 'Tricia', 'Andrea', 'Irvin', 'Britt', 'Eugenio', 'Carlton', 'Austin', 'Santo']
['Noe', 'Hillary', 'Thurman', 'Kirk', 'Dusty', 'Gracie', 'Phyllis', 'Geneva', 'Alden', 'Earline', 'Rosella', 'Kristine', 'Quincy', 'Juanita', 'Brad', 'Sherri', 'Lonnie', 'Johnathan', 'Geoffrey', 'Rita']
['Araceli', 'Misty', 'Herbert', 'Sharlene', 'Rhoda', 'Penny', 'Damian', 'Mandy', 'Ladonna', 'Russel', 'Trina', 'Wendell', 'Rufus', 'Sally', 'Alexander', 'Mose', 'Sonny', 'Marty', 'Chi', 'Albert']
['Ronny', 'Cassie', 'Jamar', 'Aimee', 'Ida', 'Toby', 'Josue', 'Clay', 'Shayne', 'Lenny', 'Lino', 'Jacqueline', 'Rudy', 'Sofia', 'Fidel', 'Molly', 'Hope', 'Miquel', 'Billy', 'Jan']
['Jaime', 'Candy', 'Christina', 'Arnold', 'Roxanne', 'Winfred', 'Tyrone', 'Victor', 'Stanley', 'Nola', 'Faye', 'Odell', 'Odis', 'Lena', 'Tyson', 'Garret', 'Cara', 'Hannah', 'Lessie', 'Jarrett']
['Demarcus', 'Minh', 'Monique', 'Keneth', 'Angelita', 'Trenton', 'Rich', 'Ferdinand', 'Antony', 'Roberta', 'Marion', 'Terrence', 'Waylon', 'Patricia', 'Lenore', 'Arlen', 'Cheryl', 'Elias', 'Hai', 'Chris']
['Bertha', 'Mable', 'Deana', 'Wiley', 'Andres', 'Riley', 'Sheri', 'Garrett', 'Katrina', 'Ernesto', 'Johnnie', 'Jerrell', 'Meghan', 'Marjorie', 'Rogelio', 'Sonia', 'Hester', 'Carmine', 'Lynwood', 'Janet']
['Luther', 'Kari', 'Fran', 'Ed', 'Vanessa', 'Kathryn', 'Curtis', 'Derek', 'Jason', 'Kendra', 'Charmaine', 'Selena', 'Ray', 'Adeline', 'Evangelina', 'Audrey', 'Ethan', 'Candice', 'Kristie', 'Julie']
['Mara', 'Julia', 'Jacinto', 'Lester', 'Anastasia', 'Emile', 'Minerva', 'Rene', 'Florencio', 'Sherrie', 'Rod', 'Ada', 'Timothy', 'Mckinley', 'Hosea', 'Nick', 'Gabriel', 'Allyson', 'Valentine', 'Katherine']
['Jeff', 'Tonia', 'Therese', 'Marylou', 'Alberta', 'Mauro', 'Helene', 'Aisha', 'Enrique', 'Nora', 'Corey', 'Moses', 'Raquel', 'Rory', 'Karl', 'Jonathan', 'Elijah', 'Lauren', 'Eileen', 'Doug']
['Marianne', 'Allie', 'Edwardo', 'Avery', 'Adriana', 'Oscar', 'Lavern', 'Allan', 'Preston', 'Deloris', 'Terri', 'Luis', 'Dane', 'Zack', 'Freda', 'Maude', 'Carter', 'Maryellen', 'Rosa', 'Alexis']
['Bobbie', 'Numbers', 'Sophie', 'Tisha', 'Selma', 'Roxie', 'Susana', 'Dawn', 'Wilford', 'Meredith', 'Emilia', 'Calvin', 'Rex', 'Evelyn', 'Katelyn', 'Lawerence', 'Dario', 'Meagan', 'Trinidad', 'Simon']
['Son', 'Williams', 'Freddy', 'Jarod', 'Darwin', 'Bryce', 'King', 'Kerry', 'Bart', 'Fletcher', 'Danilo', 'Shane', 'Marie', 'Susie', 'Georgina', 'Adele', 'Darrel', 'Jannie', 'Pedro', 'Keenan']
['Natasha', 'Ahmed', 'Karen', 'Marco', 'Graciela', 'Leah', 'Arlene', 'Frank', 'Amado', 'Hipolito', 'Anibal', 'Diann', 'Stevie', 'Charles', 'Eli', 'Joesph', 'Dianne', 'Melva', 'Napoleon', 'Mavis']
['Iris', 'Olga', 'Maryann', 'Roger', 'Ollie', 'Jorge', 'Matilda', 'Sybil', 'Leandro', 'Marvin', 'Jerald', 'Donnie', 'Herschel', 'Dwight', 'Ramon', 'Dong', 'Amanda', 'Phil', 'Mathew', 'Susanne']
['Ila', 'Desmond', 'Hubert', 'Hayden', 'Lolita', 'Mildred', 'Adalberto', 'Ulysses', 'Samuel', 'Jamel', 'Rosetta', 'Lane', 'Sadie', 'Angel', 'Matt', 'Scotty', 'Melissa', 'Wally', 'Lacy', 'Tanner']
['Jerrod', 'Ilene', 'Deanna', 'Wilton', 'Jon', 'Emilio', 'Jerry', 'Tabatha', 'Nell', 'Krista', 'Adrienne', 'Wendi', 'Leann', 'Clarence', 'Bonnie', 'Paris', 'Maura', 'Bridgett', 'Ned', 'Edmundo']
['Elisabeth', 'Dominick', 'Ty', 'Florentino', 'Cordell', 'William', 'Rachael', 'Deborah', 'Merrill', 'Sean', 'Arlie', 'Cleveland', 'Lamont', 'Walker', 'Colleen', 'Pablo', 'Galen', 'Elwood', 'Malcom', 'Marcellus']
['Norris', 'Filiberto', 'Ward', 'Ezra', 'Louella', 'Phoebe', 'Palmer', 'Von', 'Rhett', 'Kieth', 'Mallory', 'Matthew', 'Karina', 'Lucia', 'Keven', 'Lenard', 'Oliver', 'Houston', 'Isiah', 'Kay']
