['660', '282', '737', '376', '725', '189', '674', '730', '671', '384', '332', '474', '569', '1', '473', '561', '739', '366', '743', '663', '705', '80', '918', '82', '394', '249', '8', '963', '587', '514', '885', '589', '994', '930', '389', '378', '464', '574', '897', '880', '338', '124', '127', '340', '665', '924', '935', '280', '192', '198', '43', '61', '18', '250', '640', '392', '244', '129', '368', '295', '434', '100', '677', '139', '916', '728', '992', '729', '582', '59', '41', '12', '241', '51', '900', '516', '370', '736', '160', '927', '186', '753', '960', '667', '55', '49', '709', '985', '369', '465', '193', '423', '903', '339', '300', '940', '751', '895', '675', '800', '337', '923', '714', '673', '92', '420', '980', '726', '995', '512', '96', '928', '377', '745', '599', '187', '974', '577', '583', '976', '435', '891', '439', '468', '374', '938', '518', '133', '56', '381', '86', '988', '898', '294', '438', '840', '432', '390', '9', '400', '320', '506', '680', '722', '284', '592', '321', '437', '982', '135', '290', '399', '460', '978', '704', '298', '578', '440', '125', '293', '19', '929', '48', '586', '990', '594', '296', '906', '999', '908', '984', '713', '926', '934', '57', '741', '758', '965', '884', '323', '968', '620', '240', '513', '740', '382', '333', '58', '128', '899', '130', '426', '987', '909', '964', '431', '132', '243', '16', '361', '248', '760', '7', '979', '932', '134', '4', '700', '95', '703', '893', '477', '509', '396', '89', '917', '738', '520', '373', '470', '991', '967', '433', '515', '11', '961', '993', '596', '257', '502', '385', '42', '571', '289', '185', '478', '973', '919', '140', '471', '286', '476', '560', '966', '564', '180', '562', '579', '933', '328', '363', '575', '507', '259', '566', '462', '5', '890', '287', '711', '40', '472', '712', '424', '662', '375', '892', '580', '716', '570', '971', '137', '181', '285', '733', '902', '981', '336', '969', '430', '335', '436', '977', '749', '388', '591', '97', '254', '894', '759', '93', '563', '911', '253', '820', '53', '573', '517', '131', '188', '427', '91', '90', '886', '54', '297', '598', '182', '882', '466', '429', '500', '260', '584', '428', '505', '747', '362', '706', '281', '597', '666', '138', '679', '907', '752', '467', '88', '975', '255', '0', '94', '99', '395', '519', '727', '720', '44', '422', '910', '904', '600', '723', '326', '750', '717', '81', '20', '50', '568', '47', '585', '912', '461', '889', '331', '14', '744', '367', '915', '256', '98', '503', '936', '246', '3', '668', '251', '197', '15', '896', '998', '576', '242', '676', '719', '421', '724', '364', '469', '962', '380', '199', '184', '708', '731', '888', '52', '123', '183', '511', '122', '701', '901', '371', '13', '989', '252', '121', '360', '245', '997', '922', '710', '925', '510', '715', '661', '393', '672', '567', '748', '572', '196', '258', '508', '194', '330', '288', '780', '669', '85', '463', '136', '920', '670', '504', '721', '540', '220', '937', '283', '479', '120', '327', '322', '860', '707', '87', '391', '2', '195', '588', '887', '939', '921', '46', '593', '883', '480', '970', '372', '590', '292', '83', '387', '754', '735', '732', '742', '365', '914', '746', '291', '383', '664', '755', '329', '397', '757', '191', '581', '325', '996', '905', '324', '10', '702', '398', '986', '200', '6']
['604', '610', '609', '611', '605', '614', '617', '612', '615', '619', '603', '602', '606', '616', '607', '618', '601', '608', '613', '425']
['683', '699', '681', '687', '684', '698', '693', '685', '694', '691', '696', '690', '686', '697', '689', '695', '688', '682', '692']
['234', '238', '236', '227', '235', '230', '225', '233', '223', '228', '226', '239', '232', '237', '229', '222', '224', '231', '221']
['33', '34', '36', '39', '30', '28', '32', '22', '25', '37', '38', '27', '31', '35', '23', '21', '24', '26', '29']
['353', '343', '354', '346', '358', '341', '357', '351', '349', '347', '350', '359', '352', '345', '342', '356', '355', '344', '348']
['644', '653', '656', '651', '648', '658', '641', '654', '655', '643', '645', '659', '652', '646', '642', '650', '647', '657', '649']
['559', '543', '551', '541', '557', '555', '554', '544', '545', '542', '556', '547', '558', '550', '552', '549', '548', '553', '546']
['211', '216', '208', '204', '215', '203', '213', '214', '219', '217', '206', '201', '218', '202', '210', '212', '209', '207', '205']
['141', '159', '156', '146', '150', '147', '157', '158', '142', '143', '154', '148', '145', '153', '152', '151', '155', '149', '144']
['809', '802', '816', '812', '813', '817', '810', '818', '803', '811', '807', '805', '815', '804', '801', '806', '814', '819', '808']
['316', '314', '301', '309', '315', '305', '319', '313', '306', '303', '308', '317', '307', '312', '302', '310', '311', '318', '304']
['947', '953', '943', '950', '959', '946', '956', '948', '944', '951', '954', '942', '958', '952', '949', '957', '955', '945', '941']
['274', '278', '269', '279', '268', '267', '272', '266', '271', '261', '275', '270', '273', '265', '277', '263', '262', '276', '264']
['848', '844', '841', '856', '859', '853', '854', '845', '846', '843', '858', '855', '850', '847', '851', '852', '849', '857', '842']
['622', '634', '633', '635', '626', '624', '632', '627', '623', '630', '637', '638', '628', '631', '636', '625', '629', '639', '621']
['495', '493', '497', '481', '489', '483', '499', '488', '494', '496', '486', '492', '491', '482', '490', '498', '484', '485', '487']
['175', '164', '169', '162', '178', '168', '179', '165', '167', '173', '172', '174', '166', '170', '176', '161', '177', '163', '171']
['781', '788', '785', '794', '799', '796', '792', '797', '786', '793', '790', '789', '795', '791', '783', '784', '782', '787', '798']
['537', '525', '528', '527', '530', '538', '526', '524', '533', '531', '539', '536', '522', '521', '534', '529', '535', '523', '532']
['109', '104', '101', '115', '108', '106', '113', '112', '114', '116', '117', '118', '119', '111', '105', '110', '102', '107', '103']
['416', '418', '413', '417', '406', '410', '402', '408', '407', '412', '404', '414', '409', '403', '415', '401', '419', '411', '405']
['451', '459', '447', '456', '445', '450', '443', '454', '442', '452', '441', '448', '446', '449', '453', '458', '444', '455', '457']
['771', '773', '766', '778', '763', '777', '765', '775', '774', '770', '779', '768', '767', '776', '762', '761', '769', '772', '764']
['863', '875', '869', '868', '861', '870', '866', '867', '878', '872', '865', '879', '877', '874', '862', '864', '871', '873', '876']
['821', '827', '838', '837', '829', '835', '830', '823', '822', '824', '832', '828', '826', '836', '833', '839', '831', '834', '825']
['63', '66', '77', '78', '75', '69', '68', '79', '60', '71', '74', '62', '76', '67', '72', '70', '64', '73']
['881']
['84']
['475']
['501']
['718']
['595']
['247']
['334']
['190']
['983']
['678']
['126']
['299']
['756']
['45']
['379']
['386']
['17']
['734']
['972']
['931']
['913']
['565']
['65']
