['220', '309', '67', '886', '476', '182', '684', '466', '173', '308', '164', '929', '829', '948', '749', '654', '372', '590', '449', '695', '316', '673', '983', '496', '648', '858', '231']
['732', '997', '410', '382', '668', '251', '415', '187', '657', '399', '295', '510', '765', '958', '921', '575', '751', '725', '895', '448', '241', '791', '698', '340', '7', '767', '280']
['827', '360', '253', '246', '627', '683', '499', '719', '552', '207', '518', '737', '962', '381', '211', '418', '797', '956', '441', '686', '462', '243', '790', '63', '611', '17', '61']
['752', '65', '892', '394', '3', '416', '560', '634', '391', '87', '891', '439', '806', '903', '114', '772', '102', '281', '511', '596', '287', '442', '154', '807', '229', '647', '973']
['820', '68', '120', '975', '118', '795', '868', '704', '801', '836', '81', '234', '475', '117', '572', '124', '5', '1', '319', '756', '690', '217', '680', '289', '851', '913', '478']
['214', '587', '322', '885', '589', '383', '15', '876', '882', '859', '786', '661', '789', '155', '819', '567', '793', '237', '313', '247', '530', '9', '630', '718', '6', '799', '411']
['753', '525', '306', '18', '55', '556', '660', '982', '745', '550', '978', '191', '659', '264', '729', '69', '531', '491', '183', '559', '122', '878', '595', '150', '865', '769', '284']
['681', '236', '88', '570', '249', '327', '652', '613', '135', '29', '640', '778', '165', '336', '228', '455', '274', '20', '568', '897', '151', '179', '861', '248', '488', '334', '932']
['537', '32', '409', '625', '175', '210', '727', '720', '445', '397', '500', '260', '218', '298', '428', '802', '19', '22', '566', '775', '534', '650', '85', '741', '72', '655', '884']
['604', '866', '467', '740', '365', '8', '94', '998', '609', '470', '600', '933', '584', '139', '593', '717', '841', '215', '74', '594', '643', '224', '288', '784', '561', '367', '484']
['513', '377', '277', '64', '317', '726', '987', '747', '507', '10', '854', '294', '111', '110', '338', '292', '194', '814', '941', '486', '359', '472', '722', '201', '989', '456', '592']
['937', '4', '624', '31', '599', '535', '710', '297', '945', '966', '588', '981', '223', '621', '433', '159', '970', '315', '143', '779', '270', '153', '762', '692', '432', '926', '93']
['451', '936', '610', '413', '554', '427', '242', '459', '519', '483', '612', '166', '828', '46', '440', '109', '184', '626', '142', '864', '984', '953', '516', '168', '501', '662', '754']
['80', '573', '539', '99', '285', '576', '974', '899', '79', '27', '325', '282', '967', '293', '339', '541', '651', '586', '888', '262', '330', '701', '235', '768', '697', '420', '721']
['447', '644', '620', '443', '357', '452', '276', '244', '875', '115', '2', '835', '603', '189', '678', '730', '438', '706', '70', '794', '361', '760', '490', '149', '782', '979', '694']
['667', '656', '0', '809', '44', '147', '130', '100', '347', '328', '957', '555', '314', '204', '489', '905', '961', '296', '362', '302', '591', '889', '401', '766', '38', '453', '688']
['95', '369', '922', '952', '733', '158', '946', '195', '850', '976', '522', '761', '444', '548', '687', '837', '777', '585', '259', '774', '702', '23', '825', '597', '986', '622', '907']
['169', '321', '580', '918', '709', '170', '646', '90', '817', '495', '910', '450', '426', '930', '916', '56', '842', '380', '48', '172', '880', '788', '502', '387', '370', '424', '512']
['108', '53', '803', '232', '893', '955', '857', '821', '353', '368', '583', '533', '364', '379', '389', '838', '84', '526', '446', '265', '871', '944', '763', '823', '160', '463', '546']
['375', '96', '305', '349', '833', '896', '239', '430', '848', '341', '675', '60', '696', '731', '21', '331', '852', '666', '83', '200', '266', '412', '915', '770', '951', '119', '783']
['781', '663', '174', '91', '193', '423', '396', '78', '373', '421', '562', '482', '862', '326', '216', '86', '635', '47', '59', '386', '993', '908', '97', '487', '901', '138', '532']
['699', '245', '283', '213', '137', '645', '601', '608', '959', '181', '77', '180', '724', '653', '212', '348', '728', '898', '335', '431', '196', '682', '714', '869', '536', '920', '222']
['167', '632', '307', '746', '291', '39', '870', '615', '904', '887', '527', '800', '337', '822', '209', '839', '551', '900', '543', '343', '473', '371', '934', '563', '400', '927', '503']
['269', '542', '810', '131', '805', '804', '128', '917', '994', '813', '45', '689', '34', '708', '693', '977', '12', '574', '52', '356', '123', '474', '764', '890', '157', '192', '826']
['178', '358', '479', '685', '517', '76', '860', '798', '395', '676', '925', '874', '939', '163', '674', '62', '636', '388', '258', '384', '408', '844', '42', '13', '366', '414', '540']
['437', '75', '950', '971', '703', '286', '103', '290', '156', '393', '529', '505', '355', '549', '469', '221', '300', '545', '912', '602', '999', '16', '390', '494', '30', '949', '498']
['735', '881', '219', '140', '558', '492', '485', '664', '208', '757', '578', '344', '750', '363', '992', '199', '436', '748', '332', '523', '271', '304', '141', '855', '935', '565', '323']
['279', '832', '846', '734', '785', '755', '544', '641', '145', '677', '792', '346', '11', '631', '267', '840', '780', '301', '736', '658', '606', '273', '670', '186', '607', '504', '995']
['538', '71', '255', '972', '177', '197', '902', '434', '225', '845', '877', '152', '468', '938', '458', '26', '582', '324', '303', '824', '404', '569', '924', '92', '403', '198', '968']
['960', '493', '716', '113', '700', '82', '872', '985', '637', '942', '963', '514', '54', '250', '849', '773', '25', '564', '312', '883', '101', '923', '14', '257', '711', '758', '43']
['557', '134', '796', '705', '116', '49', '843', '148', '914', '105', '202', '629', '419', '318', '392', '477', '146', '89', '577', '614', '619', '947', '988', '41', '226', '354', '980']
['743', '417', '333', '465', '58', '509', '863', '230', '429', '329', '460', '715', '738', '628', '581', '815', '831', '374', '639', '723', '691', '744', '547', '320', '965', '402', '190']
['36', '240', '261', '275', '342', '188', '598', '129', '104', '867', '520', '35', '991', '873', '808', '672', '497', '106', '73', '299', '787', '713', '57', '739', '176', '161', '98']
['227', '928', '471', '205', '238', '422', '350', '834', '133', '125', '481', '28', '50', '528', '909', '132', '51', '671', '263', '107', '943', '268', '454', '524', '812', '506', '171']
['771', '707', '425', '931', '405', '376', '515', '879', '37', '990', '964', '776', '457', '669', '278', '665', '112', '816', '617', '571', '679', '521', '847', '185', '712', '642', '121']
['911', '66', '940', '203', '464', '398', '906', '508', '127', '633', '649', '759', '406', '351', '40', '818', '345', '811', '618', '206', '435', '352', '256', '310', '996', '252', '378']
['605', '623', '461', '638', '407', '311', '954', '24', '254', '144', '853', '919']
['162', '385', '742', '136', '33', '480']
['579', '616', '233', '126']
['894', '969']
['830', '856', '553']
['272']
