['Dyann', 'Michelina', 'Florance', 'Zitella', 'Zelda', 'Martguerita', 'Katherina', 'Margarette', 'Fanchette', 'Rebekah', 'Kirbee', 'Estella', 'Maiga', 'Barbey', 'Alida', 'Barrie', 'Mercedes', 'Yvonne', 'Julianna', 'Aeriel', 'Luz', 'Vilhelmina', 'Gerladina', 'Annamaria', 'Karolina', 'Belicia', 'Adrian', 'Timmi', 'Linnet', 'Lusa', 'Ardene', 'Cornie', 'Vonni', 'Leshia', 'Ola', 'Elmira', 'Mollee', 'Wilow', 'Minnie', 'Flossie']
['Berni', 'Peria', 'Korella', 'Cherin', 'Laurianne', 'Helen', 'Hannie', 'Goldy', 'Catharina', 'Melicent', 'Alice', 'Arlena', 'Vivianne', 'Hallie', 'Jaquenette', 'Farand', 'Willamina', 'Aarika', 'Robina', 'Gerhardine', 'Daniela', 'Lin', 'Augustina', 'Doro', 'Zilvia', 'Christabella', 'Mellisent', 'Bobbye', 'Neysa', 'Geralda', 'Kally', 'Rochell', 'Koren', 'Samaria', 'Marci', 'Ally', 'Marlyn', 'Antonina', 'Tammy', 'Marchelle']
['Verina', 'Gusta', 'Veradis', 'Jenny', 'Allissa', 'Emelita', 'Orly', 'Lana', 'Peggy', 'Nina', 'Cindee', 'Kandy', 'Elane', 'Karol', 'Cassandry', 'Else', 'Valry', 'Gaylene', 'Meredithe', 'Lauralee', 'Shena', 'Hedwiga', 'Susannah', 'Eddie', 'Tara', 'Myrilla', 'Rodie', 'Ruperta', 'Hildagarde', 'Brynn', 'Angelita', 'Caryn', 'Wandis', 'Lynett', 'Alane', 'Nissa', 'Sheryl', 'Kyle', 'Sandie', 'Dayle']
['Kakalina', 'Paige', 'Phillida', 'Saree', 'Carine', 'Meagan', 'Evita', 'Ava', 'Dennie', 'Valida', 'Marcelle', 'Lanni', 'Jonie', 'Suzie', 'Costanza', 'Kayla', 'Vin', 'Hortense', 'Tommi', 'Maighdiln', 'Ninon', 'Gipsy', 'Lily', 'Rosamond', 'Lelah', 'Felecia', 'Susann', 'Ezmeralda', 'Vicki', 'Lou', 'Lanna', 'Alene', 'Aurelia', 'Genevieve', 'Diann', 'Jermaine', 'Trixy', 'Kaile', 'Rosmunda', 'Lindi']
['Kalie', 'Charlotte', 'Dede', 'Leonelle', 'Manya', 'Morissa', 'Pearl', 'Phyllida', 'Ruth', 'Rosie', 'Neila', 'Dell', 'Gabi', 'Jonell', 'Gabrielle', 'Ree', 'Emily', 'Xylia', 'Katleen', 'Rosalinde', 'Malinda', 'Anna', 'Henryetta', 'Olva', 'Marrissa', 'Honor', 'Clary', 'Pamella', 'Lib', 'Bettine', 'Sharleen', 'Evaleen', 'Nancey', 'Tobi', 'Betta', 'Anestassia', 'Ranique', 'Marget', 'Fannie', 'Andi']
['Annabell', 'Jayne', 'Eddy', 'Sibeal', 'Jinny', 'Gayle', 'Lacy', 'Kerstin', 'Lyndel', 'Charis', 'Anette', 'Lyndsay', 'Therine', 'Nanette', 'Bryn', 'Aleece', 'Darrelle', 'Katee', 'Brittan', 'Margaretta', 'Annice', 'Fred', 'Annette', 'Giustina', 'Antonella', 'Estrella', 'Darci', 'Judith', 'Alanna', 'Eyde', 'Tiffany', 'Ashia', 'Isobel', 'Ainslee', 'Konstanze', 'Natalya', 'Bernete', 'Juana', 'Gladi', 'Jessi']
['Merrilee', 'Bari', 'Clarisse', 'Fina', 'Candice', 'Katie', 'Jodi', 'Pauly', 'Jorie', 'Cherrita', 'Neala', 'BetteAnn', 'Phillie', 'Minna', 'Wendi', 'Sibella', 'Darleen', 'Ethelin', 'Madelaine', 'Steffie', 'Elaina', 'Calli', 'Georgette', 'Eloisa', 'Ericka', 'Kaleena', 'Bernice', 'Selie', 'Alison', 'Dory', 'Drusy', 'Anastassia', 'Cosetta', 'Maridel', 'Ladonna', 'Clotilda', 'Haily', 'Laural', 'Imogen', 'Wini']
['Lura', 'Marti', 'Emmey', 'Corinna', 'Heidie', 'Kirstyn', 'Kaja', 'Maryjane', 'Daffy', 'Mela', 'Kristel', 'Flor', 'Angela', 'Yoshiko', 'Tonye', 'Marthena', 'Ainslie', 'Gabrila', 'Constancy', 'Andromache', 'Glennie', 'Meridith', 'Felita', 'Hanni', 'Papagena', 'Chery', 'Colly', 'Ki', 'Fernande', 'Felicdad', 'Katya', 'Gerry', 'Clemence', 'Anjanette', 'Lethia', 'Valerie', 'Jerrine', 'Gertrud', 'Antonetta', 'Charlena']
['Manda', 'Dannie', 'Mareah', 'Darelle', 'Gabie', 'Jobina', 'Mathilda', 'Tamiko', 'Nadia', 'Nicola', 'Darcee', 'Alia', 'Janna', 'Minne', 'Robinett', 'Reena', 'Cordi', 'Zarla', 'Elsinore', 'Rochette', 'Belia', 'Nataline', 'Kitti', 'Antonie', 'Shayna', 'Kyla', 'Jessika', 'Missie', 'Lisa', 'Johnath', 'Larissa', 'Melisa', 'Kerrill', 'Rhea', 'Vere', 'Karin', 'Althea', 'Winni', 'Orel', 'Noreen']
['Nessy', 'Dodi', 'Ethelyn', 'Gay', 'Jennee', 'Harriette', 'Petrina', 'Alyce', 'Violetta', 'Leontine', 'Luci', 'Madonna', 'Lissy', 'Gennie', 'Rafaelia', 'Faina', 'Cal', 'Carolee', 'Danice', 'Annamarie', 'Cherish', 'Deane', 'Ara', 'Donnie', 'Trudie', 'Celia', 'Cassy', 'Cherice', 'Germain', 'Cortney', 'Leta', 'Glenda', 'Lida', 'Bea', 'Maxi', 'Georgiana', 'Annis', 'Letitia', 'Vikky', 'Gertie']
['Lilian', 'Corny', 'Ulla', 'Tansy', 'Bobette', 'Xena', 'Sofie', 'Marsiella', 'Annie', 'Bekki', 'Alikee', 'Marrilee', 'Glory', 'Grata', 'Sioux', 'Rose', 'Karlotte', 'Philippe', 'Berte', 'Cheryl', 'Bobbi', 'Janean', 'Rafaela', 'Dolli', 'Linn', 'Sharon', 'Latisha', 'Corrianne', 'Terra', 'Andrei', 'Christy', 'Johna', 'Ettie', 'Ilyse', 'Illa', 'Suzanna', 'Delora', 'Haley', 'Carmine', 'HollyAnne']
['Shell', 'Gusti', 'Cate', 'Madeline', 'Corliss', 'Elnore', 'Emma', 'Dorothy', 'Merna', 'Koralle', 'Jeri', 'Philis', 'Astrid', 'Elyn', 'Nadiya', 'Lissie', 'Jena', 'Sarah', 'Loreen', 'Annabal', 'Mala', 'Virginia', 'Sharlene', 'Fania', 'Lilllie', 'Jacinthe', 'Sukey', 'Ruthy', 'Chloe', 'Enrica', 'Cleopatra', 'Cyndie', 'Caresse', 'Dosi', 'Marcille', 'Bel', 'Kimberly', 'Almira', 'Jeannine', 'Esme']
['Belva', 'Lavena', 'Jany', 'Bree', 'Gale', 'Vikki', 'Dehlia', 'Leslie', 'Lauryn', 'Karina', 'Adelle', 'Lauraine', 'Hollyanne', 'Emlyn', 'Tallia', 'Laina', 'Indira', 'Grayce', 'Audre', 'Allie', 'Edyth', 'Flore', 'Ronalda', 'Hedi', 'Tallou', 'Eugine', 'Caryl', 'Corine', 'Blinny', 'Annadiana', 'Rosa', 'Clarissa', 'Carlynn', 'Emeline', 'Niki', 'Jillian', 'Ronna', 'Elisabetta', 'Shaylah', 'Carmelita']
['Tabbie', 'Nerita', 'Ermina', 'Pauline', 'Nonnah', 'Katlin', 'Genna', 'Kettie', 'Fern', 'Ddene', 'Shannon', 'Britt', 'Fawne', 'Terza', 'Darline', 'Lorinda', 'Sarajane', 'Edi', 'Murial', 'Vittoria', 'Dore', 'Tracie', 'Adore', 'Pamelina', 'Roxie', 'Lydie', 'Livia', 'Isidora', 'Emmie', 'Deerdre', 'Tracey', 'Roobbie', 'Susanne', 'Lila', 'Blair', 'Betti', 'Adoree', 'Alex', 'Barbette', 'Pansy']
['Ilene', 'Eleonora', 'Gretel', 'Yolanda', 'Ardelia', 'Gwennie', 'Zena', 'Aurilia', 'Odele', 'Viki', 'Trix', 'Catlin', 'Nicky', 'Ernaline', 'Eliza', 'Luciana', 'Aundrea', 'Dyan', 'Joane', 'Nathalia', 'Kamilah', 'Lynne', 'Mollie', 'Ailyn', 'Kellen', 'Esmaria', 'Audrye', 'Ludovika', 'Gae', 'Gabriell', 'Nelle', 'Lillian', 'Tildy', 'Lorette', 'Tiphany', 'Ashlie', 'Shawnee', 'Rorie', 'Doria', 'Bren']
['Rubie', 'Charleen', 'Philomena', 'Lizbeth', 'Drusilla', 'Jobi', 'Raye', 'Wallie', 'Kass', 'Perl', 'Nalani', 'Adel', 'Ofella', 'Sherri', 'Joannes', 'Margie', 'Raeann', 'Beulah', 'Idette', 'Valma', 'Melisenda', 'Nerte', 'Allyce', 'Astrix', 'Leandra', 'Barb', 'Arleen', 'Adriaens', 'Maude', 'Sarene', 'Shandie', 'Martica', 'Jolynn', 'Dacey', 'Koral', 'Valencia', 'Eadith', 'Clea', 'Sheba', 'Sylvia']
['Iris', 'Tiffani', 'Paulette', 'Celestine', 'Crista', 'Vivienne', 'Caprice', 'Pollyanna', 'Dierdre', 'Monika', 'Madlin', 'Randene', 'Allx', 'Blake', 'Jacquenetta', 'Ange', 'Amelia', 'Grazia', 'Tami', 'Hyacinthie', 'Irita', 'Eloise', 'Lauretta', 'Ardath', 'Orelle', 'Rivalee', 'Ema', 'Elvera', 'Eveline', 'Netty', 'Rodina', 'Christiana', 'Nettie', 'Donica', 'Merilee', 'Jess', 'Brunhilde', 'Maybelle', 'Clarabelle', 'Luelle']
['JoAnn', 'Maddalena', 'Savina', 'Laverne', 'Sada', 'Ayn', 'Ferdinanda', 'Shayla', 'Larisa', 'Dorris', 'Ralina', 'Eartha', 'Fredelia', 'Shela', 'Mariette', 'Nanni', 'Dixie', 'Trude', 'Melodie', 'Consuelo', 'Pris', 'Lisetta', 'Onida', 'Sharron', 'Cassey', 'Aurelie', 'Sally', 'Carroll', 'Candy', 'Ailis', 'Martita', 'Raquela', 'Jenni', 'Renelle', 'Layney', 'Stefania', 'Tersina', 'Chrystel', 'Nanine', 'Naoma']
['Maisie', 'Aeriela', 'Clem', 'Fayina', 'Karlyn', 'Anya', 'Zabrina', 'Robyn', 'Netta', 'Jeni', 'Alyssa', 'Judi', 'Sybil', 'Audie', 'Rosy', 'Mady', 'Robena', 'Teena', 'Jacky', 'Yevette', 'Tisha', 'Darlene', 'Coralie', 'Cherey', 'Venita', 'Corene', 'Jacintha', 'Jyoti', 'Alexina', 'Frankie', 'Elinore', 'Cherida', 'Mirabella', 'Stacey', 'Berthe', 'Portia', 'Aubrie', 'Elita', 'Pam', 'Milicent']
['Amargo', 'Cecilia', 'Merla', 'Daniella', 'Lucky', 'Jessie', 'Layla', 'Freda', 'Fan', 'Dorthy', 'Faun', 'Emyle', 'Phil', 'Rasla', 'Oralia', 'Candie', 'Keeley', 'Maryl', 'Linell', 'Leigh', 'Emalia', 'Sofia', 'Maia', 'Chris', 'Jori', 'Dollie', 'Vyky', 'Ray', 'Jania', 'Sibbie', 'Hester', 'Zenia', 'Kay', 'Wileen', 'Faythe', 'Merilyn', 'Tate', 'Maitilde', 'Cristine', 'Jannel']
['Yolande', 'Sibley', 'Evelina', 'Jennilee', 'Dani', 'Margarete', 'Dorie', 'Lorri', 'Tarra', 'Tine', 'Ranee', 'Sibby', 'Twila', 'Golda', 'Karrah', 'Marty', 'Susan', 'Ardith', 'Myrah', 'Caroljean', 'Dyana', 'Margaretha', 'Ros', 'Ardyth', 'Callida', 'Doralynn', 'Wynnie', 'Bonita', 'Frieda', 'Paula', 'Aleda', 'Katrine', 'Vally', 'Bird', 'Naomi', 'Tedra', 'Tatum', 'Martie', 'Dagmar', 'Rakel']
['Tonya', 'Blanca', 'Catha', 'Aviva', 'Tori', 'Elizabet', 'Benetta', 'Irene', 'Hilde', 'Merrile', 'Gianna', 'Nicolea', 'Modesty', 'Bonnee', 'Vivian', 'Marita', 'Roxana', 'Pooh', 'Casey', 'SheilaKathryn', 'Melinda', 'Karie', 'Bee', 'Kirsten', 'Imelda', 'Darcie', 'Valera', 'Margaret', 'Abbye', 'Shanta', 'Brittney', 'Elfie', 'Rachael', 'Denny', 'Kristine', 'Trina', 'Melba', 'Bert', 'Allene', 'Emelyne']
['Britni', 'AnnaDiana', 'Monah', 'Janis', 'Shirlene', 'Louella', 'Grace', 'Brandie', 'Mallissa', 'Myrta', 'Cissy', 'Jackelyn', 'Crystie', 'Mariejeanne', 'Lorie', 'Elfrieda', 'Gilligan', 'Norene', 'Siobhan', 'Emili', 'Marlee', 'Mindy', 'Odilia', 'Hildegarde', 'Marian', 'Ethelind', 'Ania', 'Kacy', 'Elianora', 'Chandra', 'Junie', 'Laurena', 'Scarlett', 'Kathryne', 'Kipp', 'Michal', 'Carlina', 'Kirstin', 'Nevsa', 'Moina']
['Tiphani', 'Daria', 'Prudence', 'Larine', 'Anselma', 'Georgeta', 'Marcela', 'Farica', 'Jessica', 'Ardelle', 'Paulie', 'Doloritas', 'Brigitte', 'Jaquenetta', 'Kiley', 'Odetta', 'Wandie', 'Cinnamon', 'Andra', 'Gladys', 'Tarrah', 'Min', 'Coral', 'Barby', 'Helene', 'Letta', 'Gertrude', 'Tova', 'Janice', 'Meaghan', 'Jilly', 'Allis', 'Torey', 'Aggie', 'Claresta', 'Helaine', 'Gweneth', 'Penny', 'Ericha', 'Nollie']
['Reeba', 'Demetria', 'Berty', 'Lauree', 'Alaine', 'Shane', 'Hailee', 'Brunhilda', 'Kinna', 'Clementine', 'Elana', 'Valentina', 'Sheena', 'Isabel', 'Deeyn', 'Bobbette', 'Ranna', 'Liesa', 'Celinda', 'Donnamarie', 'Auroora', 'Viola', 'Karine', 'Pietra', 'Delcine', 'Agathe', 'Stormie', 'Stacie', 'Lorelei', 'Jeannie']
['Lexy']
['Marjie']
['Malissa']
['Katina']
['Blondy']
['Kate']
['Phoebe']
['Norrie']
['Cristina']
['Karrie']
