['ELZANX', 'ZFQHOU', 'OXLCZV', 'FSPOVQ', 'RFBJFX']
['EPJBRW', 'ZVYUZW', 'ENTPGB', 'GOQNUL', 'OGXHJB']
['WZBDDU', 'ZYDXBH', 'DSLHWR', 'YZBGAO', 'CNKWAF']
['GXTUIE', 'GDPHIY', 'UHHZDW', 'KHMRNH', 'UIOBYU']
['DVYNUI', 'XVWNYJ', 'PIGZGZ', 'VPBDNG', 'RTTTCK']
['ONERVI', 'MYEWXM', 'PJRIMB', 'HESEHF', 'GVNZKB']
['JVHAWN', 'HTDVJG', 'AGIXOL', 'RUNRVX', 'GWVHCD']
['ETNPSY', 'LNNXAF', 'XWIYDX', 'YLVPWV', 'KHPCHV']
['PJOKVU', 'UFCVYL', 'GEKPDY', 'CYSVGA', 'VEELAD']
['TSDYJV', 'AIXHML', 'ZZCNYK', 'GPUUCM', 'KWTLFO']
['RELXGG', 'EGBKPE', 'SPTPIT', 'CUOSZQ', 'HCNITG']
['ZXOIRR', 'ONXBUS', 'XEGTTC', 'TBJDSH', 'UFZIQV']
['PJRMUG', 'NLPYXN', 'VONBVI', 'BSZGHW', 'RHLVAR']
['RJFKAX', 'LBTFZT', 'NUMTZU', 'SIVKGQ', 'IPDUDM']
['HPIAPO', 'MZNHBE', 'VAXWWB', 'KREVMA', 'YXMGJC']
['FHGTKA', 'PFXEYM', 'PNVUDC', 'SJHJSP', 'GGKDLC']
['QOUMVQ', 'QHPKTB', 'DXDNIP', 'RUDKDW', 'KFMXPH']
['HYPUCQ', 'LEKYTZ', 'MVLXLF', 'ZLZUEA', 'BMZIDB']
['XALQHO', 'OVDOKE', 'QQASIU', 'NHAHWP', 'WKJHLN']
['OCJWWK', 'AVHRAS', 'MVJFQH', 'TYLRDT', 'QUWWUE']
['MZWVLU', 'UXQQGD', 'JOWUPV', 'UKXUSS', 'WJSCMR']
['MCSUIP', 'GNLMYP', 'POGSLV', 'NGAPVM', 'BTPHRW']
['LDYDNY', 'NQRKCB', 'UDZEOI', 'UEVMGW', 'JJMLQE']
['MDPJXH', 'FDQAXB', 'HNACGL', 'JTSIZR', 'LSREWR']
['CEJKIY', 'CEFHVH', 'QZIVJL', 'HBXULO', 'UVGAZG']
['CAXGHJ', 'XVUJUN', 'VERYGX', 'UHPFBP', 'IRFFSU']
['YZVQRO', 'SYPEYC', 'QTZQNZ', 'CGJKRW', 'PLEVVR']
['KFMCZH', 'ARXYLZ', 'REHINS', 'HBFAEG', 'PYSXJI']
['HENZCQ', 'DNICDQ', 'XDSHIC', 'PHBYJN', 'NDYSSJ']
['OJNBBF', 'CRSLBS', 'GADNFV', 'WNZBJA', 'VAVURB']
['ZFNGEZ', 'WJVSVQ', 'HQBUUL', 'WXRBOK', 'ZVDURM']
['FUKRYR', 'TVNCPT', 'AJRTQU', 'XQFWGN', 'JOKQNL']
['LNBYOD', 'WMLHXR', 'JJQAQP', 'IDWAXH', 'JPCBMM']
['SXBMVM', 'PWJUHK', 'IOZAWW', 'QVGWFV', 'WDSLXJ']
['FLMDCG', 'HXOZUR', 'VBFPZS', 'RABJTO', 'HDDUSC']
['PYRSMF', 'IMLDIL', 'XSOORJ', 'WAGIYI', 'QTELUT']
['GFWZBH', 'LCHRXH', 'DDYYMP', 'FEFKQX', 'WJPZCI']
['EKFPXH', 'UZOANW', 'NYVYCT', 'BXOAIO', 'QPWEEB']
['DURFDE', 'AJTFKV', 'JIKZRM', 'MMINZX', 'XXQWFE']
['ABURVI', 'KGFABO', 'KIHAIO', 'GMUJAU', 'AJMPAZ']
['HLVCDS', 'HWGIEU', 'BRJCDJ', 'OQHMGQ', 'KEHOKX']
['JCVWRG', 'RLZMZO', 'PLYUUP', 'MZUUMQ', 'RINOWS']
['EQUGKM', 'OZONNF', 'LDJRVI', 'TSZDVM', 'CMSHHS']
['DJSXVF', 'HWHKOB', 'NAWJJS', 'CXZWHH', 'VPVXEZ']
['XLVLGH', 'YAWDMC', 'CSBANZ', 'LRJUHI', 'BSOKXA']
['DKVILH', 'DWWNID', 'LHUWDA', 'AJFEPM', 'OOLVUQ']
['CWSMWP', 'VXZXFW', 'HWLZRY', 'NAXPWN', 'DCLHOC']
['QPUAND', 'BFGCWM', 'ZOQFLY', 'DRZENX', 'EOZSSC']
['INXTWZ', 'CYRJRN', 'IRBXHD', 'VZUSMQ', 'OXLEVF']
['XZRKNJ', 'BRAWAL', 'HZPRRO', 'GNHSMG', 'FOTQXX']
['YSDCTZ', 'VMDLNZ', 'JTVAZF', 'GWPVXY', 'WTAUOC']
['LKJXSE', 'EOUUXY', 'XPGFUK', 'GKDTPN', 'RADQYL']
['YCMKYQ', 'HEEBPV', 'PNXMEN', 'HALEBP', 'PLVGIV']
['NLWJOA', 'XUGUAG', 'HFTXID', 'AAPNKE', 'PPMTQG']
['VIZKXC', 'ZWRSQQ', 'CHAKPE', 'XNNRBK', 'GKLNOH']
['GJECQO', 'UPVUYV', 'NKXDWY', 'UEIDZS', 'USCURZ']
['STSXYH', 'GPKXGR', 'WZRHRN', 'IRPDLH', 'UJKPKF']
['RIYJCH', 'ONEBDL', 'FWLQOC', 'LPKRNY', 'KIXVOM']
['RZVCMP', 'JEFKSA', 'DBGIUH', 'VILEYV', 'MLAJRJ']
['TEPVGI', 'VNAKDP', 'JFEOVE', 'QGZAPI', 'AIVAWK']
['UKMAMY', 'KUVUPZ', 'PWGDMU', 'MKOVHR', 'XFWVXV']
['IBLORD', 'GBVWQU', 'AOALEJ', 'RSZBSQ', 'JRIDSX']
['ALWBSA', 'YHFEMU', 'VCWJNG', 'LUJRSZ', 'RAXPGY']
['UGNUBI', 'TVXDDB', 'VDMKPA', 'UTQHVK', 'JHCIHH']
['DZDNVN', 'LHHBOC', 'ZGTADH', 'KPVMSJ', 'ZGRJZB']
['JBLIFX', 'XAMYNA', 'PANTSS', 'DMKAKB', 'HLEPQU']
['VUCQEE', 'TVTMST', 'NWHMCF', 'ZIOSZO', 'EAWSFT']
['SWOANK', 'UONGOY', 'ELPAWN', 'PMNDTO', 'KCBKKQ']
['VVUCTL', 'WPXVWX', 'XCFWEL', 'XIBZHL', 'PGGNQL']
['FHCZGL', 'ROPSBG', 'XPZOGA', 'RPGWEU', 'JRXSRB']
['FKEYUY', 'WRHJDY', 'FDGQOU', 'VUJWHN', 'QDCABD']
['EABWYB', 'VTYPIQ', 'VKMCQX', 'JSOMIK', 'IDTMKU']
['TFTYWC', 'WNOBIR', 'DSBBLL', 'NGNGFS', 'USWWMX']
['TJWQHM', 'QDRGJS', 'NQUKLL', 'BPQAIB', 'ECOZLA']
['CGQFWZ', 'GRKEMB', 'OYRQOI', 'TFAASZ', 'TLZMUU']
['UNVRCU', 'ZKDHTE', 'HPGNBL', 'PXSFTE', 'WATNTG']
['OTRZOF', 'IOWIRG', 'KYNHCY', 'AAWVPR', 'NMNKWM']
['PLXBCS', 'FAHDAK', 'JJOJSK', 'EYRFGK', 'YTAFSE']
['UOXKXF', 'WTJAAR', 'GDITDM', 'QKRKHF', 'KWMOHZ']
['NTBHAI', 'FLCFQD', 'LAKQIP', 'PVXXJV', 'BNNBQL']
['BTCOGZ', 'GOSFUC', 'NJMKRN', 'MHDLTX', 'TKBQOP']
['MKANSN', 'EKWDVQ', 'NIQKGO', 'KEICTJ', 'HMFTHF']
['AMRJQE', 'MNXXOV', 'CSBGBL', 'EFWVNX', 'YZZUCF']
['AIHYEU', 'QDYGDY', 'GOCDAY', 'GKUTZZ', 'NFTFFN']
['UDHNIZ', 'RHGZLE', 'DTHDLE', 'GCCFDS', 'MQOUTD']
['UKIHXB', 'CRQPBH', 'QSXRKR', 'ZPPHDD', 'CPBJLN']
['HOYSVT', 'DCAOCT', 'YORJTS', 'QVAWVE', 'TBDGCF']
['QDWDYK', 'OGMEJO', 'XDMJVL', 'YBVPWL', 'QFNIFX']
['BCQGRD', 'LQETOE', 'MKYLJZ', 'JXPDOB', 'HKGFCY']
['KTUVSZ', 'AUBOMD', 'OCLQPM', 'PCYSSW', 'KHCWXQ']
['LWOJTO', 'ZYHMKH', 'BTSAHC', 'ROEODL', 'KYCDPJ']
['HVZCSR', 'EJVRTQ', 'FAFEGN', 'ROGPYD', 'QJGJQD']
['TUDKSD', 'YOOREU', 'ICAHXE', 'DQPBUX', 'ZRYXFK']
['PQJQHB', 'CAMXTM', 'PHRZDN', 'STIRBM', 'GIPKBJ']
['OFFPSH', 'EVTMBP', 'DADVKH', 'ZMQJFJ', 'FFHKOE']
['EWYTZX', 'DUSRVV', 'YLGVZV', 'RAEWGJ', 'JCPOEL']
['ASBKNO', 'ZXTIIL', 'KQQTIN', 'MCTHYG', 'WKXPDN']
['XJKLAT', 'GGMXRF', 'SZUAND', 'YRTUJR', 'SEDFTJ']
['XLQZOS', 'BETIFR', 'HAEMSK', 'KSDUOH', 'RRDAHU']
['HWDUDX', 'MKJRTA', 'MGYYTU', 'TWEBOD', 'MPAKHW']
['ELVJNF', 'UTXXSK', 'SUSOOH', 'KMRJMU', 'NESJNF']
['XHHQUX', 'CQOVDO', 'LISSCC', 'NPAXSB', 'YNERDE']
['ZVILHJ', 'MXQFMB', 'RFSMJT', 'ZOSPLM', 'HOBKGD']
['GZJNVL', 'TAHALS', 'OFEEAY', 'SIGFXO', 'NOTTVP']
['NALCWQ', 'VDAXBP', 'YWTEIY', 'VAKPKH', 'GGDJTI']
['QMJNDU', 'SXZMLL', 'KMVGQH', 'AIXOBA', 'KQQUVA']
['JFOREN', 'YJIONU', 'WYTCJK', 'WSWGGL', 'ZHTSRK']
['OTFSKY', 'VQTCPC', 'RDYWUZ', 'IECUFU', 'ZSQEDW']
['BGRDWJ', 'YZHWJD', 'KGOTMT', 'XIONVL', 'MSHNIF']
['RXNTVX', 'ZFLGNB', 'RCLMYT', 'TWETKH', 'MABEDA']
['TJGOVB', 'JYXINR', 'FKGEFX', 'IMAIZQ', 'PCDWVY']
['LDHSSX', 'AYAANM', 'SEBAGB', 'XBVQMQ', 'CTSLIA']
['WSLEWO', 'TXZFXD', 'YTJDAV', 'HMYUGM', 'LKREEQ']
['BSMNKS', 'LUVSMO', 'PRCJCO', 'CRIQJJ', 'NTDMFW']
['FYEDUV', 'LYPUAC', 'KBTLKR', 'HBDJFS', 'VSKKXC']
['ECRJPG', 'RCBVEW', 'IIMZMU', 'ZLFNJI', 'APSDUX']
['LNRZSJ', 'LJLERE', 'ICDSJH', 'TEMLYH', 'BHDKSR']
['NMWPWE', 'WIQAPQ', 'RXSHDA', 'JZMCXE', 'RPBWFQ']
['VQUUOC', 'QXVINS', 'OUYNUO', 'ICIJSS', 'GNFOFC']
['JFXQLU', 'OOIJSD', 'TKRDNV', 'XMPVIB', 'HKUALV']
['TXRCAW', 'WNZGBX', 'IGKVML', 'NSKTOT', 'VIINBF']
['CQAFHX', 'TSKFMT', 'ZDBTPG', 'PAZAJV', 'KMECPW']
['QDOTJD', 'ZLCEZX', 'ACVORO', 'KZZWNO', 'MSTHWS']
['FIOEZG', 'CUAMIY', 'OHYLEL', 'VLHWJM', 'QNUESF']
['VWXTUO', 'VYQSPX', 'EFTMLE', 'UQVDYP', 'CIIJGT']
['IAJFAT', 'VPLZKC', 'JIFHDC', 'KTSDWK', 'CUGJII']
['MHZVQE', 'EASKJX', 'HDINGJ', 'SCDHMC', 'GEQKMH']
['TPXLIS', 'NVDVLS', 'PHGGGI', 'LRCNZN', 'YONWVL']
['RLSDWW', 'CJSNDL', 'HDPJJP', 'KTNLKU', 'LLNHFN']
['JRVRDQ', 'QMRLSO', 'KOPEGF', 'LCTRFZ', 'UNZLOB']
['DHFNOR', 'FECBGY', 'UWCBVN', 'YMOMAT', 'LIMSRT']
['MAJKPI', 'WYJUCU', 'XCFBNU', 'FLJZOX', 'BVRCQX']
['TGWBUH', 'LAYOXE', 'VNVMJP', 'NKWSDE', 'PTBPIH']
['ALXCRB', 'QNTTOK', 'TUEZMO', 'TTJUDX', 'UWVEIC']
['WWZBDT', 'TNOUWE', 'MHZMCJ', 'HGHWFI', 'EHSYOC']
['MKXQUK', 'HGLZYD', 'PZWOAZ', 'FHBSGM', 'QPMFEO']
['HSOIUY', 'QNUYNX', 'ZJRHRF', 'INLSVJ', 'CHPGXG']
['HTJSCF', 'ZUJNKP', 'SBOPCF', 'WXRJHT', 'UAXYWV']
['QZAQZM', 'RRARNW', 'CXDEGX', 'GYXTEO', 'TWDAVM']
['ATRFBB', 'PTOBVJ', 'TFDYVJ', 'PDINVG', 'GSVEEU']
['TPGXPS', 'WWJWJU', 'STHVQY', 'FTEJEX', 'DGJMRG']
['JUUAOQ', 'EFWVMP', 'VXFBEP', 'ZWGINJ', 'FTBAIM']
['OBHQOW', 'NPLUMZ', 'BOHQES', 'RXCUKN', 'VDRWCQ']
['OMIERE', 'BIGWEQ', 'FJNGEU', 'QPVSWG', 'BQOFFC']
['GLGEBW', 'CRWQUA', 'YAONDV', 'WCBXVO', 'FUVLPM']
['AHQBQN', 'JTZIRP', 'EILENK', 'OFBHSC', 'XPKXPA']
['THIJCE', 'HULYOR', 'BSUTUL', 'BCPNAA', 'FRPZKO']
['BHXEPM', 'XZGAXW', 'YAAHBT', 'AHBGEW', 'EDIQAE']
['HTKSMY', 'QHDIJA', 'BNREKZ', 'CHABQS', 'DRXJVF']
['TUISCT', 'OPYCEA', 'HANQXX', 'FUVBMT', 'PBBKOG']
