['232', '73', '37', '211', '90', '155', '42', '103', '8']
['172', '12', '126', '222', '71', '216', '29', '145']
['235', '106', '24', '217', '197']
['47', '95', '198', '226', '33', '113', '169', '63', '136', '54']
['76', '101', '146', '86', '4', '122', '102', '236', '202']
['6', '97', '111', '82', '220', '158', '118']
['100', '127', '48', '239', '171', '107', '87', '0', '74', '175']
['115', '69', '35', '161', '200', '125', '199', '237', '162', '72']
['34', '114', '44', '11', '210', '167', '192', '207']
['36', '49', '14', '143', '190', '134', '242', '79']
['148', '124', '110', '84', '20', '177']
['173', '247', '98', '213', '96', '60', '21', '138', '249', '91']
['160', '5', '240', '139', '31', '144', '61']
['67', '196', '248', '154', '75', '206', '176', '159', '227', '246']
['17', '238', '119', '214', '51', '93', '191', '59', '62', '141']
['166', '223', '88', '194', '157', '40', '204', '28', '151', '92']
['10', '187', '183', '65', '221', '147']
['195', '121', '209', '45', '18', '212', '234', '233', '81']
['66', '3', '27', '7', '16', '153', '19', '64', '205', '182']
['230', '189', '53', '184', '245', '117', '85', '188']
['131', '150', '41', '109', '56', '25', '99', '89', '185', '123']
['225', '83', '130', '133', '193', '55', '179', '50']
['152', '244', '137', '142', '108', '165', '224', '140']
['228', '94', '229', '1', '39', '15']
['43', '215', '104', '30', '9', '80', '58', '46', '135']
['105', '128', '208', '70', '163', '219']
['203', '201', '116', '112', '186', '32', '170', '22', '181', '178']
['231', '218', '57', '78', '2', '168', '174', '68', '23']
['13', '180', '120', '26', '132', '129']
['77', '149', '241', '38', '164', '156', '243', '52']
